File "./Tmp.v", line 267, characters 0-28:
Warning: The extraction is currently set to bypass opacity, the following
opaque constant bodies have been accessed
: find_rect fold_rect ssrnat.eqnP mem_rect equal_rect add_rect
  StringOT.StringOT.compare ssrbool.iffP ssrbool.idP remove_rect
  StringOT.AsciiOT.compare.
 [extraction-opaque-accessed,extraction]
cat $(opam config var lib)/coq/user-contrib/QuickChick/Stub.ml | cat - /tmp/QuickChick/170400/QuickChick7ee44f.ml > temp && mv temp /tmp/QuickChick/170400/QuickChick7ee44f.ml
Extra: 
/tmp/QuickChick/170400/SHM.c: In function ‘copy_trace_bits’:
/tmp/QuickChick/170400/SHM.c:110:7: warning: implicit declaration of function ‘caml_modify’; did you mean ‘modify’? [-Wimplicit-function-declaration]
       caml_modify(&Field(ml_array, i), Val_int (trace_bits[i]));
       ^~~~~~~~~~~
       modify
/tmp/QuickChick/170400/SHM.c: In function ‘copy_trace_bits’:
/tmp/QuickChick/170400/SHM.c:110:7: warning: implicit declaration of function ‘caml_modify’; did you mean ‘modify’? [-Wimplicit-function-declaration]
       caml_modify(&Field(ml_array, i), Val_int (trace_bits[i]));
       ^~~~~~~~~~~
       modify
Preparing to setup aux...
SHM Setup (aux) succesful!
149
42+++ Passed 200000 tests (331060 discards)
Calling /tmp/QuickChick/170400/qc_exec...
14.87user 0.48system 0:15.35elapsed 99%CPU (0avgtext+0avgdata 7912maxresident)k
0inputs+0outputs (0major+1686minor)pagefaults 0swaps
Compile Command: ocamlopt unix.cmxa str.cmxa /home/lemonidas/.opam/ocaml-variants.4.07.1+afl/lib/afl-persistent/afl-persistent.cmxa -unsafe-string -rectypes -w a -I /tmp/QuickChick/170400 -I /home/lemonidas/.opam/ocaml-variants.4.07.1+afl/lib/afl-persistent/ -I /home/lemonidas/.opam/ocaml-variants.4.07.1+afl/lib/coq/user-contrib/QuickChick /home/lemonidas/.opam/ocaml-variants.4.07.1+afl/lib/coq/user-contrib/QuickChick/quickChickLib.cmx  /tmp/QuickChick/170400/QuickChick943006.cmx -o /tmp/QuickChick/170400/qc_exec /tmp/QuickChick/170400/QuickChick7ee44f.ml /tmp/QuickChick/170400/SHM.c
Compile Main Command: ocamlopt unix.cmxa str.cmxa /home/lemonidas/.opam/ocaml-variants.4.07.1+afl/lib/afl-persistent/afl-persistent.cmxa -unsafe-string -rectypes -w a -I /tmp/QuickChick/170400 -I /home/lemonidas/.opam/ocaml-variants.4.07.1+afl/lib/afl-persistent/ -I /home/lemonidas/.opam/ocaml-variants.4.07.1+afl/lib/coq/user-contrib/QuickChick /home/lemonidas/.opam/ocaml-variants.4.07.1+afl/lib/coq/user-contrib/QuickChick/quickChickLib.cmx  -o /tmp/QuickChick/170400/main_exec /tmp/QuickChick/170400/Main.ml /tmp/QuickChick/170400/SHM.c
