QuickChecking (testMutantX prop_SSNI_arbmedium exp_result_fuzz 0)
Extracted ML file: /tmp/QuickChick/123128/QuickChick7e7599.ml
Compile command: ocamlopt unix.cmxa /home/lemonidas/.opam/4.04.0+afl/lib/afl-persistent/afl-persistent.cmxa -unsafe-string -rectypes -w a -I /tmp/QuickChick/123128 -I /home/lemonidas/.opam/4.04.0+afl/lib/afl-persistent/ -I /home/lemonidas/.opam/4.04.0+afl/lib/coq/user-contrib/QuickChick /home/lemonidas/.opam/4.04.0+afl/lib/coq/user-contrib/QuickChick/quickChickLib.cmx /tmp/QuickChick/123128/QuickChick7e7599.ml -o /tmp/QuickChick/123128/QuickChick7e7599
/tmp/QuickChick/123128/input
[0;36mafl-fuzz [1;97m2.52b[0m by <lcamtuf@google.com>
[1;92m[+] [0mLooks like we're not running on a tty, so I'll be a bit less verbose.[0m
[1;92m[+] [0mYou have 8 CPU cores and 1 runnable tasks (utilization: 12%).[0m
[1;92m[+] [0mTry parallel jobs - see docs/parallel_fuzzing.txt.[0m
[1;94m[*] [0mChecking CPU core loadout...[0m
[1;92m[+] [0mFound a free CPU core, binding to #0.[0m
[1;94m[*] [0mChecking core_pattern...[0m
[1;94m[*] [0mChecking CPU scaling governor...[0m
[1;94m[*] [0mSetting up output directories...[0m
[1;94m[*] [0mScanning '/tmp/QuickChick/123128/input'...[0m
[1;92m[+] [0mNo auto-generated dictionary tokens to reuse.[0m
[1;94m[*] [0mCreating hard links for all input files...[0m
[1;94m[*] [0mValidating target binary...[0m
[1;94m[*] [0mAttempting dry run with 'id:000000,orig:seed1'...[0m
[1;94m[*] [0mSpinning up the fork server...[0m
[1;92m[+] [0mAll right - fork server is up.[0m
[1;90m    len = 11, map size = 379, exec speed = 338 us
[0m[1;94m[*] [0mAttempting dry run with 'id:000001,orig:seed2'...[0m
[1;90m    len = 11, map size = 391, exec speed = 313 us
[0m[1;94m[*] [0mAttempting dry run with 'id:000002,orig:seed3'...[0m
[1;90m    len = 11, map size = 371, exec speed = 298 us
[0m[1;92m[+] [0mAll test cases processed.[0m

[1;92m[+] [0mHere are some useful stats:

[1;90m    Test case count : [0m2 favored, 0 variable, 3 total
[1;90m       Bitmap range : [0m371 to 391 bits (average: 380.33 bits)
[1;90m        Exec timing : [0m298 to 338 us (average: 316 us)
[0m
[1;94m[*] [0mNo -t option specified, so I'll use exec timeout of 20 ms.[0m
[1;92m[+] [0mAll set and ready to roll![0m
[1;94m[*] [0mEntering queue cycle 1.[0m
[1;94m[*] [0mFuzzing test case #1 (3 total, 0 uniq crashes found)...[0m
[1;94m[*] [0mFuzzing test case #14 (230 total, 1 uniq crashes found)...[0m
[1;94m[*] [0mFuzzing test case #30 (230 total, 1 uniq crashes found)...[0m
[1;94m[*] [0mFuzzing test case #67 (230 total, 1 uniq crashes found)...[0m
[1;94m[*] [0mFuzzing test case #72 (257 total, 1 uniq crashes found)...[0m
[1;94m[*] [0mFuzzing test case #79 (258 total, 1 uniq crashes found)...[0m
[1;94m[*] [0mFuzzing test case #80 (260 total, 1 uniq crashes found)...[0m
[1;94m[*] [0mFuzzing test case #83 (276 total, 7 uniq crashes found)...[0m
[1;94m[*] [0mFuzzing test case #84 (276 total, 7 uniq crashes found)...[0m
[1;94m[*] [0mFuzzing test case #85 (276 total, 7 uniq crashes found)...[0m
[1;94m[*] [0mFuzzing test case #87 (277 total, 7 uniq crashes found)...[0m
[1;94m[*] [0mFuzzing test case #92 (281 total, 7 uniq crashes found)...[0m
[1;94m[*] [0mFuzzing test case #100 (281 total, 7 uniq crashes found)...[0m
[1;94m[*] [0mFuzzing test case #103 (281 total, 7 uniq crashes found)...[0m
[1;94m[*] [0mFuzzing test case #105 (281 total, 7 uniq crashes found)...[0m
[1;94m[*] [0mFuzzing test case #107 (281 total, 7 uniq crashes found)...[0m
[1;94m[*] [0mFuzzing test case #109 (281 total, 7 uniq crashes found)...[0m
[1;94m[*] [0mFuzzing test case #114 (282 total, 7 uniq crashes found)...[0m
[1;94m[*] [0mFuzzing test case #116 (282 total, 7 uniq crashes found)...[0m
[1;94m[*] [0mFuzzing test case #117 (282 total, 7 uniq crashes found)...[0m
[1;94m[*] [0mFuzzing test case #131 (282 total, 10 uniq crashes found)...[0m
[1;94m[*] [0mFuzzing test case #132 (282 total, 10 uniq crashes found)...[0m
[1;94m[*] [0mFuzzing test case #137 (282 total, 10 uniq crashes found)...[0m
[1;94m[*] [0mFuzzing test case #145 (282 total, 11 uniq crashes found)...[0m
[1;94m[*] [0mFuzzing test case #150 (282 total, 11 uniq crashes found)...[0m
[1;94m[*] [0mFuzzing test case #152 (283 total, 11 uniq crashes found)...[0m
[1;94m[*] [0mFuzzing test case #153 (283 total, 12 uniq crashes found)...[0m
[1;94m[*] [0mFuzzing test case #155 (283 total, 12 uniq crashes found)...[0m
[1;94m[*] [0mFuzzing test case #160 (283 total, 12 uniq crashes found)...[0m
[1;94m[*] [0mFuzzing test case #161 (284 total, 13 uniq crashes found)...[0m
[1;94m[*] [0mFuzzing test case #162 (284 total, 15 uniq crashes found)...[0m
[1;94m[*] [0mFuzzing test case #164 (284 total, 16 uniq crashes found)...[0m
[1;94m[*] [0mFuzzing test case #165 (284 total, 16 uniq crashes found)...[0m
[1;94m[*] [0mFuzzing test case #170 (284 total, 16 uniq crashes found)...[0m
[1;94m[*] [0mFuzzing test case #173 (284 total, 16 uniq crashes found)...[0m
[1;94m[*] [0mFuzzing test case #175 (284 total, 16 uniq crashes found)...[0m
[1;94m[*] [0mFuzzing test case #180 (284 total, 16 uniq crashes found)...[0m
[1;94m[*] [0mFuzzing test case #181 (284 total, 16 uniq crashes found)...[0m
[1;94m[*] [0mFuzzing test case #186 (284 total, 16 uniq crashes found)...[0m
[1;94m[*] [0mFuzzing test case #189 (284 total, 17 uniq crashes found)...[0m
[1;94m[*] [0mFuzzing test case #190 (284 total, 17 uniq crashes found)...[0m
[1;94m[*] [0mFuzzing test case #192 (284 total, 17 uniq crashes found)...[0m
[1;94m[*] [0mFuzzing test case #193 (284 total, 17 uniq crashes found)...[0m
[1;94m[*] [0mFuzzing test case #194 (284 total, 17 uniq crashes found)...[0m
[1;94m[*] [0mFuzzing test case #195 (284 total, 18 uniq crashes found)...[0m
[1;94m[*] [0mFuzzing test case #198 (284 total, 18 uniq crashes found)...[0m
[1;94m[*] [0mFuzzing test case #200 (284 total, 18 uniq crashes found)...[0m
[1;94m[*] [0mFuzzing test case #203 (284 total, 18 uniq crashes found)...[0m
[1;94m[*] [0mFuzzing test case #211 (284 total, 18 uniq crashes found)...[0m
[1;94m[*] [0mFuzzing test case #212 (284 total, 18 uniq crashes found)...[0m
[1;94m[*] [0mFuzzing test case #214 (284 total, 18 uniq crashes found)...[0m
[1;94m[*] [0mFuzzing test case #215 (284 total, 18 uniq crashes found)...[0m
[1;94m[*] [0mFuzzing test case #218 (284 total, 18 uniq crashes found)...[0m
[1;94m[*] [0mFuzzing test case #219 (284 total, 18 uniq crashes found)...[0m
[1;94m[*] [0mFuzzing test case #226 (284 total, 18 uniq crashes found)...[0m
[1;94m[*] [0mFuzzing test case #227 (284 total, 18 uniq crashes found)...[0m
[1;94m[*] [0mFuzzing test case #231 (284 total, 18 uniq crashes found)...[0m
[1;94m[*] [0mFuzzing test case #232 (284 total, 18 uniq crashes found)...[0m
[1;94m[*] [0mFuzzing test case #233 (284 total, 18 uniq crashes found)...[0m
[1;94m[*] [0mFuzzing test case #235 (284 total, 18 uniq crashes found)...[0m
[1;94m[*] [0mFuzzing test case #237 (284 total, 19 uniq crashes found)...[0m
[1;94m[*] [0mFuzzing test case #238 (284 total, 19 uniq crashes found)...[0m
[1;94m[*] [0mFuzzing test case #239 (284 total, 19 uniq crashes found)...[0m
[1;94m[*] [0mFuzzing test case #242 (284 total, 19 uniq crashes found)...[0m
[1;94m[*] [0mFuzzing test case #245 (285 total, 20 uniq crashes found)...[0m
[1;94m[*] [0mFuzzing test case #246 (285 total, 20 uniq crashes found)...[0m
[1;94m[*] [0mFuzzing test case #247 (285 total, 20 uniq crashes found)...[0m
[1;94m[*] [0mFuzzing test case #249 (285 total, 20 uniq crashes found)...[0m
[1;94m[*] [0mFuzzing test case #251 (285 total, 20 uniq crashes found)...[0m
[1;94m[*] [0mFuzzing test case #252 (285 total, 21 uniq crashes found)...[0m
[1;94m[*] [0mFuzzing test case #253 (287 total, 21 uniq crashes found)...[0m
[1;94m[*] [0mFuzzing test case #255 (288 total, 21 uniq crashes found)...[0m
[1;94m[*] [0mFuzzing test case #257 (288 total, 21 uniq crashes found)...[0m
[1;94m[*] [0mFuzzing test case #258 (288 total, 21 uniq crashes found)...[0m
[1;94m[*] [0mFuzzing test case #259 (288 total, 21 uniq crashes found)...[0m
[1;94m[*] [0mFuzzing test case #261 (288 total, 21 uniq crashes found)...[0m
[1;94m[*] [0mFuzzing test case #262 (288 total, 21 uniq crashes found)...[0m
[1;94m[*] [0mFuzzing test case #264 (288 total, 21 uniq crashes found)...[0m
[1;94m[*] [0mFuzzing test case #269 (289 total, 22 uniq crashes found)...[0m
[1;94m[*] [0mFuzzing test case #270 (289 total, 22 uniq crashes found)...[0m
[1;94m[*] [0mFuzzing test case #272 (289 total, 22 uniq crashes found)...[0m
[1;94m[*] [0mFuzzing test case #273 (290 total, 23 uniq crashes found)...[0m
[1;94m[*] [0mFuzzing test case #274 (290 total, 23 uniq crashes found)...[0m
[1;94m[*] [0mFuzzing test case #275 (290 total, 23 uniq crashes found)...[0m
[1;94m[*] [0mFuzzing test case #278 (290 total, 23 uniq crashes found)...[0m
[1;94m[*] [0mFuzzing test case #280 (290 total, 23 uniq crashes found)...[0m
[1;94m[*] [0mFuzzing test case #282 (290 total, 23 uniq crashes found)...[0m
[1;94m[*] [0mFuzzing test case #286 (290 total, 23 uniq crashes found)...[0m
[1;94m[*] [0mFuzzing test case #287 (290 total, 24 uniq crashes found)...[0m
[1;94m[*] [0mFuzzing test case #288 (290 total, 24 uniq crashes found)...[0m
[1;94m[*] [0mEntering queue cycle 2.[0m
[1;94m[*] [0mFuzzing test case #9 (290 total, 24 uniq crashes found)...[0m
[1;94m[*] [0mFuzzing test case #10 (290 total, 24 uniq crashes found)...[0m
[1;94m[*] [0mFuzzing test case #11 (290 total, 24 uniq crashes found)...[0m
[1;94m[*] [0mFuzzing test case #13 (290 total, 24 uniq crashes found)...[0m
[1;94m[*] [0mFuzzing test case #19 (290 total, 24 uniq crashes found)...[0m
[1;94m[*] [0mFuzzing test case #21 (290 total, 24 uniq crashes found)...[0m
[1;94m[*] [0mFuzzing test case #26 (290 total, 24 uniq crashes found)...[0m
[1;94m[*] [0mFuzzing test case #27 (290 total, 24 uniq crashes found)...[0m
[1;94m[*] [0mFuzzing test case #29 (290 total, 24 uniq crashes found)...[0m
[1;94m[*] [0mFuzzing test case #30 (290 total, 24 uniq crashes found)...[0m
[1;94m[*] [0mFuzzing test case #34 (290 total, 24 uniq crashes found)...[0m
[1;94m[*] [0mFuzzing test case #39 (290 total, 24 uniq crashes found)...[0m
[1;94m[*] [0mFuzzing test case #41 (290 total, 24 uniq crashes found)...[0m
[1;94m[*] [0mFuzzing test case #42 (290 total, 24 uniq crashes found)...[0m
[1;94m[*] [0mFuzzing test case #45 (290 total, 24 uniq crashes found)...[0m
[1;94m[*] [0mFuzzing test case #46 (290 total, 24 uniq crashes found)...[0m
[1;94m[*] [0mFuzzing test case #49 (290 total, 24 uniq crashes found)...[0m
[1;94m[*] [0mFuzzing test case #50 (290 total, 24 uniq crashes found)...[0m
[1;94m[*] [0mFuzzing test case #51 (290 total, 24 uniq crashes found)...[0m
[1;94m[*] [0mFuzzing test case #53 (290 total, 24 uniq crashes found)...[0m
[1;94m[*] [0mFuzzing test case #55 (290 total, 24 uniq crashes found)...[0m
[1;94m[*] [0mFuzzing test case #66 (290 total, 24 uniq crashes found)...[0m
[1;94m[*] [0mFuzzing test case #67 (290 total, 24 uniq crashes found)...[0m
[1;94m[*] [0mFuzzing test case #73 (290 total, 24 uniq crashes found)...[0m
[1;94m[*] [0mFuzzing test case #79 (290 total, 24 uniq crashes found)...[0m
[1;94m[*] [0mFuzzing test case #80 (290 total, 24 uniq crashes found)...[0m
[1;94m[*] [0mFuzzing test case #83 (290 total, 24 uniq crashes found)...[0m
[1;94m[*] [0mFuzzing test case #85 (290 total, 24 uniq crashes found)...[0m
[1;94m[*] [0mFuzzing test case #86 (290 total, 24 uniq crashes found)...[0m
[1;94m[*] [0mFuzzing test case #87 (290 total, 24 uniq crashes found)...[0m
[1;94m[*] [0mFuzzing test case #92 (290 total, 24 uniq crashes found)...[0m
[1;94m[*] [0mFuzzing test case #94 (290 total, 24 uniq crashes found)...[0m
[1;94m[*] [0mFuzzing test case #95 (290 total, 24 uniq crashes found)...[0m
[1;94m[*] [0mFuzzing test case #96 (290 total, 24 uniq crashes found)...[0m
[1;94m[*] [0mFuzzing test case #99 (290 total, 24 uniq crashes found)...[0m
[1;94m[*] [0mFuzzing test case #100 (290 total, 24 uniq crashes found)...[0m
[1;94m[*] [0mFuzzing test case #105 (290 total, 24 uniq crashes found)...[0m
[1;94m[*] [0mFuzzing test case #107 (290 total, 24 uniq crashes found)...[0m
[1;94m[*] [0mFuzzing test case #109 (290 total, 24 uniq crashes found)...[0m
[1;94m[*] [0mFuzzing test case #114 (290 total, 24 uniq crashes found)...[0m
[1;94m[*] [0mFuzzing test case #116 (290 total, 24 uniq crashes found)...[0m
[1;94m[*] [0mFuzzing test case #117 (290 total, 24 uniq crashes found)...[0m
[1;94m[*] [0mFuzzing test case #120 (290 total, 24 uniq crashes found)...[0m
[1;94m[*] [0mFuzzing test case #124 (290 total, 24 uniq crashes found)...[0m
[1;94m[*] [0mFuzzing test case #125 (290 total, 24 uniq crashes found)...[0m
[1;94m[*] [0mFuzzing test case #131 (290 total, 24 uniq crashes found)...[0m
[1;94m[*] [0mFuzzing test case #132 (290 total, 24 uniq crashes found)...[0m
[1;94m[*] [0mFuzzing test case #137 (290 total, 24 uniq crashes found)...[0m
[1;94m[*] [0mFuzzing test case #140 (290 total, 25 uniq crashes found)...[0m
[1;94m[*] [0mFuzzing test case #141 (290 total, 25 uniq crashes found)...[0m
[1;94m[*] [0mFuzzing test case #143 (290 total, 25 uniq crashes found)...[0m
[1;94m[*] [0mFuzzing test case #145 (290 total, 25 uniq crashes found)...[0m
[1;94m[*] [0mFuzzing test case #147 (290 total, 25 uniq crashes found)...[0m
[1;94m[*] [0mFuzzing test case #148 (290 total, 25 uniq crashes found)...[0m
[1;94m[*] [0mFuzzing test case #151 (290 total, 25 uniq crashes found)...[0m
[1;94m[*] [0mFuzzing test case #152 (290 total, 25 uniq crashes found)...[0m
[1;94m[*] [0mFuzzing test case #153 (290 total, 25 uniq crashes found)...[0m
[1;94m[*] [0mFuzzing test case #154 (290 total, 25 uniq crashes found)...[0m
[1;94m[*] [0mFuzzing test case #155 (290 total, 25 uniq crashes found)...[0m
[1;94m[*] [0mFuzzing test case #160 (290 total, 25 uniq crashes found)...[0m
[1;94m[*] [0mFuzzing test case #162 (290 total, 25 uniq crashes found)...[0m
[1;94m[*] [0mFuzzing test case #163 (290 total, 25 uniq crashes found)...[0m
[1;94m[*] [0mFuzzing test case #164 (290 total, 25 uniq crashes found)...[0m
[1;94m[*] [0mFuzzing test case #165 (290 total, 25 uniq crashes found)...[0m
[1;94m[*] [0mFuzzing test case #170 (290 total, 25 uniq crashes found)...[0m
[1;94m[*] [0mFuzzing test case #174 (290 total, 25 uniq crashes found)...[0m
[1;94m[*] [0mFuzzing test case #175 (290 total, 26 uniq crashes found)...[0m
[1;94m[*] [0mFuzzing test case #178 (290 total, 26 uniq crashes found)...[0m
[1;94m[*] [0mFuzzing test case #179 (290 total, 26 uniq crashes found)...[0m
[1;94m[*] [0mFuzzing test case #180 (290 total, 26 uniq crashes found)...[0m
[1;94m[*] [0mFuzzing test case #181 (290 total, 26 uniq crashes found)...[0m
[1;94m[*] [0mFuzzing test case #189 (290 total, 26 uniq crashes found)...[0m
[1;94m[*] [0mFuzzing test case #190 (290 total, 26 uniq crashes found)...[0m
[1;94m[*] [0mFuzzing test case #192 (290 total, 26 uniq crashes found)...[0m
[1;94m[*] [0mFuzzing test case #193 (290 total, 26 uniq crashes found)...[0m
[1;94m[*] [0mFuzzing test case #194 (290 total, 26 uniq crashes found)...[0m
[1;94m[*] [0mFuzzing test case #195 (290 total, 26 uniq crashes found)...[0m
[1;94m[*] [0mFuzzing test case #198 (290 total, 26 uniq crashes found)...[0m
[1;94m[*] [0mFuzzing test case #200 (290 total, 26 uniq crashes found)...[0m
[1;94m[*] [0mFuzzing test case #201 (290 total, 26 uniq crashes found)...[0m
[1;94m[*] [0mFuzzing test case #203 (290 total, 27 uniq crashes found)...[0m
[1;94m[*] [0mFuzzing test case #205 (290 total, 27 uniq crashes found)...[0m
[1;94m[*] [0mFuzzing test case #206 (290 total, 27 uniq crashes found)...[0m
[1;94m[*] [0mFuzzing test case #207 (290 total, 27 uniq crashes found)...[0m
[1;94m[*] [0mFuzzing test case #212 (290 total, 27 uniq crashes found)...[0m
[1;94m[*] [0mFuzzing test case #214 (290 total, 27 uniq crashes found)...[0m
[1;94m[*] [0mFuzzing test case #215 (290 total, 27 uniq crashes found)...[0m
[1;94m[*] [0mFuzzing test case #218 (290 total, 27 uniq crashes found)...[0m
[1;94m[*] [0mFuzzing test case #219 (290 total, 27 uniq crashes found)...[0m
[1;94m[*] [0mFuzzing test case #223 (290 total, 27 uniq crashes found)...[0m
[1;94m[*] [0mFuzzing test case #224 (290 total, 27 uniq crashes found)...[0m
[1;94m[*] [0mFuzzing test case #226 (290 total, 27 uniq crashes found)...[0m
[1;94m[*] [0mFuzzing test case #227 (290 total, 27 uniq crashes found)...[0m
[1;94m[*] [0mFuzzing test case #231 (290 total, 27 uniq crashes found)...[0m
[1;94m[*] [0mFuzzing test case #232 (290 total, 27 uniq crashes found)...[0m
[1;94m[*] [0mFuzzing test case #233 (290 total, 28 uniq crashes found)...[0m
[1;94m[*] [0mFuzzing test case #235 (290 total, 28 uniq crashes found)...[0m
[1;94m[*] [0mFuzzing test case #237 (290 total, 28 uniq crashes found)...[0m
[1;94m[*] [0mFuzzing test case #238 (290 total, 28 uniq crashes found)...[0m
[1;94m[*] [0mFuzzing test case #239 (290 total, 28 uniq crashes found)...[0m
[1;94m[*] [0mFuzzing test case #240 (290 total, 28 uniq crashes found)...[0m
[1;94m[*] [0mFuzzing test case #241 (290 total, 28 uniq crashes found)...[0m
[1;94m[*] [0mFuzzing test case #242 (290 total, 28 uniq crashes found)...[0m
[1;94m[*] [0mFuzzing test case #246 (290 total, 28 uniq crashes found)...[0m
[1;94m[*] [0mFuzzing test case #247 (290 total, 28 uniq crashes found)...[0m
[1;94m[*] [0mFuzzing test case #248 (290 total, 28 uniq crashes found)...[0m
[1;94m[*] [0mFuzzing test case #249 (290 total, 29 uniq crashes found)...[0m
[1;94m[*] [0mFuzzing test case #250 (290 total, 29 uniq crashes found)...[0m
[1;94m[*] [0mFuzzing test case #251 (290 total, 29 uniq crashes found)...[0m
[1;94m[*] [0mFuzzing test case #252 (290 total, 29 uniq crashes found)...[0m
[1;94m[*] [0mFuzzing test case #254 (290 total, 29 uniq crashes found)...[0m
[1;94m[*] [0mFuzzing test case #255 (290 total, 29 uniq crashes found)...[0m
[1;94m[*] [0mFuzzing test case #257 (290 total, 29 uniq crashes found)...[0m
[1;94m[*] [0mFuzzing test case #258 (290 total, 29 uniq crashes found)...[0m
[1;94m[*] [0mFuzzing test case #259 (290 total, 29 uniq crashes found)...[0m
[1;94m[*] [0mFuzzing test case #261 (290 total, 29 uniq crashes found)...[0m
[1;94m[*] [0mFuzzing test case #262 (290 total, 29 uniq crashes found)...[0m
[1;94m[*] [0mFuzzing test case #264 (290 total, 29 uniq crashes found)...[0m
[1;94m[*] [0mFuzzing test case #267 (290 total, 29 uniq crashes found)...[0m
[1;94m[*] [0mFuzzing test case #268 (291 total, 30 uniq crashes found)...[0m
[1;94m[*] [0mFuzzing test case #269 (291 total, 30 uniq crashes found)...[0m
[1;94m[*] [0mFuzzing test case #270 (291 total, 30 uniq crashes found)...[0m
[1;94m[*] [0mFuzzing test case #272 (291 total, 30 uniq crashes found)...[0m
[1;94m[*] [0mFuzzing test case #273 (291 total, 30 uniq crashes found)...[0m
[1;94m[*] [0mFuzzing test case #274 (291 total, 30 uniq crashes found)...[0m
[1;94m[*] [0mFuzzing test case #275 (291 total, 30 uniq crashes found)...[0m
[1;94m[*] [0mFuzzing test case #277 (291 total, 30 uniq crashes found)...[0m
[1;94m[*] [0mFuzzing test case #278 (291 total, 30 uniq crashes found)...[0m
[1;94m[*] [0mFuzzing test case #280 (291 total, 30 uniq crashes found)...[0m
[1;94m[*] [0mFuzzing test case #282 (291 total, 30 uniq crashes found)...[0m
[1;94m[*] [0mFuzzing test case #286 (291 total, 30 uniq crashes found)...[0m
[1;94m[*] [0mFuzzing test case #287 (291 total, 30 uniq crashes found)...[0m
[1;94m[*] [0mFuzzing test case #288 (291 total, 30 uniq crashes found)...[0m
[1;94m[*] [0mEntering queue cycle 3.[0m
[1;94m[*] [0mFuzzing test case #4 (291 total, 30 uniq crashes found)...[0m
[1;94m[*] [0mFuzzing test case #8 (291 total, 30 uniq crashes found)...[0m
[1;94m[*] [0mFuzzing test case #25 (291 total, 30 uniq crashes found)...[0m
[1;94m[*] [0mFuzzing test case #30 (291 total, 30 uniq crashes found)...[0m
[1;94m[*] [0mFuzzing test case #33 (291 total, 30 uniq crashes found)...[0m
[1;94m[*] [0mFuzzing test case #37 (291 total, 30 uniq crashes found)...[0m
[1;94m[*] [0mFuzzing test case #39 (291 total, 30 uniq crashes found)...[0m
[1;94m[*] [0mFuzzing test case #44 (291 total, 30 uniq crashes found)...[0m
[1;94m[*] [0mFuzzing test case #45 (291 total, 30 uniq crashes found)...[0m
[1;94m[*] [0mFuzzing test case #61 (291 total, 30 uniq crashes found)...[0m
[1;94m[*] [0mFuzzing test case #63 (291 total, 30 uniq crashes found)...[0m
[1;94m[*] [0mFuzzing test case #67 (291 total, 30 uniq crashes found)...[0m
[1;94m[*] [0mFuzzing test case #72 (291 total, 30 uniq crashes found)...[0m
[1;94m[*] [0mFuzzing test case #79 (291 total, 30 uniq crashes found)...[0m
[1;94m[*] [0mFuzzing test case #80 (291 total, 30 uniq crashes found)...[0m
[1;94m[*] [0mFuzzing test case #83 (291 total, 30 uniq crashes found)...[0m
[1;94m[*] [0mFuzzing test case #85 (291 total, 30 uniq crashes found)...[0m
[1;94m[*] [0mFuzzing test case #87 (291 total, 30 uniq crashes found)...[0m
[1;94m[*] [0mFuzzing test case #90 (291 total, 30 uniq crashes found)...[0m
[1;94m[*] [0mFuzzing test case #92 (291 total, 30 uniq crashes found)...[0m
[1;94m[*] [0mFuzzing test case #94 (291 total, 30 uniq crashes found)...[0m
[1;94m[*] [0mFuzzing test case #97 (291 total, 30 uniq crashes found)...[0m
[1;94m[*] [0mFuzzing test case #100 (291 total, 30 uniq crashes found)...[0m
[1;94m[*] [0mFuzzing test case #105 (291 total, 30 uniq crashes found)...[0m
[1;94m[*] [0mFuzzing test case #107 (291 total, 30 uniq crashes found)...[0m
[1;94m[*] [0mFuzzing test case #108 (291 total, 30 uniq crashes found)...[0m
[1;94m[*] [0mFuzzing test case #109 (291 total, 30 uniq crashes found)...[0m
[1;94m[*] [0mFuzzing test case #111 (291 total, 30 uniq crashes found)...[0m
[1;94m[*] [0mFuzzing test case #113 (291 total, 30 uniq crashes found)...[0m
[1;94m[*] [0mFuzzing test case #114 (291 total, 30 uniq crashes found)...[0m
[1;94m[*] [0mFuzzing test case #116 (291 total, 30 uniq crashes found)...[0m
[1;94m[*] [0mFuzzing test case #125 (291 total, 30 uniq crashes found)...[0m
[1;94m[*] [0mFuzzing test case #131 (291 total, 30 uniq crashes found)...[0m
[1;94m[*] [0mFuzzing test case #132 (291 total, 30 uniq crashes found)...[0m
[1;94m[*] [0mFuzzing test case #137 (291 total, 30 uniq crashes found)...[0m
[1;94m[*] [0mFuzzing test case #138 (291 total, 30 uniq crashes found)...[0m
[1;94m[*] [0mFuzzing test case #143 (291 total, 30 uniq crashes found)...[0m
[1;94m[*] [0mFuzzing test case #145 (291 total, 30 uniq crashes found)...[0m
[1;94m[*] [0mFuzzing test case #152 (291 total, 30 uniq crashes found)...[0m
[1;94m[*] [0mFuzzing test case #153 (291 total, 30 uniq crashes found)...[0m
[1;94m[*] [0mFuzzing test case #154 (291 total, 30 uniq crashes found)...[0m
[1;94m[*] [0mFuzzing test case #155 (291 total, 30 uniq crashes found)...[0m
[1;94m[*] [0mFuzzing test case #159 (291 total, 30 uniq crashes found)...[0m
[1;94m[*] [0mFuzzing test case #160 (291 total, 30 uniq crashes found)...[0m
[1;94m[*] [0mFuzzing test case #162 (291 total, 30 uniq crashes found)...[0m
[1;94m[*] [0mFuzzing test case #164 (291 total, 30 uniq crashes found)...[0m
[1;94m[*] [0mFuzzing test case #165 (291 total, 30 uniq crashes found)...[0m
[1;94m[*] [0mFuzzing test case #170 (291 total, 30 uniq crashes found)...[0m
[1;94m[*] [0mFuzzing test case #174 (291 total, 30 uniq crashes found)...[0m
[1;94m[*] [0mFuzzing test case #175 (291 total, 30 uniq crashes found)...[0m
[1;94m[*] [0mFuzzing test case #177 (291 total, 30 uniq crashes found)...[0m
[1;94m[*] [0mFuzzing test case #179 (291 total, 30 uniq crashes found)...[0m
[1;94m[*] [0mFuzzing test case #180 (291 total, 30 uniq crashes found)...[0m
[1;94m[*] [0mFuzzing test case #181 (291 total, 30 uniq crashes found)...[0m
[1;94m[*] [0mFuzzing test case #182 (291 total, 30 uniq crashes found)...[0m
[1;94m[*] [0mFuzzing test case #184 (291 total, 30 uniq crashes found)...[0m
[1;94m[*] [0mFuzzing test case #188 (291 total, 30 uniq crashes found)...[0m
[1;94m[*] [0mFuzzing test case #189 (291 total, 30 uniq crashes found)...[0m
[1;94m[*] [0mFuzzing test case #190 (291 total, 30 uniq crashes found)...[0m
[1;94m[*] [0mFuzzing test case #191 (291 total, 30 uniq crashes found)...[0m
[1;94m[*] [0mFuzzing test case #192 (291 total, 30 uniq crashes found)...[0m
[1;94m[*] [0mFuzzing test case #193 (291 total, 30 uniq crashes found)...[0m
[1;94m[*] [0mFuzzing test case #194 (291 total, 30 uniq crashes found)...[0m
[1;94m[*] [0mFuzzing test case #195 (291 total, 30 uniq crashes found)...[0m
[1;94m[*] [0mFuzzing test case #197 (291 total, 30 uniq crashes found)...[0m
[1;94m[*] [0mFuzzing test case #198 (291 total, 30 uniq crashes found)...[0m
[1;94m[*] [0mFuzzing test case #200 (291 total, 30 uniq crashes found)...[0m
[1;94m[*] [0mFuzzing test case #203 (291 total, 30 uniq crashes found)...[0m
[1;94m[*] [0mFuzzing test case #210 (291 total, 30 uniq crashes found)...[0m
[1;94m[*] [0mFuzzing test case #212 (291 total, 30 uniq crashes found)...[0m
[1;94m[*] [0mFuzzing test case #213 (291 total, 30 uniq crashes found)...[0m
[1;94m[*] [0mFuzzing test case #214 (291 total, 30 uniq crashes found)...[0m
[1;94m[*] [0mFuzzing test case #215 (291 total, 30 uniq crashes found)...[0m
[1;94m[*] [0mFuzzing test case #218 (291 total, 30 uniq crashes found)...[0m
[1;94m[*] [0mFuzzing test case #219 (291 total, 30 uniq crashes found)...[0m
[1;94m[*] [0mFuzzing test case #226 (291 total, 30 uniq crashes found)...[0m
[1;94m[*] [0mFuzzing test case #227 (291 total, 30 uniq crashes found)...[0m
[1;94m[*] [0mFuzzing test case #228 (291 total, 30 uniq crashes found)...[0m
[1;94m[*] [0mFuzzing test case #231 (291 total, 30 uniq crashes found)...[0m
[1;94m[*] [0mFuzzing test case #232 (291 total, 30 uniq crashes found)...[0m
[1;94m[*] [0mFuzzing test case #233 (291 total, 30 uniq crashes found)...[0m
[1;94m[*] [0mFuzzing test case #235 (291 total, 30 uniq crashes found)...[0m
[1;94m[*] [0mFuzzing test case #237 (291 total, 30 uniq crashes found)...[0m
[1;94m[*] [0mFuzzing test case #238 (291 total, 30 uniq crashes found)...[0m
[1;94m[*] [0mFuzzing test case #239 (291 total, 30 uniq crashes found)...[0m
[1;94m[*] [0mFuzzing test case #242 (291 total, 30 uniq crashes found)...[0m
[1;94m[*] [0mFuzzing test case #246 (291 total, 30 uniq crashes found)...[0m
[1;94m[*] [0mFuzzing test case #247 (291 total, 30 uniq crashes found)...[0m
[1;94m[*] [0mFuzzing test case #249 (291 total, 30 uniq crashes found)...[0m
[1;94m[*] [0mFuzzing test case #251 (291 total, 30 uniq crashes found)...[0m
[1;94m[*] [0mFuzzing test case #252 (291 total, 30 uniq crashes found)...[0m
[1;94m[*] [0mFuzzing test case #255 (291 total, 30 uniq crashes found)...[0m
[1;94m[*] [0mFuzzing test case #256 (291 total, 30 uniq crashes found)...[0m
[1;94m[*] [0mFuzzing test case #257 (291 total, 30 uniq crashes found)...[0m
[1;94m[*] [0mFuzzing test case #258 (291 total, 30 uniq crashes found)...[0m
[1;94m[*] [0mFuzzing test case #259 (291 total, 30 uniq crashes found)...[0m
[1;94m[*] [0mFuzzing test case #261 (291 total, 30 uniq crashes found)...[0m
[1;94m[*] [0mFuzzing test case #262 (291 total, 30 uniq crashes found)...[0m
[1;94m[*] [0mFuzzing test case #268 (291 total, 30 uniq crashes found)...[0m
[1;94m[*] [0mFuzzing test case #269 (291 total, 30 uniq crashes found)...[0m
[1;94m[*] [0mFuzzing test case #270 (291 total, 30 uniq crashes found)...[0m
[1;94m[*] [0mFuzzing test case #271 (291 total, 30 uniq crashes found)...[0m
[1;94m[*] [0mFuzzing test case #272 (291 total, 30 uniq crashes found)...[0m
[1;94m[*] [0mFuzzing test case #273 (291 total, 30 uniq crashes found)...[0m
[1;94m[*] [0mFuzzing test case #274 (291 total, 30 uniq crashes found)...[0m
[1;94m[*] [0mFuzzing test case #275 (291 total, 30 uniq crashes found)...[0m
[1;94m[*] [0mFuzzing test case #278 (291 total, 30 uniq crashes found)...[0m
[1;94m[*] [0mFuzzing test case #279 (291 total, 30 uniq crashes found)...[0m
[1;94m[*] [0mFuzzing test case #280 (291 total, 30 uniq crashes found)...[0m
[1;94m[*] [0mFuzzing test case #282 (291 total, 30 uniq crashes found)...[0m
[1;94m[*] [0mFuzzing test case #286 (291 total, 30 uniq crashes found)...[0m
[1;94m[*] [0mFuzzing test case #287 (291 total, 30 uniq crashes found)...[0m
[1;94m[*] [0mFuzzing test case #288 (291 total, 30 uniq crashes found)...[0m
[1;94m[*] [0mFuzzing test case #289 (291 total, 30 uniq crashes found)...[0m
[1;94m[*] [0mEntering queue cycle 4.[0m
[1;94m[*] [0mFuzzing test case #3 (291 total, 31 uniq crashes found)...[0m
[1;94m[*] [0mFuzzing test case #16 (291 total, 31 uniq crashes found)...[0m
[1;94m[*] [0mFuzzing test case #23 (291 total, 32 uniq crashes found)...[0m
[1;94m[*] [0mFuzzing test case #30 (291 total, 32 uniq crashes found)...[0m
[1;94m[*] [0mFuzzing test case #45 (291 total, 32 uniq crashes found)...[0m
[1;94m[*] [0mFuzzing test case #53 (291 total, 32 uniq crashes found)...[0m
[1;94m[*] [0mFuzzing test case #56 (291 total, 32 uniq crashes found)...[0m
[1;94m[*] [0mFuzzing test case #58 (291 total, 32 uniq crashes found)...[0m
[1;94m[*] [0mFuzzing test case #64 (291 total, 32 uniq crashes found)...[0m
[1;94m[*] [0mFuzzing test case #67 (291 total, 32 uniq crashes found)...[0m
[1;94m[*] [0mFuzzing test case #68 (291 total, 32 uniq crashes found)...[0m
[1;94m[*] [0mFuzzing test case #71 (291 total, 32 uniq crashes found)...[0m
[1;94m[*] [0mFuzzing test case #74 (291 total, 32 uniq crashes found)...[0m
[1;94m[*] [0mFuzzing test case #75 (291 total, 32 uniq crashes found)...[0m
[1;94m[*] [0mFuzzing test case #79 (291 total, 32 uniq crashes found)...[0m
[1;94m[*] [0mFuzzing test case #80 (291 total, 32 uniq crashes found)...[0m
[1;94m[*] [0mFuzzing test case #83 (291 total, 32 uniq crashes found)...[0m
[1;94m[*] [0mFuzzing test case #85 (291 total, 32 uniq crashes found)...[0m
[1;94m[*] [0mFuzzing test case #87 (291 total, 32 uniq crashes found)...[0m
[1;94m[*] [0mFuzzing test case #94 (291 total, 32 uniq crashes found)...[0m
[1;94m[*] [0mFuzzing test case #97 (291 total, 32 uniq crashes found)...[0m
[1;94m[*] [0mFuzzing test case #100 (291 total, 32 uniq crashes found)...[0m
[1;94m[*] [0mFuzzing test case #105 (291 total, 32 uniq crashes found)...[0m
[1;94m[*] [0mFuzzing test case #106 (291 total, 32 uniq crashes found)...[0m
[1;94m[*] [0mFuzzing test case #107 (291 total, 32 uniq crashes found)...[0m
[1;94m[*] [0mFuzzing test case #109 (291 total, 32 uniq crashes found)...[0m
[1;94m[*] [0mFuzzing test case #113 (291 total, 32 uniq crashes found)...[0m
[1;94m[*] [0mFuzzing test case #114 (291 total, 32 uniq crashes found)...[0m
[1;94m[*] [0mFuzzing test case #116 (291 total, 32 uniq crashes found)...[0m
[1;94m[*] [0mFuzzing test case #125 (291 total, 32 uniq crashes found)...[0m
[1;94m[*] [0mFuzzing test case #126 (291 total, 32 uniq crashes found)...[0m
[1;94m[*] [0mFuzzing test case #131 (291 total, 32 uniq crashes found)...[0m
[1;94m[*] [0mFuzzing test case #132 (291 total, 32 uniq crashes found)...[0m
[1;94m[*] [0mFuzzing test case #133 (291 total, 32 uniq crashes found)...[0m
[1;94m[*] [0mFuzzing test case #137 (291 total, 32 uniq crashes found)...[0m
[1;94m[*] [0mFuzzing test case #142 (291 total, 32 uniq crashes found)...[0m
[1;94m[*] [0mFuzzing test case #145 (291 total, 32 uniq crashes found)...[0m
[1;94m[*] [0mFuzzing test case #146 (291 total, 32 uniq crashes found)...[0m
[1;94m[*] [0mFuzzing test case #152 (291 total, 32 uniq crashes found)...[0m
[1;94m[*] [0mFuzzing test case #153 (291 total, 32 uniq crashes found)...[0m
[1;94m[*] [0mFuzzing test case #155 (291 total, 32 uniq crashes found)...[0m
[1;94m[*] [0mFuzzing test case #158 (291 total, 32 uniq crashes found)...[0m
[?25h[1;91m

+++ Testing aborted by user +++
[0m[1;92m[+] [0mWe're done here. Have a nice day!
[0m
Child is executing...
afl-fuzz -i /tmp/QuickChick/123128/input -o /tmp/QuickChick/123128/output /tmp/QuickChick/123128/QuickChick7e7599 @@
Parent is sleeping for 600 seconds...
cp /tmp/QuickChick/123128/output/fuzzer_stats output/123128