QuickChecking (testMutantX prop_SSNI_arbmedium exp_result_fuzz 19)
Extracted ML file: /tmp/QuickChick/185655/QuickChick6b6220.ml
Compile command: ocamlopt unix.cmxa /home/lemonidas/.opam/4.04.0+afl/lib/afl-persistent/afl-persistent.cmxa -unsafe-string -rectypes -w a -I /tmp/QuickChick/185655 -I /home/lemonidas/.opam/4.04.0+afl/lib/afl-persistent/ -I /home/lemonidas/.opam/4.04.0+afl/lib/coq/user-contrib/QuickChick /home/lemonidas/.opam/4.04.0+afl/lib/coq/user-contrib/QuickChick/quickChickLib.cmx /tmp/QuickChick/185655/QuickChick6b6220.ml -o /tmp/QuickChick/185655/QuickChick6b6220
/tmp/QuickChick/185655/input
[0;36mafl-fuzz [1;97m2.52b[0m by <lcamtuf@google.com>
[1;92m[+] [0mLooks like we're not running on a tty, so I'll be a bit less verbose.[0m
[1;92m[+] [0mYou have 8 CPU cores and 1 runnable tasks (utilization: 12%).[0m
[1;92m[+] [0mTry parallel jobs - see docs/parallel_fuzzing.txt.[0m
[1;94m[*] [0mChecking CPU core loadout...[0m
[1;92m[+] [0mFound a free CPU core, binding to #0.[0m
[1;94m[*] [0mChecking core_pattern...[0m
[1;94m[*] [0mChecking CPU scaling governor...[0m
[1;94m[*] [0mSetting up output directories...[0m
[1;94m[*] [0mScanning '/tmp/QuickChick/185655/input'...[0m
[1;92m[+] [0mNo auto-generated dictionary tokens to reuse.[0m
[1;94m[*] [0mCreating hard links for all input files...[0m
[1;94m[*] [0mValidating target binary...[0m
[1;94m[*] [0mAttempting dry run with 'id:000000,orig:seed1'...[0m
[1;94m[*] [0mSpinning up the fork server...[0m
[1;92m[+] [0mAll right - fork server is up.[0m
[1;90m    len = 11, map size = 385, exec speed = 309 us
[0m[1;94m[*] [0mAttempting dry run with 'id:000001,orig:seed2'...[0m
[1;90m    len = 11, map size = 397, exec speed = 285 us
[0m[1;94m[*] [0mAttempting dry run with 'id:000002,orig:seed3'...[0m
[1;90m    len = 11, map size = 377, exec speed = 288 us
[0m[1;92m[+] [0mAll test cases processed.[0m

[1;92m[+] [0mHere are some useful stats:

[1;90m    Test case count : [0m1 favored, 0 variable, 3 total
[1;90m       Bitmap range : [0m377 to 397 bits (average: 386.33 bits)
[1;90m        Exec timing : [0m285 to 309 us (average: 294 us)
[0m
[1;94m[*] [0mNo -t option specified, so I'll use exec timeout of 20 ms.[0m
[1;92m[+] [0mAll set and ready to roll![0m
[1;94m[*] [0mEntering queue cycle 1.[0m
[1;94m[*] [0mFuzzing test case #1 (3 total, 0 uniq crashes found)...[0m
[1;94m[*] [0mFuzzing test case #4 (227 total, 0 uniq crashes found)...[0m
[1;94m[*] [0mFuzzing test case #26 (248 total, 0 uniq crashes found)...[0m
[1;94m[*] [0mFuzzing test case #55 (248 total, 0 uniq crashes found)...[0m
[1;94m[*] [0mFuzzing test case #60 (263 total, 0 uniq crashes found)...[0m
[1;94m[*] [0mFuzzing test case #68 (263 total, 0 uniq crashes found)...[0m
[1;94m[*] [0mFuzzing test case #76 (265 total, 0 uniq crashes found)...[0m
[1;94m[*] [0mFuzzing test case #77 (265 total, 0 uniq crashes found)...[0m
[1;94m[*] [0mFuzzing test case #81 (265 total, 0 uniq crashes found)...[0m
[1;94m[*] [0mFuzzing test case #83 (265 total, 0 uniq crashes found)...[0m
[1;94m[*] [0mFuzzing test case #85 (278 total, 0 uniq crashes found)...[0m
[1;94m[*] [0mFuzzing test case #95 (278 total, 0 uniq crashes found)...[0m
[1;94m[*] [0mFuzzing test case #101 (278 total, 0 uniq crashes found)...[0m
[1;94m[*] [0mFuzzing test case #103 (278 total, 0 uniq crashes found)...[0m
[1;94m[*] [0mFuzzing test case #106 (278 total, 0 uniq crashes found)...[0m
[1;94m[*] [0mFuzzing test case #108 (278 total, 0 uniq crashes found)...[0m
[1;94m[*] [0mFuzzing test case #113 (279 total, 0 uniq crashes found)...[0m
[1;94m[*] [0mFuzzing test case #115 (285 total, 1 uniq crashes found)...[0m
[1;94m[*] [0mFuzzing test case #123 (294 total, 1 uniq crashes found)...[0m
[1;94m[*] [0mFuzzing test case #125 (294 total, 1 uniq crashes found)...[0m
[1;94m[*] [0mFuzzing test case #128 (294 total, 1 uniq crashes found)...[0m
[1;94m[*] [0mFuzzing test case #132 (294 total, 1 uniq crashes found)...[0m
[1;94m[*] [0mFuzzing test case #134 (294 total, 1 uniq crashes found)...[0m
[1;94m[*] [0mFuzzing test case #136 (294 total, 1 uniq crashes found)...[0m
[1;94m[*] [0mFuzzing test case #138 (294 total, 1 uniq crashes found)...[0m
[1;94m[*] [0mFuzzing test case #144 (294 total, 1 uniq crashes found)...[0m
[1;94m[*] [0mFuzzing test case #145 (294 total, 1 uniq crashes found)...[0m
[1;94m[*] [0mFuzzing test case #147 (294 total, 1 uniq crashes found)...[0m
[1;94m[*] [0mFuzzing test case #150 (294 total, 1 uniq crashes found)...[0m
[1;94m[*] [0mFuzzing test case #151 (294 total, 1 uniq crashes found)...[0m
[1;94m[*] [0mFuzzing test case #155 (294 total, 1 uniq crashes found)...[0m
[1;94m[*] [0mFuzzing test case #156 (294 total, 1 uniq crashes found)...[0m
[1;94m[*] [0mFuzzing test case #166 (294 total, 1 uniq crashes found)...[0m
[1;94m[*] [0mFuzzing test case #167 (294 total, 1 uniq crashes found)...[0m
[1;94m[*] [0mFuzzing test case #171 (294 total, 1 uniq crashes found)...[0m
[1;94m[*] [0mFuzzing test case #173 (294 total, 1 uniq crashes found)...[0m
[1;94m[*] [0mFuzzing test case #176 (294 total, 1 uniq crashes found)...[0m
[1;94m[*] [0mFuzzing test case #179 (294 total, 1 uniq crashes found)...[0m
[1;94m[*] [0mFuzzing test case #180 (294 total, 1 uniq crashes found)...[0m
[1;94m[*] [0mFuzzing test case #181 (294 total, 1 uniq crashes found)...[0m
[1;94m[*] [0mFuzzing test case #183 (294 total, 1 uniq crashes found)...[0m
[1;94m[*] [0mFuzzing test case #184 (294 total, 1 uniq crashes found)...[0m
[1;94m[*] [0mFuzzing test case #185 (294 total, 1 uniq crashes found)...[0m
[1;94m[*] [0mFuzzing test case #188 (294 total, 1 uniq crashes found)...[0m
[1;94m[*] [0mFuzzing test case #189 (294 total, 1 uniq crashes found)...[0m
[1;94m[*] [0mFuzzing test case #192 (294 total, 1 uniq crashes found)...[0m
[1;94m[*] [0mFuzzing test case #193 (294 total, 1 uniq crashes found)...[0m
[1;94m[*] [0mFuzzing test case #194 (294 total, 1 uniq crashes found)...[0m
[1;94m[*] [0mFuzzing test case #195 (294 total, 1 uniq crashes found)...[0m
[1;94m[*] [0mFuzzing test case #196 (294 total, 2 uniq crashes found)...[0m
[1;94m[*] [0mFuzzing test case #197 (294 total, 2 uniq crashes found)...[0m
[1;94m[*] [0mFuzzing test case #203 (294 total, 2 uniq crashes found)...[0m
[1;94m[*] [0mFuzzing test case #209 (294 total, 2 uniq crashes found)...[0m
[1;94m[*] [0mFuzzing test case #210 (295 total, 2 uniq crashes found)...[0m
[1;94m[*] [0mFuzzing test case #211 (295 total, 2 uniq crashes found)...[0m
[1;94m[*] [0mFuzzing test case #213 (295 total, 2 uniq crashes found)...[0m
[1;94m[*] [0mFuzzing test case #217 (295 total, 2 uniq crashes found)...[0m
[1;94m[*] [0mFuzzing test case #218 (295 total, 2 uniq crashes found)...[0m
[1;94m[*] [0mFuzzing test case #222 (295 total, 2 uniq crashes found)...[0m
[1;94m[*] [0mFuzzing test case #223 (295 total, 3 uniq crashes found)...[0m
[1;94m[*] [0mFuzzing test case #224 (295 total, 3 uniq crashes found)...[0m
[1;94m[*] [0mFuzzing test case #226 (295 total, 3 uniq crashes found)...[0m
[1;94m[*] [0mFuzzing test case #228 (295 total, 3 uniq crashes found)...[0m
[1;94m[*] [0mFuzzing test case #229 (295 total, 3 uniq crashes found)...[0m
[1;94m[*] [0mFuzzing test case #230 (295 total, 3 uniq crashes found)...[0m
[1;94m[*] [0mFuzzing test case #231 (295 total, 3 uniq crashes found)...[0m
[1;94m[*] [0mFuzzing test case #234 (296 total, 3 uniq crashes found)...[0m
[1;94m[*] [0mFuzzing test case #235 (296 total, 3 uniq crashes found)...[0m
[1;94m[*] [0mFuzzing test case #237 (296 total, 3 uniq crashes found)...[0m
[1;94m[*] [0mFuzzing test case #239 (296 total, 3 uniq crashes found)...[0m
[1;94m[*] [0mFuzzing test case #241 (296 total, 3 uniq crashes found)...[0m
[1;94m[*] [0mFuzzing test case #242 (296 total, 3 uniq crashes found)...[0m
[1;94m[*] [0mFuzzing test case #248 (296 total, 3 uniq crashes found)...[0m
[1;94m[*] [0mFuzzing test case #250 (296 total, 3 uniq crashes found)...[0m
[1;94m[*] [0mFuzzing test case #254 (296 total, 3 uniq crashes found)...[0m
[1;94m[*] [0mFuzzing test case #255 (296 total, 3 uniq crashes found)...[0m
[1;94m[*] [0mFuzzing test case #256 (296 total, 5 uniq crashes found)...[0m
[1;94m[*] [0mFuzzing test case #258 (296 total, 5 uniq crashes found)...[0m
[1;94m[*] [0mFuzzing test case #260 (296 total, 5 uniq crashes found)...[0m
[1;94m[*] [0mFuzzing test case #264 (296 total, 5 uniq crashes found)...[0m
[1;94m[*] [0mFuzzing test case #268 (296 total, 5 uniq crashes found)...[0m
[1;94m[*] [0mFuzzing test case #270 (296 total, 5 uniq crashes found)...[0m
[1;94m[*] [0mFuzzing test case #271 (296 total, 5 uniq crashes found)...[0m
[1;94m[*] [0mFuzzing test case #276 (297 total, 7 uniq crashes found)...[0m
[1;94m[*] [0mFuzzing test case #280 (297 total, 7 uniq crashes found)...[0m
[1;94m[*] [0mFuzzing test case #287 (297 total, 7 uniq crashes found)...[0m
[1;94m[*] [0mFuzzing test case #290 (297 total, 7 uniq crashes found)...[0m
[1;94m[*] [0mFuzzing test case #292 (297 total, 7 uniq crashes found)...[0m
[1;94m[*] [0mFuzzing test case #294 (297 total, 7 uniq crashes found)...[0m
[1;94m[*] [0mFuzzing test case #296 (297 total, 7 uniq crashes found)...[0m
[1;94m[*] [0mEntering queue cycle 2.[0m
[1;94m[*] [0mFuzzing test case #37 (297 total, 18 uniq crashes found)...[0m
[1;94m[*] [0mFuzzing test case #79 (297 total, 18 uniq crashes found)...[0m
[1;94m[*] [0mFuzzing test case #81 (297 total, 18 uniq crashes found)...[0m
[1;94m[*] [0mFuzzing test case #82 (297 total, 18 uniq crashes found)...[0m
[1;94m[*] [0mFuzzing test case #83 (297 total, 18 uniq crashes found)...[0m
[1;94m[*] [0mFuzzing test case #85 (297 total, 18 uniq crashes found)...[0m
[1;94m[*] [0mFuzzing test case #88 (297 total, 18 uniq crashes found)...[0m
[1;94m[*] [0mFuzzing test case #89 (297 total, 18 uniq crashes found)...[0m
[1;94m[*] [0mFuzzing test case #91 (297 total, 18 uniq crashes found)...[0m
[1;94m[*] [0mFuzzing test case #95 (297 total, 18 uniq crashes found)...[0m
[1;94m[*] [0mFuzzing test case #101 (297 total, 18 uniq crashes found)...[0m
[1;94m[*] [0mFuzzing test case #103 (297 total, 18 uniq crashes found)...[0m
[1;94m[*] [0mFuzzing test case #104 (297 total, 18 uniq crashes found)...[0m
[1;94m[*] [0mFuzzing test case #106 (297 total, 18 uniq crashes found)...[0m
[1;94m[*] [0mFuzzing test case #108 (297 total, 18 uniq crashes found)...[0m
[1;94m[*] [0mFuzzing test case #109 (297 total, 18 uniq crashes found)...[0m
[1;94m[*] [0mFuzzing test case #110 (297 total, 18 uniq crashes found)...[0m
[1;94m[*] [0mFuzzing test case #113 (297 total, 18 uniq crashes found)...[0m
[1;94m[*] [0mFuzzing test case #115 (297 total, 18 uniq crashes found)...[0m
[1;94m[*] [0mFuzzing test case #122 (297 total, 18 uniq crashes found)...[0m
[1;94m[*] [0mFuzzing test case #123 (297 total, 18 uniq crashes found)...[0m
[1;94m[*] [0mFuzzing test case #126 (297 total, 18 uniq crashes found)...[0m
[1;94m[*] [0mFuzzing test case #129 (297 total, 18 uniq crashes found)...[0m
[1;94m[*] [0mFuzzing test case #132 (297 total, 18 uniq crashes found)...[0m
[1;94m[*] [0mFuzzing test case #134 (297 total, 18 uniq crashes found)...[0m
[1;94m[*] [0mFuzzing test case #136 (297 total, 18 uniq crashes found)...[0m
[1;94m[*] [0mFuzzing test case #137 (297 total, 18 uniq crashes found)...[0m
[1;94m[*] [0mFuzzing test case #138 (297 total, 18 uniq crashes found)...[0m
[1;94m[*] [0mFuzzing test case #140 (297 total, 18 uniq crashes found)...[0m
[1;94m[*] [0mFuzzing test case #141 (297 total, 18 uniq crashes found)...[0m
[1;94m[*] [0mFuzzing test case #145 (297 total, 21 uniq crashes found)...[0m
[1;94m[*] [0mFuzzing test case #150 (297 total, 21 uniq crashes found)...[0m
[1;94m[*] [0mFuzzing test case #151 (297 total, 21 uniq crashes found)...[0m
[1;94m[*] [0mFuzzing test case #152 (297 total, 21 uniq crashes found)...[0m
[1;94m[*] [0mFuzzing test case #155 (297 total, 21 uniq crashes found)...[0m
[1;94m[*] [0mFuzzing test case #156 (297 total, 21 uniq crashes found)...[0m
[1;94m[*] [0mFuzzing test case #161 (297 total, 21 uniq crashes found)...[0m
[1;94m[*] [0mFuzzing test case #166 (297 total, 21 uniq crashes found)...[0m
[1;94m[*] [0mFuzzing test case #169 (297 total, 21 uniq crashes found)...[0m
[1;94m[*] [0mFuzzing test case #171 (297 total, 21 uniq crashes found)...[0m
[1;94m[*] [0mFuzzing test case #173 (297 total, 21 uniq crashes found)...[0m
[1;94m[*] [0mFuzzing test case #176 (297 total, 21 uniq crashes found)...[0m
[1;94m[*] [0mFuzzing test case #179 (297 total, 21 uniq crashes found)...[0m
[1;94m[*] [0mFuzzing test case #180 (297 total, 21 uniq crashes found)...[0m
[1;94m[*] [0mFuzzing test case #181 (297 total, 21 uniq crashes found)...[0m
[1;94m[*] [0mFuzzing test case #183 (297 total, 21 uniq crashes found)...[0m
[1;94m[*] [0mFuzzing test case #184 (297 total, 21 uniq crashes found)...[0m
[1;94m[*] [0mFuzzing test case #185 (297 total, 21 uniq crashes found)...[0m
[1;94m[*] [0mFuzzing test case #186 (297 total, 21 uniq crashes found)...[0m
[1;94m[*] [0mFuzzing test case #188 (297 total, 21 uniq crashes found)...[0m
[1;94m[*] [0mFuzzing test case #192 (297 total, 21 uniq crashes found)...[0m
[1;94m[*] [0mFuzzing test case #193 (297 total, 21 uniq crashes found)...[0m
[1;94m[*] [0mFuzzing test case #194 (297 total, 21 uniq crashes found)...[0m
[1;94m[*] [0mFuzzing test case #195 (297 total, 21 uniq crashes found)...[0m
[1;94m[*] [0mFuzzing test case #196 (297 total, 21 uniq crashes found)...[0m
[1;94m[*] [0mFuzzing test case #197 (297 total, 21 uniq crashes found)...[0m
[1;94m[*] [0mFuzzing test case #199 (297 total, 21 uniq crashes found)...[0m
[1;94m[*] [0mFuzzing test case #200 (297 total, 21 uniq crashes found)...[0m
[1;94m[*] [0mFuzzing test case #203 (297 total, 21 uniq crashes found)...[0m
[1;94m[*] [0mFuzzing test case #209 (297 total, 21 uniq crashes found)...[0m
[1;94m[*] [0mFuzzing test case #210 (297 total, 21 uniq crashes found)...[0m
[1;94m[*] [0mFuzzing test case #211 (297 total, 21 uniq crashes found)...[0m
[1;94m[*] [0mFuzzing test case #212 (297 total, 21 uniq crashes found)...[0m
[1;94m[*] [0mFuzzing test case #213 (297 total, 21 uniq crashes found)...[0m
[1;94m[*] [0mFuzzing test case #215 (297 total, 21 uniq crashes found)...[0m
[1;94m[*] [0mFuzzing test case #217 (297 total, 21 uniq crashes found)...[0m
[1;94m[*] [0mFuzzing test case #218 (297 total, 21 uniq crashes found)...[0m
[1;94m[*] [0mFuzzing test case #222 (297 total, 21 uniq crashes found)...[0m
[1;94m[*] [0mFuzzing test case #223 (297 total, 21 uniq crashes found)...[0m
[1;94m[*] [0mFuzzing test case #224 (297 total, 21 uniq crashes found)...[0m
[1;94m[*] [0mFuzzing test case #226 (297 total, 21 uniq crashes found)...[0m
[1;94m[*] [0mFuzzing test case #228 (297 total, 21 uniq crashes found)...[0m
[1;94m[*] [0mFuzzing test case #229 (297 total, 21 uniq crashes found)...[0m
[1;94m[*] [0mFuzzing test case #230 (297 total, 21 uniq crashes found)...[0m
[1;94m[*] [0mFuzzing test case #231 (297 total, 21 uniq crashes found)...[0m
[1;94m[*] [0mFuzzing test case #234 (297 total, 21 uniq crashes found)...[0m
[1;94m[*] [0mFuzzing test case #235 (297 total, 21 uniq crashes found)...[0m
[1;94m[*] [0mFuzzing test case #237 (297 total, 21 uniq crashes found)...[0m
[1;94m[*] [0mFuzzing test case #239 (297 total, 21 uniq crashes found)...[0m
[1;94m[*] [0mFuzzing test case #240 (297 total, 21 uniq crashes found)...[0m
[1;94m[*] [0mFuzzing test case #241 (297 total, 21 uniq crashes found)...[0m
[1;94m[*] [0mFuzzing test case #242 (297 total, 21 uniq crashes found)...[0m
[1;94m[*] [0mFuzzing test case #248 (297 total, 21 uniq crashes found)...[0m
[1;94m[*] [0mFuzzing test case #250 (297 total, 21 uniq crashes found)...[0m
[1;94m[*] [0mFuzzing test case #253 (297 total, 21 uniq crashes found)...[0m
[1;94m[*] [0mFuzzing test case #254 (297 total, 21 uniq crashes found)...[0m
[1;94m[*] [0mFuzzing test case #255 (297 total, 21 uniq crashes found)...[0m
[1;94m[*] [0mFuzzing test case #256 (297 total, 21 uniq crashes found)...[0m
[1;94m[*] [0mFuzzing test case #258 (297 total, 21 uniq crashes found)...[0m
[1;94m[*] [0mFuzzing test case #260 (297 total, 21 uniq crashes found)...[0m
[1;94m[*] [0mFuzzing test case #261 (297 total, 21 uniq crashes found)...[0m
[1;94m[*] [0mFuzzing test case #264 (297 total, 21 uniq crashes found)...[0m
[1;94m[*] [0mFuzzing test case #266 (297 total, 21 uniq crashes found)...[0m
[1;94m[*] [0mFuzzing test case #268 (297 total, 22 uniq crashes found)...[0m
[1;94m[*] [0mFuzzing test case #270 (297 total, 22 uniq crashes found)...[0m
[1;94m[*] [0mFuzzing test case #276 (297 total, 22 uniq crashes found)...[0m
[1;94m[*] [0mFuzzing test case #280 (297 total, 22 uniq crashes found)...[0m
[1;94m[*] [0mFuzzing test case #281 (297 total, 22 uniq crashes found)...[0m
[1;94m[*] [0mFuzzing test case #287 (297 total, 23 uniq crashes found)...[0m
[1;94m[*] [0mFuzzing test case #290 (297 total, 23 uniq crashes found)...[0m
[1;94m[*] [0mFuzzing test case #292 (297 total, 23 uniq crashes found)...[0m
[1;94m[*] [0mFuzzing test case #294 (297 total, 23 uniq crashes found)...[0m
[1;94m[*] [0mFuzzing test case #296 (297 total, 23 uniq crashes found)...[0m
[1;94m[*] [0mEntering queue cycle 3.[0m
[1;94m[*] [0mFuzzing test case #2 (297 total, 23 uniq crashes found)...[0m
[1;94m[*] [0mFuzzing test case #8 (297 total, 23 uniq crashes found)...[0m
[1;94m[*] [0mFuzzing test case #11 (297 total, 23 uniq crashes found)...[0m
[1;94m[*] [0mFuzzing test case #12 (297 total, 23 uniq crashes found)...[0m
[1;94m[*] [0mFuzzing test case #23 (297 total, 23 uniq crashes found)...[0m
[1;94m[*] [0mFuzzing test case #27 (297 total, 23 uniq crashes found)...[0m
[1;94m[*] [0mFuzzing test case #28 (297 total, 23 uniq crashes found)...[0m
[1;94m[*] [0mFuzzing test case #31 (297 total, 23 uniq crashes found)...[0m
[1;94m[*] [0mFuzzing test case #32 (297 total, 23 uniq crashes found)...[0m
[1;94m[*] [0mFuzzing test case #34 (297 total, 23 uniq crashes found)...[0m
[1;94m[*] [0mFuzzing test case #36 (297 total, 23 uniq crashes found)...[0m
[1;94m[*] [0mFuzzing test case #37 (297 total, 24 uniq crashes found)...[0m
[1;94m[*] [0mFuzzing test case #39 (297 total, 24 uniq crashes found)...[0m
[1;94m[*] [0mFuzzing test case #46 (297 total, 25 uniq crashes found)...[0m
[1;94m[*] [0mFuzzing test case #47 (297 total, 25 uniq crashes found)...[0m
[1;94m[*] [0mFuzzing test case #48 (297 total, 25 uniq crashes found)...[0m
[1;94m[*] [0mFuzzing test case #49 (297 total, 25 uniq crashes found)...[0m
[1;94m[*] [0mFuzzing test case #50 (297 total, 25 uniq crashes found)...[0m
[1;94m[*] [0mFuzzing test case #52 (297 total, 25 uniq crashes found)...[0m
[1;94m[*] [0mFuzzing test case #60 (297 total, 25 uniq crashes found)...[0m
[1;94m[*] [0mFuzzing test case #65 (297 total, 25 uniq crashes found)...[0m
[1;94m[*] [0mFuzzing test case #68 (297 total, 25 uniq crashes found)...[0m
[1;94m[*] [0mFuzzing test case #69 (297 total, 25 uniq crashes found)...[0m
[1;94m[*] [0mFuzzing test case #71 (297 total, 25 uniq crashes found)...[0m
[1;94m[*] [0mFuzzing test case #74 (297 total, 25 uniq crashes found)...[0m
[1;94m[*] [0mFuzzing test case #77 (297 total, 25 uniq crashes found)...[0m
[1;94m[*] [0mFuzzing test case #78 (297 total, 25 uniq crashes found)...[0m
[1;94m[*] [0mFuzzing test case #79 (297 total, 25 uniq crashes found)...[0m
[1;94m[*] [0mFuzzing test case #81 (297 total, 25 uniq crashes found)...[0m
[1;94m[*] [0mFuzzing test case #82 (297 total, 25 uniq crashes found)...[0m
[1;94m[*] [0mFuzzing test case #83 (297 total, 25 uniq crashes found)...[0m
[1;94m[*] [0mFuzzing test case #91 (297 total, 25 uniq crashes found)...[0m
[1;94m[*] [0mFuzzing test case #95 (297 total, 25 uniq crashes found)...[0m
[1;94m[*] [0mFuzzing test case #101 (297 total, 25 uniq crashes found)...[0m
[1;94m[*] [0mFuzzing test case #103 (297 total, 25 uniq crashes found)...[0m
[1;94m[*] [0mFuzzing test case #106 (297 total, 25 uniq crashes found)...[0m
[1;94m[*] [0mFuzzing test case #108 (297 total, 25 uniq crashes found)...[0m
[1;94m[*] [0mFuzzing test case #110 (297 total, 25 uniq crashes found)...[0m
[1;94m[*] [0mFuzzing test case #111 (297 total, 25 uniq crashes found)...[0m
[1;94m[*] [0mFuzzing test case #112 (297 total, 25 uniq crashes found)...[0m
[1;94m[*] [0mFuzzing test case #113 (297 total, 25 uniq crashes found)...[0m
[1;94m[*] [0mFuzzing test case #115 (297 total, 25 uniq crashes found)...[0m
[1;94m[*] [0mFuzzing test case #116 (297 total, 25 uniq crashes found)...[0m
[1;94m[*] [0mFuzzing test case #123 (297 total, 25 uniq crashes found)...[0m
[1;94m[*] [0mFuzzing test case #127 (297 total, 25 uniq crashes found)...[0m
[1;94m[*] [0mFuzzing test case #131 (297 total, 25 uniq crashes found)...[0m
[1;94m[*] [0mFuzzing test case #132 (297 total, 25 uniq crashes found)...[0m
[1;94m[*] [0mFuzzing test case #134 (297 total, 25 uniq crashes found)...[0m
[1;94m[*] [0mFuzzing test case #135 (297 total, 25 uniq crashes found)...[0m
[1;94m[*] [0mFuzzing test case #136 (297 total, 25 uniq crashes found)...[0m
[1;94m[*] [0mFuzzing test case #138 (297 total, 25 uniq crashes found)...[0m
[1;94m[*] [0mFuzzing test case #142 (297 total, 25 uniq crashes found)...[0m
[1;94m[*] [0mFuzzing test case #145 (297 total, 25 uniq crashes found)...[0m
[1;94m[*] [0mFuzzing test case #146 (297 total, 25 uniq crashes found)...[0m
[1;94m[*] [0mFuzzing test case #148 (297 total, 25 uniq crashes found)...[0m
[1;94m[*] [0mFuzzing test case #150 (297 total, 25 uniq crashes found)...[0m
[1;94m[*] [0mFuzzing test case #151 (297 total, 25 uniq crashes found)...[0m
[1;94m[*] [0mFuzzing test case #152 (297 total, 25 uniq crashes found)...[0m
[1;94m[*] [0mFuzzing test case #155 (297 total, 25 uniq crashes found)...[0m
[1;94m[*] [0mFuzzing test case #156 (297 total, 25 uniq crashes found)...[0m
[1;94m[*] [0mFuzzing test case #157 (297 total, 25 uniq crashes found)...[0m
[1;94m[*] [0mFuzzing test case #159 (297 total, 25 uniq crashes found)...[0m
[1;94m[*] [0mFuzzing test case #166 (297 total, 25 uniq crashes found)...[0m
[1;94m[*] [0mFuzzing test case #171 (297 total, 25 uniq crashes found)...[0m
[1;94m[*] [0mFuzzing test case #172 (297 total, 25 uniq crashes found)...[0m
[1;94m[*] [0mFuzzing test case #173 (297 total, 25 uniq crashes found)...[0m
[1;94m[*] [0mFuzzing test case #174 (297 total, 25 uniq crashes found)...[0m
[1;94m[*] [0mFuzzing test case #176 (297 total, 25 uniq crashes found)...[0m
[1;94m[*] [0mFuzzing test case #179 (297 total, 25 uniq crashes found)...[0m
[1;94m[*] [0mFuzzing test case #180 (297 total, 25 uniq crashes found)...[0m
[1;94m[*] [0mFuzzing test case #181 (297 total, 25 uniq crashes found)...[0m
[1;94m[*] [0mFuzzing test case #183 (297 total, 25 uniq crashes found)...[0m
[1;94m[*] [0mFuzzing test case #184 (297 total, 25 uniq crashes found)...[0m
[1;94m[*] [0mFuzzing test case #185 (297 total, 25 uniq crashes found)...[0m
[1;94m[*] [0mFuzzing test case #187 (297 total, 25 uniq crashes found)...[0m
[1;94m[*] [0mFuzzing test case #188 (297 total, 25 uniq crashes found)...[0m
[1;94m[*] [0mFuzzing test case #190 (297 total, 25 uniq crashes found)...[0m
[1;94m[*] [0mFuzzing test case #192 (297 total, 25 uniq crashes found)...[0m
[1;94m[*] [0mFuzzing test case #193 (297 total, 25 uniq crashes found)...[0m
[1;94m[*] [0mFuzzing test case #194 (297 total, 25 uniq crashes found)...[0m
[1;94m[*] [0mFuzzing test case #195 (297 total, 25 uniq crashes found)...[0m
[1;94m[*] [0mFuzzing test case #196 (297 total, 25 uniq crashes found)...[0m
[1;94m[*] [0mFuzzing test case #197 (297 total, 25 uniq crashes found)...[0m
[1;94m[*] [0mFuzzing test case #203 (297 total, 25 uniq crashes found)...[0m
[1;94m[*] [0mFuzzing test case #205 (297 total, 25 uniq crashes found)...[0m
[1;94m[*] [0mFuzzing test case #207 (297 total, 25 uniq crashes found)...[0m
[1;94m[*] [0mFuzzing test case #209 (297 total, 25 uniq crashes found)...[0m
[1;94m[*] [0mFuzzing test case #210 (297 total, 25 uniq crashes found)...[0m
[1;94m[*] [0mFuzzing test case #211 (297 total, 25 uniq crashes found)...[0m
[1;94m[*] [0mFuzzing test case #213 (297 total, 25 uniq crashes found)...[0m
[1;94m[*] [0mFuzzing test case #217 (297 total, 25 uniq crashes found)...[0m
[1;94m[*] [0mFuzzing test case #218 (297 total, 25 uniq crashes found)...[0m
[1;94m[*] [0mFuzzing test case #222 (297 total, 25 uniq crashes found)...[0m
[1;94m[*] [0mFuzzing test case #223 (297 total, 25 uniq crashes found)...[0m
[1;94m[*] [0mFuzzing test case #224 (297 total, 25 uniq crashes found)...[0m
[1;94m[*] [0mFuzzing test case #226 (297 total, 25 uniq crashes found)...[0m
[1;94m[*] [0mFuzzing test case #228 (297 total, 25 uniq crashes found)...[0m
[1;94m[*] [0mFuzzing test case #229 (297 total, 25 uniq crashes found)...[0m
[1;94m[*] [0mFuzzing test case #230 (297 total, 25 uniq crashes found)...[0m
[1;94m[*] [0mFuzzing test case #231 (297 total, 25 uniq crashes found)...[0m
[1;94m[*] [0mFuzzing test case #234 (297 total, 25 uniq crashes found)...[0m
[1;94m[*] [0mFuzzing test case #235 (297 total, 25 uniq crashes found)...[0m
[1;94m[*] [0mFuzzing test case #237 (297 total, 25 uniq crashes found)...[0m
[1;94m[*] [0mFuzzing test case #238 (297 total, 25 uniq crashes found)...[0m
[1;94m[*] [0mFuzzing test case #239 (297 total, 25 uniq crashes found)...[0m
[1;94m[*] [0mFuzzing test case #241 (297 total, 25 uniq crashes found)...[0m
[1;94m[*] [0mFuzzing test case #242 (297 total, 25 uniq crashes found)...[0m
[1;94m[*] [0mFuzzing test case #247 (297 total, 25 uniq crashes found)...[0m
[1;94m[*] [0mFuzzing test case #248 (297 total, 25 uniq crashes found)...[0m
[1;94m[*] [0mFuzzing test case #250 (297 total, 25 uniq crashes found)...[0m
[1;94m[*] [0mFuzzing test case #251 (297 total, 25 uniq crashes found)...[0m
[1;94m[*] [0mFuzzing test case #252 (297 total, 25 uniq crashes found)...[0m
[1;94m[*] [0mFuzzing test case #254 (297 total, 25 uniq crashes found)...[0m
[1;94m[*] [0mFuzzing test case #255 (297 total, 25 uniq crashes found)...[0m
[1;94m[*] [0mFuzzing test case #256 (297 total, 25 uniq crashes found)...[0m
[1;94m[*] [0mFuzzing test case #258 (297 total, 25 uniq crashes found)...[0m
[1;94m[*] [0mFuzzing test case #260 (297 total, 25 uniq crashes found)...[0m
[1;94m[*] [0mFuzzing test case #264 (297 total, 25 uniq crashes found)...[0m
[1;94m[*] [0mFuzzing test case #268 (297 total, 25 uniq crashes found)...[0m
[1;94m[*] [0mFuzzing test case #270 (297 total, 25 uniq crashes found)...[0m
[1;94m[*] [0mFuzzing test case #276 (297 total, 25 uniq crashes found)...[0m
[1;94m[*] [0mFuzzing test case #280 (297 total, 25 uniq crashes found)...[0m
[1;94m[*] [0mFuzzing test case #283 (297 total, 25 uniq crashes found)...[0m
[1;94m[*] [0mEntering queue cycle 4.[0m
[1;94m[*] [0mFuzzing test case #272 (297 total, 25 uniq crashes found)...[0m
[1;94m[*] [0mFuzzing test case #279 (297 total, 25 uniq crashes found)...[0m
[1;94m[*] [0mFuzzing test case #280 (297 total, 25 uniq crashes found)...[0m
[1;94m[*] [0mFuzzing test case #283 (297 total, 25 uniq crashes found)...[0m
[1;94m[*] [0mFuzzing test case #285 (297 total, 25 uniq crashes found)...[0m
[1;94m[*] [0mFuzzing test case #287 (297 total, 25 uniq crashes found)...[0m
[1;94m[*] [0mFuzzing test case #290 (297 total, 25 uniq crashes found)...[0m
[1;94m[*] [0mFuzzing test case #292 (297 total, 25 uniq crashes found)...[0m
[1;94m[*] [0mFuzzing test case #294 (297 total, 25 uniq crashes found)...[0m
[1;94m[*] [0mFuzzing test case #296 (297 total, 25 uniq crashes found)...[0m
[1;94m[*] [0mEntering queue cycle 5.[0m
[1;94m[*] [0mFuzzing test case #10 (297 total, 25 uniq crashes found)...[0m
[1;94m[*] [0mFuzzing test case #17 (297 total, 25 uniq crashes found)...[0m
[1;94m[*] [0mFuzzing test case #18 (297 total, 25 uniq crashes found)...[0m
[1;94m[*] [0mFuzzing test case #24 (297 total, 25 uniq crashes found)...[0m
[1;94m[*] [0mFuzzing test case #30 (297 total, 25 uniq crashes found)...[0m
[1;94m[*] [0mFuzzing test case #37 (297 total, 25 uniq crashes found)...[0m
[1;94m[*] [0mFuzzing test case #40 (297 total, 25 uniq crashes found)...[0m
[1;94m[*] [0mFuzzing test case #41 (297 total, 25 uniq crashes found)...[0m
[1;94m[*] [0mFuzzing test case #43 (297 total, 25 uniq crashes found)...[0m
[1;94m[*] [0mFuzzing test case #51 (297 total, 25 uniq crashes found)...[0m
[1;94m[*] [0mFuzzing test case #53 (297 total, 25 uniq crashes found)...[0m
[1;94m[*] [0mFuzzing test case #58 (297 total, 25 uniq crashes found)...[0m
[1;94m[*] [0mFuzzing test case #60 (297 total, 25 uniq crashes found)...[0m
[1;94m[*] [0mFuzzing test case #62 (297 total, 25 uniq crashes found)...[0m
[1;94m[*] [0mFuzzing test case #63 (297 total, 25 uniq crashes found)...[0m
[1;94m[*] [0mFuzzing test case #68 (297 total, 25 uniq crashes found)...[0m
[1;94m[*] [0mFuzzing test case #69 (297 total, 25 uniq crashes found)...[0m
[1;94m[*] [0mFuzzing test case #73 (297 total, 25 uniq crashes found)...[0m
[1;94m[*] [0mFuzzing test case #77 (297 total, 25 uniq crashes found)...[0m
[1;94m[*] [0mFuzzing test case #79 (297 total, 25 uniq crashes found)...[0m
[1;94m[*] [0mFuzzing test case #81 (297 total, 25 uniq crashes found)...[0m
[1;94m[*] [0mFuzzing test case #82 (297 total, 25 uniq crashes found)...[0m
[1;94m[*] [0mFuzzing test case #83 (297 total, 25 uniq crashes found)...[0m
[1;94m[*] [0mFuzzing test case #86 (297 total, 25 uniq crashes found)...[0m
[1;94m[*] [0mFuzzing test case #90 (297 total, 25 uniq crashes found)...[0m
[1;94m[*] [0mFuzzing test case #92 (297 total, 25 uniq crashes found)...[0m
[1;94m[*] [0mFuzzing test case #93 (297 total, 25 uniq crashes found)...[0m
[1;94m[*] [0mFuzzing test case #101 (297 total, 25 uniq crashes found)...[0m
[1;94m[*] [0mFuzzing test case #103 (297 total, 25 uniq crashes found)...[0m
[1;94m[*] [0mFuzzing test case #106 (297 total, 25 uniq crashes found)...[0m
[1;94m[*] [0mFuzzing test case #108 (297 total, 25 uniq crashes found)...[0m
[1;94m[*] [0mFuzzing test case #110 (297 total, 26 uniq crashes found)...[0m
[1;94m[*] [0mFuzzing test case #113 (297 total, 26 uniq crashes found)...[0m
[1;94m[*] [0mFuzzing test case #115 (297 total, 26 uniq crashes found)...[0m
[1;94m[*] [0mFuzzing test case #119 (297 total, 26 uniq crashes found)...[0m
[1;94m[*] [0mFuzzing test case #120 (297 total, 26 uniq crashes found)...[0m
[1;94m[*] [0mFuzzing test case #121 (297 total, 26 uniq crashes found)...[0m
[1;94m[*] [0mFuzzing test case #123 (297 total, 26 uniq crashes found)...[0m
[1;94m[*] [0mFuzzing test case #127 (297 total, 26 uniq crashes found)...[0m
[1;94m[*] [0mFuzzing test case #130 (297 total, 26 uniq crashes found)...[0m
[1;94m[*] [0mFuzzing test case #132 (297 total, 26 uniq crashes found)...[0m
[1;94m[*] [0mFuzzing test case #134 (297 total, 26 uniq crashes found)...[0m
[1;94m[*] [0mFuzzing test case #135 (297 total, 26 uniq crashes found)...[0m
[1;94m[*] [0mFuzzing test case #136 (297 total, 26 uniq crashes found)...[0m
[1;94m[*] [0mFuzzing test case #138 (297 total, 26 uniq crashes found)...[0m
[1;94m[*] [0mFuzzing test case #145 (297 total, 26 uniq crashes found)...[0m
[1;94m[*] [0mFuzzing test case #150 (297 total, 26 uniq crashes found)...[0m
[1;94m[*] [0mFuzzing test case #151 (297 total, 26 uniq crashes found)...[0m
[1;94m[*] [0mFuzzing test case #152 (297 total, 26 uniq crashes found)...[0m
[1;94m[*] [0mFuzzing test case #154 (297 total, 26 uniq crashes found)...[0m
[1;94m[*] [0mFuzzing test case #156 (297 total, 26 uniq crashes found)...[0m
[1;94m[*] [0mFuzzing test case #158 (297 total, 26 uniq crashes found)...[0m
[?25h[1;91m

+++ Testing aborted by user +++
[0m[1;92m[+] [0mWe're done here. Have a nice day!
[0m
Child is executing...
afl-fuzz -i /tmp/QuickChick/185655/input -o /tmp/QuickChick/185655/output /tmp/QuickChick/185655/QuickChick6b6220 @@
Parent is sleeping for 600 seconds...
cp /tmp/QuickChick/185655/output/fuzzer_stats output/185655