QuickChecking (testMutantX prop_SSNI_arbitrary exp_result_fuzz 13)
Extracted ML file: /tmp/QuickChick/164504/QuickChick49e72f.ml
Compile command: ocamlopt unix.cmxa /home/lemonidas/.opam/4.04.0+afl/lib/afl-persistent/afl-persistent.cmxa -unsafe-string -rectypes -w a -I /tmp/QuickChick/164504 -I /home/lemonidas/.opam/4.04.0+afl/lib/afl-persistent/ -I /home/lemonidas/.opam/4.04.0+afl/lib/coq/user-contrib/QuickChick /home/lemonidas/.opam/4.04.0+afl/lib/coq/user-contrib/QuickChick/quickChickLib.cmx /tmp/QuickChick/164504/QuickChick49e72f.ml -o /tmp/QuickChick/164504/QuickChick49e72f
/tmp/QuickChick/164504/input
[0;36mafl-fuzz [1;97m2.52b[0m by <lcamtuf@google.com>
[1;92m[+] [0mLooks like we're not running on a tty, so I'll be a bit less verbose.[0m
[1;92m[+] [0mYou have 8 CPU cores and 1 runnable tasks (utilization: 12%).[0m
[1;92m[+] [0mTry parallel jobs - see docs/parallel_fuzzing.txt.[0m
[1;94m[*] [0mChecking CPU core loadout...[0m
[1;92m[+] [0mFound a free CPU core, binding to #0.[0m
[1;94m[*] [0mChecking core_pattern...[0m
[1;94m[*] [0mChecking CPU scaling governor...[0m
[1;94m[*] [0mSetting up output directories...[0m
[1;94m[*] [0mScanning '/tmp/QuickChick/164504/input'...[0m
[1;92m[+] [0mNo auto-generated dictionary tokens to reuse.[0m
[1;94m[*] [0mCreating hard links for all input files...[0m
[1;94m[*] [0mValidating target binary...[0m
[1;94m[*] [0mAttempting dry run with 'id:000000,orig:seed1'...[0m
[1;94m[*] [0mSpinning up the fork server...[0m
[1;92m[+] [0mAll right - fork server is up.[0m
[1;90m    len = 11, map size = 377, exec speed = 306 us
[0m[1;94m[*] [0mAttempting dry run with 'id:000001,orig:seed2'...[0m
[1;90m    len = 11, map size = 389, exec speed = 279 us
[0m[1;94m[*] [0mAttempting dry run with 'id:000002,orig:seed3'...[0m
[1;90m    len = 11, map size = 369, exec speed = 280 us
[0m[1;92m[+] [0mAll test cases processed.[0m

[1;92m[+] [0mHere are some useful stats:

[1;90m    Test case count : [0m1 favored, 0 variable, 3 total
[1;90m       Bitmap range : [0m369 to 389 bits (average: 378.33 bits)
[1;90m        Exec timing : [0m279 to 306 us (average: 288 us)
[0m
[1;94m[*] [0mNo -t option specified, so I'll use exec timeout of 20 ms.[0m
[1;92m[+] [0mAll set and ready to roll![0m
[1;94m[*] [0mEntering queue cycle 1.[0m
[1;94m[*] [0mFuzzing test case #1 (3 total, 0 uniq crashes found)...[0m
[1;94m[*] [0mFuzzing test case #37 (118 total, 0 uniq crashes found)...[0m
[1;94m[*] [0mFuzzing test case #43 (128 total, 0 uniq crashes found)...[0m
[1;94m[*] [0mFuzzing test case #57 (128 total, 0 uniq crashes found)...[0m
[1;94m[*] [0mFuzzing test case #61 (128 total, 0 uniq crashes found)...[0m
[1;94m[*] [0mFuzzing test case #63 (128 total, 0 uniq crashes found)...[0m
[1;94m[*] [0mFuzzing test case #70 (128 total, 0 uniq crashes found)...[0m
[1;94m[*] [0mFuzzing test case #71 (129 total, 0 uniq crashes found)...[0m
[1;94m[*] [0mFuzzing test case #73 (131 total, 0 uniq crashes found)...[0m
[1;94m[*] [0mFuzzing test case #80 (145 total, 0 uniq crashes found)...[0m
[1;94m[*] [0mFuzzing test case #82 (145 total, 0 uniq crashes found)...[0m
[1;94m[*] [0mFuzzing test case #85 (145 total, 0 uniq crashes found)...[0m
[1;94m[*] [0mFuzzing test case #87 (145 total, 0 uniq crashes found)...[0m
[1;94m[*] [0mFuzzing test case #88 (149 total, 0 uniq crashes found)...[0m
[1;94m[*] [0mFuzzing test case #89 (151 total, 0 uniq crashes found)...[0m
[1;94m[*] [0mFuzzing test case #90 (151 total, 0 uniq crashes found)...[0m
[1;94m[*] [0mFuzzing test case #91 (153 total, 0 uniq crashes found)...[0m
[1;94m[*] [0mFuzzing test case #96 (212 total, 0 uniq crashes found)...[0m
[1;94m[*] [0mFuzzing test case #102 (212 total, 0 uniq crashes found)...[0m
[1;94m[*] [0mFuzzing test case #103 (212 total, 0 uniq crashes found)...[0m
[1;94m[*] [0mFuzzing test case #104 (213 total, 0 uniq crashes found)...[0m
[1;94m[*] [0mFuzzing test case #105 (213 total, 0 uniq crashes found)...[0m
[1;94m[*] [0mFuzzing test case #108 (213 total, 0 uniq crashes found)...[0m
[1;94m[*] [0mFuzzing test case #113 (229 total, 0 uniq crashes found)...[0m
[1;94m[*] [0mFuzzing test case #115 (229 total, 0 uniq crashes found)...[0m
[1;94m[*] [0mFuzzing test case #116 (258 total, 0 uniq crashes found)...[0m
[1;94m[*] [0mFuzzing test case #118 (258 total, 0 uniq crashes found)...[0m
[1;94m[*] [0mFuzzing test case #122 (259 total, 0 uniq crashes found)...[0m
[1;94m[*] [0mFuzzing test case #125 (262 total, 0 uniq crashes found)...[0m
[1;94m[*] [0mFuzzing test case #126 (267 total, 0 uniq crashes found)...[0m
[1;94m[*] [0mFuzzing test case #128 (271 total, 0 uniq crashes found)...[0m
[1;94m[*] [0mFuzzing test case #130 (283 total, 0 uniq crashes found)...[0m
[1;94m[*] [0mFuzzing test case #133 (285 total, 0 uniq crashes found)...[0m
[1;94m[*] [0mFuzzing test case #138 (285 total, 0 uniq crashes found)...[0m
[1;94m[*] [0mFuzzing test case #139 (290 total, 0 uniq crashes found)...[0m
[1;94m[*] [0mFuzzing test case #140 (293 total, 0 uniq crashes found)...[0m
[1;94m[*] [0mFuzzing test case #141 (293 total, 0 uniq crashes found)...[0m
[1;94m[*] [0mFuzzing test case #142 (293 total, 0 uniq crashes found)...[0m
[1;94m[*] [0mFuzzing test case #144 (293 total, 0 uniq crashes found)...[0m
[1;94m[*] [0mFuzzing test case #146 (294 total, 0 uniq crashes found)...[0m
[1;94m[*] [0mFuzzing test case #149 (294 total, 0 uniq crashes found)...[0m
[1;94m[*] [0mFuzzing test case #151 (294 total, 0 uniq crashes found)...[0m
[1;94m[*] [0mFuzzing test case #152 (294 total, 0 uniq crashes found)...[0m
[1;94m[*] [0mFuzzing test case #154 (294 total, 0 uniq crashes found)...[0m
[1;94m[*] [0mFuzzing test case #155 (294 total, 0 uniq crashes found)...[0m
[1;94m[*] [0mFuzzing test case #156 (294 total, 0 uniq crashes found)...[0m
[1;94m[*] [0mFuzzing test case #158 (294 total, 0 uniq crashes found)...[0m
[1;94m[*] [0mFuzzing test case #159 (294 total, 0 uniq crashes found)...[0m
[1;94m[*] [0mFuzzing test case #161 (294 total, 0 uniq crashes found)...[0m
[1;94m[*] [0mFuzzing test case #162 (294 total, 0 uniq crashes found)...[0m
[1;94m[*] [0mFuzzing test case #164 (295 total, 0 uniq crashes found)...[0m
[1;94m[*] [0mFuzzing test case #165 (295 total, 0 uniq crashes found)...[0m
[1;94m[*] [0mFuzzing test case #167 (295 total, 0 uniq crashes found)...[0m
[1;94m[*] [0mFuzzing test case #169 (295 total, 0 uniq crashes found)...[0m
[1;94m[*] [0mFuzzing test case #170 (295 total, 0 uniq crashes found)...[0m
[1;94m[*] [0mFuzzing test case #171 (296 total, 0 uniq crashes found)...[0m
[1;94m[*] [0mFuzzing test case #173 (300 total, 0 uniq crashes found)...[0m
[1;94m[*] [0mFuzzing test case #176 (302 total, 0 uniq crashes found)...[0m
[1;94m[*] [0mFuzzing test case #181 (302 total, 0 uniq crashes found)...[0m
[1;94m[*] [0mFuzzing test case #182 (302 total, 0 uniq crashes found)...[0m
[1;94m[*] [0mFuzzing test case #186 (302 total, 0 uniq crashes found)...[0m
[1;94m[*] [0mFuzzing test case #187 (302 total, 0 uniq crashes found)...[0m
[1;94m[*] [0mFuzzing test case #193 (302 total, 0 uniq crashes found)...[0m
[1;94m[*] [0mFuzzing test case #203 (302 total, 0 uniq crashes found)...[0m
[1;94m[*] [0mFuzzing test case #215 (302 total, 0 uniq crashes found)...[0m
[1;94m[*] [0mFuzzing test case #216 (328 total, 0 uniq crashes found)...[0m
[1;94m[*] [0mFuzzing test case #217 (328 total, 0 uniq crashes found)...[0m
[1;94m[*] [0mFuzzing test case #219 (328 total, 0 uniq crashes found)...[0m
[1;94m[*] [0mFuzzing test case #225 (348 total, 0 uniq crashes found)...[0m
[1;94m[*] [0mFuzzing test case #227 (348 total, 0 uniq crashes found)...[0m
[1;94m[*] [0mFuzzing test case #230 (348 total, 0 uniq crashes found)...[0m
[1;94m[*] [0mFuzzing test case #231 (348 total, 0 uniq crashes found)...[0m
[1;94m[*] [0mFuzzing test case #236 (348 total, 0 uniq crashes found)...[0m
[1;94m[*] [0mFuzzing test case #241 (348 total, 0 uniq crashes found)...[0m
[1;94m[*] [0mFuzzing test case #243 (348 total, 0 uniq crashes found)...[0m
[1;94m[*] [0mFuzzing test case #249 (348 total, 0 uniq crashes found)...[0m
[1;94m[*] [0mFuzzing test case #251 (350 total, 0 uniq crashes found)...[0m
[1;94m[*] [0mFuzzing test case #252 (350 total, 0 uniq crashes found)...[0m
[1;94m[*] [0mFuzzing test case #255 (350 total, 0 uniq crashes found)...[0m
[1;94m[*] [0mFuzzing test case #257 (350 total, 0 uniq crashes found)...[0m
[1;94m[*] [0mFuzzing test case #258 (353 total, 0 uniq crashes found)...[0m
[1;94m[*] [0mFuzzing test case #259 (353 total, 0 uniq crashes found)...[0m
[1;94m[*] [0mFuzzing test case #260 (356 total, 0 uniq crashes found)...[0m
[1;94m[*] [0mFuzzing test case #262 (356 total, 0 uniq crashes found)...[0m
[1;94m[*] [0mFuzzing test case #263 (356 total, 0 uniq crashes found)...[0m
[1;94m[*] [0mFuzzing test case #265 (357 total, 0 uniq crashes found)...[0m
[1;94m[*] [0mFuzzing test case #267 (357 total, 0 uniq crashes found)...[0m
[1;94m[*] [0mFuzzing test case #268 (357 total, 0 uniq crashes found)...[0m
[1;94m[*] [0mFuzzing test case #269 (357 total, 0 uniq crashes found)...[0m
[1;94m[*] [0mFuzzing test case #270 (358 total, 0 uniq crashes found)...[0m
[1;94m[*] [0mFuzzing test case #271 (359 total, 0 uniq crashes found)...[0m
[1;94m[*] [0mFuzzing test case #272 (363 total, 0 uniq crashes found)...[0m
[1;94m[*] [0mFuzzing test case #273 (363 total, 0 uniq crashes found)...[0m
[1;94m[*] [0mFuzzing test case #274 (363 total, 0 uniq crashes found)...[0m
[1;94m[*] [0mFuzzing test case #275 (364 total, 0 uniq crashes found)...[0m
[1;94m[*] [0mFuzzing test case #276 (366 total, 0 uniq crashes found)...[0m
[1;94m[*] [0mFuzzing test case #277 (367 total, 0 uniq crashes found)...[0m
[1;94m[*] [0mFuzzing test case #278 (367 total, 0 uniq crashes found)...[0m
[1;94m[*] [0mFuzzing test case #279 (367 total, 0 uniq crashes found)...[0m
[1;94m[*] [0mFuzzing test case #281 (367 total, 0 uniq crashes found)...[0m
[1;94m[*] [0mFuzzing test case #282 (368 total, 0 uniq crashes found)...[0m
[1;94m[*] [0mFuzzing test case #283 (368 total, 0 uniq crashes found)...[0m
[1;94m[*] [0mFuzzing test case #284 (369 total, 0 uniq crashes found)...[0m
[1;94m[*] [0mFuzzing test case #289 (371 total, 0 uniq crashes found)...[0m
[1;94m[*] [0mFuzzing test case #290 (371 total, 0 uniq crashes found)...[0m
[1;94m[*] [0mFuzzing test case #291 (371 total, 0 uniq crashes found)...[0m
[1;94m[*] [0mFuzzing test case #292 (371 total, 0 uniq crashes found)...[0m
[1;94m[*] [0mFuzzing test case #293 (372 total, 0 uniq crashes found)...[0m
[1;94m[*] [0mFuzzing test case #294 (383 total, 0 uniq crashes found)...[0m
[1;94m[*] [0mFuzzing test case #297 (383 total, 0 uniq crashes found)...[0m
[1;94m[*] [0mFuzzing test case #298 (383 total, 0 uniq crashes found)...[0m
[1;94m[*] [0mFuzzing test case #300 (384 total, 0 uniq crashes found)...[0m
[1;94m[*] [0mFuzzing test case #301 (384 total, 0 uniq crashes found)...[0m
[1;94m[*] [0mFuzzing test case #307 (384 total, 0 uniq crashes found)...[0m
[1;94m[*] [0mFuzzing test case #311 (385 total, 0 uniq crashes found)...[0m
[1;94m[*] [0mFuzzing test case #319 (387 total, 0 uniq crashes found)...[0m
[1;94m[*] [0mFuzzing test case #320 (389 total, 0 uniq crashes found)...[0m
[1;94m[*] [0mFuzzing test case #327 (389 total, 0 uniq crashes found)...[0m
[1;94m[*] [0mFuzzing test case #330 (389 total, 0 uniq crashes found)...[0m
[1;94m[*] [0mFuzzing test case #331 (392 total, 0 uniq crashes found)...[0m
[1;94m[*] [0mFuzzing test case #337 (393 total, 0 uniq crashes found)...[0m
[?25h[1;91m

+++ Testing aborted by user +++
[0m[1;92m[+] [0mWe're done here. Have a nice day!
[0m
Child is executing...
afl-fuzz -i /tmp/QuickChick/164504/input -o /tmp/QuickChick/164504/output /tmp/QuickChick/164504/QuickChick49e72f @@
Parent is sleeping for 600 seconds...
cp /tmp/QuickChick/164504/output/fuzzer_stats output/164504