QuickChecking (testMutantX prop_SSNI_arbitrary exp_result_fuzz 15)
Extracted ML file: /tmp/QuickChick/172538/QuickChicka732d5.ml
Compile command: ocamlopt unix.cmxa /home/lemonidas/.opam/4.04.0+afl/lib/afl-persistent/afl-persistent.cmxa -unsafe-string -rectypes -w a -I /tmp/QuickChick/172538 -I /home/lemonidas/.opam/4.04.0+afl/lib/afl-persistent/ -I /home/lemonidas/.opam/4.04.0+afl/lib/coq/user-contrib/QuickChick /home/lemonidas/.opam/4.04.0+afl/lib/coq/user-contrib/QuickChick/quickChickLib.cmx /tmp/QuickChick/172538/QuickChicka732d5.ml -o /tmp/QuickChick/172538/QuickChicka732d5
/tmp/QuickChick/172538/input
[0;36mafl-fuzz [1;97m2.52b[0m by <lcamtuf@google.com>
[1;92m[+] [0mLooks like we're not running on a tty, so I'll be a bit less verbose.[0m
[1;92m[+] [0mYou have 8 CPU cores and 1 runnable tasks (utilization: 12%).[0m
[1;92m[+] [0mTry parallel jobs - see docs/parallel_fuzzing.txt.[0m
[1;94m[*] [0mChecking CPU core loadout...[0m
[1;92m[+] [0mFound a free CPU core, binding to #0.[0m
[1;94m[*] [0mChecking core_pattern...[0m
[1;94m[*] [0mChecking CPU scaling governor...[0m
[1;94m[*] [0mSetting up output directories...[0m
[1;94m[*] [0mScanning '/tmp/QuickChick/172538/input'...[0m
[1;92m[+] [0mNo auto-generated dictionary tokens to reuse.[0m
[1;94m[*] [0mCreating hard links for all input files...[0m
[1;94m[*] [0mValidating target binary...[0m
[1;94m[*] [0mAttempting dry run with 'id:000000,orig:seed1'...[0m
[1;94m[*] [0mSpinning up the fork server...[0m
[1;92m[+] [0mAll right - fork server is up.[0m
[1;90m    len = 11, map size = 377, exec speed = 302 us
[0m[1;94m[*] [0mAttempting dry run with 'id:000001,orig:seed2'...[0m
[1;90m    len = 11, map size = 389, exec speed = 284 us
[0m[1;94m[*] [0mAttempting dry run with 'id:000002,orig:seed3'...[0m
[1;90m    len = 11, map size = 369, exec speed = 284 us
[0m[1;92m[+] [0mAll test cases processed.[0m

[1;92m[+] [0mHere are some useful stats:

[1;90m    Test case count : [0m2 favored, 0 variable, 3 total
[1;90m       Bitmap range : [0m369 to 389 bits (average: 378.33 bits)
[1;90m        Exec timing : [0m284 to 302 us (average: 290 us)
[0m
[1;94m[*] [0mNo -t option specified, so I'll use exec timeout of 20 ms.[0m
[1;92m[+] [0mAll set and ready to roll![0m
[1;94m[*] [0mEntering queue cycle 1.[0m
[1;94m[*] [0mFuzzing test case #1 (3 total, 0 uniq crashes found)...[0m
[1;94m[*] [0mFuzzing test case #36 (115 total, 0 uniq crashes found)...[0m
[1;94m[*] [0mFuzzing test case #40 (116 total, 0 uniq crashes found)...[0m
[1;94m[*] [0mFuzzing test case #47 (137 total, 0 uniq crashes found)...[0m
[1;94m[*] [0mFuzzing test case #48 (139 total, 0 uniq crashes found)...[0m
[1;94m[*] [0mFuzzing test case #61 (145 total, 0 uniq crashes found)...[0m
[1;94m[*] [0mFuzzing test case #66 (145 total, 0 uniq crashes found)...[0m
[1;94m[*] [0mFuzzing test case #67 (146 total, 0 uniq crashes found)...[0m
[1;94m[*] [0mFuzzing test case #70 (147 total, 0 uniq crashes found)...[0m
[1;94m[*] [0mFuzzing test case #71 (168 total, 0 uniq crashes found)...[0m
[1;94m[*] [0mFuzzing test case #77 (168 total, 0 uniq crashes found)...[0m
[1;94m[*] [0mFuzzing test case #79 (169 total, 0 uniq crashes found)...[0m
[1;94m[*] [0mFuzzing test case #83 (198 total, 0 uniq crashes found)...[0m
[1;94m[*] [0mFuzzing test case #84 (238 total, 0 uniq crashes found)...[0m
[1;94m[*] [0mFuzzing test case #85 (238 total, 0 uniq crashes found)...[0m
[1;94m[*] [0mFuzzing test case #86 (251 total, 0 uniq crashes found)...[0m
[1;94m[*] [0mFuzzing test case #87 (251 total, 0 uniq crashes found)...[0m
[1;94m[*] [0mFuzzing test case #97 (251 total, 0 uniq crashes found)...[0m
[1;94m[*] [0mFuzzing test case #99 (251 total, 0 uniq crashes found)...[0m
[1;94m[*] [0mFuzzing test case #103 (251 total, 0 uniq crashes found)...[0m
[1;94m[*] [0mFuzzing test case #105 (251 total, 0 uniq crashes found)...[0m
[1;94m[*] [0mFuzzing test case #110 (251 total, 0 uniq crashes found)...[0m
[1;94m[*] [0mFuzzing test case #112 (251 total, 0 uniq crashes found)...[0m
[1;94m[*] [0mFuzzing test case #113 (254 total, 0 uniq crashes found)...[0m
[1;94m[*] [0mFuzzing test case #115 (256 total, 0 uniq crashes found)...[0m
[1;94m[*] [0mFuzzing test case #116 (256 total, 0 uniq crashes found)...[0m
[1;94m[*] [0mFuzzing test case #119 (256 total, 0 uniq crashes found)...[0m
[1;94m[*] [0mFuzzing test case #121 (256 total, 0 uniq crashes found)...[0m
[1;94m[*] [0mFuzzing test case #122 (256 total, 0 uniq crashes found)...[0m
[1;94m[*] [0mFuzzing test case #125 (256 total, 0 uniq crashes found)...[0m
[1;94m[*] [0mFuzzing test case #129 (257 total, 0 uniq crashes found)...[0m
[1;94m[*] [0mFuzzing test case #131 (259 total, 0 uniq crashes found)...[0m
[1;94m[*] [0mFuzzing test case #136 (259 total, 0 uniq crashes found)...[0m
[1;94m[*] [0mFuzzing test case #137 (265 total, 0 uniq crashes found)...[0m
[1;94m[*] [0mFuzzing test case #139 (266 total, 0 uniq crashes found)...[0m
[1;94m[*] [0mFuzzing test case #140 (266 total, 0 uniq crashes found)...[0m
[1;94m[*] [0mFuzzing test case #142 (267 total, 0 uniq crashes found)...[0m
[1;94m[*] [0mFuzzing test case #143 (268 total, 0 uniq crashes found)...[0m
[1;94m[*] [0mFuzzing test case #144 (268 total, 0 uniq crashes found)...[0m
[1;94m[*] [0mFuzzing test case #146 (268 total, 0 uniq crashes found)...[0m
[1;94m[*] [0mFuzzing test case #148 (270 total, 0 uniq crashes found)...[0m
[1;94m[*] [0mFuzzing test case #150 (270 total, 0 uniq crashes found)...[0m
[1;94m[*] [0mFuzzing test case #152 (278 total, 0 uniq crashes found)...[0m
[1;94m[*] [0mFuzzing test case #155 (278 total, 0 uniq crashes found)...[0m
[1;94m[*] [0mFuzzing test case #156 (295 total, 0 uniq crashes found)...[0m
[1;94m[*] [0mFuzzing test case #157 (295 total, 0 uniq crashes found)...[0m
[1;94m[*] [0mFuzzing test case #158 (300 total, 0 uniq crashes found)...[0m
[1;94m[*] [0mFuzzing test case #161 (304 total, 0 uniq crashes found)...[0m
[1;94m[*] [0mFuzzing test case #163 (308 total, 0 uniq crashes found)...[0m
[1;94m[*] [0mFuzzing test case #164 (308 total, 0 uniq crashes found)...[0m
[1;94m[*] [0mFuzzing test case #168 (309 total, 0 uniq crashes found)...[0m
[1;94m[*] [0mFuzzing test case #171 (309 total, 0 uniq crashes found)...[0m
[1;94m[*] [0mFuzzing test case #179 (327 total, 0 uniq crashes found)...[0m
[1;94m[*] [0mFuzzing test case #181 (327 total, 0 uniq crashes found)...[0m
[1;94m[*] [0mFuzzing test case #184 (331 total, 0 uniq crashes found)...[0m
[1;94m[*] [0mFuzzing test case #187 (334 total, 0 uniq crashes found)...[0m
[1;94m[*] [0mFuzzing test case #189 (335 total, 0 uniq crashes found)...[0m
[1;94m[*] [0mFuzzing test case #190 (359 total, 0 uniq crashes found)...[0m
[1;94m[*] [0mFuzzing test case #198 (359 total, 0 uniq crashes found)...[0m
[1;94m[*] [0mFuzzing test case #202 (359 total, 0 uniq crashes found)...[0m
[1;94m[*] [0mFuzzing test case #205 (360 total, 0 uniq crashes found)...[0m
[1;94m[*] [0mFuzzing test case #207 (360 total, 0 uniq crashes found)...[0m
[1;94m[*] [0mFuzzing test case #210 (360 total, 0 uniq crashes found)...[0m
[1;94m[*] [0mFuzzing test case #211 (362 total, 0 uniq crashes found)...[0m
[1;94m[*] [0mFuzzing test case #213 (362 total, 0 uniq crashes found)...[0m
[1;94m[*] [0mFuzzing test case #217 (363 total, 0 uniq crashes found)...[0m
[1;94m[*] [0mFuzzing test case #228 (363 total, 0 uniq crashes found)...[0m
[1;94m[*] [0mFuzzing test case #234 (365 total, 0 uniq crashes found)...[0m
[1;94m[*] [0mFuzzing test case #237 (366 total, 0 uniq crashes found)...[0m
[1;94m[*] [0mFuzzing test case #239 (367 total, 0 uniq crashes found)...[0m
[1;94m[*] [0mFuzzing test case #240 (367 total, 0 uniq crashes found)...[0m
[1;94m[*] [0mFuzzing test case #241 (367 total, 0 uniq crashes found)...[0m
[1;94m[*] [0mFuzzing test case #242 (367 total, 0 uniq crashes found)...[0m
[1;94m[*] [0mFuzzing test case #243 (367 total, 0 uniq crashes found)...[0m
[1;94m[*] [0mFuzzing test case #244 (367 total, 0 uniq crashes found)...[0m
[1;94m[*] [0mFuzzing test case #245 (367 total, 0 uniq crashes found)...[0m
[1;94m[*] [0mFuzzing test case #246 (368 total, 0 uniq crashes found)...[0m
[1;94m[*] [0mFuzzing test case #247 (368 total, 0 uniq crashes found)...[0m
[1;94m[*] [0mFuzzing test case #248 (369 total, 0 uniq crashes found)...[0m
[1;94m[*] [0mFuzzing test case #249 (369 total, 0 uniq crashes found)...[0m
[1;94m[*] [0mFuzzing test case #250 (370 total, 0 uniq crashes found)...[0m
[1;94m[*] [0mFuzzing test case #253 (370 total, 0 uniq crashes found)...[0m
[1;94m[*] [0mFuzzing test case #254 (370 total, 0 uniq crashes found)...[0m
[1;94m[*] [0mFuzzing test case #255 (371 total, 0 uniq crashes found)...[0m
[1;94m[*] [0mFuzzing test case #256 (371 total, 0 uniq crashes found)...[0m
[1;94m[*] [0mFuzzing test case #257 (373 total, 0 uniq crashes found)...[0m
[1;94m[*] [0mFuzzing test case #258 (374 total, 0 uniq crashes found)...[0m
[1;94m[*] [0mFuzzing test case #259 (374 total, 0 uniq crashes found)...[0m
[1;94m[*] [0mFuzzing test case #260 (374 total, 0 uniq crashes found)...[0m
[1;94m[*] [0mFuzzing test case #261 (375 total, 0 uniq crashes found)...[0m
[1;94m[*] [0mFuzzing test case #270 (376 total, 0 uniq crashes found)...[0m
[1;94m[*] [0mFuzzing test case #271 (376 total, 0 uniq crashes found)...[0m
[1;94m[*] [0mFuzzing test case #272 (376 total, 0 uniq crashes found)...[0m
[1;94m[*] [0mFuzzing test case #273 (377 total, 0 uniq crashes found)...[0m
[1;94m[*] [0mFuzzing test case #274 (377 total, 0 uniq crashes found)...[0m
[1;94m[*] [0mFuzzing test case #276 (377 total, 0 uniq crashes found)...[0m
[1;94m[*] [0mFuzzing test case #278 (378 total, 0 uniq crashes found)...[0m
[1;94m[*] [0mFuzzing test case #279 (380 total, 0 uniq crashes found)...[0m
[1;94m[*] [0mFuzzing test case #282 (380 total, 0 uniq crashes found)...[0m
[1;94m[*] [0mFuzzing test case #287 (380 total, 0 uniq crashes found)...[0m
[1;94m[*] [0mFuzzing test case #289 (382 total, 0 uniq crashes found)...[0m
[1;94m[*] [0mFuzzing test case #291 (385 total, 0 uniq crashes found)...[0m
[1;94m[*] [0mFuzzing test case #292 (391 total, 0 uniq crashes found)...[0m
[1;94m[*] [0mFuzzing test case #293 (391 total, 0 uniq crashes found)...[0m
[1;94m[*] [0mFuzzing test case #295 (391 total, 0 uniq crashes found)...[0m
[1;94m[*] [0mFuzzing test case #296 (391 total, 0 uniq crashes found)...[0m
[1;94m[*] [0mFuzzing test case #297 (391 total, 0 uniq crashes found)...[0m
[1;94m[*] [0mFuzzing test case #298 (391 total, 0 uniq crashes found)...[0m
[1;94m[*] [0mFuzzing test case #299 (391 total, 0 uniq crashes found)...[0m
[1;94m[*] [0mFuzzing test case #300 (393 total, 0 uniq crashes found)...[0m
[1;94m[*] [0mFuzzing test case #301 (393 total, 0 uniq crashes found)...[0m
[1;94m[*] [0mFuzzing test case #302 (393 total, 0 uniq crashes found)...[0m
[1;94m[*] [0mFuzzing test case #303 (393 total, 0 uniq crashes found)...[0m
[1;94m[*] [0mFuzzing test case #304 (393 total, 0 uniq crashes found)...[0m
[1;94m[*] [0mFuzzing test case #305 (393 total, 0 uniq crashes found)...[0m
[1;94m[*] [0mFuzzing test case #306 (393 total, 0 uniq crashes found)...[0m
[1;94m[*] [0mFuzzing test case #307 (393 total, 0 uniq crashes found)...[0m
[1;94m[*] [0mFuzzing test case #308 (393 total, 0 uniq crashes found)...[0m
[1;94m[*] [0mFuzzing test case #309 (393 total, 0 uniq crashes found)...[0m
[1;94m[*] [0mFuzzing test case #310 (395 total, 0 uniq crashes found)...[0m
[1;94m[*] [0mFuzzing test case #312 (395 total, 0 uniq crashes found)...[0m
[1;94m[*] [0mFuzzing test case #313 (395 total, 0 uniq crashes found)...[0m
[1;94m[*] [0mFuzzing test case #315 (395 total, 0 uniq crashes found)...[0m
[?25h[1;91m

+++ Testing aborted by user +++
[0m[1;92m[+] [0mWe're done here. Have a nice day!
[0m
Child is executing...
afl-fuzz -i /tmp/QuickChick/172538/input -o /tmp/QuickChick/172538/output /tmp/QuickChick/172538/QuickChicka732d5 @@
Parent is sleeping for 600 seconds...
cp /tmp/QuickChick/172538/output/fuzzer_stats output/172538