QuickChecking (testMutantX prop_SSNI_arbmedium exp_result_fuzz 12)
Extracted ML file: /tmp/QuickChick/163456/QuickChick320685.ml
Compile command: ocamlopt unix.cmxa /home/lemonidas/.opam/4.04.0+afl/lib/afl-persistent/afl-persistent.cmxa -unsafe-string -rectypes -w a -I /tmp/QuickChick/163456 -I /home/lemonidas/.opam/4.04.0+afl/lib/afl-persistent/ -I /home/lemonidas/.opam/4.04.0+afl/lib/coq/user-contrib/QuickChick /home/lemonidas/.opam/4.04.0+afl/lib/coq/user-contrib/QuickChick/quickChickLib.cmx /tmp/QuickChick/163456/QuickChick320685.ml -o /tmp/QuickChick/163456/QuickChick320685
/tmp/QuickChick/163456/input
[0;36mafl-fuzz [1;97m2.52b[0m by <lcamtuf@google.com>
[1;92m[+] [0mLooks like we're not running on a tty, so I'll be a bit less verbose.[0m
[1;92m[+] [0mYou have 8 CPU cores and 1 runnable tasks (utilization: 12%).[0m
[1;92m[+] [0mTry parallel jobs - see docs/parallel_fuzzing.txt.[0m
[1;94m[*] [0mChecking CPU core loadout...[0m
[1;92m[+] [0mFound a free CPU core, binding to #0.[0m
[1;94m[*] [0mChecking core_pattern...[0m
[1;94m[*] [0mChecking CPU scaling governor...[0m
[1;94m[*] [0mSetting up output directories...[0m
[1;94m[*] [0mScanning '/tmp/QuickChick/163456/input'...[0m
[1;92m[+] [0mNo auto-generated dictionary tokens to reuse.[0m
[1;94m[*] [0mCreating hard links for all input files...[0m
[1;94m[*] [0mValidating target binary...[0m
[1;94m[*] [0mAttempting dry run with 'id:000000,orig:seed1'...[0m
[1;94m[*] [0mSpinning up the fork server...[0m
[1;92m[+] [0mAll right - fork server is up.[0m
[1;90m    len = 11, map size = 385, exec speed = 302 us
[0m[1;94m[*] [0mAttempting dry run with 'id:000001,orig:seed2'...[0m
[1;90m    len = 11, map size = 397, exec speed = 296 us
[0m[1;94m[*] [0mAttempting dry run with 'id:000002,orig:seed3'...[0m
[1;90m    len = 11, map size = 377, exec speed = 286 us
[0m[1;92m[+] [0mAll test cases processed.[0m

[1;92m[+] [0mHere are some useful stats:

[1;90m    Test case count : [0m2 favored, 0 variable, 3 total
[1;90m       Bitmap range : [0m377 to 397 bits (average: 386.33 bits)
[1;90m        Exec timing : [0m286 to 302 us (average: 294 us)
[0m
[1;94m[*] [0mNo -t option specified, so I'll use exec timeout of 20 ms.[0m
[1;92m[+] [0mAll set and ready to roll![0m
[1;94m[*] [0mEntering queue cycle 1.[0m
[1;94m[*] [0mFuzzing test case #1 (3 total, 0 uniq crashes found)...[0m
[1;94m[*] [0mFuzzing test case #33 (216 total, 0 uniq crashes found)...[0m
[1;94m[*] [0mFuzzing test case #45 (217 total, 0 uniq crashes found)...[0m
[1;94m[*] [0mFuzzing test case #47 (263 total, 2 uniq crashes found)...[0m
[1;94m[*] [0mFuzzing test case #55 (264 total, 2 uniq crashes found)...[0m
[1;94m[*] [0mFuzzing test case #67 (264 total, 2 uniq crashes found)...[0m
[1;94m[*] [0mFuzzing test case #91 (264 total, 2 uniq crashes found)...[0m
[1;94m[*] [0mFuzzing test case #94 (265 total, 4 uniq crashes found)...[0m
[1;94m[*] [0mFuzzing test case #98 (265 total, 5 uniq crashes found)...[0m
[1;94m[*] [0mFuzzing test case #102 (265 total, 5 uniq crashes found)...[0m
[1;94m[*] [0mFuzzing test case #108 (265 total, 5 uniq crashes found)...[0m
[1;94m[*] [0mFuzzing test case #114 (265 total, 5 uniq crashes found)...[0m
[1;94m[*] [0mFuzzing test case #117 (265 total, 5 uniq crashes found)...[0m
[1;94m[*] [0mFuzzing test case #125 (265 total, 5 uniq crashes found)...[0m
[1;94m[*] [0mFuzzing test case #128 (265 total, 6 uniq crashes found)...[0m
[1;94m[*] [0mFuzzing test case #129 (265 total, 6 uniq crashes found)...[0m
[1;94m[*] [0mFuzzing test case #130 (266 total, 7 uniq crashes found)...[0m
[1;94m[*] [0mFuzzing test case #133 (273 total, 8 uniq crashes found)...[0m
[1;94m[*] [0mFuzzing test case #134 (273 total, 8 uniq crashes found)...[0m
[1;94m[*] [0mFuzzing test case #138 (273 total, 8 uniq crashes found)...[0m
[1;94m[*] [0mFuzzing test case #141 (273 total, 8 uniq crashes found)...[0m
[1;94m[*] [0mFuzzing test case #146 (273 total, 8 uniq crashes found)...[0m
[1;94m[*] [0mFuzzing test case #149 (273 total, 8 uniq crashes found)...[0m
[1;94m[*] [0mFuzzing test case #150 (273 total, 8 uniq crashes found)...[0m
[1;94m[*] [0mFuzzing test case #152 (273 total, 8 uniq crashes found)...[0m
[1;94m[*] [0mFuzzing test case #153 (273 total, 8 uniq crashes found)...[0m
[1;94m[*] [0mFuzzing test case #154 (273 total, 9 uniq crashes found)...[0m
[1;94m[*] [0mFuzzing test case #155 (275 total, 11 uniq crashes found)...[0m
[1;94m[*] [0mFuzzing test case #158 (275 total, 11 uniq crashes found)...[0m
[1;94m[*] [0mFuzzing test case #159 (275 total, 11 uniq crashes found)...[0m
[1;94m[*] [0mFuzzing test case #160 (275 total, 11 uniq crashes found)...[0m
[1;94m[*] [0mFuzzing test case #161 (275 total, 11 uniq crashes found)...[0m
[1;94m[*] [0mFuzzing test case #162 (275 total, 11 uniq crashes found)...[0m
[1;94m[*] [0mFuzzing test case #164 (275 total, 11 uniq crashes found)...[0m
[1;94m[*] [0mFuzzing test case #165 (275 total, 11 uniq crashes found)...[0m
[1;94m[*] [0mFuzzing test case #168 (275 total, 11 uniq crashes found)...[0m
[1;94m[*] [0mFuzzing test case #169 (275 total, 11 uniq crashes found)...[0m
[1;94m[*] [0mFuzzing test case #170 (275 total, 11 uniq crashes found)...[0m
[1;94m[*] [0mFuzzing test case #175 (275 total, 11 uniq crashes found)...[0m
[1;94m[*] [0mFuzzing test case #178 (275 total, 11 uniq crashes found)...[0m
[1;94m[*] [0mFuzzing test case #179 (275 total, 11 uniq crashes found)...[0m
[1;94m[*] [0mFuzzing test case #180 (275 total, 12 uniq crashes found)...[0m
[1;94m[*] [0mFuzzing test case #181 (275 total, 12 uniq crashes found)...[0m
[1;94m[*] [0mFuzzing test case #188 (275 total, 12 uniq crashes found)...[0m
[1;94m[*] [0mFuzzing test case #189 (275 total, 12 uniq crashes found)...[0m
[1;94m[*] [0mFuzzing test case #192 (275 total, 12 uniq crashes found)...[0m
[1;94m[*] [0mFuzzing test case #195 (275 total, 12 uniq crashes found)...[0m
[1;94m[*] [0mFuzzing test case #196 (275 total, 12 uniq crashes found)...[0m
[1;94m[*] [0mFuzzing test case #198 (275 total, 12 uniq crashes found)...[0m
[1;94m[*] [0mFuzzing test case #201 (275 total, 12 uniq crashes found)...[0m
[1;94m[*] [0mFuzzing test case #202 (275 total, 12 uniq crashes found)...[0m
[1;94m[*] [0mFuzzing test case #206 (275 total, 12 uniq crashes found)...[0m
[1;94m[*] [0mFuzzing test case #208 (275 total, 12 uniq crashes found)...[0m
[1;94m[*] [0mFuzzing test case #210 (275 total, 12 uniq crashes found)...[0m
[1;94m[*] [0mFuzzing test case #211 (275 total, 12 uniq crashes found)...[0m
[1;94m[*] [0mFuzzing test case #212 (275 total, 12 uniq crashes found)...[0m
[1;94m[*] [0mFuzzing test case #213 (275 total, 12 uniq crashes found)...[0m
[1;94m[*] [0mFuzzing test case #214 (275 total, 12 uniq crashes found)...[0m
[1;94m[*] [0mFuzzing test case #215 (275 total, 12 uniq crashes found)...[0m
[1;94m[*] [0mFuzzing test case #216 (275 total, 12 uniq crashes found)...[0m
[1;94m[*] [0mFuzzing test case #218 (278 total, 17 uniq crashes found)...[0m
[1;94m[*] [0mFuzzing test case #223 (278 total, 17 uniq crashes found)...[0m
[1;94m[*] [0mFuzzing test case #224 (278 total, 17 uniq crashes found)...[0m
[1;94m[*] [0mFuzzing test case #228 (278 total, 17 uniq crashes found)...[0m
[1;94m[*] [0mFuzzing test case #229 (278 total, 17 uniq crashes found)...[0m
[1;94m[*] [0mFuzzing test case #232 (279 total, 17 uniq crashes found)...[0m
[1;94m[*] [0mFuzzing test case #236 (279 total, 18 uniq crashes found)...[0m
[1;94m[*] [0mFuzzing test case #237 (279 total, 18 uniq crashes found)...[0m
[1;94m[*] [0mFuzzing test case #238 (279 total, 18 uniq crashes found)...[0m
[1;94m[*] [0mFuzzing test case #239 (279 total, 18 uniq crashes found)...[0m
[1;94m[*] [0mFuzzing test case #241 (279 total, 18 uniq crashes found)...[0m
[1;94m[*] [0mFuzzing test case #243 (279 total, 18 uniq crashes found)...[0m
[1;94m[*] [0mFuzzing test case #246 (279 total, 18 uniq crashes found)...[0m
[1;94m[*] [0mFuzzing test case #249 (279 total, 18 uniq crashes found)...[0m
[1;94m[*] [0mFuzzing test case #250 (279 total, 18 uniq crashes found)...[0m
[1;94m[*] [0mFuzzing test case #251 (279 total, 18 uniq crashes found)...[0m
[1;94m[*] [0mFuzzing test case #256 (279 total, 18 uniq crashes found)...[0m
[1;94m[*] [0mFuzzing test case #257 (280 total, 18 uniq crashes found)...[0m
[1;94m[*] [0mFuzzing test case #258 (280 total, 18 uniq crashes found)...[0m
[1;94m[*] [0mFuzzing test case #261 (280 total, 18 uniq crashes found)...[0m
[1;94m[*] [0mFuzzing test case #264 (280 total, 18 uniq crashes found)...[0m
[1;94m[*] [0mFuzzing test case #266 (281 total, 18 uniq crashes found)...[0m
[1;94m[*] [0mFuzzing test case #267 (281 total, 18 uniq crashes found)...[0m
[1;94m[*] [0mFuzzing test case #269 (281 total, 18 uniq crashes found)...[0m
[1;94m[*] [0mFuzzing test case #272 (281 total, 18 uniq crashes found)...[0m
[1;94m[*] [0mFuzzing test case #275 (281 total, 18 uniq crashes found)...[0m
[1;94m[*] [0mFuzzing test case #280 (282 total, 18 uniq crashes found)...[0m
[1;94m[*] [0mEntering queue cycle 2.[0m
[1;94m[*] [0mFuzzing test case #24 (282 total, 18 uniq crashes found)...[0m
[1;94m[*] [0mFuzzing test case #26 (282 total, 18 uniq crashes found)...[0m
[1;94m[*] [0mFuzzing test case #28 (282 total, 18 uniq crashes found)...[0m
[1;94m[*] [0mFuzzing test case #32 (282 total, 18 uniq crashes found)...[0m
[1;94m[*] [0mFuzzing test case #36 (283 total, 18 uniq crashes found)...[0m
[1;94m[*] [0mFuzzing test case #45 (283 total, 18 uniq crashes found)...[0m
[1;94m[*] [0mFuzzing test case #50 (283 total, 18 uniq crashes found)...[0m
[1;94m[*] [0mFuzzing test case #54 (283 total, 18 uniq crashes found)...[0m
[1;94m[*] [0mFuzzing test case #55 (283 total, 18 uniq crashes found)...[0m
[1;94m[*] [0mFuzzing test case #58 (283 total, 18 uniq crashes found)...[0m
[1;94m[*] [0mFuzzing test case #65 (283 total, 18 uniq crashes found)...[0m
[1;94m[*] [0mFuzzing test case #67 (283 total, 18 uniq crashes found)...[0m
[1;94m[*] [0mFuzzing test case #76 (283 total, 18 uniq crashes found)...[0m
[1;94m[*] [0mFuzzing test case #84 (283 total, 18 uniq crashes found)...[0m
[1;94m[*] [0mFuzzing test case #85 (283 total, 18 uniq crashes found)...[0m
[1;94m[*] [0mFuzzing test case #87 (283 total, 18 uniq crashes found)...[0m
[1;94m[*] [0mFuzzing test case #91 (283 total, 18 uniq crashes found)...[0m
[1;94m[*] [0mFuzzing test case #98 (283 total, 18 uniq crashes found)...[0m
[1;94m[*] [0mFuzzing test case #101 (283 total, 18 uniq crashes found)...[0m
[1;94m[*] [0mFuzzing test case #102 (283 total, 18 uniq crashes found)...[0m
[1;94m[*] [0mFuzzing test case #105 (283 total, 18 uniq crashes found)...[0m
[1;94m[*] [0mFuzzing test case #108 (283 total, 18 uniq crashes found)...[0m
[1;94m[*] [0mFuzzing test case #109 (283 total, 18 uniq crashes found)...[0m
[1;94m[*] [0mFuzzing test case #110 (283 total, 18 uniq crashes found)...[0m
[1;94m[*] [0mFuzzing test case #112 (283 total, 18 uniq crashes found)...[0m
[1;94m[*] [0mFuzzing test case #114 (283 total, 18 uniq crashes found)...[0m
[1;94m[*] [0mFuzzing test case #117 (283 total, 18 uniq crashes found)...[0m
[1;94m[*] [0mFuzzing test case #122 (283 total, 18 uniq crashes found)...[0m
[1;94m[*] [0mFuzzing test case #125 (283 total, 18 uniq crashes found)...[0m
[1;94m[*] [0mFuzzing test case #128 (283 total, 18 uniq crashes found)...[0m
[1;94m[*] [0mFuzzing test case #129 (283 total, 18 uniq crashes found)...[0m
[1;94m[*] [0mFuzzing test case #130 (283 total, 18 uniq crashes found)...[0m
[1;94m[*] [0mFuzzing test case #133 (283 total, 18 uniq crashes found)...[0m
[1;94m[*] [0mFuzzing test case #134 (283 total, 18 uniq crashes found)...[0m
[1;94m[*] [0mFuzzing test case #138 (283 total, 18 uniq crashes found)...[0m
[1;94m[*] [0mFuzzing test case #141 (283 total, 18 uniq crashes found)...[0m
[1;94m[*] [0mFuzzing test case #146 (283 total, 18 uniq crashes found)...[0m
[1;94m[*] [0mFuzzing test case #147 (283 total, 18 uniq crashes found)...[0m
[1;94m[*] [0mFuzzing test case #149 (283 total, 18 uniq crashes found)...[0m
[1;94m[*] [0mFuzzing test case #150 (283 total, 18 uniq crashes found)...[0m
[1;94m[*] [0mFuzzing test case #152 (283 total, 18 uniq crashes found)...[0m
[1;94m[*] [0mFuzzing test case #153 (283 total, 18 uniq crashes found)...[0m
[1;94m[*] [0mFuzzing test case #154 (283 total, 18 uniq crashes found)...[0m
[1;94m[*] [0mFuzzing test case #155 (283 total, 18 uniq crashes found)...[0m
[1;94m[*] [0mFuzzing test case #158 (283 total, 18 uniq crashes found)...[0m
[1;94m[*] [0mFuzzing test case #159 (283 total, 18 uniq crashes found)...[0m
[1;94m[*] [0mFuzzing test case #160 (283 total, 18 uniq crashes found)...[0m
[1;94m[*] [0mFuzzing test case #161 (283 total, 18 uniq crashes found)...[0m
[1;94m[*] [0mFuzzing test case #162 (283 total, 18 uniq crashes found)...[0m
[1;94m[*] [0mFuzzing test case #163 (283 total, 18 uniq crashes found)...[0m
[1;94m[*] [0mFuzzing test case #164 (283 total, 18 uniq crashes found)...[0m
[1;94m[*] [0mFuzzing test case #165 (283 total, 18 uniq crashes found)...[0m
[1;94m[*] [0mFuzzing test case #168 (283 total, 18 uniq crashes found)...[0m
[1;94m[*] [0mFuzzing test case #169 (283 total, 18 uniq crashes found)...[0m
[1;94m[*] [0mFuzzing test case #170 (283 total, 18 uniq crashes found)...[0m
[1;94m[*] [0mFuzzing test case #175 (283 total, 18 uniq crashes found)...[0m
[1;94m[*] [0mFuzzing test case #178 (283 total, 18 uniq crashes found)...[0m
[1;94m[*] [0mFuzzing test case #179 (283 total, 18 uniq crashes found)...[0m
[1;94m[*] [0mFuzzing test case #180 (283 total, 18 uniq crashes found)...[0m
[1;94m[*] [0mFuzzing test case #181 (283 total, 18 uniq crashes found)...[0m
[1;94m[*] [0mFuzzing test case #183 (283 total, 18 uniq crashes found)...[0m
[1;94m[*] [0mFuzzing test case #184 (283 total, 18 uniq crashes found)...[0m
[1;94m[*] [0mFuzzing test case #186 (283 total, 18 uniq crashes found)...[0m
[1;94m[*] [0mFuzzing test case #189 (283 total, 18 uniq crashes found)...[0m
[1;94m[*] [0mFuzzing test case #190 (283 total, 18 uniq crashes found)...[0m
[1;94m[*] [0mFuzzing test case #192 (283 total, 18 uniq crashes found)...[0m
[1;94m[*] [0mFuzzing test case #195 (283 total, 18 uniq crashes found)...[0m
[1;94m[*] [0mFuzzing test case #196 (283 total, 18 uniq crashes found)...[0m
[1;94m[*] [0mFuzzing test case #198 (283 total, 18 uniq crashes found)...[0m
[1;94m[*] [0mFuzzing test case #201 (283 total, 18 uniq crashes found)...[0m
[1;94m[*] [0mFuzzing test case #202 (283 total, 18 uniq crashes found)...[0m
[1;94m[*] [0mFuzzing test case #206 (283 total, 18 uniq crashes found)...[0m
[1;94m[*] [0mFuzzing test case #208 (283 total, 18 uniq crashes found)...[0m
[1;94m[*] [0mFuzzing test case #210 (283 total, 18 uniq crashes found)...[0m
[1;94m[*] [0mFuzzing test case #211 (283 total, 18 uniq crashes found)...[0m
[1;94m[*] [0mFuzzing test case #212 (283 total, 18 uniq crashes found)...[0m
[1;94m[*] [0mFuzzing test case #213 (283 total, 18 uniq crashes found)...[0m
[1;94m[*] [0mFuzzing test case #214 (283 total, 18 uniq crashes found)...[0m
[1;94m[*] [0mFuzzing test case #215 (283 total, 18 uniq crashes found)...[0m
[1;94m[*] [0mFuzzing test case #216 (283 total, 18 uniq crashes found)...[0m
[1;94m[*] [0mFuzzing test case #218 (283 total, 18 uniq crashes found)...[0m
[1;94m[*] [0mFuzzing test case #219 (283 total, 18 uniq crashes found)...[0m
[1;94m[*] [0mFuzzing test case #223 (283 total, 18 uniq crashes found)...[0m
[1;94m[*] [0mFuzzing test case #224 (283 total, 18 uniq crashes found)...[0m
[1;94m[*] [0mFuzzing test case #228 (283 total, 18 uniq crashes found)...[0m
[1;94m[*] [0mFuzzing test case #229 (283 total, 18 uniq crashes found)...[0m
[1;94m[*] [0mFuzzing test case #231 (283 total, 18 uniq crashes found)...[0m
[1;94m[*] [0mFuzzing test case #235 (283 total, 18 uniq crashes found)...[0m
[1;94m[*] [0mFuzzing test case #236 (283 total, 18 uniq crashes found)...[0m
[1;94m[*] [0mFuzzing test case #237 (283 total, 18 uniq crashes found)...[0m
[1;94m[*] [0mFuzzing test case #238 (283 total, 18 uniq crashes found)...[0m
[1;94m[*] [0mFuzzing test case #239 (283 total, 18 uniq crashes found)...[0m
[1;94m[*] [0mFuzzing test case #241 (283 total, 18 uniq crashes found)...[0m
[1;94m[*] [0mFuzzing test case #243 (283 total, 18 uniq crashes found)...[0m
[1;94m[*] [0mFuzzing test case #246 (283 total, 18 uniq crashes found)...[0m
[1;94m[*] [0mFuzzing test case #248 (283 total, 18 uniq crashes found)...[0m
[1;94m[*] [0mFuzzing test case #249 (283 total, 18 uniq crashes found)...[0m
[1;94m[*] [0mFuzzing test case #250 (283 total, 18 uniq crashes found)...[0m
[1;94m[*] [0mFuzzing test case #251 (283 total, 18 uniq crashes found)...[0m
[1;94m[*] [0mFuzzing test case #253 (283 total, 18 uniq crashes found)...[0m
[1;94m[*] [0mFuzzing test case #254 (283 total, 18 uniq crashes found)...[0m
[1;94m[*] [0mFuzzing test case #255 (283 total, 18 uniq crashes found)...[0m
[1;94m[*] [0mFuzzing test case #256 (283 total, 18 uniq crashes found)...[0m
[1;94m[*] [0mFuzzing test case #257 (283 total, 18 uniq crashes found)...[0m
[1;94m[*] [0mFuzzing test case #258 (283 total, 18 uniq crashes found)...[0m
[1;94m[*] [0mFuzzing test case #259 (283 total, 18 uniq crashes found)...[0m
[1;94m[*] [0mFuzzing test case #261 (283 total, 18 uniq crashes found)...[0m
[1;94m[*] [0mFuzzing test case #266 (283 total, 18 uniq crashes found)...[0m
[1;94m[*] [0mFuzzing test case #267 (283 total, 18 uniq crashes found)...[0m
[1;94m[*] [0mFuzzing test case #269 (283 total, 18 uniq crashes found)...[0m
[1;94m[*] [0mFuzzing test case #272 (283 total, 18 uniq crashes found)...[0m
[1;94m[*] [0mFuzzing test case #273 (283 total, 18 uniq crashes found)...[0m
[1;94m[*] [0mFuzzing test case #275 (283 total, 18 uniq crashes found)...[0m
[1;94m[*] [0mFuzzing test case #280 (283 total, 19 uniq crashes found)...[0m
[1;94m[*] [0mEntering queue cycle 3.[0m
[1;94m[*] [0mFuzzing test case #2 (283 total, 19 uniq crashes found)...[0m
[1;94m[*] [0mFuzzing test case #6 (283 total, 19 uniq crashes found)...[0m
[1;94m[*] [0mFuzzing test case #9 (283 total, 19 uniq crashes found)...[0m
[1;94m[*] [0mFuzzing test case #14 (283 total, 19 uniq crashes found)...[0m
[1;94m[*] [0mFuzzing test case #18 (283 total, 19 uniq crashes found)...[0m
[1;94m[*] [0mFuzzing test case #21 (283 total, 19 uniq crashes found)...[0m
[1;94m[*] [0mFuzzing test case #24 (283 total, 19 uniq crashes found)...[0m
[1;94m[*] [0mFuzzing test case #30 (283 total, 19 uniq crashes found)...[0m
[1;94m[*] [0mFuzzing test case #42 (283 total, 19 uniq crashes found)...[0m
[1;94m[*] [0mFuzzing test case #45 (283 total, 19 uniq crashes found)...[0m
[1;94m[*] [0mFuzzing test case #47 (283 total, 19 uniq crashes found)...[0m
[1;94m[*] [0mFuzzing test case #48 (283 total, 19 uniq crashes found)...[0m
[1;94m[*] [0mFuzzing test case #52 (283 total, 19 uniq crashes found)...[0m
[1;94m[*] [0mFuzzing test case #55 (283 total, 19 uniq crashes found)...[0m
[1;94m[*] [0mFuzzing test case #62 (283 total, 19 uniq crashes found)...[0m
[1;94m[*] [0mFuzzing test case #67 (283 total, 19 uniq crashes found)...[0m
[1;94m[*] [0mFuzzing test case #72 (283 total, 19 uniq crashes found)...[0m
[1;94m[*] [0mFuzzing test case #73 (283 total, 19 uniq crashes found)...[0m
[1;94m[*] [0mFuzzing test case #78 (283 total, 19 uniq crashes found)...[0m
[1;94m[*] [0mFuzzing test case #80 (283 total, 19 uniq crashes found)...[0m
[1;94m[*] [0mFuzzing test case #91 (283 total, 19 uniq crashes found)...[0m
[1;94m[*] [0mFuzzing test case #98 (283 total, 19 uniq crashes found)...[0m
[1;94m[*] [0mFuzzing test case #102 (283 total, 19 uniq crashes found)...[0m
[1;94m[*] [0mFuzzing test case #106 (283 total, 19 uniq crashes found)...[0m
[1;94m[*] [0mFuzzing test case #108 (283 total, 19 uniq crashes found)...[0m
[1;94m[*] [0mFuzzing test case #114 (283 total, 19 uniq crashes found)...[0m
[1;94m[*] [0mFuzzing test case #117 (283 total, 19 uniq crashes found)...[0m
[1;94m[*] [0mFuzzing test case #123 (283 total, 19 uniq crashes found)...[0m
[1;94m[*] [0mFuzzing test case #125 (283 total, 19 uniq crashes found)...[0m
[1;94m[*] [0mFuzzing test case #127 (283 total, 19 uniq crashes found)...[0m
[1;94m[*] [0mFuzzing test case #128 (283 total, 21 uniq crashes found)...[0m
[1;94m[*] [0mFuzzing test case #129 (283 total, 21 uniq crashes found)...[0m
[1;94m[*] [0mFuzzing test case #130 (283 total, 21 uniq crashes found)...[0m
[1;94m[*] [0mFuzzing test case #132 (283 total, 21 uniq crashes found)...[0m
[1;94m[*] [0mFuzzing test case #133 (283 total, 21 uniq crashes found)...[0m
[1;94m[*] [0mFuzzing test case #134 (283 total, 21 uniq crashes found)...[0m
[1;94m[*] [0mFuzzing test case #138 (283 total, 21 uniq crashes found)...[0m
[1;94m[*] [0mFuzzing test case #139 (283 total, 21 uniq crashes found)...[0m
[1;94m[*] [0mFuzzing test case #141 (283 total, 21 uniq crashes found)...[0m
[1;94m[*] [0mFuzzing test case #142 (283 total, 21 uniq crashes found)...[0m
[1;94m[*] [0mFuzzing test case #146 (283 total, 21 uniq crashes found)...[0m
[1;94m[*] [0mFuzzing test case #149 (283 total, 21 uniq crashes found)...[0m
[1;94m[*] [0mFuzzing test case #150 (283 total, 21 uniq crashes found)...[0m
[1;94m[*] [0mFuzzing test case #152 (283 total, 21 uniq crashes found)...[0m
[1;94m[*] [0mFuzzing test case #153 (283 total, 21 uniq crashes found)...[0m
[1;94m[*] [0mFuzzing test case #154 (283 total, 21 uniq crashes found)...[0m
[1;94m[*] [0mFuzzing test case #155 (283 total, 21 uniq crashes found)...[0m
[1;94m[*] [0mFuzzing test case #156 (283 total, 21 uniq crashes found)...[0m
[1;94m[*] [0mFuzzing test case #159 (283 total, 21 uniq crashes found)...[0m
[1;94m[*] [0mFuzzing test case #160 (283 total, 21 uniq crashes found)...[0m
[1;94m[*] [0mFuzzing test case #161 (283 total, 21 uniq crashes found)...[0m
[1;94m[*] [0mFuzzing test case #162 (283 total, 21 uniq crashes found)...[0m
[1;94m[*] [0mFuzzing test case #163 (283 total, 21 uniq crashes found)...[0m
[1;94m[*] [0mFuzzing test case #164 (283 total, 21 uniq crashes found)...[0m
[1;94m[*] [0mFuzzing test case #165 (283 total, 21 uniq crashes found)...[0m
[1;94m[*] [0mFuzzing test case #168 (283 total, 21 uniq crashes found)...[0m
[1;94m[*] [0mFuzzing test case #169 (283 total, 21 uniq crashes found)...[0m
[1;94m[*] [0mFuzzing test case #170 (283 total, 21 uniq crashes found)...[0m
[1;94m[*] [0mFuzzing test case #172 (283 total, 21 uniq crashes found)...[0m
[1;94m[*] [0mFuzzing test case #173 (283 total, 21 uniq crashes found)...[0m
[1;94m[*] [0mFuzzing test case #175 (284 total, 21 uniq crashes found)...[0m
[1;94m[*] [0mFuzzing test case #176 (284 total, 21 uniq crashes found)...[0m
[1;94m[*] [0mFuzzing test case #178 (284 total, 21 uniq crashes found)...[0m
[1;94m[*] [0mFuzzing test case #179 (284 total, 21 uniq crashes found)...[0m
[1;94m[*] [0mFuzzing test case #180 (284 total, 21 uniq crashes found)...[0m
[1;94m[*] [0mFuzzing test case #181 (284 total, 21 uniq crashes found)...[0m
[1;94m[*] [0mFuzzing test case #182 (284 total, 21 uniq crashes found)...[0m
[1;94m[*] [0mFuzzing test case #186 (284 total, 21 uniq crashes found)...[0m
[1;94m[*] [0mFuzzing test case #189 (284 total, 21 uniq crashes found)...[0m
[1;94m[*] [0mFuzzing test case #192 (284 total, 21 uniq crashes found)...[0m
[1;94m[*] [0mFuzzing test case #195 (284 total, 21 uniq crashes found)...[0m
[1;94m[*] [0mFuzzing test case #196 (284 total, 21 uniq crashes found)...[0m
[1;94m[*] [0mFuzzing test case #198 (284 total, 21 uniq crashes found)...[0m
[1;94m[*] [0mFuzzing test case #201 (284 total, 21 uniq crashes found)...[0m
[1;94m[*] [0mFuzzing test case #202 (284 total, 21 uniq crashes found)...[0m
[1;94m[*] [0mFuzzing test case #206 (284 total, 21 uniq crashes found)...[0m
[1;94m[*] [0mFuzzing test case #208 (284 total, 21 uniq crashes found)...[0m
[1;94m[*] [0mFuzzing test case #209 (284 total, 21 uniq crashes found)...[0m
[1;94m[*] [0mFuzzing test case #210 (284 total, 21 uniq crashes found)...[0m
[1;94m[*] [0mFuzzing test case #211 (284 total, 21 uniq crashes found)...[0m
[1;94m[*] [0mFuzzing test case #212 (284 total, 21 uniq crashes found)...[0m
[1;94m[*] [0mFuzzing test case #213 (284 total, 21 uniq crashes found)...[0m
[1;94m[*] [0mFuzzing test case #214 (284 total, 21 uniq crashes found)...[0m
[1;94m[*] [0mFuzzing test case #215 (284 total, 21 uniq crashes found)...[0m
[1;94m[*] [0mFuzzing test case #216 (284 total, 21 uniq crashes found)...[0m
[1;94m[*] [0mFuzzing test case #217 (284 total, 21 uniq crashes found)...[0m
[1;94m[*] [0mFuzzing test case #218 (284 total, 21 uniq crashes found)...[0m
[1;94m[*] [0mFuzzing test case #220 (284 total, 21 uniq crashes found)...[0m
[1;94m[*] [0mFuzzing test case #222 (284 total, 21 uniq crashes found)...[0m
[1;94m[*] [0mFuzzing test case #223 (284 total, 21 uniq crashes found)...[0m
[1;94m[*] [0mFuzzing test case #224 (284 total, 21 uniq crashes found)...[0m
[1;94m[*] [0mFuzzing test case #225 (284 total, 21 uniq crashes found)...[0m
[1;94m[*] [0mFuzzing test case #228 (284 total, 21 uniq crashes found)...[0m
[1;94m[*] [0mFuzzing test case #229 (284 total, 21 uniq crashes found)...[0m
[1;94m[*] [0mFuzzing test case #236 (284 total, 21 uniq crashes found)...[0m
[1;94m[*] [0mFuzzing test case #237 (284 total, 21 uniq crashes found)...[0m
[1;94m[*] [0mFuzzing test case #238 (284 total, 21 uniq crashes found)...[0m
[1;94m[*] [0mFuzzing test case #239 (284 total, 21 uniq crashes found)...[0m
[1;94m[*] [0mFuzzing test case #241 (284 total, 21 uniq crashes found)...[0m
[1;94m[*] [0mFuzzing test case #243 (284 total, 21 uniq crashes found)...[0m
[1;94m[*] [0mFuzzing test case #246 (284 total, 21 uniq crashes found)...[0m
[1;94m[*] [0mFuzzing test case #247 (284 total, 21 uniq crashes found)...[0m
[1;94m[*] [0mFuzzing test case #249 (284 total, 21 uniq crashes found)...[0m
[1;94m[*] [0mFuzzing test case #250 (284 total, 21 uniq crashes found)...[0m
[1;94m[*] [0mFuzzing test case #251 (284 total, 21 uniq crashes found)...[0m
[1;94m[*] [0mFuzzing test case #256 (284 total, 21 uniq crashes found)...[0m
[1;94m[*] [0mFuzzing test case #257 (284 total, 21 uniq crashes found)...[0m
[1;94m[*] [0mFuzzing test case #258 (284 total, 21 uniq crashes found)...[0m
[1;94m[*] [0mFuzzing test case #261 (284 total, 21 uniq crashes found)...[0m
[1;94m[*] [0mFuzzing test case #266 (284 total, 21 uniq crashes found)...[0m
[1;94m[*] [0mFuzzing test case #267 (284 total, 21 uniq crashes found)...[0m
[1;94m[*] [0mFuzzing test case #269 (284 total, 21 uniq crashes found)...[0m
[1;94m[*] [0mFuzzing test case #272 (284 total, 21 uniq crashes found)...[0m
[1;94m[*] [0mFuzzing test case #273 (284 total, 21 uniq crashes found)...[0m
[1;94m[*] [0mFuzzing test case #275 (284 total, 21 uniq crashes found)...[0m
[1;94m[*] [0mFuzzing test case #276 (284 total, 21 uniq crashes found)...[0m
[1;94m[*] [0mFuzzing test case #278 (284 total, 23 uniq crashes found)...[0m
[1;94m[*] [0mFuzzing test case #280 (284 total, 23 uniq crashes found)...[0m
[1;94m[*] [0mFuzzing test case #281 (284 total, 23 uniq crashes found)...[0m
[1;94m[*] [0mFuzzing test case #282 (284 total, 23 uniq crashes found)...[0m
[1;94m[*] [0mEntering queue cycle 4.[0m
[1;94m[*] [0mFuzzing test case #3 (284 total, 23 uniq crashes found)...[0m
[1;94m[*] [0mFuzzing test case #17 (284 total, 23 uniq crashes found)...[0m
[1;94m[*] [0mFuzzing test case #22 (284 total, 23 uniq crashes found)...[0m
[1;94m[*] [0mFuzzing test case #24 (284 total, 23 uniq crashes found)...[0m
[1;94m[*] [0mFuzzing test case #27 (284 total, 23 uniq crashes found)...[0m
[1;94m[*] [0mFuzzing test case #37 (284 total, 23 uniq crashes found)...[0m
[1;94m[*] [0mFuzzing test case #40 (284 total, 23 uniq crashes found)...[0m
[1;94m[*] [0mFuzzing test case #41 (284 total, 23 uniq crashes found)...[0m
[1;94m[*] [0mFuzzing test case #45 (284 total, 23 uniq crashes found)...[0m
[1;94m[*] [0mFuzzing test case #46 (284 total, 23 uniq crashes found)...[0m
[1;94m[*] [0mFuzzing test case #53 (284 total, 23 uniq crashes found)...[0m
[1;94m[*] [0mFuzzing test case #55 (284 total, 23 uniq crashes found)...[0m
[1;94m[*] [0mFuzzing test case #63 (284 total, 23 uniq crashes found)...[0m
[1;94m[*] [0mFuzzing test case #64 (284 total, 23 uniq crashes found)...[0m
[1;94m[*] [0mFuzzing test case #67 (284 total, 23 uniq crashes found)...[0m
[1;94m[*] [0mFuzzing test case #91 (284 total, 23 uniq crashes found)...[0m
[1;94m[*] [0mFuzzing test case #98 (284 total, 23 uniq crashes found)...[0m
[1;94m[*] [0mFuzzing test case #99 (284 total, 23 uniq crashes found)...[0m
[1;94m[*] [0mFuzzing test case #102 (284 total, 23 uniq crashes found)...[0m
[1;94m[*] [0mFuzzing test case #107 (284 total, 23 uniq crashes found)...[0m
[1;94m[*] [0mFuzzing test case #108 (284 total, 23 uniq crashes found)...[0m
[1;94m[*] [0mFuzzing test case #114 (284 total, 23 uniq crashes found)...[0m
[1;94m[*] [0mFuzzing test case #116 (284 total, 23 uniq crashes found)...[0m
[1;94m[*] [0mFuzzing test case #117 (284 total, 23 uniq crashes found)...[0m
[1;94m[*] [0mFuzzing test case #121 (284 total, 23 uniq crashes found)...[0m
[1;94m[*] [0mFuzzing test case #124 (284 total, 23 uniq crashes found)...[0m
[1;94m[*] [0mFuzzing test case #125 (284 total, 23 uniq crashes found)...[0m
[1;94m[*] [0mFuzzing test case #126 (284 total, 23 uniq crashes found)...[0m
[1;94m[*] [0mFuzzing test case #128 (284 total, 23 uniq crashes found)...[0m
[1;94m[*] [0mFuzzing test case #129 (284 total, 23 uniq crashes found)...[0m
[1;94m[*] [0mFuzzing test case #130 (284 total, 23 uniq crashes found)...[0m
[1;94m[*] [0mFuzzing test case #133 (284 total, 23 uniq crashes found)...[0m
[1;94m[*] [0mFuzzing test case #134 (284 total, 23 uniq crashes found)...[0m
[1;94m[*] [0mFuzzing test case #138 (284 total, 23 uniq crashes found)...[0m
[1;94m[*] [0mFuzzing test case #139 (284 total, 23 uniq crashes found)...[0m
[1;94m[*] [0mFuzzing test case #141 (284 total, 23 uniq crashes found)...[0m
[1;94m[*] [0mFuzzing test case #144 (284 total, 23 uniq crashes found)...[0m
[1;94m[*] [0mFuzzing test case #146 (284 total, 23 uniq crashes found)...[0m
[1;94m[*] [0mFuzzing test case #149 (284 total, 23 uniq crashes found)...[0m
[1;94m[*] [0mFuzzing test case #150 (284 total, 23 uniq crashes found)...[0m
[1;94m[*] [0mFuzzing test case #151 (284 total, 23 uniq crashes found)...[0m
[1;94m[*] [0mFuzzing test case #152 (284 total, 23 uniq crashes found)...[0m
[1;94m[*] [0mFuzzing test case #153 (284 total, 23 uniq crashes found)...[0m
[1;94m[*] [0mFuzzing test case #154 (284 total, 23 uniq crashes found)...[0m
[1;94m[*] [0mFuzzing test case #155 (284 total, 23 uniq crashes found)...[0m
[1;94m[*] [0mFuzzing test case #159 (284 total, 23 uniq crashes found)...[0m
[1;94m[*] [0mFuzzing test case #160 (284 total, 23 uniq crashes found)...[0m
[1;94m[*] [0mFuzzing test case #161 (284 total, 23 uniq crashes found)...[0m
[1;94m[*] [0mFuzzing test case #162 (284 total, 23 uniq crashes found)...[0m
[1;94m[*] [0mFuzzing test case #164 (284 total, 23 uniq crashes found)...[0m
[1;94m[*] [0mFuzzing test case #165 (284 total, 23 uniq crashes found)...[0m
[1;94m[*] [0mFuzzing test case #168 (284 total, 23 uniq crashes found)...[0m
[1;94m[*] [0mFuzzing test case #169 (284 total, 23 uniq crashes found)...[0m
[1;94m[*] [0mFuzzing test case #170 (284 total, 23 uniq crashes found)...[0m
[1;94m[*] [0mFuzzing test case #175 (284 total, 23 uniq crashes found)...[0m
[1;94m[*] [0mFuzzing test case #178 (284 total, 23 uniq crashes found)...[0m
[1;94m[*] [0mFuzzing test case #179 (284 total, 23 uniq crashes found)...[0m
[1;94m[*] [0mFuzzing test case #180 (284 total, 23 uniq crashes found)...[0m
[1;94m[*] [0mFuzzing test case #184 (284 total, 23 uniq crashes found)...[0m
[1;94m[*] [0mFuzzing test case #186 (284 total, 23 uniq crashes found)...[0m
[1;94m[*] [0mFuzzing test case #187 (284 total, 23 uniq crashes found)...[0m
[1;94m[*] [0mFuzzing test case #189 (284 total, 23 uniq crashes found)...[0m
[1;94m[*] [0mFuzzing test case #192 (284 total, 23 uniq crashes found)...[0m
[1;94m[*] [0mFuzzing test case #195 (284 total, 23 uniq crashes found)...[0m
[1;94m[*] [0mFuzzing test case #196 (284 total, 23 uniq crashes found)...[0m
[1;94m[*] [0mFuzzing test case #198 (284 total, 23 uniq crashes found)...[0m
[1;94m[*] [0mFuzzing test case #200 (284 total, 23 uniq crashes found)...[0m
[1;94m[*] [0mFuzzing test case #201 (284 total, 23 uniq crashes found)...[0m
[1;94m[*] [0mFuzzing test case #202 (284 total, 23 uniq crashes found)...[0m
[1;94m[*] [0mFuzzing test case #203 (284 total, 23 uniq crashes found)...[0m
[1;94m[*] [0mFuzzing test case #206 (284 total, 23 uniq crashes found)...[0m
[1;94m[*] [0mFuzzing test case #208 (284 total, 23 uniq crashes found)...[0m
[1;94m[*] [0mFuzzing test case #210 (284 total, 23 uniq crashes found)...[0m
[1;94m[*] [0mFuzzing test case #211 (284 total, 23 uniq crashes found)...[0m
[1;94m[*] [0mFuzzing test case #212 (284 total, 23 uniq crashes found)...[0m
[1;94m[*] [0mFuzzing test case #213 (284 total, 23 uniq crashes found)...[0m
[1;94m[*] [0mFuzzing test case #214 (284 total, 23 uniq crashes found)...[0m
[1;94m[*] [0mFuzzing test case #215 (284 total, 23 uniq crashes found)...[0m
[1;94m[*] [0mFuzzing test case #216 (284 total, 23 uniq crashes found)...[0m
[1;94m[*] [0mFuzzing test case #217 (284 total, 23 uniq crashes found)...[0m
[1;94m[*] [0mFuzzing test case #218 (284 total, 23 uniq crashes found)...[0m
[1;94m[*] [0mFuzzing test case #221 (284 total, 23 uniq crashes found)...[0m
[1;94m[*] [0mFuzzing test case #223 (284 total, 23 uniq crashes found)...[0m
[1;94m[*] [0mFuzzing test case #224 (284 total, 23 uniq crashes found)...[0m
[1;94m[*] [0mFuzzing test case #228 (284 total, 23 uniq crashes found)...[0m
[1;94m[*] [0mFuzzing test case #229 (284 total, 23 uniq crashes found)...[0m
[1;94m[*] [0mFuzzing test case #230 (284 total, 23 uniq crashes found)...[0m
[1;94m[*] [0mFuzzing test case #236 (284 total, 23 uniq crashes found)...[0m
[1;94m[*] [0mFuzzing test case #237 (284 total, 23 uniq crashes found)...[0m
[1;94m[*] [0mFuzzing test case #238 (284 total, 23 uniq crashes found)...[0m
[1;94m[*] [0mFuzzing test case #239 (284 total, 23 uniq crashes found)...[0m
[1;94m[*] [0mFuzzing test case #241 (284 total, 23 uniq crashes found)...[0m
[1;94m[*] [0mFuzzing test case #242 (284 total, 23 uniq crashes found)...[0m
[1;94m[*] [0mFuzzing test case #243 (284 total, 23 uniq crashes found)...[0m
[1;94m[*] [0mFuzzing test case #244 (284 total, 23 uniq crashes found)...[0m
[1;94m[*] [0mFuzzing test case #246 (284 total, 23 uniq crashes found)...[0m
[1;94m[*] [0mFuzzing test case #249 (284 total, 23 uniq crashes found)...[0m
[1;94m[*] [0mFuzzing test case #250 (284 total, 23 uniq crashes found)...[0m
[1;94m[*] [0mFuzzing test case #251 (284 total, 23 uniq crashes found)...[0m
[1;94m[*] [0mFuzzing test case #253 (284 total, 23 uniq crashes found)...[0m
[1;94m[*] [0mFuzzing test case #256 (284 total, 23 uniq crashes found)...[0m
[1;94m[*] [0mFuzzing test case #257 (284 total, 23 uniq crashes found)...[0m
[1;94m[*] [0mFuzzing test case #258 (284 total, 23 uniq crashes found)...[0m
[1;94m[*] [0mFuzzing test case #261 (284 total, 23 uniq crashes found)...[0m
[1;94m[*] [0mFuzzing test case #266 (284 total, 23 uniq crashes found)...[0m
[1;94m[*] [0mFuzzing test case #267 (284 total, 23 uniq crashes found)...[0m
[1;94m[*] [0mFuzzing test case #272 (284 total, 23 uniq crashes found)...[0m
[1;94m[*] [0mFuzzing test case #275 (284 total, 23 uniq crashes found)...[0m
[1;94m[*] [0mFuzzing test case #280 (284 total, 23 uniq crashes found)...[0m
[1;94m[*] [0mEntering queue cycle 5.[0m
[1;94m[*] [0mFuzzing test case #5 (284 total, 23 uniq crashes found)...[0m
[1;94m[*] [0mFuzzing test case #20 (284 total, 23 uniq crashes found)...[0m
[1;94m[*] [0mFuzzing test case #23 (284 total, 23 uniq crashes found)...[0m
[1;94m[*] [0mFuzzing test case #24 (284 total, 23 uniq crashes found)...[0m
[1;94m[*] [0mFuzzing test case #29 (284 total, 23 uniq crashes found)...[0m
[1;94m[*] [0mFuzzing test case #40 (284 total, 23 uniq crashes found)...[0m
[1;94m[*] [0mFuzzing test case #45 (284 total, 23 uniq crashes found)...[0m
[1;94m[*] [0mFuzzing test case #49 (284 total, 23 uniq crashes found)...[0m
[1;94m[*] [0mFuzzing test case #51 (284 total, 23 uniq crashes found)...[0m
[1;94m[*] [0mFuzzing test case #55 (284 total, 23 uniq crashes found)...[0m
[1;94m[*] [0mFuzzing test case #59 (284 total, 23 uniq crashes found)...[0m
[1;94m[*] [0mFuzzing test case #60 (284 total, 23 uniq crashes found)...[0m
[1;94m[*] [0mFuzzing test case #63 (284 total, 23 uniq crashes found)...[0m
[1;94m[*] [0mFuzzing test case #67 (284 total, 23 uniq crashes found)...[0m
[1;94m[*] [0mFuzzing test case #70 (284 total, 23 uniq crashes found)...[0m
[1;94m[*] [0mFuzzing test case #71 (284 total, 23 uniq crashes found)...[0m
[1;94m[*] [0mFuzzing test case #74 (284 total, 23 uniq crashes found)...[0m
[1;94m[*] [0mFuzzing test case #91 (284 total, 23 uniq crashes found)...[0m
[1;94m[*] [0mFuzzing test case #97 (284 total, 23 uniq crashes found)...[0m
[1;94m[*] [0mFuzzing test case #98 (284 total, 23 uniq crashes found)...[0m
[1;94m[*] [0mFuzzing test case #102 (284 total, 23 uniq crashes found)...[0m
[1;94m[*] [0mFuzzing test case #108 (284 total, 23 uniq crashes found)...[0m
[1;94m[*] [0mFuzzing test case #110 (284 total, 23 uniq crashes found)...[0m
[1;94m[*] [0mFuzzing test case #114 (284 total, 23 uniq crashes found)...[0m
[1;94m[*] [0mFuzzing test case #117 (284 total, 23 uniq crashes found)...[0m
[1;94m[*] [0mFuzzing test case #124 (284 total, 23 uniq crashes found)...[0m
[1;94m[*] [0mFuzzing test case #125 (284 total, 23 uniq crashes found)...[0m
[1;94m[*] [0mFuzzing test case #128 (284 total, 23 uniq crashes found)...[0m
[1;94m[*] [0mFuzzing test case #129 (284 total, 23 uniq crashes found)...[0m
[1;94m[*] [0mFuzzing test case #130 (284 total, 23 uniq crashes found)...[0m
[1;94m[*] [0mFuzzing test case #133 (284 total, 23 uniq crashes found)...[0m
[1;94m[*] [0mFuzzing test case #134 (284 total, 23 uniq crashes found)...[0m
[1;94m[*] [0mFuzzing test case #136 (284 total, 23 uniq crashes found)...[0m
[1;94m[*] [0mFuzzing test case #138 (284 total, 23 uniq crashes found)...[0m
[1;94m[*] [0mFuzzing test case #139 (284 total, 23 uniq crashes found)...[0m
[1;94m[*] [0mFuzzing test case #141 (284 total, 24 uniq crashes found)...[0m
[1;94m[*] [0mFuzzing test case #146 (284 total, 24 uniq crashes found)...[0m
[1;94m[*] [0mFuzzing test case #149 (284 total, 24 uniq crashes found)...[0m
[1;94m[*] [0mFuzzing test case #150 (284 total, 24 uniq crashes found)...[0m
[1;94m[*] [0mFuzzing test case #152 (284 total, 24 uniq crashes found)...[0m
[1;94m[*] [0mFuzzing test case #153 (284 total, 24 uniq crashes found)...[0m
[1;94m[*] [0mFuzzing test case #154 (284 total, 24 uniq crashes found)...[0m
[1;94m[*] [0mFuzzing test case #155 (284 total, 24 uniq crashes found)...[0m
[1;94m[*] [0mFuzzing test case #159 (284 total, 24 uniq crashes found)...[0m
[1;94m[*] [0mFuzzing test case #160 (284 total, 24 uniq crashes found)...[0m
[1;94m[*] [0mFuzzing test case #161 (284 total, 24 uniq crashes found)...[0m
[1;94m[*] [0mFuzzing test case #162 (284 total, 24 uniq crashes found)...[0m
[1;94m[*] [0mFuzzing test case #163 (284 total, 24 uniq crashes found)...[0m
[1;94m[*] [0mFuzzing test case #164 (284 total, 24 uniq crashes found)...[0m
[1;94m[*] [0mFuzzing test case #165 (284 total, 24 uniq crashes found)...[0m
[1;94m[*] [0mFuzzing test case #166 (284 total, 24 uniq crashes found)...[0m
[1;94m[*] [0mFuzzing test case #168 (284 total, 24 uniq crashes found)...[0m
[1;94m[*] [0mFuzzing test case #169 (284 total, 24 uniq crashes found)...[0m
[1;94m[*] [0mFuzzing test case #170 (284 total, 24 uniq crashes found)...[0m
[1;94m[*] [0mFuzzing test case #174 (284 total, 24 uniq crashes found)...[0m
[?25h[1;91m

+++ Testing aborted by user +++
[0m[1;92m[+] [0mWe're done here. Have a nice day!
[0m
Child is executing...
afl-fuzz -i /tmp/QuickChick/163456/input -o /tmp/QuickChick/163456/output /tmp/QuickChick/163456/QuickChick320685 @@
Parent is sleeping for 600 seconds...
cp /tmp/QuickChick/163456/output/fuzzer_stats output/163456