QuickChecking (testMutantX prop_SSNI_arbitrary exp_result_fuzz 5)
Extracted ML file: /tmp/QuickChick/140246/QuickChick295abd.ml
Compile command: ocamlopt unix.cmxa /home/lemonidas/.opam/4.04.0+afl/lib/afl-persistent/afl-persistent.cmxa -unsafe-string -rectypes -w a -I /tmp/QuickChick/140246 -I /home/lemonidas/.opam/4.04.0+afl/lib/afl-persistent/ -I /home/lemonidas/.opam/4.04.0+afl/lib/coq/user-contrib/QuickChick /home/lemonidas/.opam/4.04.0+afl/lib/coq/user-contrib/QuickChick/quickChickLib.cmx /tmp/QuickChick/140246/QuickChick295abd.ml -o /tmp/QuickChick/140246/QuickChick295abd
/tmp/QuickChick/140246/input
[0;36mafl-fuzz [1;97m2.52b[0m by <lcamtuf@google.com>
[1;92m[+] [0mLooks like we're not running on a tty, so I'll be a bit less verbose.[0m
[1;92m[+] [0mYou have 8 CPU cores and 1 runnable tasks (utilization: 12%).[0m
[1;92m[+] [0mTry parallel jobs - see docs/parallel_fuzzing.txt.[0m
[1;94m[*] [0mChecking CPU core loadout...[0m
[1;92m[+] [0mFound a free CPU core, binding to #0.[0m
[1;94m[*] [0mChecking core_pattern...[0m
[1;94m[*] [0mChecking CPU scaling governor...[0m
[1;94m[*] [0mSetting up output directories...[0m
[1;94m[*] [0mScanning '/tmp/QuickChick/140246/input'...[0m
[1;92m[+] [0mNo auto-generated dictionary tokens to reuse.[0m
[1;94m[*] [0mCreating hard links for all input files...[0m
[1;94m[*] [0mValidating target binary...[0m
[1;94m[*] [0mAttempting dry run with 'id:000000,orig:seed1'...[0m
[1;94m[*] [0mSpinning up the fork server...[0m
[1;92m[+] [0mAll right - fork server is up.[0m
[1;90m    len = 11, map size = 377, exec speed = 323 us
[0m[1;94m[*] [0mAttempting dry run with 'id:000001,orig:seed2'...[0m
[1;90m    len = 11, map size = 389, exec speed = 281 us
[0m[1;94m[*] [0mAttempting dry run with 'id:000002,orig:seed3'...[0m
[1;90m    len = 11, map size = 369, exec speed = 280 us
[0m[1;92m[+] [0mAll test cases processed.[0m

[1;92m[+] [0mHere are some useful stats:

[1;90m    Test case count : [0m2 favored, 0 variable, 3 total
[1;90m       Bitmap range : [0m369 to 389 bits (average: 378.33 bits)
[1;90m        Exec timing : [0m280 to 323 us (average: 295 us)
[0m
[1;94m[*] [0mNo -t option specified, so I'll use exec timeout of 20 ms.[0m
[1;92m[+] [0mAll set and ready to roll![0m
[1;94m[*] [0mEntering queue cycle 1.[0m
[1;94m[*] [0mFuzzing test case #1 (3 total, 0 uniq crashes found)...[0m
[1;94m[*] [0mFuzzing test case #15 (123 total, 0 uniq crashes found)...[0m
[1;94m[*] [0mFuzzing test case #58 (125 total, 0 uniq crashes found)...[0m
[1;94m[*] [0mFuzzing test case #61 (140 total, 0 uniq crashes found)...[0m
[1;94m[*] [0mFuzzing test case #74 (141 total, 0 uniq crashes found)...[0m
[1;94m[*] [0mFuzzing test case #75 (142 total, 0 uniq crashes found)...[0m
[1;94m[*] [0mFuzzing test case #77 (146 total, 0 uniq crashes found)...[0m
[1;94m[*] [0mFuzzing test case #79 (146 total, 0 uniq crashes found)...[0m
[1;94m[*] [0mFuzzing test case #82 (149 total, 0 uniq crashes found)...[0m
[1;94m[*] [0mFuzzing test case #93 (149 total, 0 uniq crashes found)...[0m
[1;94m[*] [0mFuzzing test case #94 (150 total, 0 uniq crashes found)...[0m
[1;94m[*] [0mFuzzing test case #95 (150 total, 0 uniq crashes found)...[0m
[1;94m[*] [0mFuzzing test case #98 (206 total, 0 uniq crashes found)...[0m
[1;94m[*] [0mFuzzing test case #100 (208 total, 0 uniq crashes found)...[0m
[1;94m[*] [0mFuzzing test case #101 (208 total, 0 uniq crashes found)...[0m
[1;94m[*] [0mFuzzing test case #102 (208 total, 0 uniq crashes found)...[0m
[1;94m[*] [0mFuzzing test case #103 (230 total, 0 uniq crashes found)...[0m
[1;94m[*] [0mFuzzing test case #104 (231 total, 0 uniq crashes found)...[0m
[1;94m[*] [0mFuzzing test case #107 (231 total, 0 uniq crashes found)...[0m
[1;94m[*] [0mFuzzing test case #110 (234 total, 0 uniq crashes found)...[0m
[1;94m[*] [0mFuzzing test case #111 (275 total, 0 uniq crashes found)...[0m
[1;94m[*] [0mFuzzing test case #112 (279 total, 0 uniq crashes found)...[0m
[1;94m[*] [0mFuzzing test case #114 (279 total, 0 uniq crashes found)...[0m
[1;94m[*] [0mFuzzing test case #116 (280 total, 0 uniq crashes found)...[0m
[1;94m[*] [0mFuzzing test case #117 (283 total, 0 uniq crashes found)...[0m
[1;94m[*] [0mFuzzing test case #123 (291 total, 0 uniq crashes found)...[0m
[1;94m[*] [0mFuzzing test case #124 (291 total, 0 uniq crashes found)...[0m
[1;94m[*] [0mFuzzing test case #128 (291 total, 0 uniq crashes found)...[0m
[1;94m[*] [0mFuzzing test case #131 (291 total, 0 uniq crashes found)...[0m
[1;94m[*] [0mFuzzing test case #134 (291 total, 0 uniq crashes found)...[0m
[1;94m[*] [0mFuzzing test case #135 (291 total, 0 uniq crashes found)...[0m
[1;94m[*] [0mFuzzing test case #138 (300 total, 0 uniq crashes found)...[0m
[1;94m[*] [0mFuzzing test case #140 (300 total, 0 uniq crashes found)...[0m
[1;94m[*] [0mFuzzing test case #141 (300 total, 0 uniq crashes found)...[0m
[1;94m[*] [0mFuzzing test case #144 (321 total, 0 uniq crashes found)...[0m
[1;94m[*] [0mFuzzing test case #146 (324 total, 0 uniq crashes found)...[0m
[1;94m[*] [0mFuzzing test case #150 (329 total, 0 uniq crashes found)...[0m
[1;94m[*] [0mFuzzing test case #157 (329 total, 0 uniq crashes found)...[0m
[1;94m[*] [0mFuzzing test case #158 (329 total, 0 uniq crashes found)...[0m
[1;94m[*] [0mFuzzing test case #160 (329 total, 0 uniq crashes found)...[0m
[1;94m[*] [0mFuzzing test case #162 (329 total, 0 uniq crashes found)...[0m
[1;94m[*] [0mFuzzing test case #173 (329 total, 0 uniq crashes found)...[0m
[1;94m[*] [0mFuzzing test case #175 (329 total, 0 uniq crashes found)...[0m
[1;94m[*] [0mFuzzing test case #184 (329 total, 0 uniq crashes found)...[0m
[1;94m[*] [0mFuzzing test case #187 (329 total, 0 uniq crashes found)...[0m
[1;94m[*] [0mFuzzing test case #189 (330 total, 0 uniq crashes found)...[0m
[1;94m[*] [0mFuzzing test case #192 (331 total, 0 uniq crashes found)...[0m
[1;94m[*] [0mFuzzing test case #201 (332 total, 0 uniq crashes found)...[0m
[1;94m[*] [0mFuzzing test case #202 (332 total, 0 uniq crashes found)...[0m
[1;94m[*] [0mFuzzing test case #203 (332 total, 0 uniq crashes found)...[0m
[1;94m[*] [0mFuzzing test case #204 (333 total, 0 uniq crashes found)...[0m
[1;94m[*] [0mFuzzing test case #206 (333 total, 0 uniq crashes found)...[0m
[1;94m[*] [0mFuzzing test case #208 (335 total, 0 uniq crashes found)...[0m
[1;94m[*] [0mFuzzing test case #209 (335 total, 0 uniq crashes found)...[0m
[1;94m[*] [0mFuzzing test case #210 (336 total, 0 uniq crashes found)...[0m
[1;94m[*] [0mFuzzing test case #211 (336 total, 0 uniq crashes found)...[0m
[1;94m[*] [0mFuzzing test case #212 (336 total, 0 uniq crashes found)...[0m
[1;94m[*] [0mFuzzing test case #213 (336 total, 0 uniq crashes found)...[0m
[1;94m[*] [0mFuzzing test case #214 (336 total, 0 uniq crashes found)...[0m
[1;94m[*] [0mFuzzing test case #215 (336 total, 0 uniq crashes found)...[0m
[1;94m[*] [0mFuzzing test case #216 (336 total, 0 uniq crashes found)...[0m
[1;94m[*] [0mFuzzing test case #217 (336 total, 0 uniq crashes found)...[0m
[1;94m[*] [0mFuzzing test case #218 (337 total, 0 uniq crashes found)...[0m
[1;94m[*] [0mFuzzing test case #220 (337 total, 0 uniq crashes found)...[0m
[1;94m[*] [0mFuzzing test case #221 (341 total, 0 uniq crashes found)...[0m
[1;94m[*] [0mFuzzing test case #222 (341 total, 0 uniq crashes found)...[0m
[1;94m[*] [0mFuzzing test case #224 (341 total, 0 uniq crashes found)...[0m
[1;94m[*] [0mFuzzing test case #225 (341 total, 0 uniq crashes found)...[0m
[1;94m[*] [0mFuzzing test case #231 (349 total, 0 uniq crashes found)...[0m
[1;94m[*] [0mFuzzing test case #234 (349 total, 0 uniq crashes found)...[0m
[1;94m[*] [0mFuzzing test case #238 (349 total, 0 uniq crashes found)...[0m
[1;94m[*] [0mFuzzing test case #242 (349 total, 0 uniq crashes found)...[0m
[1;94m[*] [0mFuzzing test case #243 (349 total, 0 uniq crashes found)...[0m
[1;94m[*] [0mFuzzing test case #246 (351 total, 0 uniq crashes found)...[0m
[1;94m[*] [0mFuzzing test case #247 (353 total, 0 uniq crashes found)...[0m
[1;94m[*] [0mFuzzing test case #254 (353 total, 0 uniq crashes found)...[0m
[1;94m[*] [0mFuzzing test case #259 (363 total, 0 uniq crashes found)...[0m
[1;94m[*] [0mFuzzing test case #261 (363 total, 0 uniq crashes found)...[0m
[1;94m[*] [0mFuzzing test case #263 (365 total, 0 uniq crashes found)...[0m
[1;94m[*] [0mFuzzing test case #267 (365 total, 0 uniq crashes found)...[0m
[1;94m[*] [0mFuzzing test case #268 (367 total, 0 uniq crashes found)...[0m
[1;94m[*] [0mFuzzing test case #269 (369 total, 0 uniq crashes found)...[0m
[1;94m[*] [0mFuzzing test case #270 (369 total, 0 uniq crashes found)...[0m
[1;94m[*] [0mFuzzing test case #271 (370 total, 0 uniq crashes found)...[0m
[1;94m[*] [0mFuzzing test case #276 (371 total, 0 uniq crashes found)...[0m
[1;94m[*] [0mFuzzing test case #278 (373 total, 0 uniq crashes found)...[0m
[1;94m[*] [0mFuzzing test case #280 (375 total, 0 uniq crashes found)...[0m
[1;94m[*] [0mFuzzing test case #281 (375 total, 0 uniq crashes found)...[0m
[1;94m[*] [0mFuzzing test case #282 (375 total, 0 uniq crashes found)...[0m
[1;94m[*] [0mFuzzing test case #283 (376 total, 0 uniq crashes found)...[0m
[1;94m[*] [0mFuzzing test case #284 (377 total, 0 uniq crashes found)...[0m
[1;94m[*] [0mFuzzing test case #285 (377 total, 0 uniq crashes found)...[0m
[1;94m[*] [0mFuzzing test case #287 (380 total, 0 uniq crashes found)...[0m
[1;94m[*] [0mFuzzing test case #289 (380 total, 0 uniq crashes found)...[0m
[1;94m[*] [0mFuzzing test case #290 (384 total, 0 uniq crashes found)...[0m
[1;94m[*] [0mFuzzing test case #292 (384 total, 0 uniq crashes found)...[0m
[1;94m[*] [0mFuzzing test case #293 (384 total, 0 uniq crashes found)...[0m
[1;94m[*] [0mFuzzing test case #294 (384 total, 0 uniq crashes found)...[0m
[1;94m[*] [0mFuzzing test case #295 (384 total, 0 uniq crashes found)...[0m
[1;94m[*] [0mFuzzing test case #297 (385 total, 0 uniq crashes found)...[0m
[1;94m[*] [0mFuzzing test case #298 (385 total, 0 uniq crashes found)...[0m
[1;94m[*] [0mFuzzing test case #299 (385 total, 0 uniq crashes found)...[0m
[1;94m[*] [0mFuzzing test case #300 (387 total, 0 uniq crashes found)...[0m
[1;94m[*] [0mFuzzing test case #301 (388 total, 0 uniq crashes found)...[0m
[1;94m[*] [0mFuzzing test case #302 (388 total, 0 uniq crashes found)...[0m
[1;94m[*] [0mFuzzing test case #303 (389 total, 0 uniq crashes found)...[0m
[1;94m[*] [0mFuzzing test case #304 (389 total, 0 uniq crashes found)...[0m
[1;94m[*] [0mFuzzing test case #305 (389 total, 0 uniq crashes found)...[0m
[1;94m[*] [0mFuzzing test case #306 (389 total, 0 uniq crashes found)...[0m
[1;94m[*] [0mFuzzing test case #309 (389 total, 0 uniq crashes found)...[0m
[1;94m[*] [0mFuzzing test case #311 (390 total, 0 uniq crashes found)...[0m
[1;94m[*] [0mFuzzing test case #312 (391 total, 0 uniq crashes found)...[0m
[1;94m[*] [0mFuzzing test case #313 (392 total, 0 uniq crashes found)...[0m
[1;94m[*] [0mFuzzing test case #315 (392 total, 0 uniq crashes found)...[0m
[1;94m[*] [0mFuzzing test case #316 (392 total, 0 uniq crashes found)...[0m
[1;94m[*] [0mFuzzing test case #320 (392 total, 0 uniq crashes found)...[0m
[1;94m[*] [0mFuzzing test case #321 (395 total, 0 uniq crashes found)...[0m
[1;94m[*] [0mFuzzing test case #322 (395 total, 0 uniq crashes found)...[0m
[1;94m[*] [0mFuzzing test case #325 (395 total, 0 uniq crashes found)...[0m
[1;94m[*] [0mFuzzing test case #327 (397 total, 0 uniq crashes found)...[0m
[1;94m[*] [0mFuzzing test case #328 (399 total, 0 uniq crashes found)...[0m
[1;94m[*] [0mFuzzing test case #329 (399 total, 0 uniq crashes found)...[0m
[1;94m[*] [0mFuzzing test case #332 (401 total, 0 uniq crashes found)...[0m
[1;94m[*] [0mFuzzing test case #335 (402 total, 0 uniq crashes found)...[0m
[1;94m[*] [0mFuzzing test case #336 (402 total, 0 uniq crashes found)...[0m
[1;94m[*] [0mFuzzing test case #337 (402 total, 0 uniq crashes found)...[0m
[1;94m[*] [0mFuzzing test case #338 (402 total, 0 uniq crashes found)...[0m
[?25h[1;91m

+++ Testing aborted by user +++
[0m[1;92m[+] [0mWe're done here. Have a nice day!
[0m
Child is executing...
afl-fuzz -i /tmp/QuickChick/140246/input -o /tmp/QuickChick/140246/output /tmp/QuickChick/140246/QuickChick295abd @@
Parent is sleeping for 600 seconds...
cp /tmp/QuickChick/140246/output/fuzzer_stats output/140246