QuickChecking (testMutantX prop_SSNI_arbmedium exp_result_fuzz 2)
Extracted ML file: /tmp/QuickChick/131202/QuickChickb08052.ml
Compile command: ocamlopt unix.cmxa /home/lemonidas/.opam/4.04.0+afl/lib/afl-persistent/afl-persistent.cmxa -unsafe-string -rectypes -w a -I /tmp/QuickChick/131202 -I /home/lemonidas/.opam/4.04.0+afl/lib/afl-persistent/ -I /home/lemonidas/.opam/4.04.0+afl/lib/coq/user-contrib/QuickChick /home/lemonidas/.opam/4.04.0+afl/lib/coq/user-contrib/QuickChick/quickChickLib.cmx /tmp/QuickChick/131202/QuickChickb08052.ml -o /tmp/QuickChick/131202/QuickChickb08052
/tmp/QuickChick/131202/input
[0;36mafl-fuzz [1;97m2.52b[0m by <lcamtuf@google.com>
[1;92m[+] [0mLooks like we're not running on a tty, so I'll be a bit less verbose.[0m
[1;92m[+] [0mYou have 8 CPU cores and 3 runnable tasks (utilization: 38%).[0m
[1;92m[+] [0mTry parallel jobs - see docs/parallel_fuzzing.txt.[0m
[1;94m[*] [0mChecking CPU core loadout...[0m
[1;92m[+] [0mFound a free CPU core, binding to #0.[0m
[1;94m[*] [0mChecking core_pattern...[0m
[1;94m[*] [0mChecking CPU scaling governor...[0m
[1;94m[*] [0mSetting up output directories...[0m
[1;94m[*] [0mScanning '/tmp/QuickChick/131202/input'...[0m
[1;92m[+] [0mNo auto-generated dictionary tokens to reuse.[0m
[1;94m[*] [0mCreating hard links for all input files...[0m
[1;94m[*] [0mValidating target binary...[0m
[1;94m[*] [0mAttempting dry run with 'id:000000,orig:seed1'...[0m
[1;94m[*] [0mSpinning up the fork server...[0m
[1;92m[+] [0mAll right - fork server is up.[0m
[1;90m    len = 11, map size = 385, exec speed = 320 us
[0m[1;94m[*] [0mAttempting dry run with 'id:000001,orig:seed2'...[0m
[1;90m    len = 11, map size = 397, exec speed = 290 us
[0m[1;94m[*] [0mAttempting dry run with 'id:000002,orig:seed3'...[0m
[1;90m    len = 11, map size = 377, exec speed = 298 us
[0m[1;92m[+] [0mAll test cases processed.[0m

[1;92m[+] [0mHere are some useful stats:

[1;90m    Test case count : [0m1 favored, 0 variable, 3 total
[1;90m       Bitmap range : [0m377 to 397 bits (average: 386.33 bits)
[1;90m        Exec timing : [0m290 to 320 us (average: 302 us)
[0m
[1;94m[*] [0mNo -t option specified, so I'll use exec timeout of 20 ms.[0m
[1;92m[+] [0mAll set and ready to roll![0m
[1;94m[*] [0mEntering queue cycle 1.[0m
[1;94m[*] [0mFuzzing test case #1 (3 total, 0 uniq crashes found)...[0m
[1;94m[*] [0mFuzzing test case #3 (228 total, 0 uniq crashes found)...[0m
[1;94m[*] [0mFuzzing test case #33 (251 total, 0 uniq crashes found)...[0m
[1;94m[*] [0mFuzzing test case #37 (251 total, 0 uniq crashes found)...[0m
[1;94m[*] [0mFuzzing test case #47 (251 total, 0 uniq crashes found)...[0m
[1;94m[*] [0mFuzzing test case #50 (251 total, 0 uniq crashes found)...[0m
[1;94m[*] [0mFuzzing test case #53 (280 total, 3 uniq crashes found)...[0m
[1;94m[*] [0mFuzzing test case #65 (280 total, 3 uniq crashes found)...[0m
[1;94m[*] [0mFuzzing test case #66 (280 total, 3 uniq crashes found)...[0m
[1;94m[*] [0mFuzzing test case #82 (280 total, 3 uniq crashes found)...[0m
[1;94m[*] [0mFuzzing test case #83 (280 total, 3 uniq crashes found)...[0m
[1;94m[*] [0mFuzzing test case #95 (281 total, 3 uniq crashes found)...[0m
[1;94m[*] [0mFuzzing test case #96 (281 total, 3 uniq crashes found)...[0m
[1;94m[*] [0mFuzzing test case #99 (281 total, 3 uniq crashes found)...[0m
[1;94m[*] [0mFuzzing test case #117 (281 total, 3 uniq crashes found)...[0m
[1;94m[*] [0mFuzzing test case #126 (283 total, 3 uniq crashes found)...[0m
[1;94m[*] [0mFuzzing test case #134 (283 total, 3 uniq crashes found)...[0m
[1;94m[*] [0mFuzzing test case #136 (283 total, 3 uniq crashes found)...[0m
[1;94m[*] [0mFuzzing test case #144 (283 total, 3 uniq crashes found)...[0m
[1;94m[*] [0mFuzzing test case #146 (283 total, 3 uniq crashes found)...[0m
[1;94m[*] [0mFuzzing test case #147 (283 total, 3 uniq crashes found)...[0m
[1;94m[*] [0mFuzzing test case #148 (284 total, 3 uniq crashes found)...[0m
[1;94m[*] [0mFuzzing test case #152 (284 total, 3 uniq crashes found)...[0m
[1;94m[*] [0mFuzzing test case #157 (284 total, 3 uniq crashes found)...[0m
[1;94m[*] [0mFuzzing test case #158 (284 total, 3 uniq crashes found)...[0m
[1;94m[*] [0mFuzzing test case #159 (286 total, 3 uniq crashes found)...[0m
[1;94m[*] [0mFuzzing test case #160 (286 total, 3 uniq crashes found)...[0m
[1;94m[*] [0mFuzzing test case #163 (286 total, 3 uniq crashes found)...[0m
[1;94m[*] [0mFuzzing test case #167 (286 total, 3 uniq crashes found)...[0m
[1;94m[*] [0mFuzzing test case #168 (286 total, 3 uniq crashes found)...[0m
[1;94m[*] [0mFuzzing test case #169 (286 total, 3 uniq crashes found)...[0m
[1;94m[*] [0mFuzzing test case #172 (287 total, 3 uniq crashes found)...[0m
[1;94m[*] [0mFuzzing test case #173 (287 total, 3 uniq crashes found)...[0m
[1;94m[*] [0mFuzzing test case #175 (289 total, 3 uniq crashes found)...[0m
[1;94m[*] [0mFuzzing test case #177 (289 total, 3 uniq crashes found)...[0m
[1;94m[*] [0mFuzzing test case #178 (289 total, 3 uniq crashes found)...[0m
[1;94m[*] [0mFuzzing test case #182 (289 total, 3 uniq crashes found)...[0m
[1;94m[*] [0mFuzzing test case #183 (289 total, 3 uniq crashes found)...[0m
[1;94m[*] [0mFuzzing test case #184 (289 total, 3 uniq crashes found)...[0m
[1;94m[*] [0mFuzzing test case #186 (289 total, 3 uniq crashes found)...[0m
[1;94m[*] [0mFuzzing test case #187 (289 total, 3 uniq crashes found)...[0m
[1;94m[*] [0mFuzzing test case #188 (290 total, 3 uniq crashes found)...[0m
[1;94m[*] [0mFuzzing test case #189 (290 total, 3 uniq crashes found)...[0m
[1;94m[*] [0mFuzzing test case #191 (290 total, 3 uniq crashes found)...[0m
[1;94m[*] [0mFuzzing test case #192 (290 total, 3 uniq crashes found)...[0m
[1;94m[*] [0mFuzzing test case #195 (290 total, 3 uniq crashes found)...[0m
[1;94m[*] [0mFuzzing test case #198 (290 total, 3 uniq crashes found)...[0m
[1;94m[*] [0mFuzzing test case #203 (290 total, 3 uniq crashes found)...[0m
[1;94m[*] [0mFuzzing test case #205 (290 total, 3 uniq crashes found)...[0m
[1;94m[*] [0mFuzzing test case #207 (291 total, 3 uniq crashes found)...[0m
[1;94m[*] [0mFuzzing test case #210 (291 total, 3 uniq crashes found)...[0m
[1;94m[*] [0mFuzzing test case #211 (292 total, 3 uniq crashes found)...[0m
[1;94m[*] [0mFuzzing test case #212 (292 total, 3 uniq crashes found)...[0m
[1;94m[*] [0mFuzzing test case #213 (292 total, 3 uniq crashes found)...[0m
[1;94m[*] [0mFuzzing test case #214 (292 total, 3 uniq crashes found)...[0m
[1;94m[*] [0mFuzzing test case #217 (292 total, 3 uniq crashes found)...[0m
[1;94m[*] [0mFuzzing test case #218 (292 total, 3 uniq crashes found)...[0m
[1;94m[*] [0mFuzzing test case #219 (292 total, 3 uniq crashes found)...[0m
[1;94m[*] [0mFuzzing test case #220 (292 total, 3 uniq crashes found)...[0m
[1;94m[*] [0mFuzzing test case #223 (292 total, 3 uniq crashes found)...[0m
[1;94m[*] [0mFuzzing test case #224 (292 total, 3 uniq crashes found)...[0m
[1;94m[*] [0mFuzzing test case #227 (292 total, 3 uniq crashes found)...[0m
[1;94m[*] [0mFuzzing test case #235 (292 total, 3 uniq crashes found)...[0m
[1;94m[*] [0mFuzzing test case #236 (293 total, 3 uniq crashes found)...[0m
[1;94m[*] [0mFuzzing test case #237 (293 total, 3 uniq crashes found)...[0m
[1;94m[*] [0mFuzzing test case #238 (293 total, 3 uniq crashes found)...[0m
[1;94m[*] [0mFuzzing test case #240 (293 total, 3 uniq crashes found)...[0m
[1;94m[*] [0mFuzzing test case #246 (293 total, 3 uniq crashes found)...[0m
[1;94m[*] [0mFuzzing test case #249 (294 total, 3 uniq crashes found)...[0m
[1;94m[*] [0mFuzzing test case #250 (294 total, 3 uniq crashes found)...[0m
[1;94m[*] [0mFuzzing test case #251 (294 total, 5 uniq crashes found)...[0m
[1;94m[*] [0mFuzzing test case #253 (294 total, 6 uniq crashes found)...[0m
[1;94m[*] [0mFuzzing test case #256 (294 total, 6 uniq crashes found)...[0m
[1;94m[*] [0mFuzzing test case #258 (294 total, 6 uniq crashes found)...[0m
[1;94m[*] [0mFuzzing test case #262 (294 total, 6 uniq crashes found)...[0m
[1;94m[*] [0mFuzzing test case #263 (294 total, 6 uniq crashes found)...[0m
[1;94m[*] [0mFuzzing test case #265 (294 total, 6 uniq crashes found)...[0m
[1;94m[*] [0mFuzzing test case #266 (294 total, 6 uniq crashes found)...[0m
[1;94m[*] [0mFuzzing test case #267 (294 total, 6 uniq crashes found)...[0m
[1;94m[*] [0mFuzzing test case #268 (294 total, 6 uniq crashes found)...[0m
[1;94m[*] [0mFuzzing test case #270 (294 total, 6 uniq crashes found)...[0m
[1;94m[*] [0mFuzzing test case #272 (295 total, 9 uniq crashes found)...[0m
[1;94m[*] [0mFuzzing test case #274 (295 total, 9 uniq crashes found)...[0m
[1;94m[*] [0mFuzzing test case #279 (295 total, 9 uniq crashes found)...[0m
[1;94m[*] [0mFuzzing test case #280 (295 total, 9 uniq crashes found)...[0m
[1;94m[*] [0mFuzzing test case #283 (295 total, 9 uniq crashes found)...[0m
[1;94m[*] [0mFuzzing test case #287 (295 total, 10 uniq crashes found)...[0m
[1;94m[*] [0mFuzzing test case #288 (295 total, 10 uniq crashes found)...[0m
[1;94m[*] [0mFuzzing test case #289 (295 total, 10 uniq crashes found)...[0m
[1;94m[*] [0mFuzzing test case #291 (295 total, 10 uniq crashes found)...[0m
[1;94m[*] [0mFuzzing test case #293 (295 total, 10 uniq crashes found)...[0m
[1;94m[*] [0mFuzzing test case #294 (295 total, 10 uniq crashes found)...[0m
[1;94m[*] [0mEntering queue cycle 2.[0m
[1;94m[*] [0mFuzzing test case #0 (295 total, 13 uniq crashes found)...[0m
[1;94m[*] [0mFuzzing test case #2 (295 total, 13 uniq crashes found)...[0m
[1;94m[*] [0mFuzzing test case #11 (295 total, 13 uniq crashes found)...[0m
[1;94m[*] [0mFuzzing test case #14 (295 total, 13 uniq crashes found)...[0m
[1;94m[*] [0mFuzzing test case #17 (295 total, 13 uniq crashes found)...[0m
[1;94m[*] [0mFuzzing test case #21 (295 total, 13 uniq crashes found)...[0m
[1;94m[*] [0mFuzzing test case #24 (295 total, 13 uniq crashes found)...[0m
[1;94m[*] [0mFuzzing test case #30 (295 total, 13 uniq crashes found)...[0m
[1;94m[*] [0mFuzzing test case #33 (295 total, 13 uniq crashes found)...[0m
[1;94m[*] [0mFuzzing test case #35 (295 total, 13 uniq crashes found)...[0m
[1;94m[*] [0mFuzzing test case #43 (295 total, 13 uniq crashes found)...[0m
[1;94m[*] [0mFuzzing test case #46 (295 total, 13 uniq crashes found)...[0m
[1;94m[*] [0mFuzzing test case #47 (295 total, 13 uniq crashes found)...[0m
[1;94m[*] [0mFuzzing test case #53 (295 total, 13 uniq crashes found)...[0m
[1;94m[*] [0mFuzzing test case #54 (295 total, 13 uniq crashes found)...[0m
[1;94m[*] [0mFuzzing test case #56 (295 total, 13 uniq crashes found)...[0m
[1;94m[*] [0mFuzzing test case #61 (295 total, 13 uniq crashes found)...[0m
[1;94m[*] [0mFuzzing test case #62 (295 total, 13 uniq crashes found)...[0m
[1;94m[*] [0mFuzzing test case #63 (295 total, 13 uniq crashes found)...[0m
[1;94m[*] [0mFuzzing test case #65 (295 total, 13 uniq crashes found)...[0m
[1;94m[*] [0mFuzzing test case #66 (295 total, 13 uniq crashes found)...[0m
[1;94m[*] [0mFuzzing test case #74 (295 total, 13 uniq crashes found)...[0m
[1;94m[*] [0mFuzzing test case #75 (295 total, 13 uniq crashes found)...[0m
[1;94m[*] [0mFuzzing test case #82 (295 total, 13 uniq crashes found)...[0m
[1;94m[*] [0mFuzzing test case #83 (295 total, 13 uniq crashes found)...[0m
[1;94m[*] [0mFuzzing test case #86 (295 total, 13 uniq crashes found)...[0m
[1;94m[*] [0mFuzzing test case #91 (295 total, 13 uniq crashes found)...[0m
[1;94m[*] [0mFuzzing test case #95 (295 total, 13 uniq crashes found)...[0m
[1;94m[*] [0mFuzzing test case #96 (296 total, 13 uniq crashes found)...[0m
[1;94m[*] [0mFuzzing test case #98 (296 total, 13 uniq crashes found)...[0m
[1;94m[*] [0mFuzzing test case #99 (296 total, 13 uniq crashes found)...[0m
[1;94m[*] [0mFuzzing test case #108 (296 total, 13 uniq crashes found)...[0m
[1;94m[*] [0mFuzzing test case #111 (296 total, 13 uniq crashes found)...[0m
[1;94m[*] [0mFuzzing test case #117 (296 total, 13 uniq crashes found)...[0m
[1;94m[*] [0mFuzzing test case #126 (296 total, 13 uniq crashes found)...[0m
[1;94m[*] [0mFuzzing test case #127 (296 total, 13 uniq crashes found)...[0m
[1;94m[*] [0mFuzzing test case #128 (296 total, 13 uniq crashes found)...[0m
[1;94m[*] [0mFuzzing test case #134 (296 total, 13 uniq crashes found)...[0m
[1;94m[*] [0mFuzzing test case #135 (296 total, 13 uniq crashes found)...[0m
[1;94m[*] [0mFuzzing test case #136 (296 total, 13 uniq crashes found)...[0m
[1;94m[*] [0mFuzzing test case #141 (296 total, 13 uniq crashes found)...[0m
[1;94m[*] [0mFuzzing test case #142 (296 total, 13 uniq crashes found)...[0m
[1;94m[*] [0mFuzzing test case #143 (296 total, 13 uniq crashes found)...[0m
[1;94m[*] [0mFuzzing test case #144 (296 total, 13 uniq crashes found)...[0m
[1;94m[*] [0mFuzzing test case #146 (296 total, 13 uniq crashes found)...[0m
[1;94m[*] [0mFuzzing test case #147 (296 total, 13 uniq crashes found)...[0m
[1;94m[*] [0mFuzzing test case #148 (296 total, 13 uniq crashes found)...[0m
[1;94m[*] [0mFuzzing test case #152 (296 total, 13 uniq crashes found)...[0m
[1;94m[*] [0mFuzzing test case #154 (296 total, 13 uniq crashes found)...[0m
[1;94m[*] [0mFuzzing test case #155 (296 total, 13 uniq crashes found)...[0m
[1;94m[*] [0mFuzzing test case #157 (296 total, 13 uniq crashes found)...[0m
[1;94m[*] [0mFuzzing test case #158 (296 total, 13 uniq crashes found)...[0m
[1;94m[*] [0mFuzzing test case #159 (296 total, 13 uniq crashes found)...[0m
[1;94m[*] [0mFuzzing test case #160 (296 total, 13 uniq crashes found)...[0m
[1;94m[*] [0mFuzzing test case #161 (296 total, 13 uniq crashes found)...[0m
[1;94m[*] [0mFuzzing test case #162 (296 total, 13 uniq crashes found)...[0m
[1;94m[*] [0mFuzzing test case #163 (296 total, 13 uniq crashes found)...[0m
[1;94m[*] [0mFuzzing test case #167 (296 total, 13 uniq crashes found)...[0m
[1;94m[*] [0mFuzzing test case #168 (296 total, 13 uniq crashes found)...[0m
[1;94m[*] [0mFuzzing test case #169 (296 total, 13 uniq crashes found)...[0m
[1;94m[*] [0mFuzzing test case #172 (296 total, 13 uniq crashes found)...[0m
[1;94m[*] [0mFuzzing test case #175 (296 total, 13 uniq crashes found)...[0m
[1;94m[*] [0mFuzzing test case #177 (296 total, 13 uniq crashes found)...[0m
[1;94m[*] [0mFuzzing test case #178 (296 total, 13 uniq crashes found)...[0m
[1;94m[*] [0mFuzzing test case #182 (296 total, 13 uniq crashes found)...[0m
[1;94m[*] [0mFuzzing test case #183 (296 total, 13 uniq crashes found)...[0m
[1;94m[*] [0mFuzzing test case #187 (296 total, 13 uniq crashes found)...[0m
[1;94m[*] [0mFuzzing test case #188 (296 total, 13 uniq crashes found)...[0m
[1;94m[*] [0mFuzzing test case #189 (296 total, 13 uniq crashes found)...[0m
[1;94m[*] [0mFuzzing test case #192 (296 total, 13 uniq crashes found)...[0m
[1;94m[*] [0mFuzzing test case #196 (296 total, 13 uniq crashes found)...[0m
[1;94m[*] [0mFuzzing test case #198 (296 total, 13 uniq crashes found)...[0m
[1;94m[*] [0mFuzzing test case #203 (296 total, 13 uniq crashes found)...[0m
[1;94m[*] [0mFuzzing test case #205 (296 total, 13 uniq crashes found)...[0m
[1;94m[*] [0mFuzzing test case #206 (296 total, 13 uniq crashes found)...[0m
[1;94m[*] [0mFuzzing test case #207 (296 total, 13 uniq crashes found)...[0m
[1;94m[*] [0mFuzzing test case #208 (296 total, 13 uniq crashes found)...[0m
[1;94m[*] [0mFuzzing test case #210 (296 total, 13 uniq crashes found)...[0m
[1;94m[*] [0mFuzzing test case #211 (296 total, 13 uniq crashes found)...[0m
[1;94m[*] [0mFuzzing test case #212 (296 total, 13 uniq crashes found)...[0m
[1;94m[*] [0mFuzzing test case #213 (296 total, 13 uniq crashes found)...[0m
[1;94m[*] [0mFuzzing test case #214 (296 total, 13 uniq crashes found)...[0m
[1;94m[*] [0mFuzzing test case #217 (296 total, 13 uniq crashes found)...[0m
[1;94m[*] [0mFuzzing test case #218 (296 total, 13 uniq crashes found)...[0m
[1;94m[*] [0mFuzzing test case #219 (296 total, 13 uniq crashes found)...[0m
[1;94m[*] [0mFuzzing test case #220 (296 total, 13 uniq crashes found)...[0m
[1;94m[*] [0mFuzzing test case #222 (296 total, 13 uniq crashes found)...[0m
[1;94m[*] [0mFuzzing test case #223 (296 total, 13 uniq crashes found)...[0m
[1;94m[*] [0mFuzzing test case #224 (296 total, 13 uniq crashes found)...[0m
[1;94m[*] [0mFuzzing test case #227 (296 total, 13 uniq crashes found)...[0m
[1;94m[*] [0mFuzzing test case #232 (296 total, 13 uniq crashes found)...[0m
[1;94m[*] [0mFuzzing test case #233 (296 total, 13 uniq crashes found)...[0m
[1;94m[*] [0mFuzzing test case #234 (296 total, 13 uniq crashes found)...[0m
[1;94m[*] [0mFuzzing test case #235 (296 total, 13 uniq crashes found)...[0m
[1;94m[*] [0mFuzzing test case #236 (296 total, 13 uniq crashes found)...[0m
[1;94m[*] [0mFuzzing test case #237 (296 total, 13 uniq crashes found)...[0m
[1;94m[*] [0mFuzzing test case #238 (296 total, 13 uniq crashes found)...[0m
[1;94m[*] [0mFuzzing test case #240 (296 total, 13 uniq crashes found)...[0m
[1;94m[*] [0mFuzzing test case #242 (296 total, 13 uniq crashes found)...[0m
[1;94m[*] [0mFuzzing test case #244 (296 total, 13 uniq crashes found)...[0m
[1;94m[*] [0mFuzzing test case #245 (296 total, 13 uniq crashes found)...[0m
[1;94m[*] [0mFuzzing test case #246 (296 total, 13 uniq crashes found)...[0m
[1;94m[*] [0mFuzzing test case #249 (296 total, 13 uniq crashes found)...[0m
[1;94m[*] [0mFuzzing test case #250 (296 total, 13 uniq crashes found)...[0m
[1;94m[*] [0mFuzzing test case #251 (296 total, 13 uniq crashes found)...[0m
[1;94m[*] [0mFuzzing test case #253 (296 total, 13 uniq crashes found)...[0m
[1;94m[*] [0mFuzzing test case #254 (296 total, 13 uniq crashes found)...[0m
[1;94m[*] [0mFuzzing test case #256 (296 total, 13 uniq crashes found)...[0m
[1;94m[*] [0mFuzzing test case #258 (296 total, 13 uniq crashes found)...[0m
[1;94m[*] [0mFuzzing test case #262 (296 total, 13 uniq crashes found)...[0m
[1;94m[*] [0mFuzzing test case #263 (296 total, 13 uniq crashes found)...[0m
[1;94m[*] [0mFuzzing test case #265 (296 total, 13 uniq crashes found)...[0m
[1;94m[*] [0mFuzzing test case #266 (296 total, 13 uniq crashes found)...[0m
[1;94m[*] [0mFuzzing test case #268 (296 total, 13 uniq crashes found)...[0m
[1;94m[*] [0mFuzzing test case #270 (296 total, 13 uniq crashes found)...[0m
[1;94m[*] [0mFuzzing test case #272 (296 total, 13 uniq crashes found)...[0m
[1;94m[*] [0mFuzzing test case #274 (296 total, 13 uniq crashes found)...[0m
[1;94m[*] [0mFuzzing test case #275 (296 total, 13 uniq crashes found)...[0m
[1;94m[*] [0mFuzzing test case #279 (296 total, 13 uniq crashes found)...[0m
[1;94m[*] [0mFuzzing test case #280 (296 total, 13 uniq crashes found)...[0m
[1;94m[*] [0mFuzzing test case #283 (296 total, 13 uniq crashes found)...[0m
[1;94m[*] [0mFuzzing test case #287 (296 total, 13 uniq crashes found)...[0m
[1;94m[*] [0mFuzzing test case #288 (296 total, 13 uniq crashes found)...[0m
[1;94m[*] [0mFuzzing test case #289 (296 total, 13 uniq crashes found)...[0m
[1;94m[*] [0mFuzzing test case #291 (296 total, 13 uniq crashes found)...[0m
[1;94m[*] [0mFuzzing test case #292 (296 total, 13 uniq crashes found)...[0m
[1;94m[*] [0mFuzzing test case #293 (296 total, 13 uniq crashes found)...[0m
[1;94m[*] [0mEntering queue cycle 3.[0m
[1;94m[*] [0mFuzzing test case #2 (296 total, 13 uniq crashes found)...[0m
[1;94m[*] [0mFuzzing test case #6 (296 total, 13 uniq crashes found)...[0m
[1;94m[*] [0mFuzzing test case #7 (296 total, 13 uniq crashes found)...[0m
[1;94m[*] [0mFuzzing test case #15 (296 total, 13 uniq crashes found)...[0m
[1;94m[*] [0mFuzzing test case #18 (296 total, 13 uniq crashes found)...[0m
[1;94m[*] [0mFuzzing test case #20 (296 total, 13 uniq crashes found)...[0m
[1;94m[*] [0mFuzzing test case #22 (296 total, 13 uniq crashes found)...[0m
[1;94m[*] [0mFuzzing test case #25 (296 total, 13 uniq crashes found)...[0m
[1;94m[*] [0mFuzzing test case #29 (296 total, 13 uniq crashes found)...[0m
[1;94m[*] [0mFuzzing test case #33 (296 total, 13 uniq crashes found)...[0m
[1;94m[*] [0mFuzzing test case #36 (296 total, 13 uniq crashes found)...[0m
[1;94m[*] [0mFuzzing test case #39 (296 total, 13 uniq crashes found)...[0m
[1;94m[*] [0mFuzzing test case #40 (296 total, 13 uniq crashes found)...[0m
[1;94m[*] [0mFuzzing test case #47 (296 total, 13 uniq crashes found)...[0m
[1;94m[*] [0mFuzzing test case #53 (296 total, 13 uniq crashes found)...[0m
[1;94m[*] [0mFuzzing test case #65 (296 total, 13 uniq crashes found)...[0m
[1;94m[*] [0mFuzzing test case #66 (296 total, 13 uniq crashes found)...[0m
[1;94m[*] [0mFuzzing test case #69 (296 total, 13 uniq crashes found)...[0m
[1;94m[*] [0mFuzzing test case #71 (296 total, 13 uniq crashes found)...[0m
[1;94m[*] [0mFuzzing test case #77 (296 total, 13 uniq crashes found)...[0m
[1;94m[*] [0mFuzzing test case #82 (296 total, 13 uniq crashes found)...[0m
[1;94m[*] [0mFuzzing test case #83 (296 total, 13 uniq crashes found)...[0m
[1;94m[*] [0mFuzzing test case #89 (296 total, 13 uniq crashes found)...[0m
[1;94m[*] [0mFuzzing test case #95 (296 total, 13 uniq crashes found)...[0m
[1;94m[*] [0mFuzzing test case #97 (296 total, 13 uniq crashes found)...[0m
[1;94m[*] [0mFuzzing test case #98 (296 total, 13 uniq crashes found)...[0m
[1;94m[*] [0mFuzzing test case #99 (296 total, 13 uniq crashes found)...[0m
[1;94m[*] [0mFuzzing test case #109 (296 total, 13 uniq crashes found)...[0m
[1;94m[*] [0mFuzzing test case #117 (296 total, 13 uniq crashes found)...[0m
[1;94m[*] [0mFuzzing test case #120 (296 total, 13 uniq crashes found)...[0m
[1;94m[*] [0mFuzzing test case #126 (296 total, 13 uniq crashes found)...[0m
[1;94m[*] [0mFuzzing test case #129 (296 total, 13 uniq crashes found)...[0m
[1;94m[*] [0mFuzzing test case #131 (296 total, 13 uniq crashes found)...[0m
[1;94m[*] [0mFuzzing test case #134 (296 total, 13 uniq crashes found)...[0m
[1;94m[*] [0mFuzzing test case #136 (296 total, 13 uniq crashes found)...[0m
[1;94m[*] [0mFuzzing test case #140 (296 total, 13 uniq crashes found)...[0m
[1;94m[*] [0mFuzzing test case #142 (296 total, 13 uniq crashes found)...[0m
[1;94m[*] [0mFuzzing test case #144 (296 total, 13 uniq crashes found)...[0m
[1;94m[*] [0mFuzzing test case #145 (296 total, 13 uniq crashes found)...[0m
[1;94m[*] [0mFuzzing test case #146 (296 total, 13 uniq crashes found)...[0m
[1;94m[*] [0mFuzzing test case #147 (296 total, 13 uniq crashes found)...[0m
[1;94m[*] [0mFuzzing test case #148 (296 total, 13 uniq crashes found)...[0m
[1;94m[*] [0mFuzzing test case #149 (296 total, 13 uniq crashes found)...[0m
[1;94m[*] [0mFuzzing test case #152 (296 total, 13 uniq crashes found)...[0m
[1;94m[*] [0mFuzzing test case #153 (296 total, 13 uniq crashes found)...[0m
[1;94m[*] [0mFuzzing test case #157 (296 total, 13 uniq crashes found)...[0m
[1;94m[*] [0mFuzzing test case #158 (296 total, 13 uniq crashes found)...[0m
[1;94m[*] [0mFuzzing test case #159 (296 total, 13 uniq crashes found)...[0m
[1;94m[*] [0mFuzzing test case #160 (296 total, 13 uniq crashes found)...[0m
[1;94m[*] [0mFuzzing test case #163 (296 total, 13 uniq crashes found)...[0m
[1;94m[*] [0mFuzzing test case #164 (296 total, 13 uniq crashes found)...[0m
[1;94m[*] [0mFuzzing test case #167 (296 total, 13 uniq crashes found)...[0m
[1;94m[*] [0mFuzzing test case #168 (296 total, 13 uniq crashes found)...[0m
[1;94m[*] [0mFuzzing test case #169 (296 total, 13 uniq crashes found)...[0m
[1;94m[*] [0mFuzzing test case #170 (296 total, 13 uniq crashes found)...[0m
[1;94m[*] [0mFuzzing test case #172 (296 total, 13 uniq crashes found)...[0m
[1;94m[*] [0mFuzzing test case #175 (296 total, 13 uniq crashes found)...[0m
[1;94m[*] [0mFuzzing test case #177 (296 total, 13 uniq crashes found)...[0m
[1;94m[*] [0mFuzzing test case #178 (296 total, 13 uniq crashes found)...[0m
[1;94m[*] [0mFuzzing test case #180 (296 total, 13 uniq crashes found)...[0m
[1;94m[*] [0mFuzzing test case #182 (296 total, 13 uniq crashes found)...[0m
[1;94m[*] [0mFuzzing test case #183 (296 total, 13 uniq crashes found)...[0m
[1;94m[*] [0mFuzzing test case #187 (296 total, 13 uniq crashes found)...[0m
[1;94m[*] [0mFuzzing test case #188 (296 total, 13 uniq crashes found)...[0m
[1;94m[*] [0mFuzzing test case #189 (296 total, 13 uniq crashes found)...[0m
[1;94m[*] [0mFuzzing test case #192 (296 total, 13 uniq crashes found)...[0m
[1;94m[*] [0mFuzzing test case #193 (296 total, 13 uniq crashes found)...[0m
[1;94m[*] [0mFuzzing test case #201 (296 total, 13 uniq crashes found)...[0m
[1;94m[*] [0mFuzzing test case #203 (296 total, 14 uniq crashes found)...[0m
[1;94m[*] [0mFuzzing test case #205 (296 total, 14 uniq crashes found)...[0m
[1;94m[*] [0mFuzzing test case #207 (296 total, 14 uniq crashes found)...[0m
[1;94m[*] [0mFuzzing test case #210 (296 total, 14 uniq crashes found)...[0m
[1;94m[*] [0mFuzzing test case #211 (296 total, 14 uniq crashes found)...[0m
[1;94m[*] [0mFuzzing test case #212 (296 total, 14 uniq crashes found)...[0m
[1;94m[*] [0mFuzzing test case #213 (296 total, 14 uniq crashes found)...[0m
[1;94m[*] [0mFuzzing test case #214 (296 total, 14 uniq crashes found)...[0m
[1;94m[*] [0mFuzzing test case #217 (296 total, 14 uniq crashes found)...[0m
[1;94m[*] [0mFuzzing test case #219 (296 total, 14 uniq crashes found)...[0m
[1;94m[*] [0mFuzzing test case #220 (296 total, 14 uniq crashes found)...[0m
[1;94m[*] [0mFuzzing test case #223 (296 total, 14 uniq crashes found)...[0m
[1;94m[*] [0mFuzzing test case #224 (296 total, 14 uniq crashes found)...[0m
[1;94m[*] [0mFuzzing test case #227 (296 total, 14 uniq crashes found)...[0m
[1;94m[*] [0mFuzzing test case #228 (296 total, 14 uniq crashes found)...[0m
[1;94m[*] [0mFuzzing test case #233 (296 total, 19 uniq crashes found)...[0m
[1;94m[*] [0mFuzzing test case #235 (296 total, 19 uniq crashes found)...[0m
[1;94m[*] [0mFuzzing test case #236 (296 total, 19 uniq crashes found)...[0m
[1;94m[*] [0mFuzzing test case #237 (296 total, 19 uniq crashes found)...[0m
[1;94m[*] [0mFuzzing test case #238 (296 total, 19 uniq crashes found)...[0m
[1;94m[*] [0mFuzzing test case #239 (296 total, 19 uniq crashes found)...[0m
[1;94m[*] [0mFuzzing test case #240 (296 total, 19 uniq crashes found)...[0m
[1;94m[*] [0mFuzzing test case #246 (296 total, 19 uniq crashes found)...[0m
[1;94m[*] [0mFuzzing test case #249 (296 total, 19 uniq crashes found)...[0m
[1;94m[*] [0mFuzzing test case #250 (296 total, 19 uniq crashes found)...[0m
[1;94m[*] [0mFuzzing test case #251 (296 total, 19 uniq crashes found)...[0m
[1;94m[*] [0mFuzzing test case #253 (296 total, 19 uniq crashes found)...[0m
[1;94m[*] [0mFuzzing test case #256 (296 total, 19 uniq crashes found)...[0m
[1;94m[*] [0mFuzzing test case #258 (296 total, 19 uniq crashes found)...[0m
[1;94m[*] [0mFuzzing test case #259 (296 total, 19 uniq crashes found)...[0m
[1;94m[*] [0mFuzzing test case #261 (296 total, 19 uniq crashes found)...[0m
[1;94m[*] [0mFuzzing test case #262 (296 total, 19 uniq crashes found)...[0m
[1;94m[*] [0mFuzzing test case #263 (296 total, 19 uniq crashes found)...[0m
[1;94m[*] [0mFuzzing test case #265 (296 total, 19 uniq crashes found)...[0m
[1;94m[*] [0mFuzzing test case #266 (296 total, 19 uniq crashes found)...[0m
[1;94m[*] [0mFuzzing test case #268 (296 total, 19 uniq crashes found)...[0m
[1;94m[*] [0mFuzzing test case #270 (296 total, 19 uniq crashes found)...[0m
[1;94m[*] [0mFuzzing test case #271 (296 total, 19 uniq crashes found)...[0m
[1;94m[*] [0mFuzzing test case #272 (296 total, 19 uniq crashes found)...[0m
[1;94m[*] [0mFuzzing test case #274 (296 total, 19 uniq crashes found)...[0m
[1;94m[*] [0mFuzzing test case #277 (296 total, 19 uniq crashes found)...[0m
[1;94m[*] [0mFuzzing test case #279 (296 total, 19 uniq crashes found)...[0m
[1;94m[*] [0mFuzzing test case #280 (296 total, 19 uniq crashes found)...[0m
[1;94m[*] [0mFuzzing test case #282 (296 total, 19 uniq crashes found)...[0m
[1;94m[*] [0mFuzzing test case #283 (296 total, 19 uniq crashes found)...[0m
[1;94m[*] [0mFuzzing test case #284 (296 total, 19 uniq crashes found)...[0m
[1;94m[*] [0mFuzzing test case #287 (296 total, 19 uniq crashes found)...[0m
[1;94m[*] [0mFuzzing test case #288 (296 total, 19 uniq crashes found)...[0m
[1;94m[*] [0mFuzzing test case #289 (296 total, 19 uniq crashes found)...[0m
[1;94m[*] [0mFuzzing test case #291 (296 total, 19 uniq crashes found)...[0m
[1;94m[*] [0mFuzzing test case #293 (296 total, 19 uniq crashes found)...[0m
[1;94m[*] [0mFuzzing test case #295 (296 total, 19 uniq crashes found)...[0m
[1;94m[*] [0mEntering queue cycle 4.[0m
[1;94m[*] [0mFuzzing test case #4 (296 total, 19 uniq crashes found)...[0m
[1;94m[*] [0mFuzzing test case #9 (296 total, 19 uniq crashes found)...[0m
[1;94m[*] [0mFuzzing test case #12 (296 total, 19 uniq crashes found)...[0m
[1;94m[*] [0mFuzzing test case #15 (296 total, 19 uniq crashes found)...[0m
[1;94m[*] [0mFuzzing test case #26 (296 total, 19 uniq crashes found)...[0m
[1;94m[*] [0mFuzzing test case #27 (296 total, 19 uniq crashes found)...[0m
[1;94m[*] [0mFuzzing test case #33 (296 total, 19 uniq crashes found)...[0m
[1;94m[*] [0mFuzzing test case #39 (296 total, 19 uniq crashes found)...[0m
[1;94m[*] [0mFuzzing test case #45 (296 total, 19 uniq crashes found)...[0m
[1;94m[*] [0mFuzzing test case #47 (296 total, 19 uniq crashes found)...[0m
[1;94m[*] [0mFuzzing test case #48 (296 total, 19 uniq crashes found)...[0m
[1;94m[*] [0mFuzzing test case #49 (296 total, 19 uniq crashes found)...[0m
[1;94m[*] [0mFuzzing test case #53 (296 total, 19 uniq crashes found)...[0m
[1;94m[*] [0mFuzzing test case #65 (296 total, 19 uniq crashes found)...[0m
[1;94m[*] [0mFuzzing test case #66 (296 total, 19 uniq crashes found)...[0m
[1;94m[*] [0mFuzzing test case #73 (296 total, 19 uniq crashes found)...[0m
[1;94m[*] [0mFuzzing test case #81 (296 total, 19 uniq crashes found)...[0m
[1;94m[*] [0mFuzzing test case #82 (296 total, 19 uniq crashes found)...[0m
[1;94m[*] [0mFuzzing test case #83 (296 total, 19 uniq crashes found)...[0m
[1;94m[*] [0mFuzzing test case #85 (296 total, 19 uniq crashes found)...[0m
[1;94m[*] [0mFuzzing test case #93 (296 total, 19 uniq crashes found)...[0m
[1;94m[*] [0mFuzzing test case #94 (296 total, 19 uniq crashes found)...[0m
[1;94m[*] [0mFuzzing test case #95 (296 total, 19 uniq crashes found)...[0m
[1;94m[*] [0mFuzzing test case #98 (296 total, 19 uniq crashes found)...[0m
[1;94m[*] [0mFuzzing test case #99 (296 total, 19 uniq crashes found)...[0m
[1;94m[*] [0mFuzzing test case #103 (296 total, 19 uniq crashes found)...[0m
[1;94m[*] [0mFuzzing test case #105 (296 total, 19 uniq crashes found)...[0m
[1;94m[*] [0mFuzzing test case #109 (296 total, 19 uniq crashes found)...[0m
[1;94m[*] [0mFuzzing test case #110 (296 total, 19 uniq crashes found)...[0m
[1;94m[*] [0mFuzzing test case #113 (296 total, 19 uniq crashes found)...[0m
[1;94m[*] [0mFuzzing test case #117 (296 total, 19 uniq crashes found)...[0m
[1;94m[*] [0mFuzzing test case #121 (296 total, 19 uniq crashes found)...[0m
[1;94m[*] [0mFuzzing test case #122 (296 total, 19 uniq crashes found)...[0m
[1;94m[*] [0mFuzzing test case #123 (296 total, 19 uniq crashes found)...[0m
[1;94m[*] [0mFuzzing test case #124 (296 total, 19 uniq crashes found)...[0m
[1;94m[*] [0mFuzzing test case #126 (296 total, 19 uniq crashes found)...[0m
[1;94m[*] [0mFuzzing test case #133 (296 total, 19 uniq crashes found)...[0m
[1;94m[*] [0mFuzzing test case #134 (296 total, 19 uniq crashes found)...[0m
[1;94m[*] [0mFuzzing test case #136 (296 total, 19 uniq crashes found)...[0m
[1;94m[*] [0mFuzzing test case #138 (296 total, 19 uniq crashes found)...[0m
[1;94m[*] [0mFuzzing test case #142 (296 total, 19 uniq crashes found)...[0m
[1;94m[*] [0mFuzzing test case #144 (296 total, 19 uniq crashes found)...[0m
[1;94m[*] [0mFuzzing test case #146 (296 total, 19 uniq crashes found)...[0m
[1;94m[*] [0mFuzzing test case #147 (296 total, 19 uniq crashes found)...[0m
[1;94m[*] [0mFuzzing test case #148 (296 total, 19 uniq crashes found)...[0m
[1;94m[*] [0mFuzzing test case #151 (296 total, 19 uniq crashes found)...[0m
[?25h[1;91m

+++ Testing aborted by user +++
[0m[1;92m[+] [0mWe're done here. Have a nice day!
[0m
Child is executing...
afl-fuzz -i /tmp/QuickChick/131202/input -o /tmp/QuickChick/131202/output /tmp/QuickChick/131202/QuickChickb08052 @@
Parent is sleeping for 600 seconds...
cp /tmp/QuickChick/131202/output/fuzzer_stats output/131202