QuickChecking (testMutantX prop_SSNI_arbitrary exp_result_fuzz 4)
Extracted ML file: /tmp/QuickChick/134228/QuickChick0f8057.ml
Compile command: ocamlopt unix.cmxa /home/lemonidas/.opam/4.04.0+afl/lib/afl-persistent/afl-persistent.cmxa -unsafe-string -rectypes -w a -I /tmp/QuickChick/134228 -I /home/lemonidas/.opam/4.04.0+afl/lib/afl-persistent/ -I /home/lemonidas/.opam/4.04.0+afl/lib/coq/user-contrib/QuickChick /home/lemonidas/.opam/4.04.0+afl/lib/coq/user-contrib/QuickChick/quickChickLib.cmx /tmp/QuickChick/134228/QuickChick0f8057.ml -o /tmp/QuickChick/134228/QuickChick0f8057
/tmp/QuickChick/134228/input
[0;36mafl-fuzz [1;97m2.52b[0m by <lcamtuf@google.com>
[1;92m[+] [0mLooks like we're not running on a tty, so I'll be a bit less verbose.[0m
[1;92m[+] [0mYou have 8 CPU cores and 2 runnable tasks (utilization: 25%).[0m
[1;92m[+] [0mTry parallel jobs - see docs/parallel_fuzzing.txt.[0m
[1;94m[*] [0mChecking CPU core loadout...[0m
[1;92m[+] [0mFound a free CPU core, binding to #0.[0m
[1;94m[*] [0mChecking core_pattern...[0m
[1;94m[*] [0mChecking CPU scaling governor...[0m
[1;94m[*] [0mSetting up output directories...[0m
[1;94m[*] [0mScanning '/tmp/QuickChick/134228/input'...[0m
[1;92m[+] [0mNo auto-generated dictionary tokens to reuse.[0m
[1;94m[*] [0mCreating hard links for all input files...[0m
[1;94m[*] [0mValidating target binary...[0m
[1;94m[*] [0mAttempting dry run with 'id:000000,orig:seed1'...[0m
[1;94m[*] [0mSpinning up the fork server...[0m
[1;92m[+] [0mAll right - fork server is up.[0m
[1;90m    len = 11, map size = 377, exec speed = 299 us
[0m[1;94m[*] [0mAttempting dry run with 'id:000001,orig:seed2'...[0m
[1;90m    len = 11, map size = 389, exec speed = 286 us
[0m[1;94m[*] [0mAttempting dry run with 'id:000002,orig:seed3'...[0m
[1;90m    len = 11, map size = 369, exec speed = 299 us
[0m[1;92m[+] [0mAll test cases processed.[0m

[1;92m[+] [0mHere are some useful stats:

[1;90m    Test case count : [0m1 favored, 0 variable, 3 total
[1;90m       Bitmap range : [0m369 to 389 bits (average: 378.33 bits)
[1;90m        Exec timing : [0m286 to 299 us (average: 295 us)
[0m
[1;94m[*] [0mNo -t option specified, so I'll use exec timeout of 20 ms.[0m
[1;92m[+] [0mAll set and ready to roll![0m
[1;94m[*] [0mEntering queue cycle 1.[0m
[1;94m[*] [0mFuzzing test case #1 (3 total, 0 uniq crashes found)...[0m
[1;94m[*] [0mFuzzing test case #30 (125 total, 0 uniq crashes found)...[0m
[1;94m[*] [0mFuzzing test case #42 (125 total, 0 uniq crashes found)...[0m
[1;94m[*] [0mFuzzing test case #63 (126 total, 0 uniq crashes found)...[0m
[1;94m[*] [0mFuzzing test case #74 (126 total, 0 uniq crashes found)...[0m
[1;94m[*] [0mFuzzing test case #78 (169 total, 0 uniq crashes found)...[0m
[1;94m[*] [0mFuzzing test case #79 (169 total, 0 uniq crashes found)...[0m
[1;94m[*] [0mFuzzing test case #82 (188 total, 0 uniq crashes found)...[0m
[1;94m[*] [0mFuzzing test case #83 (188 total, 0 uniq crashes found)...[0m
[1;94m[*] [0mFuzzing test case #85 (188 total, 0 uniq crashes found)...[0m
[1;94m[*] [0mFuzzing test case #86 (189 total, 0 uniq crashes found)...[0m
[1;94m[*] [0mFuzzing test case #88 (189 total, 0 uniq crashes found)...[0m
[1;94m[*] [0mFuzzing test case #89 (190 total, 0 uniq crashes found)...[0m
[1;94m[*] [0mFuzzing test case #94 (191 total, 0 uniq crashes found)...[0m
[1;94m[*] [0mFuzzing test case #96 (191 total, 0 uniq crashes found)...[0m
[1;94m[*] [0mFuzzing test case #97 (191 total, 0 uniq crashes found)...[0m
[1;94m[*] [0mFuzzing test case #100 (191 total, 0 uniq crashes found)...[0m
[1;94m[*] [0mFuzzing test case #101 (192 total, 0 uniq crashes found)...[0m
[1;94m[*] [0mFuzzing test case #103 (193 total, 0 uniq crashes found)...[0m
[1;94m[*] [0mFuzzing test case #107 (193 total, 0 uniq crashes found)...[0m
[1;94m[*] [0mFuzzing test case #109 (193 total, 0 uniq crashes found)...[0m
[1;94m[*] [0mFuzzing test case #110 (193 total, 0 uniq crashes found)...[0m
[1;94m[*] [0mFuzzing test case #111 (193 total, 0 uniq crashes found)...[0m
[1;94m[*] [0mFuzzing test case #112 (193 total, 0 uniq crashes found)...[0m
[1;94m[*] [0mFuzzing test case #113 (193 total, 0 uniq crashes found)...[0m
[1;94m[*] [0mFuzzing test case #119 (193 total, 0 uniq crashes found)...[0m
[1;94m[*] [0mFuzzing test case #123 (201 total, 0 uniq crashes found)...[0m
[1;94m[*] [0mFuzzing test case #124 (248 total, 0 uniq crashes found)...[0m
[1;94m[*] [0mFuzzing test case #125 (249 total, 0 uniq crashes found)...[0m
[1;94m[*] [0mFuzzing test case #126 (252 total, 0 uniq crashes found)...[0m
[1;94m[*] [0mFuzzing test case #128 (252 total, 0 uniq crashes found)...[0m
[1;94m[*] [0mFuzzing test case #131 (254 total, 0 uniq crashes found)...[0m
[1;94m[*] [0mFuzzing test case #132 (254 total, 0 uniq crashes found)...[0m
[1;94m[*] [0mFuzzing test case #133 (255 total, 0 uniq crashes found)...[0m
[1;94m[*] [0mFuzzing test case #134 (256 total, 0 uniq crashes found)...[0m
[1;94m[*] [0mFuzzing test case #135 (256 total, 0 uniq crashes found)...[0m
[1;94m[*] [0mFuzzing test case #136 (258 total, 0 uniq crashes found)...[0m
[1;94m[*] [0mFuzzing test case #138 (258 total, 0 uniq crashes found)...[0m
[1;94m[*] [0mFuzzing test case #139 (258 total, 0 uniq crashes found)...[0m
[1;94m[*] [0mFuzzing test case #141 (258 total, 0 uniq crashes found)...[0m
[1;94m[*] [0mFuzzing test case #142 (259 total, 0 uniq crashes found)...[0m
[1;94m[*] [0mFuzzing test case #143 (260 total, 0 uniq crashes found)...[0m
[1;94m[*] [0mFuzzing test case #144 (262 total, 0 uniq crashes found)...[0m
[1;94m[*] [0mFuzzing test case #146 (281 total, 0 uniq crashes found)...[0m
[1;94m[*] [0mFuzzing test case #155 (282 total, 0 uniq crashes found)...[0m
[1;94m[*] [0mFuzzing test case #156 (284 total, 0 uniq crashes found)...[0m
[1;94m[*] [0mFuzzing test case #161 (284 total, 0 uniq crashes found)...[0m
[1;94m[*] [0mFuzzing test case #162 (284 total, 0 uniq crashes found)...[0m
[1;94m[*] [0mFuzzing test case #164 (284 total, 0 uniq crashes found)...[0m
[1;94m[*] [0mFuzzing test case #168 (284 total, 0 uniq crashes found)...[0m
[1;94m[*] [0mFuzzing test case #170 (289 total, 0 uniq crashes found)...[0m
[1;94m[*] [0mFuzzing test case #171 (291 total, 0 uniq crashes found)...[0m
[1;94m[*] [0mFuzzing test case #172 (292 total, 0 uniq crashes found)...[0m
[1;94m[*] [0mFuzzing test case #173 (292 total, 0 uniq crashes found)...[0m
[1;94m[*] [0mFuzzing test case #174 (292 total, 0 uniq crashes found)...[0m
[1;94m[*] [0mFuzzing test case #175 (292 total, 0 uniq crashes found)...[0m
[1;94m[*] [0mFuzzing test case #176 (292 total, 0 uniq crashes found)...[0m
[1;94m[*] [0mFuzzing test case #180 (293 total, 0 uniq crashes found)...[0m
[1;94m[*] [0mFuzzing test case #181 (293 total, 0 uniq crashes found)...[0m
[1;94m[*] [0mFuzzing test case #182 (295 total, 0 uniq crashes found)...[0m
[1;94m[*] [0mFuzzing test case #183 (295 total, 0 uniq crashes found)...[0m
[1;94m[*] [0mFuzzing test case #186 (295 total, 0 uniq crashes found)...[0m
[1;94m[*] [0mFuzzing test case #187 (295 total, 0 uniq crashes found)...[0m
[1;94m[*] [0mFuzzing test case #195 (297 total, 0 uniq crashes found)...[0m
[1;94m[*] [0mFuzzing test case #196 (297 total, 0 uniq crashes found)...[0m
[1;94m[*] [0mFuzzing test case #197 (298 total, 0 uniq crashes found)...[0m
[1;94m[*] [0mFuzzing test case #198 (298 total, 0 uniq crashes found)...[0m
[1;94m[*] [0mFuzzing test case #199 (298 total, 0 uniq crashes found)...[0m
[1;94m[*] [0mFuzzing test case #200 (298 total, 0 uniq crashes found)...[0m
[1;94m[*] [0mFuzzing test case #205 (298 total, 0 uniq crashes found)...[0m
[1;94m[*] [0mFuzzing test case #206 (298 total, 0 uniq crashes found)...[0m
[1;94m[*] [0mFuzzing test case #216 (298 total, 0 uniq crashes found)...[0m
[1;94m[*] [0mFuzzing test case #218 (298 total, 0 uniq crashes found)...[0m
[1;94m[*] [0mFuzzing test case #221 (299 total, 0 uniq crashes found)...[0m
[1;94m[*] [0mFuzzing test case #224 (300 total, 0 uniq crashes found)...[0m
[1;94m[*] [0mFuzzing test case #226 (300 total, 0 uniq crashes found)...[0m
[1;94m[*] [0mFuzzing test case #232 (300 total, 0 uniq crashes found)...[0m
[1;94m[*] [0mFuzzing test case #239 (301 total, 0 uniq crashes found)...[0m
[1;94m[*] [0mFuzzing test case #240 (310 total, 0 uniq crashes found)...[0m
[1;94m[*] [0mFuzzing test case #243 (312 total, 0 uniq crashes found)...[0m
[1;94m[*] [0mFuzzing test case #248 (341 total, 0 uniq crashes found)...[0m
[1;94m[*] [0mFuzzing test case #249 (341 total, 0 uniq crashes found)...[0m
[1;94m[*] [0mFuzzing test case #250 (341 total, 0 uniq crashes found)...[0m
[1;94m[*] [0mFuzzing test case #251 (342 total, 0 uniq crashes found)...[0m
[1;94m[*] [0mFuzzing test case #252 (342 total, 0 uniq crashes found)...[0m
[1;94m[*] [0mFuzzing test case #253 (342 total, 0 uniq crashes found)...[0m
[1;94m[*] [0mFuzzing test case #254 (342 total, 0 uniq crashes found)...[0m
[1;94m[*] [0mFuzzing test case #255 (342 total, 0 uniq crashes found)...[0m
[1;94m[*] [0mFuzzing test case #256 (342 total, 0 uniq crashes found)...[0m
[1;94m[*] [0mFuzzing test case #259 (342 total, 0 uniq crashes found)...[0m
[1;94m[*] [0mFuzzing test case #262 (342 total, 0 uniq crashes found)...[0m
[1;94m[*] [0mFuzzing test case #266 (342 total, 0 uniq crashes found)...[0m
[1;94m[*] [0mFuzzing test case #267 (347 total, 0 uniq crashes found)...[0m
[1;94m[*] [0mFuzzing test case #269 (351 total, 0 uniq crashes found)...[0m
[1;94m[*] [0mFuzzing test case #273 (357 total, 0 uniq crashes found)...[0m
[1;94m[*] [0mFuzzing test case #274 (357 total, 0 uniq crashes found)...[0m
[1;94m[*] [0mFuzzing test case #278 (359 total, 0 uniq crashes found)...[0m
[1;94m[*] [0mFuzzing test case #281 (359 total, 0 uniq crashes found)...[0m
[1;94m[*] [0mFuzzing test case #282 (360 total, 0 uniq crashes found)...[0m
[1;94m[*] [0mFuzzing test case #283 (360 total, 0 uniq crashes found)...[0m
[1;94m[*] [0mFuzzing test case #284 (360 total, 0 uniq crashes found)...[0m
[1;94m[*] [0mFuzzing test case #286 (361 total, 0 uniq crashes found)...[0m
[1;94m[*] [0mFuzzing test case #290 (361 total, 0 uniq crashes found)...[0m
[1;94m[*] [0mFuzzing test case #292 (362 total, 0 uniq crashes found)...[0m
[1;94m[*] [0mFuzzing test case #294 (362 total, 0 uniq crashes found)...[0m
[1;94m[*] [0mFuzzing test case #295 (362 total, 0 uniq crashes found)...[0m
[1;94m[*] [0mFuzzing test case #296 (363 total, 0 uniq crashes found)...[0m
[1;94m[*] [0mFuzzing test case #299 (371 total, 0 uniq crashes found)...[0m
[1;94m[*] [0mFuzzing test case #300 (371 total, 0 uniq crashes found)...[0m
[1;94m[*] [0mFuzzing test case #301 (371 total, 0 uniq crashes found)...[0m
[1;94m[*] [0mFuzzing test case #302 (373 total, 0 uniq crashes found)...[0m
[1;94m[*] [0mFuzzing test case #303 (373 total, 0 uniq crashes found)...[0m
[1;94m[*] [0mFuzzing test case #304 (375 total, 0 uniq crashes found)...[0m
[1;94m[*] [0mFuzzing test case #305 (375 total, 0 uniq crashes found)...[0m
[1;94m[*] [0mFuzzing test case #306 (376 total, 0 uniq crashes found)...[0m
[1;94m[*] [0mFuzzing test case #307 (376 total, 0 uniq crashes found)...[0m
[?25h[1;91m

+++ Testing aborted by user +++
[0m[1;92m[+] [0mWe're done here. Have a nice day!
[0m
Child is executing...
afl-fuzz -i /tmp/QuickChick/134228/input -o /tmp/QuickChick/134228/output /tmp/QuickChick/134228/QuickChick0f8057 @@
Parent is sleeping for 600 seconds...
cp /tmp/QuickChick/134228/output/fuzzer_stats output/134228