QuickChecking (testMutantX prop_SSNI_arbitrary exp_result_fuzz 11)
Extracted ML file: /tmp/QuickChick/160431/QuickChickf42724.ml
Compile command: ocamlopt unix.cmxa /home/lemonidas/.opam/4.04.0+afl/lib/afl-persistent/afl-persistent.cmxa -unsafe-string -rectypes -w a -I /tmp/QuickChick/160431 -I /home/lemonidas/.opam/4.04.0+afl/lib/afl-persistent/ -I /home/lemonidas/.opam/4.04.0+afl/lib/coq/user-contrib/QuickChick /home/lemonidas/.opam/4.04.0+afl/lib/coq/user-contrib/QuickChick/quickChickLib.cmx /tmp/QuickChick/160431/QuickChickf42724.ml -o /tmp/QuickChick/160431/QuickChickf42724
/tmp/QuickChick/160431/input
[0;36mafl-fuzz [1;97m2.52b[0m by <lcamtuf@google.com>
[1;92m[+] [0mLooks like we're not running on a tty, so I'll be a bit less verbose.[0m
[1;92m[+] [0mYou have 8 CPU cores and 1 runnable tasks (utilization: 12%).[0m
[1;92m[+] [0mTry parallel jobs - see docs/parallel_fuzzing.txt.[0m
[1;94m[*] [0mChecking CPU core loadout...[0m
[1;92m[+] [0mFound a free CPU core, binding to #0.[0m
[1;94m[*] [0mChecking core_pattern...[0m
[1;94m[*] [0mChecking CPU scaling governor...[0m
[1;94m[*] [0mSetting up output directories...[0m
[1;94m[*] [0mScanning '/tmp/QuickChick/160431/input'...[0m
[1;92m[+] [0mNo auto-generated dictionary tokens to reuse.[0m
[1;94m[*] [0mCreating hard links for all input files...[0m
[1;94m[*] [0mValidating target binary...[0m
[1;94m[*] [0mAttempting dry run with 'id:000000,orig:seed1'...[0m
[1;94m[*] [0mSpinning up the fork server...[0m
[1;92m[+] [0mAll right - fork server is up.[0m
[1;90m    len = 11, map size = 377, exec speed = 307 us
[0m[1;94m[*] [0mAttempting dry run with 'id:000001,orig:seed2'...[0m
[1;90m    len = 11, map size = 389, exec speed = 286 us
[0m[1;94m[*] [0mAttempting dry run with 'id:000002,orig:seed3'...[0m
[1;90m    len = 11, map size = 369, exec speed = 291 us
[0m[1;92m[+] [0mAll test cases processed.[0m

[1;92m[+] [0mHere are some useful stats:

[1;90m    Test case count : [0m1 favored, 0 variable, 3 total
[1;90m       Bitmap range : [0m369 to 389 bits (average: 378.33 bits)
[1;90m        Exec timing : [0m286 to 307 us (average: 295 us)
[0m
[1;94m[*] [0mNo -t option specified, so I'll use exec timeout of 20 ms.[0m
[1;92m[+] [0mAll set and ready to roll![0m
[1;94m[*] [0mEntering queue cycle 1.[0m
[1;94m[*] [0mFuzzing test case #1 (3 total, 0 uniq crashes found)...[0m
[1;94m[*] [0mFuzzing test case #32 (122 total, 0 uniq crashes found)...[0m
[1;94m[*] [0mFuzzing test case #35 (123 total, 0 uniq crashes found)...[0m
[1;94m[*] [0mFuzzing test case #45 (123 total, 0 uniq crashes found)...[0m
[1;94m[*] [0mFuzzing test case #49 (123 total, 0 uniq crashes found)...[0m
[1;94m[*] [0mFuzzing test case #67 (144 total, 0 uniq crashes found)...[0m
[1;94m[*] [0mFuzzing test case #76 (144 total, 0 uniq crashes found)...[0m
[1;94m[*] [0mFuzzing test case #78 (145 total, 0 uniq crashes found)...[0m
[1;94m[*] [0mFuzzing test case #80 (146 total, 0 uniq crashes found)...[0m
[1;94m[*] [0mFuzzing test case #88 (146 total, 0 uniq crashes found)...[0m
[1;94m[*] [0mFuzzing test case #89 (146 total, 0 uniq crashes found)...[0m
[1;94m[*] [0mFuzzing test case #91 (147 total, 0 uniq crashes found)...[0m
[1;94m[*] [0mFuzzing test case #92 (158 total, 0 uniq crashes found)...[0m
[1;94m[*] [0mFuzzing test case #95 (158 total, 0 uniq crashes found)...[0m
[1;94m[*] [0mFuzzing test case #97 (222 total, 0 uniq crashes found)...[0m
[1;94m[*] [0mFuzzing test case #99 (222 total, 0 uniq crashes found)...[0m
[1;94m[*] [0mFuzzing test case #101 (223 total, 0 uniq crashes found)...[0m
[1;94m[*] [0mFuzzing test case #102 (234 total, 0 uniq crashes found)...[0m
[1;94m[*] [0mFuzzing test case #103 (235 total, 0 uniq crashes found)...[0m
[1;94m[*] [0mFuzzing test case #104 (235 total, 0 uniq crashes found)...[0m
[1;94m[*] [0mFuzzing test case #108 (235 total, 0 uniq crashes found)...[0m
[1;94m[*] [0mFuzzing test case #110 (235 total, 0 uniq crashes found)...[0m
[1;94m[*] [0mFuzzing test case #111 (241 total, 0 uniq crashes found)...[0m
[1;94m[*] [0mFuzzing test case #113 (241 total, 0 uniq crashes found)...[0m
[1;94m[*] [0mFuzzing test case #116 (242 total, 0 uniq crashes found)...[0m
[1;94m[*] [0mFuzzing test case #120 (248 total, 0 uniq crashes found)...[0m
[1;94m[*] [0mFuzzing test case #124 (251 total, 0 uniq crashes found)...[0m
[1;94m[*] [0mFuzzing test case #125 (254 total, 0 uniq crashes found)...[0m
[1;94m[*] [0mFuzzing test case #127 (255 total, 0 uniq crashes found)...[0m
[1;94m[*] [0mFuzzing test case #128 (255 total, 0 uniq crashes found)...[0m
[1;94m[*] [0mFuzzing test case #131 (255 total, 0 uniq crashes found)...[0m
[1;94m[*] [0mFuzzing test case #135 (255 total, 0 uniq crashes found)...[0m
[1;94m[*] [0mFuzzing test case #136 (255 total, 0 uniq crashes found)...[0m
[1;94m[*] [0mFuzzing test case #138 (255 total, 0 uniq crashes found)...[0m
[1;94m[*] [0mFuzzing test case #141 (255 total, 0 uniq crashes found)...[0m
[1;94m[*] [0mFuzzing test case #143 (257 total, 0 uniq crashes found)...[0m
[1;94m[*] [0mFuzzing test case #145 (300 total, 0 uniq crashes found)...[0m
[1;94m[*] [0mFuzzing test case #146 (300 total, 0 uniq crashes found)...[0m
[1;94m[*] [0mFuzzing test case #147 (301 total, 0 uniq crashes found)...[0m
[1;94m[*] [0mFuzzing test case #148 (301 total, 0 uniq crashes found)...[0m
[1;94m[*] [0mFuzzing test case #149 (301 total, 0 uniq crashes found)...[0m
[1;94m[*] [0mFuzzing test case #150 (301 total, 0 uniq crashes found)...[0m
[1;94m[*] [0mFuzzing test case #151 (301 total, 0 uniq crashes found)...[0m
[1;94m[*] [0mFuzzing test case #152 (302 total, 0 uniq crashes found)...[0m
[1;94m[*] [0mFuzzing test case #153 (303 total, 0 uniq crashes found)...[0m
[1;94m[*] [0mFuzzing test case #154 (303 total, 0 uniq crashes found)...[0m
[1;94m[*] [0mFuzzing test case #155 (304 total, 0 uniq crashes found)...[0m
[1;94m[*] [0mFuzzing test case #156 (304 total, 0 uniq crashes found)...[0m
[1;94m[*] [0mFuzzing test case #157 (304 total, 0 uniq crashes found)...[0m
[1;94m[*] [0mFuzzing test case #159 (305 total, 0 uniq crashes found)...[0m
[1;94m[*] [0mFuzzing test case #162 (305 total, 0 uniq crashes found)...[0m
[1;94m[*] [0mFuzzing test case #165 (305 total, 0 uniq crashes found)...[0m
[1;94m[*] [0mFuzzing test case #167 (305 total, 0 uniq crashes found)...[0m
[1;94m[*] [0mFuzzing test case #176 (305 total, 0 uniq crashes found)...[0m
[1;94m[*] [0mFuzzing test case #181 (305 total, 0 uniq crashes found)...[0m
[1;94m[*] [0mFuzzing test case #183 (315 total, 0 uniq crashes found)...[0m
[1;94m[*] [0mFuzzing test case #188 (315 total, 0 uniq crashes found)...[0m
[1;94m[*] [0mFuzzing test case #196 (327 total, 0 uniq crashes found)...[0m
[1;94m[*] [0mFuzzing test case #197 (329 total, 0 uniq crashes found)...[0m
[1;94m[*] [0mFuzzing test case #199 (329 total, 0 uniq crashes found)...[0m
[1;94m[*] [0mFuzzing test case #203 (329 total, 0 uniq crashes found)...[0m
[1;94m[*] [0mFuzzing test case #211 (331 total, 0 uniq crashes found)...[0m
[1;94m[*] [0mFuzzing test case #215 (333 total, 0 uniq crashes found)...[0m
[1;94m[*] [0mFuzzing test case #224 (333 total, 0 uniq crashes found)...[0m
[1;94m[*] [0mFuzzing test case #225 (335 total, 0 uniq crashes found)...[0m
[1;94m[*] [0mFuzzing test case #228 (335 total, 0 uniq crashes found)...[0m
[1;94m[*] [0mFuzzing test case #229 (337 total, 0 uniq crashes found)...[0m
[1;94m[*] [0mFuzzing test case #230 (337 total, 0 uniq crashes found)...[0m
[1;94m[*] [0mFuzzing test case #231 (337 total, 0 uniq crashes found)...[0m
[1;94m[*] [0mFuzzing test case #232 (338 total, 0 uniq crashes found)...[0m
[1;94m[*] [0mFuzzing test case #235 (338 total, 0 uniq crashes found)...[0m
[1;94m[*] [0mFuzzing test case #236 (338 total, 0 uniq crashes found)...[0m
[1;94m[*] [0mFuzzing test case #237 (338 total, 0 uniq crashes found)...[0m
[1;94m[*] [0mFuzzing test case #240 (338 total, 0 uniq crashes found)...[0m
[1;94m[*] [0mFuzzing test case #241 (338 total, 0 uniq crashes found)...[0m
[1;94m[*] [0mFuzzing test case #242 (341 total, 0 uniq crashes found)...[0m
[1;94m[*] [0mFuzzing test case #243 (341 total, 0 uniq crashes found)...[0m
[1;94m[*] [0mFuzzing test case #244 (341 total, 0 uniq crashes found)...[0m
[1;94m[*] [0mFuzzing test case #245 (341 total, 0 uniq crashes found)...[0m
[1;94m[*] [0mFuzzing test case #246 (341 total, 0 uniq crashes found)...[0m
[1;94m[*] [0mFuzzing test case #247 (341 total, 0 uniq crashes found)...[0m
[1;94m[*] [0mFuzzing test case #251 (341 total, 0 uniq crashes found)...[0m
[1;94m[*] [0mFuzzing test case #252 (341 total, 0 uniq crashes found)...[0m
[1;94m[*] [0mFuzzing test case #254 (342 total, 0 uniq crashes found)...[0m
[1;94m[*] [0mFuzzing test case #255 (349 total, 0 uniq crashes found)...[0m
[1;94m[*] [0mFuzzing test case #263 (349 total, 0 uniq crashes found)...[0m
[1;94m[*] [0mFuzzing test case #264 (354 total, 0 uniq crashes found)...[0m
[1;94m[*] [0mFuzzing test case #273 (358 total, 0 uniq crashes found)...[0m
[1;94m[*] [0mFuzzing test case #281 (358 total, 0 uniq crashes found)...[0m
[1;94m[*] [0mFuzzing test case #285 (360 total, 0 uniq crashes found)...[0m
[1;94m[*] [0mFuzzing test case #286 (369 total, 0 uniq crashes found)...[0m
[1;94m[*] [0mFuzzing test case #298 (369 total, 0 uniq crashes found)...[0m
[1;94m[*] [0mFuzzing test case #301 (383 total, 0 uniq crashes found)...[0m
[1;94m[*] [0mFuzzing test case #302 (383 total, 0 uniq crashes found)...[0m
[1;94m[*] [0mFuzzing test case #303 (383 total, 0 uniq crashes found)...[0m
[1;94m[*] [0mFuzzing test case #307 (383 total, 0 uniq crashes found)...[0m
[1;94m[*] [0mFuzzing test case #309 (384 total, 0 uniq crashes found)...[0m
[1;94m[*] [0mFuzzing test case #312 (385 total, 0 uniq crashes found)...[0m
[1;94m[*] [0mFuzzing test case #314 (387 total, 0 uniq crashes found)...[0m
[1;94m[*] [0mFuzzing test case #323 (389 total, 0 uniq crashes found)...[0m
[1;94m[*] [0mFuzzing test case #327 (391 total, 0 uniq crashes found)...[0m
[1;94m[*] [0mFuzzing test case #333 (391 total, 0 uniq crashes found)...[0m
[1;94m[*] [0mFuzzing test case #334 (391 total, 0 uniq crashes found)...[0m
[1;94m[*] [0mFuzzing test case #336 (391 total, 0 uniq crashes found)...[0m
[1;94m[*] [0mFuzzing test case #337 (392 total, 0 uniq crashes found)...[0m
[1;94m[*] [0mFuzzing test case #338 (392 total, 0 uniq crashes found)...[0m
[1;94m[*] [0mFuzzing test case #340 (392 total, 0 uniq crashes found)...[0m
[1;94m[*] [0mFuzzing test case #341 (392 total, 0 uniq crashes found)...[0m
[1;94m[*] [0mFuzzing test case #348 (393 total, 0 uniq crashes found)...[0m
[1;94m[*] [0mFuzzing test case #349 (401 total, 0 uniq crashes found)...[0m
[1;94m[*] [0mFuzzing test case #350 (401 total, 0 uniq crashes found)...[0m
[1;94m[*] [0mFuzzing test case #352 (403 total, 0 uniq crashes found)...[0m
[1;94m[*] [0mFuzzing test case #355 (403 total, 0 uniq crashes found)...[0m
[1;94m[*] [0mFuzzing test case #356 (405 total, 0 uniq crashes found)...[0m
[1;94m[*] [0mFuzzing test case #360 (405 total, 0 uniq crashes found)...[0m
[1;94m[*] [0mFuzzing test case #361 (405 total, 0 uniq crashes found)...[0m
[1;94m[*] [0mFuzzing test case #362 (405 total, 0 uniq crashes found)...[0m
[1;94m[*] [0mFuzzing test case #363 (405 total, 0 uniq crashes found)...[0m
[1;94m[*] [0mFuzzing test case #364 (405 total, 0 uniq crashes found)...[0m
[1;94m[*] [0mFuzzing test case #365 (405 total, 0 uniq crashes found)...[0m
[1;94m[*] [0mFuzzing test case #366 (405 total, 0 uniq crashes found)...[0m
[1;94m[*] [0mFuzzing test case #367 (406 total, 0 uniq crashes found)...[0m
[1;94m[*] [0mFuzzing test case #368 (406 total, 0 uniq crashes found)...[0m
[1;94m[*] [0mFuzzing test case #369 (406 total, 0 uniq crashes found)...[0m
[1;94m[*] [0mFuzzing test case #370 (407 total, 0 uniq crashes found)...[0m
[1;94m[*] [0mFuzzing test case #371 (407 total, 0 uniq crashes found)...[0m
[1;94m[*] [0mFuzzing test case #372 (407 total, 0 uniq crashes found)...[0m
[1;94m[*] [0mFuzzing test case #373 (407 total, 0 uniq crashes found)...[0m
[1;94m[*] [0mFuzzing test case #374 (407 total, 0 uniq crashes found)...[0m
[1;94m[*] [0mFuzzing test case #375 (408 total, 0 uniq crashes found)...[0m
[1;94m[*] [0mFuzzing test case #376 (408 total, 0 uniq crashes found)...[0m
[1;94m[*] [0mFuzzing test case #377 (408 total, 0 uniq crashes found)...[0m
[1;94m[*] [0mFuzzing test case #378 (409 total, 0 uniq crashes found)...[0m
[1;94m[*] [0mFuzzing test case #380 (409 total, 0 uniq crashes found)...[0m
[1;94m[*] [0mFuzzing test case #381 (409 total, 0 uniq crashes found)...[0m
[1;94m[*] [0mFuzzing test case #382 (410 total, 0 uniq crashes found)...[0m
[1;94m[*] [0mFuzzing test case #383 (410 total, 0 uniq crashes found)...[0m
[?25h[1;91m

+++ Testing aborted by user +++
[0m[1;92m[+] [0mWe're done here. Have a nice day!
[0m
Child is executing...
afl-fuzz -i /tmp/QuickChick/160431/input -o /tmp/QuickChick/160431/output /tmp/QuickChick/160431/QuickChickf42724 @@
Parent is sleeping for 600 seconds...
cp /tmp/QuickChick/160431/output/fuzzer_stats output/160431