QuickChecking (testMutantX prop_SSNI_arbitrary exp_result_fuzz 16)
Extracted ML file: /tmp/QuickChick/174556/QuickChickd84acd.ml
Compile command: ocamlopt unix.cmxa /home/lemonidas/.opam/4.04.0+afl/lib/afl-persistent/afl-persistent.cmxa -unsafe-string -rectypes -w a -I /tmp/QuickChick/174556 -I /home/lemonidas/.opam/4.04.0+afl/lib/afl-persistent/ -I /home/lemonidas/.opam/4.04.0+afl/lib/coq/user-contrib/QuickChick /home/lemonidas/.opam/4.04.0+afl/lib/coq/user-contrib/QuickChick/quickChickLib.cmx /tmp/QuickChick/174556/QuickChickd84acd.ml -o /tmp/QuickChick/174556/QuickChickd84acd
/tmp/QuickChick/174556/input
[0;36mafl-fuzz [1;97m2.52b[0m by <lcamtuf@google.com>
[1;92m[+] [0mLooks like we're not running on a tty, so I'll be a bit less verbose.[0m
[1;92m[+] [0mYou have 8 CPU cores and 1 runnable tasks (utilization: 12%).[0m
[1;92m[+] [0mTry parallel jobs - see docs/parallel_fuzzing.txt.[0m
[1;94m[*] [0mChecking CPU core loadout...[0m
[1;92m[+] [0mFound a free CPU core, binding to #0.[0m
[1;94m[*] [0mChecking core_pattern...[0m
[1;94m[*] [0mChecking CPU scaling governor...[0m
[1;94m[*] [0mSetting up output directories...[0m
[1;94m[*] [0mScanning '/tmp/QuickChick/174556/input'...[0m
[1;92m[+] [0mNo auto-generated dictionary tokens to reuse.[0m
[1;94m[*] [0mCreating hard links for all input files...[0m
[1;94m[*] [0mValidating target binary...[0m
[1;94m[*] [0mAttempting dry run with 'id:000000,orig:seed1'...[0m
[1;94m[*] [0mSpinning up the fork server...[0m
[1;92m[+] [0mAll right - fork server is up.[0m
[1;90m    len = 11, map size = 377, exec speed = 307 us
[0m[1;94m[*] [0mAttempting dry run with 'id:000001,orig:seed2'...[0m
[1;90m    len = 11, map size = 389, exec speed = 298 us
[0m[1;94m[*] [0mAttempting dry run with 'id:000002,orig:seed3'...[0m
[1;90m    len = 11, map size = 369, exec speed = 282 us
[0m[1;92m[+] [0mAll test cases processed.[0m

[1;92m[+] [0mHere are some useful stats:

[1;90m    Test case count : [0m2 favored, 0 variable, 3 total
[1;90m       Bitmap range : [0m369 to 389 bits (average: 378.33 bits)
[1;90m        Exec timing : [0m282 to 307 us (average: 295 us)
[0m
[1;94m[*] [0mNo -t option specified, so I'll use exec timeout of 20 ms.[0m
[1;92m[+] [0mAll set and ready to roll![0m
[1;94m[*] [0mEntering queue cycle 1.[0m
[1;94m[*] [0mFuzzing test case #1 (3 total, 0 uniq crashes found)...[0m
[1;94m[*] [0mFuzzing test case #14 (120 total, 0 uniq crashes found)...[0m
[1;94m[*] [0mFuzzing test case #46 (121 total, 0 uniq crashes found)...[0m
[1;94m[*] [0mFuzzing test case #63 (144 total, 0 uniq crashes found)...[0m
[1;94m[*] [0mFuzzing test case #64 (144 total, 0 uniq crashes found)...[0m
[1;94m[*] [0mFuzzing test case #67 (145 total, 0 uniq crashes found)...[0m
[1;94m[*] [0mFuzzing test case #68 (145 total, 0 uniq crashes found)...[0m
[1;94m[*] [0mFuzzing test case #69 (145 total, 0 uniq crashes found)...[0m
[1;94m[*] [0mFuzzing test case #70 (160 total, 0 uniq crashes found)...[0m
[1;94m[*] [0mFuzzing test case #72 (160 total, 0 uniq crashes found)...[0m
[1;94m[*] [0mFuzzing test case #79 (160 total, 0 uniq crashes found)...[0m
[1;94m[*] [0mFuzzing test case #82 (160 total, 0 uniq crashes found)...[0m
[1;94m[*] [0mFuzzing test case #83 (174 total, 0 uniq crashes found)...[0m
[1;94m[*] [0mFuzzing test case #85 (175 total, 0 uniq crashes found)...[0m
[1;94m[*] [0mFuzzing test case #87 (176 total, 0 uniq crashes found)...[0m
[1;94m[*] [0mFuzzing test case #88 (178 total, 0 uniq crashes found)...[0m
[1;94m[*] [0mFuzzing test case #95 (178 total, 0 uniq crashes found)...[0m
[1;94m[*] [0mFuzzing test case #96 (178 total, 0 uniq crashes found)...[0m
[1;94m[*] [0mFuzzing test case #99 (178 total, 0 uniq crashes found)...[0m
[1;94m[*] [0mFuzzing test case #101 (178 total, 0 uniq crashes found)...[0m
[1;94m[*] [0mFuzzing test case #102 (178 total, 0 uniq crashes found)...[0m
[1;94m[*] [0mFuzzing test case #105 (179 total, 0 uniq crashes found)...[0m
[1;94m[*] [0mFuzzing test case #107 (179 total, 0 uniq crashes found)...[0m
[1;94m[*] [0mFuzzing test case #109 (179 total, 0 uniq crashes found)...[0m
[1;94m[*] [0mFuzzing test case #110 (216 total, 0 uniq crashes found)...[0m
[1;94m[*] [0mFuzzing test case #112 (221 total, 0 uniq crashes found)...[0m
[1;94m[*] [0mFuzzing test case #117 (240 total, 0 uniq crashes found)...[0m
[1;94m[*] [0mFuzzing test case #118 (262 total, 0 uniq crashes found)...[0m
[1;94m[*] [0mFuzzing test case #126 (263 total, 0 uniq crashes found)...[0m
[1;94m[*] [0mFuzzing test case #127 (263 total, 0 uniq crashes found)...[0m
[1;94m[*] [0mFuzzing test case #128 (263 total, 0 uniq crashes found)...[0m
[1;94m[*] [0mFuzzing test case #131 (268 total, 0 uniq crashes found)...[0m
[1;94m[*] [0mFuzzing test case #134 (297 total, 0 uniq crashes found)...[0m
[1;94m[*] [0mFuzzing test case #137 (297 total, 0 uniq crashes found)...[0m
[1;94m[*] [0mFuzzing test case #145 (303 total, 0 uniq crashes found)...[0m
[1;94m[*] [0mFuzzing test case #147 (304 total, 0 uniq crashes found)...[0m
[1;94m[*] [0mFuzzing test case #148 (305 total, 0 uniq crashes found)...[0m
[1;94m[*] [0mFuzzing test case #149 (305 total, 0 uniq crashes found)...[0m
[1;94m[*] [0mFuzzing test case #150 (307 total, 0 uniq crashes found)...[0m
[1;94m[*] [0mFuzzing test case #151 (307 total, 0 uniq crashes found)...[0m
[1;94m[*] [0mFuzzing test case #153 (307 total, 0 uniq crashes found)...[0m
[1;94m[*] [0mFuzzing test case #154 (307 total, 0 uniq crashes found)...[0m
[1;94m[*] [0mFuzzing test case #155 (307 total, 0 uniq crashes found)...[0m
[1;94m[*] [0mFuzzing test case #156 (308 total, 0 uniq crashes found)...[0m
[1;94m[*] [0mFuzzing test case #160 (308 total, 0 uniq crashes found)...[0m
[1;94m[*] [0mFuzzing test case #161 (309 total, 0 uniq crashes found)...[0m
[1;94m[*] [0mFuzzing test case #163 (309 total, 0 uniq crashes found)...[0m
[1;94m[*] [0mFuzzing test case #164 (310 total, 0 uniq crashes found)...[0m
[1;94m[*] [0mFuzzing test case #165 (310 total, 0 uniq crashes found)...[0m
[1;94m[*] [0mFuzzing test case #166 (311 total, 0 uniq crashes found)...[0m
[1;94m[*] [0mFuzzing test case #167 (312 total, 0 uniq crashes found)...[0m
[1;94m[*] [0mFuzzing test case #168 (312 total, 0 uniq crashes found)...[0m
[1;94m[*] [0mFuzzing test case #169 (312 total, 0 uniq crashes found)...[0m
[1;94m[*] [0mFuzzing test case #170 (312 total, 0 uniq crashes found)...[0m
[1;94m[*] [0mFuzzing test case #171 (312 total, 0 uniq crashes found)...[0m
[1;94m[*] [0mFuzzing test case #172 (312 total, 0 uniq crashes found)...[0m
[1;94m[*] [0mFuzzing test case #173 (312 total, 0 uniq crashes found)...[0m
[1;94m[*] [0mFuzzing test case #175 (312 total, 0 uniq crashes found)...[0m
[1;94m[*] [0mFuzzing test case #176 (312 total, 0 uniq crashes found)...[0m
[1;94m[*] [0mFuzzing test case #179 (313 total, 0 uniq crashes found)...[0m
[1;94m[*] [0mFuzzing test case #181 (313 total, 0 uniq crashes found)...[0m
[1;94m[*] [0mFuzzing test case #194 (313 total, 0 uniq crashes found)...[0m
[1;94m[*] [0mFuzzing test case #197 (316 total, 0 uniq crashes found)...[0m
[1;94m[*] [0mFuzzing test case #207 (318 total, 0 uniq crashes found)...[0m
[1;94m[*] [0mFuzzing test case #209 (318 total, 0 uniq crashes found)...[0m
[1;94m[*] [0mFuzzing test case #211 (318 total, 0 uniq crashes found)...[0m
[1;94m[*] [0mFuzzing test case #217 (323 total, 0 uniq crashes found)...[0m
[1;94m[*] [0mFuzzing test case #219 (323 total, 0 uniq crashes found)...[0m
[1;94m[*] [0mFuzzing test case #220 (324 total, 0 uniq crashes found)...[0m
[1;94m[*] [0mFuzzing test case #221 (324 total, 0 uniq crashes found)...[0m
[1;94m[*] [0mFuzzing test case #222 (326 total, 0 uniq crashes found)...[0m
[1;94m[*] [0mFuzzing test case #223 (328 total, 0 uniq crashes found)...[0m
[1;94m[*] [0mFuzzing test case #224 (328 total, 0 uniq crashes found)...[0m
[1;94m[*] [0mFuzzing test case #225 (329 total, 0 uniq crashes found)...[0m
[1;94m[*] [0mFuzzing test case #226 (329 total, 0 uniq crashes found)...[0m
[1;94m[*] [0mFuzzing test case #227 (329 total, 0 uniq crashes found)...[0m
[1;94m[*] [0mFuzzing test case #229 (330 total, 0 uniq crashes found)...[0m
[1;94m[*] [0mFuzzing test case #230 (330 total, 0 uniq crashes found)...[0m
[1;94m[*] [0mFuzzing test case #231 (330 total, 0 uniq crashes found)...[0m
[1;94m[*] [0mFuzzing test case #232 (330 total, 0 uniq crashes found)...[0m
[1;94m[*] [0mFuzzing test case #233 (331 total, 0 uniq crashes found)...[0m
[1;94m[*] [0mFuzzing test case #234 (332 total, 0 uniq crashes found)...[0m
[1;94m[*] [0mFuzzing test case #236 (338 total, 0 uniq crashes found)...[0m
[1;94m[*] [0mFuzzing test case #237 (338 total, 0 uniq crashes found)...[0m
[1;94m[*] [0mFuzzing test case #238 (338 total, 0 uniq crashes found)...[0m
[1;94m[*] [0mFuzzing test case #239 (339 total, 0 uniq crashes found)...[0m
[1;94m[*] [0mFuzzing test case #240 (339 total, 0 uniq crashes found)...[0m
[1;94m[*] [0mFuzzing test case #241 (339 total, 0 uniq crashes found)...[0m
[1;94m[*] [0mFuzzing test case #242 (339 total, 0 uniq crashes found)...[0m
[1;94m[*] [0mFuzzing test case #243 (339 total, 0 uniq crashes found)...[0m
[1;94m[*] [0mFuzzing test case #251 (339 total, 0 uniq crashes found)...[0m
[1;94m[*] [0mFuzzing test case #253 (339 total, 0 uniq crashes found)...[0m
[1;94m[*] [0mFuzzing test case #257 (339 total, 0 uniq crashes found)...[0m
[1;94m[*] [0mFuzzing test case #260 (345 total, 0 uniq crashes found)...[0m
[1;94m[*] [0mFuzzing test case #261 (345 total, 0 uniq crashes found)...[0m
[1;94m[*] [0mFuzzing test case #264 (347 total, 0 uniq crashes found)...[0m
[1;94m[*] [0mFuzzing test case #266 (348 total, 0 uniq crashes found)...[0m
[1;94m[*] [0mFuzzing test case #267 (349 total, 0 uniq crashes found)...[0m
[1;94m[*] [0mFuzzing test case #269 (349 total, 0 uniq crashes found)...[0m
[1;94m[*] [0mFuzzing test case #271 (349 total, 0 uniq crashes found)...[0m
[1;94m[*] [0mFuzzing test case #279 (349 total, 0 uniq crashes found)...[0m
[1;94m[*] [0mFuzzing test case #285 (351 total, 0 uniq crashes found)...[0m
[1;94m[*] [0mFuzzing test case #286 (352 total, 0 uniq crashes found)...[0m
[1;94m[*] [0mFuzzing test case #289 (352 total, 0 uniq crashes found)...[0m
[1;94m[*] [0mFuzzing test case #290 (352 total, 0 uniq crashes found)...[0m
[1;94m[*] [0mFuzzing test case #293 (352 total, 0 uniq crashes found)...[0m
[1;94m[*] [0mFuzzing test case #294 (353 total, 0 uniq crashes found)...[0m
[1;94m[*] [0mFuzzing test case #295 (360 total, 0 uniq crashes found)...[0m
[1;94m[*] [0mFuzzing test case #296 (360 total, 0 uniq crashes found)...[0m
[1;94m[*] [0mFuzzing test case #303 (365 total, 0 uniq crashes found)...[0m
[1;94m[*] [0mFuzzing test case #306 (365 total, 0 uniq crashes found)...[0m
[1;94m[*] [0mFuzzing test case #307 (366 total, 0 uniq crashes found)...[0m
[1;94m[*] [0mFuzzing test case #309 (367 total, 0 uniq crashes found)...[0m
[1;94m[*] [0mFuzzing test case #311 (367 total, 0 uniq crashes found)...[0m
[1;94m[*] [0mFuzzing test case #316 (367 total, 0 uniq crashes found)...[0m
[1;94m[*] [0mFuzzing test case #318 (367 total, 0 uniq crashes found)...[0m
[1;94m[*] [0mFuzzing test case #320 (368 total, 0 uniq crashes found)...[0m
[1;94m[*] [0mFuzzing test case #321 (370 total, 0 uniq crashes found)...[0m
[1;94m[*] [0mFuzzing test case #323 (370 total, 0 uniq crashes found)...[0m
[1;94m[*] [0mFuzzing test case #324 (371 total, 0 uniq crashes found)...[0m
[1;94m[*] [0mFuzzing test case #325 (371 total, 0 uniq crashes found)...[0m
[1;94m[*] [0mFuzzing test case #326 (372 total, 0 uniq crashes found)...[0m
[1;94m[*] [0mFuzzing test case #327 (372 total, 0 uniq crashes found)...[0m
[1;94m[*] [0mFuzzing test case #328 (373 total, 0 uniq crashes found)...[0m
[1;94m[*] [0mFuzzing test case #329 (373 total, 0 uniq crashes found)...[0m
[1;94m[*] [0mFuzzing test case #330 (375 total, 0 uniq crashes found)...[0m
[1;94m[*] [0mFuzzing test case #331 (375 total, 0 uniq crashes found)...[0m
[1;94m[*] [0mFuzzing test case #332 (376 total, 0 uniq crashes found)...[0m
[1;94m[*] [0mFuzzing test case #333 (378 total, 0 uniq crashes found)...[0m
[1;94m[*] [0mFuzzing test case #334 (378 total, 0 uniq crashes found)...[0m
[1;94m[*] [0mFuzzing test case #335 (379 total, 0 uniq crashes found)...[0m
[1;94m[*] [0mFuzzing test case #336 (379 total, 0 uniq crashes found)...[0m
[1;94m[*] [0mFuzzing test case #337 (380 total, 0 uniq crashes found)...[0m
[1;94m[*] [0mFuzzing test case #338 (380 total, 0 uniq crashes found)...[0m
[1;94m[*] [0mFuzzing test case #341 (380 total, 0 uniq crashes found)...[0m
[1;94m[*] [0mFuzzing test case #342 (380 total, 0 uniq crashes found)...[0m
[1;94m[*] [0mFuzzing test case #343 (380 total, 0 uniq crashes found)...[0m
[1;94m[*] [0mFuzzing test case #345 (380 total, 0 uniq crashes found)...[0m
[1;94m[*] [0mFuzzing test case #346 (380 total, 0 uniq crashes found)...[0m
[1;94m[*] [0mFuzzing test case #347 (380 total, 0 uniq crashes found)...[0m
[1;94m[*] [0mFuzzing test case #348 (383 total, 0 uniq crashes found)...[0m
[1;94m[*] [0mFuzzing test case #351 (383 total, 0 uniq crashes found)...[0m
[1;94m[*] [0mFuzzing test case #352 (383 total, 0 uniq crashes found)...[0m
[?25h[1;91m

+++ Testing aborted by user +++
[0m[1;92m[+] [0mWe're done here. Have a nice day!
[0m
Child is executing...
afl-fuzz -i /tmp/QuickChick/174556/input -o /tmp/QuickChick/174556/output /tmp/QuickChick/174556/QuickChickd84acd @@
Parent is sleeping for 600 seconds...
cp /tmp/QuickChick/174556/output/fuzzer_stats output/174556