QuickChecking (testMutantX prop_SSNI_arbmedium exp_result_fuzz 5)
Extracted ML file: /tmp/QuickChick/141254/QuickChickc3fad5.ml
Compile command: ocamlopt unix.cmxa /home/lemonidas/.opam/4.04.0+afl/lib/afl-persistent/afl-persistent.cmxa -unsafe-string -rectypes -w a -I /tmp/QuickChick/141254 -I /home/lemonidas/.opam/4.04.0+afl/lib/afl-persistent/ -I /home/lemonidas/.opam/4.04.0+afl/lib/coq/user-contrib/QuickChick /home/lemonidas/.opam/4.04.0+afl/lib/coq/user-contrib/QuickChick/quickChickLib.cmx /tmp/QuickChick/141254/QuickChickc3fad5.ml -o /tmp/QuickChick/141254/QuickChickc3fad5
/tmp/QuickChick/141254/input
[0;36mafl-fuzz [1;97m2.52b[0m by <lcamtuf@google.com>
[1;92m[+] [0mLooks like we're not running on a tty, so I'll be a bit less verbose.[0m
[1;92m[+] [0mYou have 8 CPU cores and 2 runnable tasks (utilization: 25%).[0m
[1;92m[+] [0mTry parallel jobs - see docs/parallel_fuzzing.txt.[0m
[1;94m[*] [0mChecking CPU core loadout...[0m
[1;92m[+] [0mFound a free CPU core, binding to #0.[0m
[1;94m[*] [0mChecking core_pattern...[0m
[1;94m[*] [0mChecking CPU scaling governor...[0m
[1;94m[*] [0mSetting up output directories...[0m
[1;94m[*] [0mScanning '/tmp/QuickChick/141254/input'...[0m
[1;92m[+] [0mNo auto-generated dictionary tokens to reuse.[0m
[1;94m[*] [0mCreating hard links for all input files...[0m
[1;94m[*] [0mValidating target binary...[0m
[1;94m[*] [0mAttempting dry run with 'id:000000,orig:seed1'...[0m
[1;94m[*] [0mSpinning up the fork server...[0m
[1;92m[+] [0mAll right - fork server is up.[0m
[1;90m    len = 11, map size = 385, exec speed = 405 us
[0m[1;94m[*] [0mAttempting dry run with 'id:000001,orig:seed2'...[0m
[1;90m    len = 11, map size = 397, exec speed = 284 us
[0m[1;94m[*] [0mAttempting dry run with 'id:000002,orig:seed3'...[0m
[1;90m    len = 11, map size = 377, exec speed = 289 us
[0m[1;92m[+] [0mAll test cases processed.[0m

[1;92m[+] [0mHere are some useful stats:

[1;90m    Test case count : [0m1 favored, 0 variable, 3 total
[1;90m       Bitmap range : [0m377 to 397 bits (average: 386.33 bits)
[1;90m        Exec timing : [0m284 to 405 us (average: 326 us)
[0m
[1;94m[*] [0mNo -t option specified, so I'll use exec timeout of 20 ms.[0m
[1;92m[+] [0mAll set and ready to roll![0m
[1;94m[*] [0mEntering queue cycle 1.[0m
[1;94m[*] [0mFuzzing test case #1 (3 total, 0 uniq crashes found)...[0m
[1;94m[*] [0mFuzzing test case #27 (237 total, 2 uniq crashes found)...[0m
[1;94m[*] [0mFuzzing test case #39 (238 total, 2 uniq crashes found)...[0m
[1;94m[*] [0mFuzzing test case #61 (239 total, 2 uniq crashes found)...[0m
[1;94m[*] [0mFuzzing test case #70 (268 total, 5 uniq crashes found)...[0m
[1;94m[*] [0mFuzzing test case #72 (287 total, 8 uniq crashes found)...[0m
[1;94m[*] [0mFuzzing test case #75 (287 total, 8 uniq crashes found)...[0m
[1;94m[*] [0mFuzzing test case #86 (287 total, 8 uniq crashes found)...[0m
[1;94m[*] [0mFuzzing test case #90 (287 total, 8 uniq crashes found)...[0m
[1;94m[*] [0mFuzzing test case #95 (287 total, 8 uniq crashes found)...[0m
[1;94m[*] [0mFuzzing test case #96 (287 total, 8 uniq crashes found)...[0m
[1;94m[*] [0mFuzzing test case #102 (287 total, 8 uniq crashes found)...[0m
[1;94m[*] [0mFuzzing test case #105 (287 total, 8 uniq crashes found)...[0m
[1;94m[*] [0mFuzzing test case #112 (287 total, 8 uniq crashes found)...[0m
[1;94m[*] [0mFuzzing test case #122 (287 total, 8 uniq crashes found)...[0m
[1;94m[*] [0mFuzzing test case #123 (298 total, 10 uniq crashes found)...[0m
[1;94m[*] [0mFuzzing test case #129 (298 total, 10 uniq crashes found)...[0m
[1;94m[*] [0mFuzzing test case #133 (298 total, 10 uniq crashes found)...[0m
[1;94m[*] [0mFuzzing test case #140 (298 total, 10 uniq crashes found)...[0m
[1;94m[*] [0mFuzzing test case #146 (298 total, 12 uniq crashes found)...[0m
[1;94m[*] [0mFuzzing test case #149 (298 total, 13 uniq crashes found)...[0m
[1;94m[*] [0mFuzzing test case #153 (299 total, 14 uniq crashes found)...[0m
[1;94m[*] [0mFuzzing test case #154 (300 total, 18 uniq crashes found)...[0m
[1;94m[*] [0mFuzzing test case #157 (300 total, 18 uniq crashes found)...[0m
[1;94m[*] [0mFuzzing test case #159 (300 total, 18 uniq crashes found)...[0m
[1;94m[*] [0mFuzzing test case #161 (300 total, 18 uniq crashes found)...[0m
[1;94m[*] [0mFuzzing test case #163 (300 total, 18 uniq crashes found)...[0m
[1;94m[*] [0mFuzzing test case #171 (300 total, 19 uniq crashes found)...[0m
[1;94m[*] [0mFuzzing test case #175 (300 total, 19 uniq crashes found)...[0m
[1;94m[*] [0mFuzzing test case #177 (300 total, 19 uniq crashes found)...[0m
[1;94m[*] [0mFuzzing test case #179 (300 total, 20 uniq crashes found)...[0m
[1;94m[*] [0mFuzzing test case #180 (300 total, 20 uniq crashes found)...[0m
[1;94m[*] [0mFuzzing test case #181 (300 total, 20 uniq crashes found)...[0m
[1;94m[*] [0mFuzzing test case #182 (300 total, 20 uniq crashes found)...[0m
[1;94m[*] [0mFuzzing test case #186 (300 total, 20 uniq crashes found)...[0m
[1;94m[*] [0mFuzzing test case #187 (301 total, 20 uniq crashes found)...[0m
[1;94m[*] [0mFuzzing test case #188 (301 total, 20 uniq crashes found)...[0m
[1;94m[*] [0mFuzzing test case #189 (301 total, 20 uniq crashes found)...[0m
[1;94m[*] [0mFuzzing test case #194 (301 total, 20 uniq crashes found)...[0m
[1;94m[*] [0mFuzzing test case #196 (301 total, 20 uniq crashes found)...[0m
[1;94m[*] [0mFuzzing test case #198 (301 total, 21 uniq crashes found)...[0m
[1;94m[*] [0mFuzzing test case #202 (301 total, 21 uniq crashes found)...[0m
[1;94m[*] [0mFuzzing test case #203 (301 total, 21 uniq crashes found)...[0m
[1;94m[*] [0mFuzzing test case #204 (301 total, 21 uniq crashes found)...[0m
[1;94m[*] [0mFuzzing test case #207 (301 total, 22 uniq crashes found)...[0m
[1;94m[*] [0mFuzzing test case #211 (301 total, 22 uniq crashes found)...[0m
[1;94m[*] [0mFuzzing test case #214 (301 total, 22 uniq crashes found)...[0m
[1;94m[*] [0mFuzzing test case #215 (301 total, 22 uniq crashes found)...[0m
[1;94m[*] [0mFuzzing test case #218 (301 total, 22 uniq crashes found)...[0m
[1;94m[*] [0mFuzzing test case #220 (301 total, 22 uniq crashes found)...[0m
[1;94m[*] [0mFuzzing test case #222 (301 total, 23 uniq crashes found)...[0m
[1;94m[*] [0mFuzzing test case #223 (301 total, 23 uniq crashes found)...[0m
[1;94m[*] [0mFuzzing test case #225 (301 total, 23 uniq crashes found)...[0m
[1;94m[*] [0mFuzzing test case #226 (301 total, 23 uniq crashes found)...[0m
[1;94m[*] [0mFuzzing test case #230 (301 total, 23 uniq crashes found)...[0m
[1;94m[*] [0mFuzzing test case #231 (301 total, 23 uniq crashes found)...[0m
[1;94m[*] [0mFuzzing test case #234 (301 total, 23 uniq crashes found)...[0m
[1;94m[*] [0mFuzzing test case #236 (301 total, 23 uniq crashes found)...[0m
[1;94m[*] [0mFuzzing test case #237 (301 total, 23 uniq crashes found)...[0m
[1;94m[*] [0mFuzzing test case #238 (301 total, 23 uniq crashes found)...[0m
[1;94m[*] [0mFuzzing test case #239 (301 total, 23 uniq crashes found)...[0m
[1;94m[*] [0mFuzzing test case #241 (301 total, 23 uniq crashes found)...[0m
[1;94m[*] [0mFuzzing test case #242 (301 total, 23 uniq crashes found)...[0m
[1;94m[*] [0mFuzzing test case #243 (301 total, 23 uniq crashes found)...[0m
[1;94m[*] [0mFuzzing test case #246 (301 total, 23 uniq crashes found)...[0m
[1;94m[*] [0mFuzzing test case #247 (301 total, 23 uniq crashes found)...[0m
[1;94m[*] [0mFuzzing test case #248 (301 total, 23 uniq crashes found)...[0m
[1;94m[*] [0mFuzzing test case #254 (301 total, 23 uniq crashes found)...[0m
[1;94m[*] [0mFuzzing test case #255 (301 total, 23 uniq crashes found)...[0m
[1;94m[*] [0mFuzzing test case #256 (301 total, 23 uniq crashes found)...[0m
[1;94m[*] [0mFuzzing test case #259 (301 total, 23 uniq crashes found)...[0m
[1;94m[*] [0mFuzzing test case #260 (301 total, 23 uniq crashes found)...[0m
[1;94m[*] [0mFuzzing test case #261 (301 total, 23 uniq crashes found)...[0m
[1;94m[*] [0mFuzzing test case #263 (301 total, 24 uniq crashes found)...[0m
[1;94m[*] [0mFuzzing test case #269 (301 total, 24 uniq crashes found)...[0m
[1;94m[*] [0mFuzzing test case #272 (301 total, 24 uniq crashes found)...[0m
[1;94m[*] [0mFuzzing test case #277 (301 total, 24 uniq crashes found)...[0m
[1;94m[*] [0mFuzzing test case #278 (301 total, 24 uniq crashes found)...[0m
[1;94m[*] [0mFuzzing test case #281 (301 total, 24 uniq crashes found)...[0m
[1;94m[*] [0mFuzzing test case #282 (301 total, 24 uniq crashes found)...[0m
[1;94m[*] [0mFuzzing test case #287 (301 total, 24 uniq crashes found)...[0m
[1;94m[*] [0mFuzzing test case #288 (301 total, 24 uniq crashes found)...[0m
[1;94m[*] [0mFuzzing test case #289 (301 total, 24 uniq crashes found)...[0m
[1;94m[*] [0mFuzzing test case #293 (301 total, 24 uniq crashes found)...[0m
[1;94m[*] [0mFuzzing test case #296 (301 total, 24 uniq crashes found)...[0m
[1;94m[*] [0mFuzzing test case #300 (301 total, 24 uniq crashes found)...[0m
[1;94m[*] [0mEntering queue cycle 2.[0m
[1;94m[*] [0mFuzzing test case #84 (301 total, 24 uniq crashes found)...[0m
[1;94m[*] [0mFuzzing test case #128 (301 total, 24 uniq crashes found)...[0m
[1;94m[*] [0mFuzzing test case #144 (301 total, 24 uniq crashes found)...[0m
[1;94m[*] [0mFuzzing test case #147 (301 total, 24 uniq crashes found)...[0m
[1;94m[*] [0mFuzzing test case #148 (301 total, 24 uniq crashes found)...[0m
[1;94m[*] [0mFuzzing test case #153 (301 total, 24 uniq crashes found)...[0m
[1;94m[*] [0mFuzzing test case #154 (301 total, 24 uniq crashes found)...[0m
[1;94m[*] [0mFuzzing test case #157 (301 total, 24 uniq crashes found)...[0m
[1;94m[*] [0mFuzzing test case #158 (301 total, 24 uniq crashes found)...[0m
[1;94m[*] [0mFuzzing test case #161 (301 total, 24 uniq crashes found)...[0m
[1;94m[*] [0mFuzzing test case #163 (301 total, 24 uniq crashes found)...[0m
[1;94m[*] [0mFuzzing test case #166 (301 total, 24 uniq crashes found)...[0m
[1;94m[*] [0mFuzzing test case #168 (301 total, 24 uniq crashes found)...[0m
[1;94m[*] [0mFuzzing test case #171 (301 total, 24 uniq crashes found)...[0m
[1;94m[*] [0mFuzzing test case #175 (301 total, 24 uniq crashes found)...[0m
[1;94m[*] [0mFuzzing test case #177 (301 total, 24 uniq crashes found)...[0m
[1;94m[*] [0mFuzzing test case #179 (301 total, 24 uniq crashes found)...[0m
[1;94m[*] [0mFuzzing test case #180 (301 total, 24 uniq crashes found)...[0m
[1;94m[*] [0mFuzzing test case #181 (301 total, 24 uniq crashes found)...[0m
[1;94m[*] [0mFuzzing test case #182 (301 total, 24 uniq crashes found)...[0m
[1;94m[*] [0mFuzzing test case #186 (301 total, 24 uniq crashes found)...[0m
[1;94m[*] [0mFuzzing test case #187 (301 total, 24 uniq crashes found)...[0m
[1;94m[*] [0mFuzzing test case #188 (301 total, 24 uniq crashes found)...[0m
[1;94m[*] [0mFuzzing test case #189 (301 total, 24 uniq crashes found)...[0m
[1;94m[*] [0mFuzzing test case #192 (301 total, 24 uniq crashes found)...[0m
[1;94m[*] [0mFuzzing test case #194 (301 total, 24 uniq crashes found)...[0m
[1;94m[*] [0mFuzzing test case #196 (301 total, 24 uniq crashes found)...[0m
[1;94m[*] [0mFuzzing test case #198 (301 total, 24 uniq crashes found)...[0m
[1;94m[*] [0mFuzzing test case #202 (301 total, 24 uniq crashes found)...[0m
[1;94m[*] [0mFuzzing test case #203 (301 total, 24 uniq crashes found)...[0m
[1;94m[*] [0mFuzzing test case #204 (301 total, 24 uniq crashes found)...[0m
[1;94m[*] [0mFuzzing test case #206 (301 total, 24 uniq crashes found)...[0m
[1;94m[*] [0mFuzzing test case #210 (301 total, 24 uniq crashes found)...[0m
[1;94m[*] [0mFuzzing test case #211 (301 total, 25 uniq crashes found)...[0m
[1;94m[*] [0mFuzzing test case #213 (301 total, 25 uniq crashes found)...[0m
[1;94m[*] [0mFuzzing test case #214 (301 total, 25 uniq crashes found)...[0m
[1;94m[*] [0mFuzzing test case #215 (301 total, 25 uniq crashes found)...[0m
[1;94m[*] [0mFuzzing test case #217 (301 total, 25 uniq crashes found)...[0m
[1;94m[*] [0mFuzzing test case #218 (301 total, 25 uniq crashes found)...[0m
[1;94m[*] [0mFuzzing test case #220 (301 total, 25 uniq crashes found)...[0m
[1;94m[*] [0mFuzzing test case #222 (301 total, 25 uniq crashes found)...[0m
[1;94m[*] [0mFuzzing test case #223 (301 total, 25 uniq crashes found)...[0m
[1;94m[*] [0mFuzzing test case #224 (301 total, 25 uniq crashes found)...[0m
[1;94m[*] [0mFuzzing test case #225 (301 total, 25 uniq crashes found)...[0m
[1;94m[*] [0mFuzzing test case #226 (301 total, 25 uniq crashes found)...[0m
[1;94m[*] [0mFuzzing test case #227 (301 total, 25 uniq crashes found)...[0m
[1;94m[*] [0mFuzzing test case #230 (301 total, 25 uniq crashes found)...[0m
[1;94m[*] [0mFuzzing test case #231 (301 total, 25 uniq crashes found)...[0m
[1;94m[*] [0mFuzzing test case #233 (301 total, 25 uniq crashes found)...[0m
[1;94m[*] [0mFuzzing test case #234 (301 total, 25 uniq crashes found)...[0m
[1;94m[*] [0mFuzzing test case #235 (301 total, 25 uniq crashes found)...[0m
[1;94m[*] [0mFuzzing test case #237 (301 total, 26 uniq crashes found)...[0m
[1;94m[*] [0mFuzzing test case #238 (301 total, 26 uniq crashes found)...[0m
[1;94m[*] [0mFuzzing test case #239 (301 total, 26 uniq crashes found)...[0m
[1;94m[*] [0mFuzzing test case #241 (301 total, 26 uniq crashes found)...[0m
[1;94m[*] [0mFuzzing test case #242 (301 total, 26 uniq crashes found)...[0m
[1;94m[*] [0mFuzzing test case #243 (301 total, 26 uniq crashes found)...[0m
[1;94m[*] [0mFuzzing test case #246 (301 total, 26 uniq crashes found)...[0m
[1;94m[*] [0mFuzzing test case #247 (301 total, 26 uniq crashes found)...[0m
[1;94m[*] [0mFuzzing test case #248 (301 total, 26 uniq crashes found)...[0m
[1;94m[*] [0mFuzzing test case #254 (301 total, 26 uniq crashes found)...[0m
[1;94m[*] [0mFuzzing test case #255 (301 total, 26 uniq crashes found)...[0m
[1;94m[*] [0mFuzzing test case #256 (301 total, 26 uniq crashes found)...[0m
[1;94m[*] [0mFuzzing test case #259 (301 total, 26 uniq crashes found)...[0m
[1;94m[*] [0mFuzzing test case #260 (301 total, 26 uniq crashes found)...[0m
[1;94m[*] [0mFuzzing test case #261 (301 total, 26 uniq crashes found)...[0m
[1;94m[*] [0mFuzzing test case #263 (301 total, 26 uniq crashes found)...[0m
[1;94m[*] [0mFuzzing test case #268 (301 total, 26 uniq crashes found)...[0m
[1;94m[*] [0mFuzzing test case #269 (301 total, 26 uniq crashes found)...[0m
[1;94m[*] [0mFuzzing test case #271 (301 total, 26 uniq crashes found)...[0m
[1;94m[*] [0mFuzzing test case #272 (301 total, 26 uniq crashes found)...[0m
[1;94m[*] [0mFuzzing test case #277 (301 total, 26 uniq crashes found)...[0m
[1;94m[*] [0mFuzzing test case #278 (301 total, 26 uniq crashes found)...[0m
[1;94m[*] [0mFuzzing test case #281 (301 total, 26 uniq crashes found)...[0m
[1;94m[*] [0mFuzzing test case #282 (301 total, 26 uniq crashes found)...[0m
[1;94m[*] [0mFuzzing test case #283 (301 total, 26 uniq crashes found)...[0m
[1;94m[*] [0mFuzzing test case #284 (301 total, 26 uniq crashes found)...[0m
[1;94m[*] [0mFuzzing test case #287 (301 total, 26 uniq crashes found)...[0m
[1;94m[*] [0mFuzzing test case #288 (301 total, 26 uniq crashes found)...[0m
[1;94m[*] [0mFuzzing test case #289 (301 total, 26 uniq crashes found)...[0m
[1;94m[*] [0mFuzzing test case #290 (301 total, 26 uniq crashes found)...[0m
[1;94m[*] [0mFuzzing test case #295 (301 total, 26 uniq crashes found)...[0m
[1;94m[*] [0mFuzzing test case #296 (301 total, 26 uniq crashes found)...[0m
[1;94m[*] [0mFuzzing test case #297 (301 total, 26 uniq crashes found)...[0m
[1;94m[*] [0mEntering queue cycle 3.[0m
[1;94m[*] [0mFuzzing test case #3 (301 total, 26 uniq crashes found)...[0m
[1;94m[*] [0mFuzzing test case #5 (301 total, 26 uniq crashes found)...[0m
[1;94m[*] [0mFuzzing test case #10 (301 total, 26 uniq crashes found)...[0m
[1;94m[*] [0mFuzzing test case #11 (301 total, 26 uniq crashes found)...[0m
[1;94m[*] [0mFuzzing test case #19 (301 total, 26 uniq crashes found)...[0m
[1;94m[*] [0mFuzzing test case #27 (301 total, 26 uniq crashes found)...[0m
[1;94m[*] [0mFuzzing test case #30 (301 total, 26 uniq crashes found)...[0m
[1;94m[*] [0mFuzzing test case #34 (301 total, 26 uniq crashes found)...[0m
[1;94m[*] [0mFuzzing test case #37 (301 total, 26 uniq crashes found)...[0m
[1;94m[*] [0mFuzzing test case #39 (301 total, 26 uniq crashes found)...[0m
[1;94m[*] [0mFuzzing test case #50 (301 total, 26 uniq crashes found)...[0m
[1;94m[*] [0mFuzzing test case #53 (301 total, 26 uniq crashes found)...[0m
[1;94m[*] [0mFuzzing test case #61 (301 total, 26 uniq crashes found)...[0m
[1;94m[*] [0mFuzzing test case #65 (301 total, 26 uniq crashes found)...[0m
[1;94m[*] [0mFuzzing test case #69 (301 total, 26 uniq crashes found)...[0m
[1;94m[*] [0mFuzzing test case #70 (301 total, 26 uniq crashes found)...[0m
[1;94m[*] [0mFuzzing test case #71 (301 total, 26 uniq crashes found)...[0m
[1;94m[*] [0mFuzzing test case #75 (301 total, 26 uniq crashes found)...[0m
[1;94m[*] [0mFuzzing test case #76 (301 total, 26 uniq crashes found)...[0m
[1;94m[*] [0mFuzzing test case #78 (301 total, 26 uniq crashes found)...[0m
[1;94m[*] [0mFuzzing test case #80 (301 total, 26 uniq crashes found)...[0m
[1;94m[*] [0mFuzzing test case #86 (301 total, 26 uniq crashes found)...[0m
[1;94m[*] [0mFuzzing test case #87 (301 total, 26 uniq crashes found)...[0m
[1;94m[*] [0mFuzzing test case #88 (301 total, 26 uniq crashes found)...[0m
[1;94m[*] [0mFuzzing test case #90 (301 total, 26 uniq crashes found)...[0m
[1;94m[*] [0mFuzzing test case #91 (301 total, 26 uniq crashes found)...[0m
[1;94m[*] [0mFuzzing test case #93 (301 total, 26 uniq crashes found)...[0m
[1;94m[*] [0mFuzzing test case #95 (301 total, 26 uniq crashes found)...[0m
[1;94m[*] [0mFuzzing test case #96 (301 total, 26 uniq crashes found)...[0m
[1;94m[*] [0mFuzzing test case #102 (301 total, 26 uniq crashes found)...[0m
[1;94m[*] [0mFuzzing test case #103 (301 total, 26 uniq crashes found)...[0m
[1;94m[*] [0mFuzzing test case #105 (301 total, 26 uniq crashes found)...[0m
[1;94m[*] [0mFuzzing test case #106 (301 total, 26 uniq crashes found)...[0m
[1;94m[*] [0mFuzzing test case #107 (301 total, 26 uniq crashes found)...[0m
[1;94m[*] [0mFuzzing test case #108 (301 total, 26 uniq crashes found)...[0m
[1;94m[*] [0mFuzzing test case #112 (301 total, 26 uniq crashes found)...[0m
[1;94m[*] [0mFuzzing test case #115 (301 total, 26 uniq crashes found)...[0m
[1;94m[*] [0mFuzzing test case #119 (301 total, 26 uniq crashes found)...[0m
[1;94m[*] [0mFuzzing test case #124 (301 total, 26 uniq crashes found)...[0m
[1;94m[*] [0mFuzzing test case #127 (301 total, 26 uniq crashes found)...[0m
[1;94m[*] [0mFuzzing test case #128 (301 total, 26 uniq crashes found)...[0m
[1;94m[*] [0mFuzzing test case #129 (301 total, 26 uniq crashes found)...[0m
[1;94m[*] [0mFuzzing test case #130 (301 total, 26 uniq crashes found)...[0m
[1;94m[*] [0mFuzzing test case #132 (301 total, 26 uniq crashes found)...[0m
[1;94m[*] [0mFuzzing test case #133 (301 total, 26 uniq crashes found)...[0m
[1;94m[*] [0mFuzzing test case #137 (301 total, 26 uniq crashes found)...[0m
[1;94m[*] [0mFuzzing test case #140 (301 total, 26 uniq crashes found)...[0m
[1;94m[*] [0mFuzzing test case #146 (301 total, 26 uniq crashes found)...[0m
[1;94m[*] [0mFuzzing test case #147 (301 total, 26 uniq crashes found)...[0m
[1;94m[*] [0mFuzzing test case #153 (301 total, 26 uniq crashes found)...[0m
[1;94m[*] [0mFuzzing test case #154 (301 total, 26 uniq crashes found)...[0m
[1;94m[*] [0mFuzzing test case #157 (301 total, 26 uniq crashes found)...[0m
[1;94m[*] [0mFuzzing test case #161 (301 total, 26 uniq crashes found)...[0m
[1;94m[*] [0mFuzzing test case #163 (301 total, 26 uniq crashes found)...[0m
[1;94m[*] [0mFuzzing test case #169 (301 total, 26 uniq crashes found)...[0m
[1;94m[*] [0mFuzzing test case #171 (301 total, 26 uniq crashes found)...[0m
[1;94m[*] [0mFuzzing test case #172 (302 total, 26 uniq crashes found)...[0m
[1;94m[*] [0mFuzzing test case #175 (302 total, 26 uniq crashes found)...[0m
[1;94m[*] [0mFuzzing test case #179 (302 total, 26 uniq crashes found)...[0m
[1;94m[*] [0mFuzzing test case #180 (302 total, 26 uniq crashes found)...[0m
[1;94m[*] [0mFuzzing test case #181 (302 total, 26 uniq crashes found)...[0m
[1;94m[*] [0mFuzzing test case #182 (302 total, 26 uniq crashes found)...[0m
[1;94m[*] [0mFuzzing test case #186 (302 total, 26 uniq crashes found)...[0m
[1;94m[*] [0mFuzzing test case #187 (302 total, 26 uniq crashes found)...[0m
[1;94m[*] [0mFuzzing test case #188 (302 total, 26 uniq crashes found)...[0m
[1;94m[*] [0mFuzzing test case #189 (302 total, 26 uniq crashes found)...[0m
[1;94m[*] [0mFuzzing test case #191 (302 total, 26 uniq crashes found)...[0m
[1;94m[*] [0mFuzzing test case #192 (302 total, 26 uniq crashes found)...[0m
[1;94m[*] [0mFuzzing test case #193 (302 total, 26 uniq crashes found)...[0m
[1;94m[*] [0mFuzzing test case #194 (302 total, 26 uniq crashes found)...[0m
[1;94m[*] [0mFuzzing test case #196 (302 total, 26 uniq crashes found)...[0m
[1;94m[*] [0mFuzzing test case #199 (302 total, 26 uniq crashes found)...[0m
[1;94m[*] [0mFuzzing test case #200 (302 total, 26 uniq crashes found)...[0m
[1;94m[*] [0mFuzzing test case #202 (302 total, 26 uniq crashes found)...[0m
[1;94m[*] [0mFuzzing test case #203 (302 total, 26 uniq crashes found)...[0m
[1;94m[*] [0mFuzzing test case #204 (302 total, 26 uniq crashes found)...[0m
[1;94m[*] [0mFuzzing test case #206 (302 total, 26 uniq crashes found)...[0m
[1;94m[*] [0mFuzzing test case #211 (302 total, 26 uniq crashes found)...[0m
[1;94m[*] [0mFuzzing test case #214 (302 total, 26 uniq crashes found)...[0m
[1;94m[*] [0mFuzzing test case #215 (302 total, 26 uniq crashes found)...[0m
[1;94m[*] [0mFuzzing test case #218 (302 total, 26 uniq crashes found)...[0m
[1;94m[*] [0mFuzzing test case #220 (302 total, 26 uniq crashes found)...[0m
[1;94m[*] [0mFuzzing test case #222 (302 total, 26 uniq crashes found)...[0m
[1;94m[*] [0mFuzzing test case #223 (302 total, 26 uniq crashes found)...[0m
[1;94m[*] [0mFuzzing test case #225 (302 total, 26 uniq crashes found)...[0m
[1;94m[*] [0mFuzzing test case #226 (302 total, 26 uniq crashes found)...[0m
[1;94m[*] [0mFuzzing test case #227 (302 total, 26 uniq crashes found)...[0m
[1;94m[*] [0mFuzzing test case #230 (302 total, 28 uniq crashes found)...[0m
[1;94m[*] [0mFuzzing test case #231 (302 total, 28 uniq crashes found)...[0m
[1;94m[*] [0mFuzzing test case #232 (302 total, 28 uniq crashes found)...[0m
[1;94m[*] [0mFuzzing test case #234 (302 total, 28 uniq crashes found)...[0m
[1;94m[*] [0mFuzzing test case #236 (302 total, 28 uniq crashes found)...[0m
[1;94m[*] [0mFuzzing test case #237 (302 total, 28 uniq crashes found)...[0m
[1;94m[*] [0mFuzzing test case #238 (302 total, 28 uniq crashes found)...[0m
[1;94m[*] [0mFuzzing test case #239 (302 total, 28 uniq crashes found)...[0m
[1;94m[*] [0mFuzzing test case #241 (302 total, 28 uniq crashes found)...[0m
[1;94m[*] [0mFuzzing test case #242 (302 total, 28 uniq crashes found)...[0m
[1;94m[*] [0mFuzzing test case #243 (302 total, 28 uniq crashes found)...[0m
[1;94m[*] [0mFuzzing test case #244 (302 total, 28 uniq crashes found)...[0m
[1;94m[*] [0mFuzzing test case #246 (302 total, 28 uniq crashes found)...[0m
[1;94m[*] [0mFuzzing test case #247 (302 total, 28 uniq crashes found)...[0m
[1;94m[*] [0mFuzzing test case #248 (302 total, 28 uniq crashes found)...[0m
[1;94m[*] [0mFuzzing test case #250 (302 total, 28 uniq crashes found)...[0m
[1;94m[*] [0mFuzzing test case #254 (302 total, 28 uniq crashes found)...[0m
[1;94m[*] [0mFuzzing test case #255 (302 total, 28 uniq crashes found)...[0m
[1;94m[*] [0mFuzzing test case #256 (302 total, 28 uniq crashes found)...[0m
[1;94m[*] [0mFuzzing test case #259 (302 total, 28 uniq crashes found)...[0m
[1;94m[*] [0mFuzzing test case #260 (302 total, 28 uniq crashes found)...[0m
[1;94m[*] [0mFuzzing test case #261 (302 total, 28 uniq crashes found)...[0m
[1;94m[*] [0mFuzzing test case #262 (302 total, 28 uniq crashes found)...[0m
[1;94m[*] [0mFuzzing test case #263 (302 total, 28 uniq crashes found)...[0m
[1;94m[*] [0mFuzzing test case #264 (302 total, 28 uniq crashes found)...[0m
[1;94m[*] [0mFuzzing test case #265 (302 total, 28 uniq crashes found)...[0m
[1;94m[*] [0mFuzzing test case #267 (302 total, 28 uniq crashes found)...[0m
[1;94m[*] [0mFuzzing test case #268 (302 total, 28 uniq crashes found)...[0m
[1;94m[*] [0mFuzzing test case #269 (302 total, 28 uniq crashes found)...[0m
[1;94m[*] [0mFuzzing test case #272 (302 total, 28 uniq crashes found)...[0m
[1;94m[*] [0mFuzzing test case #275 (302 total, 28 uniq crashes found)...[0m
[1;94m[*] [0mFuzzing test case #277 (302 total, 28 uniq crashes found)...[0m
[1;94m[*] [0mFuzzing test case #278 (302 total, 28 uniq crashes found)...[0m
[1;94m[*] [0mFuzzing test case #280 (302 total, 28 uniq crashes found)...[0m
[1;94m[*] [0mFuzzing test case #281 (302 total, 28 uniq crashes found)...[0m
[1;94m[*] [0mFuzzing test case #282 (302 total, 28 uniq crashes found)...[0m
[1;94m[*] [0mFuzzing test case #284 (302 total, 28 uniq crashes found)...[0m
[1;94m[*] [0mFuzzing test case #285 (302 total, 28 uniq crashes found)...[0m
[1;94m[*] [0mFuzzing test case #286 (302 total, 28 uniq crashes found)...[0m
[1;94m[*] [0mFuzzing test case #287 (302 total, 28 uniq crashes found)...[0m
[1;94m[*] [0mFuzzing test case #288 (302 total, 28 uniq crashes found)...[0m
[1;94m[*] [0mFuzzing test case #289 (302 total, 28 uniq crashes found)...[0m
[1;94m[*] [0mFuzzing test case #292 (302 total, 28 uniq crashes found)...[0m
[1;94m[*] [0mFuzzing test case #296 (302 total, 28 uniq crashes found)...[0m
[1;94m[*] [0mFuzzing test case #301 (302 total, 28 uniq crashes found)...[0m
[1;94m[*] [0mEntering queue cycle 4.[0m
[1;94m[*] [0mFuzzing test case #1 (302 total, 28 uniq crashes found)...[0m
[1;94m[*] [0mFuzzing test case #9 (302 total, 28 uniq crashes found)...[0m
[1;94m[*] [0mFuzzing test case #14 (302 total, 28 uniq crashes found)...[0m
[1;94m[*] [0mFuzzing test case #17 (302 total, 28 uniq crashes found)...[0m
[1;94m[*] [0mFuzzing test case #18 (302 total, 28 uniq crashes found)...[0m
[1;94m[*] [0mFuzzing test case #22 (302 total, 28 uniq crashes found)...[0m
[1;94m[*] [0mFuzzing test case #26 (302 total, 28 uniq crashes found)...[0m
[1;94m[*] [0mFuzzing test case #27 (302 total, 28 uniq crashes found)...[0m
[1;94m[*] [0mFuzzing test case #39 (302 total, 28 uniq crashes found)...[0m
[1;94m[*] [0mFuzzing test case #46 (302 total, 28 uniq crashes found)...[0m
[1;94m[*] [0mFuzzing test case #49 (302 total, 28 uniq crashes found)...[0m
[1;94m[*] [0mFuzzing test case #55 (302 total, 28 uniq crashes found)...[0m
[1;94m[*] [0mFuzzing test case #61 (302 total, 28 uniq crashes found)...[0m
[1;94m[*] [0mFuzzing test case #62 (302 total, 28 uniq crashes found)...[0m
[1;94m[*] [0mFuzzing test case #63 (302 total, 28 uniq crashes found)...[0m
[1;94m[*] [0mFuzzing test case #64 (302 total, 28 uniq crashes found)...[0m
[1;94m[*] [0mFuzzing test case #70 (302 total, 28 uniq crashes found)...[0m
[1;94m[*] [0mFuzzing test case #71 (302 total, 28 uniq crashes found)...[0m
[1;94m[*] [0mFuzzing test case #74 (302 total, 28 uniq crashes found)...[0m
[1;94m[*] [0mFuzzing test case #75 (302 total, 28 uniq crashes found)...[0m
[1;94m[*] [0mFuzzing test case #82 (302 total, 28 uniq crashes found)...[0m
[1;94m[*] [0mFuzzing test case #86 (302 total, 28 uniq crashes found)...[0m
[1;94m[*] [0mFuzzing test case #90 (302 total, 28 uniq crashes found)...[0m
[1;94m[*] [0mFuzzing test case #95 (302 total, 28 uniq crashes found)...[0m
[1;94m[*] [0mFuzzing test case #96 (302 total, 28 uniq crashes found)...[0m
[1;94m[*] [0mFuzzing test case #99 (302 total, 28 uniq crashes found)...[0m
[1;94m[*] [0mFuzzing test case #101 (302 total, 28 uniq crashes found)...[0m
[1;94m[*] [0mFuzzing test case #102 (302 total, 28 uniq crashes found)...[0m
[1;94m[*] [0mFuzzing test case #103 (302 total, 28 uniq crashes found)...[0m
[1;94m[*] [0mFuzzing test case #104 (302 total, 28 uniq crashes found)...[0m
[1;94m[*] [0mFuzzing test case #105 (302 total, 28 uniq crashes found)...[0m
[1;94m[*] [0mFuzzing test case #107 (302 total, 28 uniq crashes found)...[0m
[1;94m[*] [0mFuzzing test case #111 (302 total, 28 uniq crashes found)...[0m
[?25h[1;91m

+++ Testing aborted by user +++
[0m[1;92m[+] [0mWe're done here. Have a nice day!
[0m
Child is executing...
afl-fuzz -i /tmp/QuickChick/141254/input -o /tmp/QuickChick/141254/output /tmp/QuickChick/141254/QuickChickc3fad5 @@
Parent is sleeping for 600 seconds...
cp /tmp/QuickChick/141254/output/fuzzer_stats output/141254