QuickChecking (testMutantX prop_SSNI_arbmedium exp_result_fuzz 15)
Extracted ML file: /tmp/QuickChick/173547/QuickChick835d2e.ml
Compile command: ocamlopt unix.cmxa /home/lemonidas/.opam/4.04.0+afl/lib/afl-persistent/afl-persistent.cmxa -unsafe-string -rectypes -w a -I /tmp/QuickChick/173547 -I /home/lemonidas/.opam/4.04.0+afl/lib/afl-persistent/ -I /home/lemonidas/.opam/4.04.0+afl/lib/coq/user-contrib/QuickChick /home/lemonidas/.opam/4.04.0+afl/lib/coq/user-contrib/QuickChick/quickChickLib.cmx /tmp/QuickChick/173547/QuickChick835d2e.ml -o /tmp/QuickChick/173547/QuickChick835d2e
/tmp/QuickChick/173547/input
[0;36mafl-fuzz [1;97m2.52b[0m by <lcamtuf@google.com>
[1;92m[+] [0mLooks like we're not running on a tty, so I'll be a bit less verbose.[0m
[1;92m[+] [0mYou have 8 CPU cores and 1 runnable tasks (utilization: 12%).[0m
[1;92m[+] [0mTry parallel jobs - see docs/parallel_fuzzing.txt.[0m
[1;94m[*] [0mChecking CPU core loadout...[0m
[1;92m[+] [0mFound a free CPU core, binding to #0.[0m
[1;94m[*] [0mChecking core_pattern...[0m
[1;94m[*] [0mChecking CPU scaling governor...[0m
[1;94m[*] [0mSetting up output directories...[0m
[1;94m[*] [0mScanning '/tmp/QuickChick/173547/input'...[0m
[1;92m[+] [0mNo auto-generated dictionary tokens to reuse.[0m
[1;94m[*] [0mCreating hard links for all input files...[0m
[1;94m[*] [0mValidating target binary...[0m
[1;94m[*] [0mAttempting dry run with 'id:000000,orig:seed1'...[0m
[1;94m[*] [0mSpinning up the fork server...[0m
[1;92m[+] [0mAll right - fork server is up.[0m
[1;90m    len = 11, map size = 385, exec speed = 311 us
[0m[1;94m[*] [0mAttempting dry run with 'id:000001,orig:seed2'...[0m
[1;90m    len = 11, map size = 397, exec speed = 289 us
[0m[1;94m[*] [0mAttempting dry run with 'id:000002,orig:seed3'...[0m
[1;90m    len = 11, map size = 377, exec speed = 287 us
[0m[1;92m[+] [0mAll test cases processed.[0m

[1;92m[+] [0mHere are some useful stats:

[1;90m    Test case count : [0m2 favored, 0 variable, 3 total
[1;90m       Bitmap range : [0m377 to 397 bits (average: 386.33 bits)
[1;90m        Exec timing : [0m287 to 311 us (average: 296 us)
[0m
[1;94m[*] [0mNo -t option specified, so I'll use exec timeout of 20 ms.[0m
[1;92m[+] [0mAll set and ready to roll![0m
[1;94m[*] [0mEntering queue cycle 1.[0m
[1;94m[*] [0mFuzzing test case #1 (3 total, 0 uniq crashes found)...[0m
[1;94m[*] [0mFuzzing test case #47 (233 total, 0 uniq crashes found)...[0m
[1;94m[*] [0mFuzzing test case #60 (278 total, 0 uniq crashes found)...[0m
[1;94m[*] [0mFuzzing test case #68 (278 total, 0 uniq crashes found)...[0m
[1;94m[*] [0mFuzzing test case #73 (279 total, 0 uniq crashes found)...[0m
[1;94m[*] [0mFuzzing test case #76 (279 total, 0 uniq crashes found)...[0m
[1;94m[*] [0mFuzzing test case #82 (279 total, 0 uniq crashes found)...[0m
[1;94m[*] [0mFuzzing test case #84 (279 total, 0 uniq crashes found)...[0m
[1;94m[*] [0mFuzzing test case #87 (279 total, 0 uniq crashes found)...[0m
[1;94m[*] [0mFuzzing test case #89 (279 total, 0 uniq crashes found)...[0m
[1;94m[*] [0mFuzzing test case #90 (294 total, 4 uniq crashes found)...[0m
[1;94m[*] [0mFuzzing test case #91 (294 total, 4 uniq crashes found)...[0m
[1;94m[*] [0mFuzzing test case #99 (294 total, 4 uniq crashes found)...[0m
[1;94m[*] [0mFuzzing test case #108 (294 total, 4 uniq crashes found)...[0m
[1;94m[*] [0mFuzzing test case #109 (294 total, 4 uniq crashes found)...[0m
[1;94m[*] [0mFuzzing test case #113 (295 total, 5 uniq crashes found)...[0m
[1;94m[*] [0mFuzzing test case #114 (296 total, 5 uniq crashes found)...[0m
[1;94m[*] [0mFuzzing test case #116 (296 total, 5 uniq crashes found)...[0m
[1;94m[*] [0mFuzzing test case #125 (296 total, 5 uniq crashes found)...[0m
[1;94m[*] [0mFuzzing test case #130 (296 total, 5 uniq crashes found)...[0m
[1;94m[*] [0mFuzzing test case #132 (296 total, 5 uniq crashes found)...[0m
[1;94m[*] [0mFuzzing test case #139 (296 total, 6 uniq crashes found)...[0m
[1;94m[*] [0mFuzzing test case #140 (296 total, 6 uniq crashes found)...[0m
[1;94m[*] [0mFuzzing test case #149 (296 total, 6 uniq crashes found)...[0m
[1;94m[*] [0mFuzzing test case #163 (296 total, 6 uniq crashes found)...[0m
[1;94m[*] [0mFuzzing test case #166 (296 total, 6 uniq crashes found)...[0m
[1;94m[*] [0mFuzzing test case #167 (298 total, 6 uniq crashes found)...[0m
[1;94m[*] [0mFuzzing test case #168 (298 total, 6 uniq crashes found)...[0m
[1;94m[*] [0mFuzzing test case #169 (298 total, 6 uniq crashes found)...[0m
[1;94m[*] [0mFuzzing test case #172 (298 total, 6 uniq crashes found)...[0m
[1;94m[*] [0mFuzzing test case #176 (299 total, 6 uniq crashes found)...[0m
[1;94m[*] [0mFuzzing test case #177 (299 total, 6 uniq crashes found)...[0m
[1;94m[*] [0mFuzzing test case #179 (299 total, 6 uniq crashes found)...[0m
[1;94m[*] [0mFuzzing test case #181 (299 total, 6 uniq crashes found)...[0m
[1;94m[*] [0mFuzzing test case #184 (299 total, 6 uniq crashes found)...[0m
[1;94m[*] [0mFuzzing test case #186 (299 total, 6 uniq crashes found)...[0m
[1;94m[*] [0mFuzzing test case #191 (299 total, 6 uniq crashes found)...[0m
[1;94m[*] [0mFuzzing test case #194 (299 total, 6 uniq crashes found)...[0m
[1;94m[*] [0mFuzzing test case #195 (299 total, 6 uniq crashes found)...[0m
[1;94m[*] [0mFuzzing test case #198 (299 total, 6 uniq crashes found)...[0m
[1;94m[*] [0mFuzzing test case #199 (299 total, 6 uniq crashes found)...[0m
[1;94m[*] [0mFuzzing test case #200 (299 total, 6 uniq crashes found)...[0m
[1;94m[*] [0mFuzzing test case #202 (299 total, 6 uniq crashes found)...[0m
[1;94m[*] [0mFuzzing test case #203 (299 total, 6 uniq crashes found)...[0m
[1;94m[*] [0mFuzzing test case #205 (299 total, 6 uniq crashes found)...[0m
[1;94m[*] [0mFuzzing test case #206 (299 total, 6 uniq crashes found)...[0m
[1;94m[*] [0mFuzzing test case #207 (299 total, 6 uniq crashes found)...[0m
[1;94m[*] [0mFuzzing test case #209 (299 total, 6 uniq crashes found)...[0m
[1;94m[*] [0mFuzzing test case #210 (300 total, 6 uniq crashes found)...[0m
[1;94m[*] [0mFuzzing test case #217 (300 total, 6 uniq crashes found)...[0m
[1;94m[*] [0mFuzzing test case #219 (301 total, 6 uniq crashes found)...[0m
[1;94m[*] [0mFuzzing test case #220 (301 total, 6 uniq crashes found)...[0m
[1;94m[*] [0mFuzzing test case #225 (301 total, 6 uniq crashes found)...[0m
[1;94m[*] [0mFuzzing test case #226 (301 total, 6 uniq crashes found)...[0m
[1;94m[*] [0mFuzzing test case #229 (301 total, 6 uniq crashes found)...[0m
[1;94m[*] [0mFuzzing test case #231 (301 total, 6 uniq crashes found)...[0m
[1;94m[*] [0mFuzzing test case #233 (301 total, 6 uniq crashes found)...[0m
[1;94m[*] [0mFuzzing test case #234 (301 total, 6 uniq crashes found)...[0m
[1;94m[*] [0mFuzzing test case #236 (301 total, 6 uniq crashes found)...[0m
[1;94m[*] [0mFuzzing test case #237 (301 total, 6 uniq crashes found)...[0m
[1;94m[*] [0mFuzzing test case #238 (301 total, 9 uniq crashes found)...[0m
[1;94m[*] [0mFuzzing test case #239 (301 total, 9 uniq crashes found)...[0m
[1;94m[*] [0mFuzzing test case #242 (301 total, 9 uniq crashes found)...[0m
[1;94m[*] [0mFuzzing test case #244 (301 total, 9 uniq crashes found)...[0m
[1;94m[*] [0mFuzzing test case #245 (301 total, 9 uniq crashes found)...[0m
[1;94m[*] [0mFuzzing test case #246 (301 total, 9 uniq crashes found)...[0m
[1;94m[*] [0mFuzzing test case #248 (301 total, 10 uniq crashes found)...[0m
[1;94m[*] [0mFuzzing test case #249 (301 total, 10 uniq crashes found)...[0m
[1;94m[*] [0mFuzzing test case #255 (301 total, 10 uniq crashes found)...[0m
[1;94m[*] [0mFuzzing test case #261 (301 total, 10 uniq crashes found)...[0m
[1;94m[*] [0mFuzzing test case #262 (301 total, 10 uniq crashes found)...[0m
[1;94m[*] [0mFuzzing test case #263 (301 total, 10 uniq crashes found)...[0m
[1;94m[*] [0mFuzzing test case #265 (301 total, 10 uniq crashes found)...[0m
[1;94m[*] [0mFuzzing test case #267 (301 total, 10 uniq crashes found)...[0m
[1;94m[*] [0mFuzzing test case #268 (301 total, 10 uniq crashes found)...[0m
[1;94m[*] [0mFuzzing test case #270 (303 total, 10 uniq crashes found)...[0m
[1;94m[*] [0mFuzzing test case #271 (303 total, 10 uniq crashes found)...[0m
[1;94m[*] [0mFuzzing test case #278 (303 total, 10 uniq crashes found)...[0m
[1;94m[*] [0mFuzzing test case #280 (303 total, 10 uniq crashes found)...[0m
[1;94m[*] [0mFuzzing test case #287 (303 total, 10 uniq crashes found)...[0m
[1;94m[*] [0mFuzzing test case #293 (303 total, 10 uniq crashes found)...[0m
[1;94m[*] [0mFuzzing test case #295 (303 total, 10 uniq crashes found)...[0m
[1;94m[*] [0mFuzzing test case #298 (303 total, 10 uniq crashes found)...[0m
[1;94m[*] [0mEntering queue cycle 2.[0m
[1;94m[*] [0mFuzzing test case #24 (303 total, 10 uniq crashes found)...[0m
[1;94m[*] [0mFuzzing test case #59 (303 total, 10 uniq crashes found)...[0m
[1;94m[*] [0mFuzzing test case #85 (303 total, 10 uniq crashes found)...[0m
[1;94m[*] [0mFuzzing test case #150 (303 total, 10 uniq crashes found)...[0m
[1;94m[*] [0mFuzzing test case #235 (303 total, 10 uniq crashes found)...[0m
[1;94m[*] [0mFuzzing test case #236 (303 total, 10 uniq crashes found)...[0m
[1;94m[*] [0mFuzzing test case #237 (303 total, 10 uniq crashes found)...[0m
[1;94m[*] [0mFuzzing test case #238 (303 total, 10 uniq crashes found)...[0m
[1;94m[*] [0mFuzzing test case #239 (303 total, 10 uniq crashes found)...[0m
[1;94m[*] [0mFuzzing test case #242 (303 total, 10 uniq crashes found)...[0m
[1;94m[*] [0mFuzzing test case #244 (303 total, 10 uniq crashes found)...[0m
[1;94m[*] [0mFuzzing test case #245 (303 total, 10 uniq crashes found)...[0m
[1;94m[*] [0mFuzzing test case #246 (303 total, 10 uniq crashes found)...[0m
[1;94m[*] [0mFuzzing test case #248 (303 total, 10 uniq crashes found)...[0m
[1;94m[*] [0mFuzzing test case #249 (303 total, 10 uniq crashes found)...[0m
[1;94m[*] [0mFuzzing test case #252 (303 total, 10 uniq crashes found)...[0m
[1;94m[*] [0mFuzzing test case #254 (303 total, 10 uniq crashes found)...[0m
[1;94m[*] [0mFuzzing test case #255 (303 total, 10 uniq crashes found)...[0m
[1;94m[*] [0mFuzzing test case #256 (303 total, 10 uniq crashes found)...[0m
[1;94m[*] [0mFuzzing test case #259 (303 total, 10 uniq crashes found)...[0m
[1;94m[*] [0mFuzzing test case #261 (303 total, 10 uniq crashes found)...[0m
[1;94m[*] [0mFuzzing test case #262 (303 total, 10 uniq crashes found)...[0m
[1;94m[*] [0mFuzzing test case #263 (303 total, 10 uniq crashes found)...[0m
[1;94m[*] [0mFuzzing test case #265 (303 total, 10 uniq crashes found)...[0m
[1;94m[*] [0mFuzzing test case #267 (303 total, 10 uniq crashes found)...[0m
[1;94m[*] [0mFuzzing test case #268 (303 total, 10 uniq crashes found)...[0m
[1;94m[*] [0mFuzzing test case #269 (303 total, 10 uniq crashes found)...[0m
[1;94m[*] [0mFuzzing test case #270 (303 total, 10 uniq crashes found)...[0m
[1;94m[*] [0mFuzzing test case #271 (303 total, 10 uniq crashes found)...[0m
[1;94m[*] [0mFuzzing test case #275 (303 total, 10 uniq crashes found)...[0m
[1;94m[*] [0mFuzzing test case #278 (303 total, 11 uniq crashes found)...[0m
[1;94m[*] [0mFuzzing test case #280 (303 total, 11 uniq crashes found)...[0m
[1;94m[*] [0mFuzzing test case #284 (303 total, 11 uniq crashes found)...[0m
[1;94m[*] [0mFuzzing test case #286 (303 total, 11 uniq crashes found)...[0m
[1;94m[*] [0mFuzzing test case #289 (303 total, 11 uniq crashes found)...[0m
[1;94m[*] [0mFuzzing test case #292 (303 total, 11 uniq crashes found)...[0m
[1;94m[*] [0mFuzzing test case #293 (303 total, 11 uniq crashes found)...[0m
[1;94m[*] [0mFuzzing test case #295 (303 total, 11 uniq crashes found)...[0m
[1;94m[*] [0mFuzzing test case #297 (303 total, 11 uniq crashes found)...[0m
[1;94m[*] [0mFuzzing test case #299 (303 total, 11 uniq crashes found)...[0m
[1;94m[*] [0mEntering queue cycle 3.[0m
[1;94m[*] [0mFuzzing test case #2 (303 total, 11 uniq crashes found)...[0m
[1;94m[*] [0mFuzzing test case #5 (303 total, 11 uniq crashes found)...[0m
[1;94m[*] [0mFuzzing test case #10 (303 total, 11 uniq crashes found)...[0m
[1;94m[*] [0mFuzzing test case #14 (303 total, 11 uniq crashes found)...[0m
[1;94m[*] [0mFuzzing test case #16 (303 total, 11 uniq crashes found)...[0m
[1;94m[*] [0mFuzzing test case #23 (303 total, 11 uniq crashes found)...[0m
[1;94m[*] [0mFuzzing test case #24 (303 total, 11 uniq crashes found)...[0m
[1;94m[*] [0mFuzzing test case #28 (303 total, 11 uniq crashes found)...[0m
[1;94m[*] [0mFuzzing test case #30 (303 total, 11 uniq crashes found)...[0m
[1;94m[*] [0mFuzzing test case #35 (303 total, 11 uniq crashes found)...[0m
[1;94m[*] [0mFuzzing test case #36 (303 total, 11 uniq crashes found)...[0m
[1;94m[*] [0mFuzzing test case #37 (303 total, 11 uniq crashes found)...[0m
[1;94m[*] [0mFuzzing test case #41 (303 total, 11 uniq crashes found)...[0m
[1;94m[*] [0mFuzzing test case #42 (303 total, 12 uniq crashes found)...[0m
[1;94m[*] [0mFuzzing test case #47 (303 total, 12 uniq crashes found)...[0m
[1;94m[*] [0mFuzzing test case #49 (303 total, 12 uniq crashes found)...[0m
[1;94m[*] [0mFuzzing test case #54 (303 total, 12 uniq crashes found)...[0m
[1;94m[*] [0mFuzzing test case #55 (303 total, 12 uniq crashes found)...[0m
[1;94m[*] [0mFuzzing test case #56 (303 total, 12 uniq crashes found)...[0m
[1;94m[*] [0mFuzzing test case #58 (303 total, 12 uniq crashes found)...[0m
[1;94m[*] [0mFuzzing test case #60 (303 total, 12 uniq crashes found)...[0m
[1;94m[*] [0mFuzzing test case #63 (303 total, 12 uniq crashes found)...[0m
[1;94m[*] [0mFuzzing test case #66 (303 total, 12 uniq crashes found)...[0m
[1;94m[*] [0mFuzzing test case #68 (303 total, 12 uniq crashes found)...[0m
[1;94m[*] [0mFuzzing test case #72 (303 total, 12 uniq crashes found)...[0m
[1;94m[*] [0mFuzzing test case #73 (303 total, 12 uniq crashes found)...[0m
[1;94m[*] [0mFuzzing test case #74 (303 total, 13 uniq crashes found)...[0m
[1;94m[*] [0mFuzzing test case #75 (303 total, 13 uniq crashes found)...[0m
[1;94m[*] [0mFuzzing test case #77 (303 total, 13 uniq crashes found)...[0m
[1;94m[*] [0mFuzzing test case #80 (303 total, 13 uniq crashes found)...[0m
[1;94m[*] [0mFuzzing test case #81 (303 total, 14 uniq crashes found)...[0m
[1;94m[*] [0mFuzzing test case #82 (303 total, 14 uniq crashes found)...[0m
[1;94m[*] [0mFuzzing test case #84 (303 total, 14 uniq crashes found)...[0m
[1;94m[*] [0mFuzzing test case #85 (303 total, 15 uniq crashes found)...[0m
[1;94m[*] [0mFuzzing test case #87 (303 total, 15 uniq crashes found)...[0m
[1;94m[*] [0mFuzzing test case #88 (303 total, 15 uniq crashes found)...[0m
[1;94m[*] [0mFuzzing test case #89 (303 total, 15 uniq crashes found)...[0m
[1;94m[*] [0mFuzzing test case #90 (303 total, 15 uniq crashes found)...[0m
[1;94m[*] [0mFuzzing test case #91 (303 total, 15 uniq crashes found)...[0m
[1;94m[*] [0mFuzzing test case #93 (303 total, 15 uniq crashes found)...[0m
[1;94m[*] [0mFuzzing test case #95 (303 total, 15 uniq crashes found)...[0m
[1;94m[*] [0mFuzzing test case #96 (303 total, 15 uniq crashes found)...[0m
[1;94m[*] [0mFuzzing test case #100 (303 total, 16 uniq crashes found)...[0m
[1;94m[*] [0mFuzzing test case #102 (303 total, 16 uniq crashes found)...[0m
[1;94m[*] [0mFuzzing test case #104 (303 total, 16 uniq crashes found)...[0m
[1;94m[*] [0mFuzzing test case #106 (303 total, 16 uniq crashes found)...[0m
[1;94m[*] [0mFuzzing test case #107 (303 total, 16 uniq crashes found)...[0m
[1;94m[*] [0mFuzzing test case #108 (303 total, 16 uniq crashes found)...[0m
[1;94m[*] [0mFuzzing test case #109 (303 total, 16 uniq crashes found)...[0m
[1;94m[*] [0mFuzzing test case #111 (303 total, 16 uniq crashes found)...[0m
[1;94m[*] [0mFuzzing test case #113 (303 total, 16 uniq crashes found)...[0m
[1;94m[*] [0mFuzzing test case #114 (303 total, 16 uniq crashes found)...[0m
[1;94m[*] [0mFuzzing test case #116 (303 total, 16 uniq crashes found)...[0m
[1;94m[*] [0mFuzzing test case #120 (303 total, 16 uniq crashes found)...[0m
[1;94m[*] [0mFuzzing test case #125 (303 total, 16 uniq crashes found)...[0m
[1;94m[*] [0mFuzzing test case #127 (303 total, 16 uniq crashes found)...[0m
[1;94m[*] [0mFuzzing test case #130 (303 total, 16 uniq crashes found)...[0m
[1;94m[*] [0mFuzzing test case #132 (303 total, 16 uniq crashes found)...[0m
[1;94m[*] [0mFuzzing test case #135 (303 total, 16 uniq crashes found)...[0m
[1;94m[*] [0mFuzzing test case #136 (303 total, 16 uniq crashes found)...[0m
[1;94m[*] [0mFuzzing test case #140 (303 total, 16 uniq crashes found)...[0m
[1;94m[*] [0mFuzzing test case #141 (303 total, 16 uniq crashes found)...[0m
[1;94m[*] [0mFuzzing test case #148 (303 total, 16 uniq crashes found)...[0m
[1;94m[*] [0mFuzzing test case #149 (303 total, 16 uniq crashes found)...[0m
[1;94m[*] [0mFuzzing test case #151 (303 total, 16 uniq crashes found)...[0m
[1;94m[*] [0mFuzzing test case #152 (303 total, 16 uniq crashes found)...[0m
[1;94m[*] [0mFuzzing test case #160 (303 total, 16 uniq crashes found)...[0m
[1;94m[*] [0mFuzzing test case #162 (303 total, 16 uniq crashes found)...[0m
[1;94m[*] [0mFuzzing test case #163 (303 total, 16 uniq crashes found)...[0m
[1;94m[*] [0mFuzzing test case #165 (303 total, 16 uniq crashes found)...[0m
[1;94m[*] [0mFuzzing test case #166 (303 total, 16 uniq crashes found)...[0m
[1;94m[*] [0mFuzzing test case #167 (303 total, 16 uniq crashes found)...[0m
[1;94m[*] [0mFuzzing test case #169 (303 total, 16 uniq crashes found)...[0m
[1;94m[*] [0mFuzzing test case #170 (303 total, 16 uniq crashes found)...[0m
[1;94m[*] [0mFuzzing test case #172 (303 total, 16 uniq crashes found)...[0m
[1;94m[*] [0mFuzzing test case #176 (303 total, 16 uniq crashes found)...[0m
[1;94m[*] [0mFuzzing test case #177 (303 total, 16 uniq crashes found)...[0m
[1;94m[*] [0mFuzzing test case #179 (303 total, 16 uniq crashes found)...[0m
[1;94m[*] [0mFuzzing test case #181 (303 total, 16 uniq crashes found)...[0m
[1;94m[*] [0mFuzzing test case #183 (303 total, 16 uniq crashes found)...[0m
[1;94m[*] [0mFuzzing test case #184 (303 total, 16 uniq crashes found)...[0m
[1;94m[*] [0mFuzzing test case #186 (303 total, 16 uniq crashes found)...[0m
[1;94m[*] [0mFuzzing test case #189 (303 total, 16 uniq crashes found)...[0m
[1;94m[*] [0mFuzzing test case #191 (303 total, 16 uniq crashes found)...[0m
[1;94m[*] [0mFuzzing test case #195 (303 total, 16 uniq crashes found)...[0m
[1;94m[*] [0mFuzzing test case #198 (303 total, 16 uniq crashes found)...[0m
[1;94m[*] [0mFuzzing test case #199 (303 total, 16 uniq crashes found)...[0m
[1;94m[*] [0mFuzzing test case #200 (303 total, 16 uniq crashes found)...[0m
[1;94m[*] [0mFuzzing test case #202 (303 total, 16 uniq crashes found)...[0m
[1;94m[*] [0mFuzzing test case #203 (303 total, 16 uniq crashes found)...[0m
[1;94m[*] [0mFuzzing test case #206 (303 total, 16 uniq crashes found)...[0m
[1;94m[*] [0mFuzzing test case #207 (303 total, 16 uniq crashes found)...[0m
[1;94m[*] [0mFuzzing test case #209 (303 total, 16 uniq crashes found)...[0m
[1;94m[*] [0mFuzzing test case #210 (303 total, 16 uniq crashes found)...[0m
[1;94m[*] [0mFuzzing test case #217 (303 total, 16 uniq crashes found)...[0m
[1;94m[*] [0mFuzzing test case #219 (303 total, 16 uniq crashes found)...[0m
[1;94m[*] [0mFuzzing test case #220 (303 total, 16 uniq crashes found)...[0m
[1;94m[*] [0mFuzzing test case #223 (303 total, 16 uniq crashes found)...[0m
[1;94m[*] [0mFuzzing test case #224 (303 total, 16 uniq crashes found)...[0m
[1;94m[*] [0mFuzzing test case #225 (303 total, 16 uniq crashes found)...[0m
[1;94m[*] [0mFuzzing test case #226 (303 total, 16 uniq crashes found)...[0m
[1;94m[*] [0mFuzzing test case #229 (303 total, 16 uniq crashes found)...[0m
[1;94m[*] [0mFuzzing test case #231 (303 total, 16 uniq crashes found)...[0m
[1;94m[*] [0mFuzzing test case #233 (303 total, 16 uniq crashes found)...[0m
[1;94m[*] [0mFuzzing test case #234 (303 total, 16 uniq crashes found)...[0m
[1;94m[*] [0mFuzzing test case #235 (303 total, 16 uniq crashes found)...[0m
[1;94m[*] [0mFuzzing test case #236 (303 total, 16 uniq crashes found)...[0m
[1;94m[*] [0mFuzzing test case #238 (303 total, 16 uniq crashes found)...[0m
[1;94m[*] [0mFuzzing test case #239 (303 total, 16 uniq crashes found)...[0m
[1;94m[*] [0mFuzzing test case #240 (303 total, 16 uniq crashes found)...[0m
[1;94m[*] [0mFuzzing test case #242 (303 total, 16 uniq crashes found)...[0m
[1;94m[*] [0mFuzzing test case #244 (303 total, 16 uniq crashes found)...[0m
[1;94m[*] [0mFuzzing test case #245 (303 total, 16 uniq crashes found)...[0m
[1;94m[*] [0mFuzzing test case #246 (303 total, 16 uniq crashes found)...[0m
[1;94m[*] [0mFuzzing test case #248 (303 total, 17 uniq crashes found)...[0m
[1;94m[*] [0mFuzzing test case #249 (303 total, 17 uniq crashes found)...[0m
[1;94m[*] [0mFuzzing test case #250 (303 total, 17 uniq crashes found)...[0m
[1;94m[*] [0mFuzzing test case #251 (303 total, 17 uniq crashes found)...[0m
[1;94m[*] [0mFuzzing test case #252 (303 total, 17 uniq crashes found)...[0m
[1;94m[*] [0mFuzzing test case #255 (303 total, 17 uniq crashes found)...[0m
[1;94m[*] [0mFuzzing test case #259 (303 total, 17 uniq crashes found)...[0m
[1;94m[*] [0mFuzzing test case #261 (303 total, 17 uniq crashes found)...[0m
[1;94m[*] [0mFuzzing test case #262 (303 total, 17 uniq crashes found)...[0m
[1;94m[*] [0mFuzzing test case #263 (303 total, 17 uniq crashes found)...[0m
[1;94m[*] [0mFuzzing test case #265 (303 total, 17 uniq crashes found)...[0m
[1;94m[*] [0mFuzzing test case #267 (303 total, 17 uniq crashes found)...[0m
[1;94m[*] [0mFuzzing test case #270 (303 total, 17 uniq crashes found)...[0m
[1;94m[*] [0mFuzzing test case #271 (303 total, 17 uniq crashes found)...[0m
[1;94m[*] [0mFuzzing test case #275 (303 total, 17 uniq crashes found)...[0m
[1;94m[*] [0mFuzzing test case #276 (303 total, 17 uniq crashes found)...[0m
[1;94m[*] [0mFuzzing test case #278 (303 total, 17 uniq crashes found)...[0m
[1;94m[*] [0mFuzzing test case #280 (303 total, 17 uniq crashes found)...[0m
[1;94m[*] [0mFuzzing test case #283 (303 total, 17 uniq crashes found)...[0m
[1;94m[*] [0mFuzzing test case #291 (303 total, 17 uniq crashes found)...[0m
[1;94m[*] [0mFuzzing test case #293 (303 total, 19 uniq crashes found)...[0m
[1;94m[*] [0mFuzzing test case #294 (303 total, 19 uniq crashes found)...[0m
[1;94m[*] [0mFuzzing test case #295 (303 total, 19 uniq crashes found)...[0m
[1;94m[*] [0mFuzzing test case #296 (303 total, 19 uniq crashes found)...[0m
[1;94m[*] [0mFuzzing test case #299 (303 total, 19 uniq crashes found)...[0m
[1;94m[*] [0mFuzzing test case #301 (303 total, 19 uniq crashes found)...[0m
[1;94m[*] [0mEntering queue cycle 4.[0m
[1;94m[*] [0mFuzzing test case #3 (303 total, 19 uniq crashes found)...[0m
[1;94m[*] [0mFuzzing test case #12 (303 total, 19 uniq crashes found)...[0m
[1;94m[*] [0mFuzzing test case #18 (303 total, 19 uniq crashes found)...[0m
[1;94m[*] [0mFuzzing test case #24 (303 total, 19 uniq crashes found)...[0m
[1;94m[*] [0mFuzzing test case #27 (303 total, 19 uniq crashes found)...[0m
[1;94m[*] [0mFuzzing test case #38 (303 total, 19 uniq crashes found)...[0m
[1;94m[*] [0mFuzzing test case #43 (303 total, 19 uniq crashes found)...[0m
[1;94m[*] [0mFuzzing test case #45 (303 total, 19 uniq crashes found)...[0m
[1;94m[*] [0mFuzzing test case #47 (303 total, 19 uniq crashes found)...[0m
[1;94m[*] [0mFuzzing test case #49 (303 total, 19 uniq crashes found)...[0m
[1;94m[*] [0mFuzzing test case #52 (303 total, 19 uniq crashes found)...[0m
[1;94m[*] [0mFuzzing test case #53 (303 total, 19 uniq crashes found)...[0m
[1;94m[*] [0mFuzzing test case #55 (303 total, 19 uniq crashes found)...[0m
[1;94m[*] [0mFuzzing test case #60 (303 total, 19 uniq crashes found)...[0m
[1;94m[*] [0mFuzzing test case #62 (303 total, 19 uniq crashes found)...[0m
[1;94m[*] [0mFuzzing test case #64 (303 total, 19 uniq crashes found)...[0m
[1;94m[*] [0mFuzzing test case #68 (303 total, 19 uniq crashes found)...[0m
[1;94m[*] [0mFuzzing test case #70 (303 total, 19 uniq crashes found)...[0m
[1;94m[*] [0mFuzzing test case #73 (303 total, 19 uniq crashes found)...[0m
[1;94m[*] [0mFuzzing test case #79 (303 total, 19 uniq crashes found)...[0m
[1;94m[*] [0mFuzzing test case #82 (303 total, 19 uniq crashes found)...[0m
[1;94m[*] [0mFuzzing test case #84 (303 total, 19 uniq crashes found)...[0m
[1;94m[*] [0mFuzzing test case #85 (303 total, 19 uniq crashes found)...[0m
[1;94m[*] [0mFuzzing test case #86 (303 total, 19 uniq crashes found)...[0m
[1;94m[*] [0mFuzzing test case #87 (303 total, 19 uniq crashes found)...[0m
[1;94m[*] [0mFuzzing test case #89 (304 total, 19 uniq crashes found)...[0m
[1;94m[*] [0mFuzzing test case #90 (304 total, 19 uniq crashes found)...[0m
[1;94m[*] [0mFuzzing test case #91 (304 total, 19 uniq crashes found)...[0m
[1;94m[*] [0mFuzzing test case #94 (304 total, 19 uniq crashes found)...[0m
[1;94m[*] [0mFuzzing test case #96 (304 total, 19 uniq crashes found)...[0m
[1;94m[*] [0mFuzzing test case #98 (304 total, 19 uniq crashes found)...[0m
[1;94m[*] [0mFuzzing test case #107 (304 total, 19 uniq crashes found)...[0m
[1;94m[*] [0mFuzzing test case #108 (304 total, 19 uniq crashes found)...[0m
[1;94m[*] [0mFuzzing test case #109 (304 total, 19 uniq crashes found)...[0m
[1;94m[*] [0mFuzzing test case #114 (304 total, 19 uniq crashes found)...[0m
[1;94m[*] [0mFuzzing test case #116 (304 total, 19 uniq crashes found)...[0m
[1;94m[*] [0mFuzzing test case #117 (304 total, 19 uniq crashes found)...[0m
[1;94m[*] [0mFuzzing test case #121 (304 total, 19 uniq crashes found)...[0m
[1;94m[*] [0mFuzzing test case #124 (304 total, 19 uniq crashes found)...[0m
[1;94m[*] [0mFuzzing test case #125 (304 total, 19 uniq crashes found)...[0m
[1;94m[*] [0mFuzzing test case #126 (304 total, 19 uniq crashes found)...[0m
[1;94m[*] [0mFuzzing test case #127 (304 total, 19 uniq crashes found)...[0m
[1;94m[*] [0mFuzzing test case #130 (304 total, 19 uniq crashes found)...[0m
[1;94m[*] [0mFuzzing test case #132 (304 total, 19 uniq crashes found)...[0m
[1;94m[*] [0mFuzzing test case #140 (304 total, 19 uniq crashes found)...[0m
[1;94m[*] [0mFuzzing test case #145 (304 total, 19 uniq crashes found)...[0m
[1;94m[*] [0mFuzzing test case #149 (304 total, 19 uniq crashes found)...[0m
[1;94m[*] [0mFuzzing test case #158 (304 total, 19 uniq crashes found)...[0m
[1;94m[*] [0mFuzzing test case #159 (304 total, 19 uniq crashes found)...[0m
[1;94m[*] [0mFuzzing test case #163 (304 total, 19 uniq crashes found)...[0m
[1;94m[*] [0mFuzzing test case #166 (304 total, 19 uniq crashes found)...[0m
[1;94m[*] [0mFuzzing test case #167 (304 total, 19 uniq crashes found)...[0m
[1;94m[*] [0mFuzzing test case #169 (304 total, 19 uniq crashes found)...[0m
[1;94m[*] [0mFuzzing test case #170 (304 total, 19 uniq crashes found)...[0m
[1;94m[*] [0mFuzzing test case #172 (304 total, 19 uniq crashes found)...[0m
[1;94m[*] [0mFuzzing test case #174 (304 total, 19 uniq crashes found)...[0m
[1;94m[*] [0mFuzzing test case #176 (304 total, 19 uniq crashes found)...[0m
[1;94m[*] [0mFuzzing test case #177 (304 total, 19 uniq crashes found)...[0m
[1;94m[*] [0mFuzzing test case #179 (304 total, 19 uniq crashes found)...[0m
[1;94m[*] [0mFuzzing test case #181 (304 total, 19 uniq crashes found)...[0m
[1;94m[*] [0mFuzzing test case #184 (304 total, 19 uniq crashes found)...[0m
[1;94m[*] [0mFuzzing test case #186 (304 total, 19 uniq crashes found)...[0m
[1;94m[*] [0mFuzzing test case #190 (304 total, 19 uniq crashes found)...[0m
[?25h[1;91m

+++ Testing aborted by user +++
[0m[1;92m[+] [0mWe're done here. Have a nice day!
[0m
Child is executing...
afl-fuzz -i /tmp/QuickChick/173547/input -o /tmp/QuickChick/173547/output /tmp/QuickChick/173547/QuickChick835d2e @@
Parent is sleeping for 600 seconds...
cp /tmp/QuickChick/173547/output/fuzzer_stats output/173547