QuickChecking (testMutantX prop_SSNI_arbmedium exp_result_fuzz 16)
Extracted ML file: /tmp/QuickChick/175604/QuickChick8bd81a.ml
Compile command: ocamlopt unix.cmxa /home/lemonidas/.opam/4.04.0+afl/lib/afl-persistent/afl-persistent.cmxa -unsafe-string -rectypes -w a -I /tmp/QuickChick/175604 -I /home/lemonidas/.opam/4.04.0+afl/lib/afl-persistent/ -I /home/lemonidas/.opam/4.04.0+afl/lib/coq/user-contrib/QuickChick /home/lemonidas/.opam/4.04.0+afl/lib/coq/user-contrib/QuickChick/quickChickLib.cmx /tmp/QuickChick/175604/QuickChick8bd81a.ml -o /tmp/QuickChick/175604/QuickChick8bd81a
/tmp/QuickChick/175604/input
[0;36mafl-fuzz [1;97m2.52b[0m by <lcamtuf@google.com>
[1;92m[+] [0mLooks like we're not running on a tty, so I'll be a bit less verbose.[0m
[1;92m[+] [0mYou have 8 CPU cores and 1 runnable tasks (utilization: 12%).[0m
[1;92m[+] [0mTry parallel jobs - see docs/parallel_fuzzing.txt.[0m
[1;94m[*] [0mChecking CPU core loadout...[0m
[1;92m[+] [0mFound a free CPU core, binding to #0.[0m
[1;94m[*] [0mChecking core_pattern...[0m
[1;94m[*] [0mChecking CPU scaling governor...[0m
[1;94m[*] [0mSetting up output directories...[0m
[1;94m[*] [0mScanning '/tmp/QuickChick/175604/input'...[0m
[1;92m[+] [0mNo auto-generated dictionary tokens to reuse.[0m
[1;94m[*] [0mCreating hard links for all input files...[0m
[1;94m[*] [0mValidating target binary...[0m
[1;94m[*] [0mAttempting dry run with 'id:000000,orig:seed1'...[0m
[1;94m[*] [0mSpinning up the fork server...[0m
[1;92m[+] [0mAll right - fork server is up.[0m
[1;90m    len = 11, map size = 385, exec speed = 300 us
[0m[1;94m[*] [0mAttempting dry run with 'id:000001,orig:seed2'...[0m
[1;90m    len = 11, map size = 397, exec speed = 286 us
[0m[1;94m[*] [0mAttempting dry run with 'id:000002,orig:seed3'...[0m
[1;90m    len = 11, map size = 377, exec speed = 285 us
[0m[1;92m[+] [0mAll test cases processed.[0m

[1;92m[+] [0mHere are some useful stats:

[1;90m    Test case count : [0m2 favored, 0 variable, 3 total
[1;90m       Bitmap range : [0m377 to 397 bits (average: 386.33 bits)
[1;90m        Exec timing : [0m285 to 300 us (average: 290 us)
[0m
[1;94m[*] [0mNo -t option specified, so I'll use exec timeout of 20 ms.[0m
[1;92m[+] [0mAll set and ready to roll![0m
[1;94m[*] [0mEntering queue cycle 1.[0m
[1;94m[*] [0mFuzzing test case #1 (3 total, 0 uniq crashes found)...[0m
[1;94m[*] [0mFuzzing test case #35 (225 total, 0 uniq crashes found)...[0m
[1;94m[*] [0mFuzzing test case #36 (225 total, 0 uniq crashes found)...[0m
[1;94m[*] [0mFuzzing test case #44 (225 total, 0 uniq crashes found)...[0m
[1;94m[*] [0mFuzzing test case #50 (252 total, 0 uniq crashes found)...[0m
[1;94m[*] [0mFuzzing test case #52 (268 total, 1 uniq crashes found)...[0m
[1;94m[*] [0mFuzzing test case #56 (268 total, 1 uniq crashes found)...[0m
[1;94m[*] [0mFuzzing test case #59 (268 total, 1 uniq crashes found)...[0m
[1;94m[*] [0mFuzzing test case #63 (268 total, 1 uniq crashes found)...[0m
[1;94m[*] [0mFuzzing test case #69 (268 total, 1 uniq crashes found)...[0m
[1;94m[*] [0mFuzzing test case #70 (268 total, 1 uniq crashes found)...[0m
[1;94m[*] [0mFuzzing test case #73 (268 total, 1 uniq crashes found)...[0m
[1;94m[*] [0mFuzzing test case #76 (269 total, 1 uniq crashes found)...[0m
[1;94m[*] [0mFuzzing test case #80 (269 total, 1 uniq crashes found)...[0m
[1;94m[*] [0mFuzzing test case #88 (270 total, 1 uniq crashes found)...[0m
[1;94m[*] [0mFuzzing test case #89 (270 total, 1 uniq crashes found)...[0m
[1;94m[*] [0mFuzzing test case #103 (271 total, 1 uniq crashes found)...[0m
[1;94m[*] [0mFuzzing test case #109 (271 total, 1 uniq crashes found)...[0m
[1;94m[*] [0mFuzzing test case #117 (271 total, 1 uniq crashes found)...[0m
[1;94m[*] [0mFuzzing test case #119 (271 total, 1 uniq crashes found)...[0m
[1;94m[*] [0mFuzzing test case #121 (271 total, 1 uniq crashes found)...[0m
[1;94m[*] [0mFuzzing test case #123 (271 total, 1 uniq crashes found)...[0m
[1;94m[*] [0mFuzzing test case #125 (271 total, 1 uniq crashes found)...[0m
[1;94m[*] [0mFuzzing test case #128 (271 total, 1 uniq crashes found)...[0m
[1;94m[*] [0mFuzzing test case #130 (273 total, 1 uniq crashes found)...[0m
[1;94m[*] [0mFuzzing test case #132 (273 total, 1 uniq crashes found)...[0m
[1;94m[*] [0mFuzzing test case #135 (273 total, 1 uniq crashes found)...[0m
[1;94m[*] [0mFuzzing test case #137 (273 total, 1 uniq crashes found)...[0m
[1;94m[*] [0mFuzzing test case #142 (276 total, 1 uniq crashes found)...[0m
[1;94m[*] [0mFuzzing test case #144 (276 total, 1 uniq crashes found)...[0m
[1;94m[*] [0mFuzzing test case #145 (276 total, 1 uniq crashes found)...[0m
[1;94m[*] [0mFuzzing test case #146 (276 total, 1 uniq crashes found)...[0m
[1;94m[*] [0mFuzzing test case #147 (276 total, 1 uniq crashes found)...[0m
[1;94m[*] [0mFuzzing test case #148 (276 total, 1 uniq crashes found)...[0m
[1;94m[*] [0mFuzzing test case #150 (276 total, 1 uniq crashes found)...[0m
[1;94m[*] [0mFuzzing test case #152 (277 total, 1 uniq crashes found)...[0m
[1;94m[*] [0mFuzzing test case #153 (277 total, 1 uniq crashes found)...[0m
[1;94m[*] [0mFuzzing test case #154 (277 total, 1 uniq crashes found)...[0m
[1;94m[*] [0mFuzzing test case #155 (277 total, 1 uniq crashes found)...[0m
[1;94m[*] [0mFuzzing test case #158 (277 total, 1 uniq crashes found)...[0m
[1;94m[*] [0mFuzzing test case #160 (277 total, 5 uniq crashes found)...[0m
[1;94m[*] [0mFuzzing test case #165 (277 total, 6 uniq crashes found)...[0m
[1;94m[*] [0mFuzzing test case #168 (277 total, 6 uniq crashes found)...[0m
[1;94m[*] [0mFuzzing test case #169 (277 total, 6 uniq crashes found)...[0m
[1;94m[*] [0mFuzzing test case #171 (277 total, 6 uniq crashes found)...[0m
[1;94m[*] [0mFuzzing test case #178 (277 total, 6 uniq crashes found)...[0m
[1;94m[*] [0mFuzzing test case #182 (277 total, 7 uniq crashes found)...[0m
[1;94m[*] [0mFuzzing test case #184 (277 total, 7 uniq crashes found)...[0m
[1;94m[*] [0mFuzzing test case #185 (278 total, 7 uniq crashes found)...[0m
[1;94m[*] [0mFuzzing test case #190 (278 total, 7 uniq crashes found)...[0m
[1;94m[*] [0mFuzzing test case #191 (278 total, 7 uniq crashes found)...[0m
[1;94m[*] [0mFuzzing test case #196 (278 total, 7 uniq crashes found)...[0m
[1;94m[*] [0mFuzzing test case #199 (278 total, 7 uniq crashes found)...[0m
[1;94m[*] [0mFuzzing test case #200 (278 total, 7 uniq crashes found)...[0m
[1;94m[*] [0mFuzzing test case #202 (278 total, 7 uniq crashes found)...[0m
[1;94m[*] [0mFuzzing test case #203 (278 total, 7 uniq crashes found)...[0m
[1;94m[*] [0mFuzzing test case #209 (278 total, 7 uniq crashes found)...[0m
[1;94m[*] [0mFuzzing test case #211 (278 total, 7 uniq crashes found)...[0m
[1;94m[*] [0mFuzzing test case #212 (278 total, 8 uniq crashes found)...[0m
[1;94m[*] [0mFuzzing test case #214 (278 total, 8 uniq crashes found)...[0m
[1;94m[*] [0mFuzzing test case #216 (278 total, 8 uniq crashes found)...[0m
[1;94m[*] [0mFuzzing test case #217 (278 total, 8 uniq crashes found)...[0m
[1;94m[*] [0mFuzzing test case #218 (278 total, 8 uniq crashes found)...[0m
[1;94m[*] [0mFuzzing test case #222 (278 total, 8 uniq crashes found)...[0m
[1;94m[*] [0mFuzzing test case #223 (278 total, 8 uniq crashes found)...[0m
[1;94m[*] [0mFuzzing test case #227 (278 total, 8 uniq crashes found)...[0m
[1;94m[*] [0mFuzzing test case #228 (278 total, 8 uniq crashes found)...[0m
[1;94m[*] [0mFuzzing test case #230 (278 total, 8 uniq crashes found)...[0m
[1;94m[*] [0mFuzzing test case #231 (278 total, 8 uniq crashes found)...[0m
[1;94m[*] [0mFuzzing test case #233 (278 total, 8 uniq crashes found)...[0m
[1;94m[*] [0mFuzzing test case #235 (278 total, 8 uniq crashes found)...[0m
[1;94m[*] [0mFuzzing test case #237 (278 total, 8 uniq crashes found)...[0m
[1;94m[*] [0mFuzzing test case #239 (278 total, 8 uniq crashes found)...[0m
[1;94m[*] [0mFuzzing test case #242 (278 total, 8 uniq crashes found)...[0m
[1;94m[*] [0mFuzzing test case #243 (278 total, 9 uniq crashes found)...[0m
[1;94m[*] [0mFuzzing test case #249 (278 total, 9 uniq crashes found)...[0m
[1;94m[*] [0mFuzzing test case #252 (278 total, 9 uniq crashes found)...[0m
[1;94m[*] [0mFuzzing test case #253 (278 total, 9 uniq crashes found)...[0m
[1;94m[*] [0mFuzzing test case #256 (278 total, 9 uniq crashes found)...[0m
[1;94m[*] [0mFuzzing test case #258 (278 total, 9 uniq crashes found)...[0m
[1;94m[*] [0mFuzzing test case #259 (278 total, 9 uniq crashes found)...[0m
[1;94m[*] [0mFuzzing test case #263 (278 total, 9 uniq crashes found)...[0m
[1;94m[*] [0mFuzzing test case #265 (278 total, 9 uniq crashes found)...[0m
[1;94m[*] [0mFuzzing test case #266 (278 total, 9 uniq crashes found)...[0m
[1;94m[*] [0mFuzzing test case #268 (278 total, 9 uniq crashes found)...[0m
[1;94m[*] [0mFuzzing test case #270 (278 total, 10 uniq crashes found)...[0m
[1;94m[*] [0mFuzzing test case #272 (278 total, 10 uniq crashes found)...[0m
[1;94m[*] [0mFuzzing test case #273 (278 total, 10 uniq crashes found)...[0m
[1;94m[*] [0mEntering queue cycle 2.[0m
[1;94m[*] [0mFuzzing test case #4 (278 total, 10 uniq crashes found)...[0m
[1;94m[*] [0mFuzzing test case #13 (278 total, 10 uniq crashes found)...[0m
[1;94m[*] [0mFuzzing test case #27 (278 total, 10 uniq crashes found)...[0m
[1;94m[*] [0mFuzzing test case #28 (278 total, 10 uniq crashes found)...[0m
[1;94m[*] [0mFuzzing test case #29 (278 total, 10 uniq crashes found)...[0m
[1;94m[*] [0mFuzzing test case #36 (278 total, 10 uniq crashes found)...[0m
[1;94m[*] [0mFuzzing test case #37 (278 total, 10 uniq crashes found)...[0m
[1;94m[*] [0mFuzzing test case #44 (278 total, 10 uniq crashes found)...[0m
[1;94m[*] [0mFuzzing test case #47 (278 total, 10 uniq crashes found)...[0m
[1;94m[*] [0mFuzzing test case #48 (278 total, 10 uniq crashes found)...[0m
[1;94m[*] [0mFuzzing test case #49 (278 total, 10 uniq crashes found)...[0m
[1;94m[*] [0mFuzzing test case #50 (278 total, 10 uniq crashes found)...[0m
[1;94m[*] [0mFuzzing test case #52 (278 total, 10 uniq crashes found)...[0m
[1;94m[*] [0mFuzzing test case #53 (278 total, 10 uniq crashes found)...[0m
[1;94m[*] [0mFuzzing test case #55 (278 total, 10 uniq crashes found)...[0m
[1;94m[*] [0mFuzzing test case #56 (278 total, 10 uniq crashes found)...[0m
[1;94m[*] [0mFuzzing test case #57 (278 total, 10 uniq crashes found)...[0m
[1;94m[*] [0mFuzzing test case #63 (278 total, 10 uniq crashes found)...[0m
[1;94m[*] [0mFuzzing test case #64 (278 total, 10 uniq crashes found)...[0m
[1;94m[*] [0mFuzzing test case #65 (278 total, 10 uniq crashes found)...[0m
[1;94m[*] [0mFuzzing test case #73 (278 total, 10 uniq crashes found)...[0m
[1;94m[*] [0mFuzzing test case #76 (278 total, 10 uniq crashes found)...[0m
[1;94m[*] [0mFuzzing test case #79 (278 total, 10 uniq crashes found)...[0m
[1;94m[*] [0mFuzzing test case #80 (278 total, 10 uniq crashes found)...[0m
[1;94m[*] [0mFuzzing test case #87 (278 total, 10 uniq crashes found)...[0m
[1;94m[*] [0mFuzzing test case #88 (278 total, 10 uniq crashes found)...[0m
[1;94m[*] [0mFuzzing test case #89 (278 total, 10 uniq crashes found)...[0m
[1;94m[*] [0mFuzzing test case #90 (278 total, 10 uniq crashes found)...[0m
[1;94m[*] [0mFuzzing test case #93 (278 total, 10 uniq crashes found)...[0m
[1;94m[*] [0mFuzzing test case #97 (278 total, 10 uniq crashes found)...[0m
[1;94m[*] [0mFuzzing test case #98 (278 total, 10 uniq crashes found)...[0m
[1;94m[*] [0mFuzzing test case #101 (278 total, 10 uniq crashes found)...[0m
[1;94m[*] [0mFuzzing test case #103 (278 total, 10 uniq crashes found)...[0m
[1;94m[*] [0mFuzzing test case #105 (278 total, 10 uniq crashes found)...[0m
[1;94m[*] [0mFuzzing test case #109 (278 total, 10 uniq crashes found)...[0m
[1;94m[*] [0mFuzzing test case #115 (278 total, 10 uniq crashes found)...[0m
[1;94m[*] [0mFuzzing test case #117 (278 total, 10 uniq crashes found)...[0m
[1;94m[*] [0mFuzzing test case #119 (278 total, 10 uniq crashes found)...[0m
[1;94m[*] [0mFuzzing test case #121 (278 total, 10 uniq crashes found)...[0m
[1;94m[*] [0mFuzzing test case #122 (278 total, 10 uniq crashes found)...[0m
[1;94m[*] [0mFuzzing test case #123 (278 total, 10 uniq crashes found)...[0m
[1;94m[*] [0mFuzzing test case #125 (278 total, 10 uniq crashes found)...[0m
[1;94m[*] [0mFuzzing test case #129 (278 total, 10 uniq crashes found)...[0m
[1;94m[*] [0mFuzzing test case #130 (278 total, 10 uniq crashes found)...[0m
[1;94m[*] [0mFuzzing test case #132 (278 total, 10 uniq crashes found)...[0m
[1;94m[*] [0mFuzzing test case #134 (278 total, 10 uniq crashes found)...[0m
[1;94m[*] [0mFuzzing test case #135 (278 total, 10 uniq crashes found)...[0m
[1;94m[*] [0mFuzzing test case #137 (278 total, 10 uniq crashes found)...[0m
[1;94m[*] [0mFuzzing test case #138 (278 total, 10 uniq crashes found)...[0m
[1;94m[*] [0mFuzzing test case #141 (278 total, 13 uniq crashes found)...[0m
[1;94m[*] [0mFuzzing test case #142 (278 total, 13 uniq crashes found)...[0m
[1;94m[*] [0mFuzzing test case #143 (278 total, 13 uniq crashes found)...[0m
[1;94m[*] [0mFuzzing test case #144 (278 total, 13 uniq crashes found)...[0m
[1;94m[*] [0mFuzzing test case #145 (278 total, 13 uniq crashes found)...[0m
[1;94m[*] [0mFuzzing test case #147 (278 total, 13 uniq crashes found)...[0m
[1;94m[*] [0mFuzzing test case #148 (278 total, 13 uniq crashes found)...[0m
[1;94m[*] [0mFuzzing test case #150 (278 total, 13 uniq crashes found)...[0m
[1;94m[*] [0mFuzzing test case #151 (278 total, 13 uniq crashes found)...[0m
[1;94m[*] [0mFuzzing test case #152 (278 total, 13 uniq crashes found)...[0m
[1;94m[*] [0mFuzzing test case #153 (278 total, 13 uniq crashes found)...[0m
[1;94m[*] [0mFuzzing test case #154 (278 total, 13 uniq crashes found)...[0m
[1;94m[*] [0mFuzzing test case #155 (278 total, 13 uniq crashes found)...[0m
[1;94m[*] [0mFuzzing test case #156 (278 total, 13 uniq crashes found)...[0m
[1;94m[*] [0mFuzzing test case #158 (278 total, 13 uniq crashes found)...[0m
[1;94m[*] [0mFuzzing test case #160 (278 total, 13 uniq crashes found)...[0m
[1;94m[*] [0mFuzzing test case #164 (278 total, 13 uniq crashes found)...[0m
[1;94m[*] [0mFuzzing test case #165 (278 total, 13 uniq crashes found)...[0m
[1;94m[*] [0mFuzzing test case #168 (278 total, 13 uniq crashes found)...[0m
[1;94m[*] [0mFuzzing test case #169 (278 total, 13 uniq crashes found)...[0m
[1;94m[*] [0mFuzzing test case #171 (278 total, 13 uniq crashes found)...[0m
[1;94m[*] [0mFuzzing test case #173 (278 total, 13 uniq crashes found)...[0m
[1;94m[*] [0mFuzzing test case #177 (278 total, 13 uniq crashes found)...[0m
[1;94m[*] [0mFuzzing test case #178 (278 total, 13 uniq crashes found)...[0m
[1;94m[*] [0mFuzzing test case #179 (278 total, 13 uniq crashes found)...[0m
[1;94m[*] [0mFuzzing test case #182 (278 total, 13 uniq crashes found)...[0m
[1;94m[*] [0mFuzzing test case #184 (278 total, 13 uniq crashes found)...[0m
[1;94m[*] [0mFuzzing test case #185 (278 total, 13 uniq crashes found)...[0m
[1;94m[*] [0mFuzzing test case #186 (278 total, 13 uniq crashes found)...[0m
[1;94m[*] [0mFuzzing test case #187 (278 total, 13 uniq crashes found)...[0m
[1;94m[*] [0mFuzzing test case #190 (278 total, 13 uniq crashes found)...[0m
[1;94m[*] [0mFuzzing test case #191 (278 total, 13 uniq crashes found)...[0m
[1;94m[*] [0mFuzzing test case #194 (278 total, 13 uniq crashes found)...[0m
[1;94m[*] [0mFuzzing test case #196 (278 total, 13 uniq crashes found)...[0m
[1;94m[*] [0mFuzzing test case #198 (278 total, 13 uniq crashes found)...[0m
[1;94m[*] [0mFuzzing test case #199 (278 total, 13 uniq crashes found)...[0m
[1;94m[*] [0mFuzzing test case #200 (278 total, 13 uniq crashes found)...[0m
[1;94m[*] [0mFuzzing test case #202 (278 total, 13 uniq crashes found)...[0m
[1;94m[*] [0mFuzzing test case #203 (278 total, 13 uniq crashes found)...[0m
[1;94m[*] [0mFuzzing test case #204 (278 total, 13 uniq crashes found)...[0m
[1;94m[*] [0mFuzzing test case #207 (278 total, 13 uniq crashes found)...[0m
[1;94m[*] [0mFuzzing test case #209 (278 total, 13 uniq crashes found)...[0m
[1;94m[*] [0mFuzzing test case #210 (278 total, 13 uniq crashes found)...[0m
[1;94m[*] [0mFuzzing test case #211 (278 total, 13 uniq crashes found)...[0m
[1;94m[*] [0mFuzzing test case #212 (278 total, 13 uniq crashes found)...[0m
[1;94m[*] [0mFuzzing test case #214 (278 total, 13 uniq crashes found)...[0m
[1;94m[*] [0mFuzzing test case #216 (278 total, 13 uniq crashes found)...[0m
[1;94m[*] [0mFuzzing test case #217 (278 total, 13 uniq crashes found)...[0m
[1;94m[*] [0mFuzzing test case #218 (278 total, 13 uniq crashes found)...[0m
[1;94m[*] [0mFuzzing test case #222 (278 total, 13 uniq crashes found)...[0m
[1;94m[*] [0mFuzzing test case #223 (278 total, 13 uniq crashes found)...[0m
[1;94m[*] [0mFuzzing test case #224 (278 total, 13 uniq crashes found)...[0m
[1;94m[*] [0mFuzzing test case #226 (278 total, 13 uniq crashes found)...[0m
[1;94m[*] [0mFuzzing test case #227 (278 total, 13 uniq crashes found)...[0m
[1;94m[*] [0mFuzzing test case #228 (278 total, 13 uniq crashes found)...[0m
[1;94m[*] [0mFuzzing test case #230 (278 total, 13 uniq crashes found)...[0m
[1;94m[*] [0mFuzzing test case #231 (278 total, 13 uniq crashes found)...[0m
[1;94m[*] [0mFuzzing test case #233 (278 total, 13 uniq crashes found)...[0m
[1;94m[*] [0mFuzzing test case #235 (278 total, 13 uniq crashes found)...[0m
[1;94m[*] [0mFuzzing test case #237 (278 total, 13 uniq crashes found)...[0m
[1;94m[*] [0mFuzzing test case #239 (278 total, 13 uniq crashes found)...[0m
[1;94m[*] [0mFuzzing test case #240 (278 total, 13 uniq crashes found)...[0m
[1;94m[*] [0mFuzzing test case #242 (278 total, 13 uniq crashes found)...[0m
[1;94m[*] [0mFuzzing test case #243 (278 total, 13 uniq crashes found)...[0m
[1;94m[*] [0mFuzzing test case #249 (278 total, 13 uniq crashes found)...[0m
[1;94m[*] [0mFuzzing test case #252 (278 total, 13 uniq crashes found)...[0m
[1;94m[*] [0mFuzzing test case #253 (278 total, 13 uniq crashes found)...[0m
[1;94m[*] [0mFuzzing test case #256 (278 total, 13 uniq crashes found)...[0m
[1;94m[*] [0mFuzzing test case #258 (278 total, 13 uniq crashes found)...[0m
[1;94m[*] [0mFuzzing test case #259 (278 total, 13 uniq crashes found)...[0m
[1;94m[*] [0mFuzzing test case #263 (278 total, 13 uniq crashes found)...[0m
[1;94m[*] [0mFuzzing test case #264 (278 total, 13 uniq crashes found)...[0m
[1;94m[*] [0mFuzzing test case #266 (279 total, 14 uniq crashes found)...[0m
[1;94m[*] [0mFuzzing test case #267 (279 total, 14 uniq crashes found)...[0m
[1;94m[*] [0mFuzzing test case #268 (279 total, 14 uniq crashes found)...[0m
[1;94m[*] [0mFuzzing test case #270 (279 total, 14 uniq crashes found)...[0m
[1;94m[*] [0mFuzzing test case #272 (279 total, 14 uniq crashes found)...[0m
[1;94m[*] [0mFuzzing test case #273 (279 total, 14 uniq crashes found)...[0m
[1;94m[*] [0mFuzzing test case #278 (279 total, 14 uniq crashes found)...[0m
[1;94m[*] [0mEntering queue cycle 3.[0m
[1;94m[*] [0mFuzzing test case #5 (279 total, 17 uniq crashes found)...[0m
[1;94m[*] [0mFuzzing test case #10 (279 total, 17 uniq crashes found)...[0m
[1;94m[*] [0mFuzzing test case #16 (279 total, 17 uniq crashes found)...[0m
[1;94m[*] [0mFuzzing test case #22 (279 total, 17 uniq crashes found)...[0m
[1;94m[*] [0mFuzzing test case #31 (279 total, 17 uniq crashes found)...[0m
[1;94m[*] [0mFuzzing test case #33 (279 total, 17 uniq crashes found)...[0m
[1;94m[*] [0mFuzzing test case #36 (279 total, 17 uniq crashes found)...[0m
[1;94m[*] [0mFuzzing test case #42 (279 total, 17 uniq crashes found)...[0m
[1;94m[*] [0mFuzzing test case #44 (279 total, 17 uniq crashes found)...[0m
[1;94m[*] [0mFuzzing test case #56 (279 total, 17 uniq crashes found)...[0m
[1;94m[*] [0mFuzzing test case #58 (279 total, 17 uniq crashes found)...[0m
[1;94m[*] [0mFuzzing test case #60 (279 total, 17 uniq crashes found)...[0m
[1;94m[*] [0mFuzzing test case #61 (279 total, 17 uniq crashes found)...[0m
[1;94m[*] [0mFuzzing test case #63 (279 total, 17 uniq crashes found)...[0m
[1;94m[*] [0mFuzzing test case #67 (279 total, 17 uniq crashes found)...[0m
[1;94m[*] [0mFuzzing test case #73 (279 total, 17 uniq crashes found)...[0m
[1;94m[*] [0mFuzzing test case #74 (279 total, 17 uniq crashes found)...[0m
[1;94m[*] [0mFuzzing test case #76 (279 total, 17 uniq crashes found)...[0m
[1;94m[*] [0mFuzzing test case #80 (279 total, 17 uniq crashes found)...[0m
[1;94m[*] [0mFuzzing test case #84 (279 total, 17 uniq crashes found)...[0m
[1;94m[*] [0mFuzzing test case #88 (279 total, 17 uniq crashes found)...[0m
[1;94m[*] [0mFuzzing test case #89 (279 total, 17 uniq crashes found)...[0m
[1;94m[*] [0mFuzzing test case #93 (279 total, 17 uniq crashes found)...[0m
[1;94m[*] [0mFuzzing test case #103 (279 total, 17 uniq crashes found)...[0m
[1;94m[*] [0mFuzzing test case #109 (279 total, 17 uniq crashes found)...[0m
[1;94m[*] [0mFuzzing test case #110 (279 total, 17 uniq crashes found)...[0m
[1;94m[*] [0mFuzzing test case #115 (279 total, 17 uniq crashes found)...[0m
[1;94m[*] [0mFuzzing test case #117 (279 total, 17 uniq crashes found)...[0m
[1;94m[*] [0mFuzzing test case #118 (279 total, 17 uniq crashes found)...[0m
[1;94m[*] [0mFuzzing test case #119 (279 total, 17 uniq crashes found)...[0m
[1;94m[*] [0mFuzzing test case #120 (279 total, 17 uniq crashes found)...[0m
[1;94m[*] [0mFuzzing test case #121 (279 total, 17 uniq crashes found)...[0m
[1;94m[*] [0mFuzzing test case #123 (279 total, 17 uniq crashes found)...[0m
[1;94m[*] [0mFuzzing test case #125 (279 total, 17 uniq crashes found)...[0m
[1;94m[*] [0mFuzzing test case #129 (279 total, 17 uniq crashes found)...[0m
[1;94m[*] [0mFuzzing test case #130 (279 total, 17 uniq crashes found)...[0m
[1;94m[*] [0mFuzzing test case #132 (279 total, 17 uniq crashes found)...[0m
[1;94m[*] [0mFuzzing test case #135 (279 total, 17 uniq crashes found)...[0m
[1;94m[*] [0mFuzzing test case #137 (279 total, 17 uniq crashes found)...[0m
[1;94m[*] [0mFuzzing test case #139 (279 total, 17 uniq crashes found)...[0m
[1;94m[*] [0mFuzzing test case #142 (279 total, 17 uniq crashes found)...[0m
[1;94m[*] [0mFuzzing test case #144 (279 total, 17 uniq crashes found)...[0m
[1;94m[*] [0mFuzzing test case #145 (279 total, 17 uniq crashes found)...[0m
[1;94m[*] [0mFuzzing test case #147 (279 total, 17 uniq crashes found)...[0m
[1;94m[*] [0mFuzzing test case #148 (279 total, 17 uniq crashes found)...[0m
[1;94m[*] [0mFuzzing test case #149 (279 total, 17 uniq crashes found)...[0m
[1;94m[*] [0mFuzzing test case #150 (279 total, 18 uniq crashes found)...[0m
[1;94m[*] [0mFuzzing test case #152 (279 total, 18 uniq crashes found)...[0m
[1;94m[*] [0mFuzzing test case #153 (279 total, 18 uniq crashes found)...[0m
[1;94m[*] [0mFuzzing test case #154 (279 total, 18 uniq crashes found)...[0m
[1;94m[*] [0mFuzzing test case #155 (279 total, 18 uniq crashes found)...[0m
[1;94m[*] [0mFuzzing test case #158 (279 total, 18 uniq crashes found)...[0m
[1;94m[*] [0mFuzzing test case #159 (279 total, 18 uniq crashes found)...[0m
[1;94m[*] [0mFuzzing test case #160 (279 total, 18 uniq crashes found)...[0m
[1;94m[*] [0mFuzzing test case #161 (279 total, 18 uniq crashes found)...[0m
[1;94m[*] [0mFuzzing test case #164 (279 total, 18 uniq crashes found)...[0m
[1;94m[*] [0mFuzzing test case #165 (279 total, 18 uniq crashes found)...[0m
[1;94m[*] [0mFuzzing test case #168 (279 total, 18 uniq crashes found)...[0m
[1;94m[*] [0mFuzzing test case #171 (279 total, 18 uniq crashes found)...[0m
[1;94m[*] [0mFuzzing test case #174 (279 total, 18 uniq crashes found)...[0m
[1;94m[*] [0mFuzzing test case #178 (279 total, 18 uniq crashes found)...[0m
[1;94m[*] [0mFuzzing test case #179 (279 total, 18 uniq crashes found)...[0m
[1;94m[*] [0mFuzzing test case #182 (279 total, 18 uniq crashes found)...[0m
[1;94m[*] [0mFuzzing test case #184 (279 total, 18 uniq crashes found)...[0m
[1;94m[*] [0mFuzzing test case #185 (279 total, 18 uniq crashes found)...[0m
[1;94m[*] [0mFuzzing test case #190 (279 total, 18 uniq crashes found)...[0m
[1;94m[*] [0mFuzzing test case #191 (279 total, 18 uniq crashes found)...[0m
[1;94m[*] [0mFuzzing test case #193 (279 total, 18 uniq crashes found)...[0m
[1;94m[*] [0mFuzzing test case #196 (279 total, 18 uniq crashes found)...[0m
[1;94m[*] [0mFuzzing test case #199 (279 total, 18 uniq crashes found)...[0m
[1;94m[*] [0mFuzzing test case #200 (279 total, 18 uniq crashes found)...[0m
[1;94m[*] [0mFuzzing test case #202 (279 total, 18 uniq crashes found)...[0m
[1;94m[*] [0mFuzzing test case #203 (279 total, 18 uniq crashes found)...[0m
[1;94m[*] [0mFuzzing test case #205 (279 total, 18 uniq crashes found)...[0m
[1;94m[*] [0mFuzzing test case #209 (279 total, 18 uniq crashes found)...[0m
[1;94m[*] [0mFuzzing test case #211 (279 total, 18 uniq crashes found)...[0m
[1;94m[*] [0mFuzzing test case #212 (279 total, 18 uniq crashes found)...[0m
[1;94m[*] [0mFuzzing test case #214 (279 total, 18 uniq crashes found)...[0m
[1;94m[*] [0mFuzzing test case #215 (279 total, 18 uniq crashes found)...[0m
[1;94m[*] [0mFuzzing test case #216 (279 total, 18 uniq crashes found)...[0m
[1;94m[*] [0mFuzzing test case #217 (279 total, 18 uniq crashes found)...[0m
[1;94m[*] [0mFuzzing test case #218 (279 total, 18 uniq crashes found)...[0m
[1;94m[*] [0mFuzzing test case #220 (279 total, 18 uniq crashes found)...[0m
[1;94m[*] [0mFuzzing test case #222 (279 total, 18 uniq crashes found)...[0m
[1;94m[*] [0mFuzzing test case #223 (279 total, 18 uniq crashes found)...[0m
[1;94m[*] [0mFuzzing test case #227 (279 total, 18 uniq crashes found)...[0m
[1;94m[*] [0mFuzzing test case #228 (279 total, 18 uniq crashes found)...[0m
[1;94m[*] [0mFuzzing test case #230 (279 total, 18 uniq crashes found)...[0m
[1;94m[*] [0mFuzzing test case #231 (279 total, 18 uniq crashes found)...[0m
[1;94m[*] [0mFuzzing test case #233 (279 total, 18 uniq crashes found)...[0m
[1;94m[*] [0mFuzzing test case #235 (279 total, 18 uniq crashes found)...[0m
[1;94m[*] [0mFuzzing test case #237 (279 total, 18 uniq crashes found)...[0m
[1;94m[*] [0mFuzzing test case #238 (279 total, 18 uniq crashes found)...[0m
[1;94m[*] [0mFuzzing test case #239 (279 total, 18 uniq crashes found)...[0m
[1;94m[*] [0mFuzzing test case #242 (279 total, 18 uniq crashes found)...[0m
[1;94m[*] [0mFuzzing test case #243 (279 total, 18 uniq crashes found)...[0m
[1;94m[*] [0mFuzzing test case #244 (279 total, 18 uniq crashes found)...[0m
[1;94m[*] [0mFuzzing test case #249 (279 total, 18 uniq crashes found)...[0m
[1;94m[*] [0mFuzzing test case #252 (279 total, 18 uniq crashes found)...[0m
[1;94m[*] [0mFuzzing test case #253 (279 total, 18 uniq crashes found)...[0m
[1;94m[*] [0mFuzzing test case #256 (279 total, 18 uniq crashes found)...[0m
[1;94m[*] [0mFuzzing test case #257 (279 total, 18 uniq crashes found)...[0m
[1;94m[*] [0mFuzzing test case #258 (279 total, 18 uniq crashes found)...[0m
[1;94m[*] [0mFuzzing test case #260 (279 total, 18 uniq crashes found)...[0m
[1;94m[*] [0mFuzzing test case #263 (279 total, 18 uniq crashes found)...[0m
[1;94m[*] [0mFuzzing test case #266 (279 total, 18 uniq crashes found)...[0m
[1;94m[*] [0mFuzzing test case #268 (279 total, 18 uniq crashes found)...[0m
[1;94m[*] [0mFuzzing test case #270 (279 total, 19 uniq crashes found)...[0m
[1;94m[*] [0mFuzzing test case #272 (279 total, 19 uniq crashes found)...[0m
[1;94m[*] [0mFuzzing test case #275 (279 total, 19 uniq crashes found)...[0m
[1;94m[*] [0mFuzzing test case #276 (279 total, 19 uniq crashes found)...[0m
[1;94m[*] [0mEntering queue cycle 4.[0m
[1;94m[*] [0mFuzzing test case #6 (279 total, 19 uniq crashes found)...[0m
[1;94m[*] [0mFuzzing test case #15 (279 total, 19 uniq crashes found)...[0m
[1;94m[*] [0mFuzzing test case #17 (279 total, 19 uniq crashes found)...[0m
[1;94m[*] [0mFuzzing test case #21 (279 total, 19 uniq crashes found)...[0m
[1;94m[*] [0mFuzzing test case #23 (279 total, 19 uniq crashes found)...[0m
[1;94m[*] [0mFuzzing test case #27 (279 total, 19 uniq crashes found)...[0m
[1;94m[*] [0mFuzzing test case #29 (279 total, 19 uniq crashes found)...[0m
[1;94m[*] [0mFuzzing test case #36 (279 total, 19 uniq crashes found)...[0m
[1;94m[*] [0mFuzzing test case #41 (279 total, 19 uniq crashes found)...[0m
[1;94m[*] [0mFuzzing test case #42 (279 total, 19 uniq crashes found)...[0m
[1;94m[*] [0mFuzzing test case #43 (279 total, 19 uniq crashes found)...[0m
[1;94m[*] [0mFuzzing test case #44 (279 total, 19 uniq crashes found)...[0m
[1;94m[*] [0mFuzzing test case #51 (279 total, 19 uniq crashes found)...[0m
[1;94m[*] [0mFuzzing test case #52 (279 total, 19 uniq crashes found)...[0m
[1;94m[*] [0mFuzzing test case #56 (279 total, 19 uniq crashes found)...[0m
[1;94m[*] [0mFuzzing test case #63 (279 total, 19 uniq crashes found)...[0m
[1;94m[*] [0mFuzzing test case #66 (279 total, 19 uniq crashes found)...[0m
[1;94m[*] [0mFuzzing test case #73 (279 total, 19 uniq crashes found)...[0m
[1;94m[*] [0mFuzzing test case #75 (279 total, 19 uniq crashes found)...[0m
[1;94m[*] [0mFuzzing test case #76 (279 total, 19 uniq crashes found)...[0m
[1;94m[*] [0mFuzzing test case #80 (279 total, 19 uniq crashes found)...[0m
[1;94m[*] [0mFuzzing test case #81 (279 total, 19 uniq crashes found)...[0m
[1;94m[*] [0mFuzzing test case #82 (279 total, 19 uniq crashes found)...[0m
[1;94m[*] [0mFuzzing test case #88 (279 total, 19 uniq crashes found)...[0m
[1;94m[*] [0mFuzzing test case #89 (279 total, 19 uniq crashes found)...[0m
[1;94m[*] [0mFuzzing test case #91 (279 total, 19 uniq crashes found)...[0m
[1;94m[*] [0mFuzzing test case #94 (279 total, 19 uniq crashes found)...[0m
[1;94m[*] [0mFuzzing test case #95 (279 total, 19 uniq crashes found)...[0m
[1;94m[*] [0mFuzzing test case #103 (279 total, 19 uniq crashes found)...[0m
[1;94m[*] [0mFuzzing test case #109 (279 total, 19 uniq crashes found)...[0m
[1;94m[*] [0mFuzzing test case #114 (279 total, 19 uniq crashes found)...[0m
[1;94m[*] [0mFuzzing test case #115 (279 total, 19 uniq crashes found)...[0m
[1;94m[*] [0mFuzzing test case #116 (279 total, 19 uniq crashes found)...[0m
[1;94m[*] [0mFuzzing test case #117 (279 total, 19 uniq crashes found)...[0m
[1;94m[*] [0mFuzzing test case #119 (279 total, 19 uniq crashes found)...[0m
[1;94m[*] [0mFuzzing test case #121 (279 total, 19 uniq crashes found)...[0m
[1;94m[*] [0mFuzzing test case #123 (279 total, 19 uniq crashes found)...[0m
[1;94m[*] [0mFuzzing test case #124 (279 total, 19 uniq crashes found)...[0m
[1;94m[*] [0mFuzzing test case #125 (279 total, 19 uniq crashes found)...[0m
[1;94m[*] [0mFuzzing test case #127 (279 total, 19 uniq crashes found)...[0m
[1;94m[*] [0mFuzzing test case #128 (279 total, 19 uniq crashes found)...[0m
[1;94m[*] [0mFuzzing test case #130 (279 total, 19 uniq crashes found)...[0m
[1;94m[*] [0mFuzzing test case #132 (279 total, 19 uniq crashes found)...[0m
[1;94m[*] [0mFuzzing test case #137 (279 total, 19 uniq crashes found)...[0m
[1;94m[*] [0mFuzzing test case #141 (279 total, 19 uniq crashes found)...[0m
[1;94m[*] [0mFuzzing test case #142 (279 total, 19 uniq crashes found)...[0m
[1;94m[*] [0mFuzzing test case #144 (279 total, 19 uniq crashes found)...[0m
[1;94m[*] [0mFuzzing test case #145 (279 total, 19 uniq crashes found)...[0m
[1;94m[*] [0mFuzzing test case #147 (279 total, 19 uniq crashes found)...[0m
[1;94m[*] [0mFuzzing test case #148 (279 total, 19 uniq crashes found)...[0m
[1;94m[*] [0mFuzzing test case #150 (279 total, 19 uniq crashes found)...[0m
[1;94m[*] [0mFuzzing test case #152 (279 total, 19 uniq crashes found)...[0m
[1;94m[*] [0mFuzzing test case #153 (279 total, 19 uniq crashes found)...[0m
[1;94m[*] [0mFuzzing test case #154 (279 total, 19 uniq crashes found)...[0m
[1;94m[*] [0mFuzzing test case #155 (279 total, 19 uniq crashes found)...[0m
[1;94m[*] [0mFuzzing test case #157 (279 total, 19 uniq crashes found)...[0m
[1;94m[*] [0mFuzzing test case #158 (279 total, 20 uniq crashes found)...[0m
[1;94m[*] [0mFuzzing test case #160 (279 total, 20 uniq crashes found)...[0m
[1;94m[*] [0mFuzzing test case #165 (279 total, 20 uniq crashes found)...[0m
[1;94m[*] [0mFuzzing test case #168 (279 total, 20 uniq crashes found)...[0m
[1;94m[*] [0mFuzzing test case #169 (279 total, 20 uniq crashes found)...[0m
[1;94m[*] [0mFuzzing test case #171 (279 total, 20 uniq crashes found)...[0m
[1;94m[*] [0mFuzzing test case #172 (279 total, 20 uniq crashes found)...[0m
[1;94m[*] [0mFuzzing test case #175 (279 total, 20 uniq crashes found)...[0m
[1;94m[*] [0mFuzzing test case #178 (279 total, 20 uniq crashes found)...[0m
[1;94m[*] [0mFuzzing test case #179 (279 total, 20 uniq crashes found)...[0m
[1;94m[*] [0mFuzzing test case #180 (279 total, 20 uniq crashes found)...[0m
[1;94m[*] [0mFuzzing test case #182 (279 total, 20 uniq crashes found)...[0m
[1;94m[*] [0mFuzzing test case #183 (279 total, 20 uniq crashes found)...[0m
[1;94m[*] [0mFuzzing test case #184 (279 total, 20 uniq crashes found)...[0m
[1;94m[*] [0mFuzzing test case #185 (279 total, 20 uniq crashes found)...[0m
[1;94m[*] [0mFuzzing test case #189 (279 total, 20 uniq crashes found)...[0m
[1;94m[*] [0mFuzzing test case #190 (279 total, 20 uniq crashes found)...[0m
[1;94m[*] [0mFuzzing test case #191 (279 total, 20 uniq crashes found)...[0m
[1;94m[*] [0mFuzzing test case #193 (279 total, 20 uniq crashes found)...[0m
[1;94m[*] [0mFuzzing test case #196 (279 total, 20 uniq crashes found)...[0m
[1;94m[*] [0mFuzzing test case #199 (279 total, 20 uniq crashes found)...[0m
[1;94m[*] [0mFuzzing test case #200 (279 total, 20 uniq crashes found)...[0m
[1;94m[*] [0mFuzzing test case #202 (279 total, 20 uniq crashes found)...[0m
[1;94m[*] [0mFuzzing test case #203 (279 total, 20 uniq crashes found)...[0m
[1;94m[*] [0mFuzzing test case #206 (279 total, 20 uniq crashes found)...[0m
[1;94m[*] [0mFuzzing test case #209 (279 total, 20 uniq crashes found)...[0m
[1;94m[*] [0mFuzzing test case #211 (279 total, 20 uniq crashes found)...[0m
[1;94m[*] [0mFuzzing test case #212 (279 total, 20 uniq crashes found)...[0m
[1;94m[*] [0mFuzzing test case #214 (279 total, 20 uniq crashes found)...[0m
[1;94m[*] [0mFuzzing test case #215 (279 total, 20 uniq crashes found)...[0m
[1;94m[*] [0mFuzzing test case #216 (279 total, 20 uniq crashes found)...[0m
[1;94m[*] [0mFuzzing test case #217 (279 total, 20 uniq crashes found)...[0m
[1;94m[*] [0mFuzzing test case #218 (279 total, 20 uniq crashes found)...[0m
[1;94m[*] [0mFuzzing test case #222 (279 total, 20 uniq crashes found)...[0m
[1;94m[*] [0mFuzzing test case #223 (279 total, 20 uniq crashes found)...[0m
[1;94m[*] [0mFuzzing test case #227 (279 total, 20 uniq crashes found)...[0m
[1;94m[*] [0mFuzzing test case #228 (279 total, 20 uniq crashes found)...[0m
[1;94m[*] [0mFuzzing test case #229 (279 total, 20 uniq crashes found)...[0m
[1;94m[*] [0mFuzzing test case #230 (279 total, 20 uniq crashes found)...[0m
[1;94m[*] [0mFuzzing test case #231 (279 total, 20 uniq crashes found)...[0m
[1;94m[*] [0mFuzzing test case #233 (279 total, 20 uniq crashes found)...[0m
[1;94m[*] [0mFuzzing test case #235 (279 total, 20 uniq crashes found)...[0m
[1;94m[*] [0mFuzzing test case #237 (279 total, 20 uniq crashes found)...[0m
[1;94m[*] [0mFuzzing test case #239 (279 total, 20 uniq crashes found)...[0m
[1;94m[*] [0mFuzzing test case #242 (279 total, 20 uniq crashes found)...[0m
[1;94m[*] [0mFuzzing test case #243 (279 total, 20 uniq crashes found)...[0m
[1;94m[*] [0mFuzzing test case #244 (279 total, 20 uniq crashes found)...[0m
[1;94m[*] [0mFuzzing test case #249 (279 total, 20 uniq crashes found)...[0m
[1;94m[*] [0mFuzzing test case #252 (279 total, 20 uniq crashes found)...[0m
[1;94m[*] [0mFuzzing test case #253 (279 total, 20 uniq crashes found)...[0m
[1;94m[*] [0mFuzzing test case #254 (279 total, 20 uniq crashes found)...[0m
[1;94m[*] [0mFuzzing test case #256 (279 total, 20 uniq crashes found)...[0m
[1;94m[*] [0mFuzzing test case #258 (279 total, 20 uniq crashes found)...[0m
[1;94m[*] [0mFuzzing test case #263 (279 total, 20 uniq crashes found)...[0m
[1;94m[*] [0mFuzzing test case #266 (279 total, 20 uniq crashes found)...[0m
[1;94m[*] [0mFuzzing test case #268 (279 total, 20 uniq crashes found)...[0m
[1;94m[*] [0mFuzzing test case #270 (279 total, 20 uniq crashes found)...[0m
[1;94m[*] [0mFuzzing test case #272 (279 total, 20 uniq crashes found)...[0m
[1;94m[*] [0mEntering queue cycle 5.[0m
[1;94m[*] [0mFuzzing test case #3 (279 total, 20 uniq crashes found)...[0m
[1;94m[*] [0mFuzzing test case #12 (279 total, 20 uniq crashes found)...[0m
[1;94m[*] [0mFuzzing test case #16 (279 total, 20 uniq crashes found)...[0m
[1;94m[*] [0mFuzzing test case #20 (279 total, 20 uniq crashes found)...[0m
[1;94m[*] [0mFuzzing test case #23 (279 total, 20 uniq crashes found)...[0m
[1;94m[*] [0mFuzzing test case #26 (279 total, 20 uniq crashes found)...[0m
[1;94m[*] [0mFuzzing test case #34 (279 total, 20 uniq crashes found)...[0m
[1;94m[*] [0mFuzzing test case #36 (279 total, 20 uniq crashes found)...[0m
[1;94m[*] [0mFuzzing test case #44 (279 total, 20 uniq crashes found)...[0m
[1;94m[*] [0mFuzzing test case #56 (279 total, 20 uniq crashes found)...[0m
[1;94m[*] [0mFuzzing test case #62 (279 total, 20 uniq crashes found)...[0m
[1;94m[*] [0mFuzzing test case #63 (279 total, 20 uniq crashes found)...[0m
[1;94m[*] [0mFuzzing test case #64 (279 total, 20 uniq crashes found)...[0m
[1;94m[*] [0mFuzzing test case #71 (279 total, 20 uniq crashes found)...[0m
[1;94m[*] [0mFuzzing test case #72 (279 total, 20 uniq crashes found)...[0m
[1;94m[*] [0mFuzzing test case #73 (279 total, 20 uniq crashes found)...[0m
[1;94m[*] [0mFuzzing test case #76 (279 total, 20 uniq crashes found)...[0m
[1;94m[*] [0mFuzzing test case #80 (279 total, 20 uniq crashes found)...[0m
[1;94m[*] [0mFuzzing test case #88 (279 total, 20 uniq crashes found)...[0m
[1;94m[*] [0mFuzzing test case #89 (279 total, 20 uniq crashes found)...[0m
[1;94m[*] [0mFuzzing test case #99 (279 total, 20 uniq crashes found)...[0m
[1;94m[*] [0mFuzzing test case #103 (279 total, 20 uniq crashes found)...[0m
[1;94m[*] [0mFuzzing test case #104 (279 total, 20 uniq crashes found)...[0m
[1;94m[*] [0mFuzzing test case #109 (279 total, 20 uniq crashes found)...[0m
[1;94m[*] [0mFuzzing test case #115 (279 total, 20 uniq crashes found)...[0m
[1;94m[*] [0mFuzzing test case #117 (279 total, 20 uniq crashes found)...[0m
[1;94m[*] [0mFuzzing test case #119 (279 total, 20 uniq crashes found)...[0m
[1;94m[*] [0mFuzzing test case #121 (279 total, 20 uniq crashes found)...[0m
[1;94m[*] [0mFuzzing test case #123 (279 total, 20 uniq crashes found)...[0m
[1;94m[*] [0mFuzzing test case #125 (279 total, 20 uniq crashes found)...[0m
[1;94m[*] [0mFuzzing test case #126 (279 total, 20 uniq crashes found)...[0m
[1;94m[*] [0mFuzzing test case #130 (279 total, 20 uniq crashes found)...[0m
[1;94m[*] [0mFuzzing test case #131 (279 total, 20 uniq crashes found)...[0m
[1;94m[*] [0mFuzzing test case #132 (279 total, 20 uniq crashes found)...[0m
[1;94m[*] [0mFuzzing test case #137 (279 total, 20 uniq crashes found)...[0m
[1;94m[*] [0mFuzzing test case #138 (279 total, 20 uniq crashes found)...[0m
[1;94m[*] [0mFuzzing test case #141 (279 total, 20 uniq crashes found)...[0m
[1;94m[*] [0mFuzzing test case #142 (279 total, 20 uniq crashes found)...[0m
[1;94m[*] [0mFuzzing test case #144 (279 total, 20 uniq crashes found)...[0m
[1;94m[*] [0mFuzzing test case #145 (279 total, 20 uniq crashes found)...[0m
[1;94m[*] [0mFuzzing test case #147 (279 total, 20 uniq crashes found)...[0m
[1;94m[*] [0mFuzzing test case #148 (279 total, 20 uniq crashes found)...[0m
[1;94m[*] [0mFuzzing test case #150 (279 total, 20 uniq crashes found)...[0m
[1;94m[*] [0mFuzzing test case #152 (279 total, 20 uniq crashes found)...[0m
[1;94m[*] [0mFuzzing test case #153 (279 total, 20 uniq crashes found)...[0m
[1;94m[*] [0mFuzzing test case #154 (279 total, 20 uniq crashes found)...[0m
[1;94m[*] [0mFuzzing test case #155 (279 total, 20 uniq crashes found)...[0m
[1;94m[*] [0mFuzzing test case #158 (279 total, 20 uniq crashes found)...[0m
[1;94m[*] [0mFuzzing test case #160 (279 total, 20 uniq crashes found)...[0m
[1;94m[*] [0mFuzzing test case #162 (279 total, 20 uniq crashes found)...[0m
[1;94m[*] [0mFuzzing test case #163 (279 total, 20 uniq crashes found)...[0m
[1;94m[*] [0mFuzzing test case #165 (279 total, 20 uniq crashes found)...[0m
[1;94m[*] [0mFuzzing test case #166 (279 total, 20 uniq crashes found)...[0m
[?25h[1;91m

+++ Testing aborted by user +++
[0m[1;92m[+] [0mWe're done here. Have a nice day!
[0m
Child is executing...
afl-fuzz -i /tmp/QuickChick/175604/input -o /tmp/QuickChick/175604/output /tmp/QuickChick/175604/QuickChick8bd81a @@
Parent is sleeping for 600 seconds...
cp /tmp/QuickChick/175604/output/fuzzer_stats output/175604