QuickChecking (testMutantX prop_SSNI_arbmedium exp_result_fuzz 11)
Extracted ML file: /tmp/QuickChick/161439/QuickChick3a7d62.ml
Compile command: ocamlopt unix.cmxa /home/lemonidas/.opam/4.04.0+afl/lib/afl-persistent/afl-persistent.cmxa -unsafe-string -rectypes -w a -I /tmp/QuickChick/161439 -I /home/lemonidas/.opam/4.04.0+afl/lib/afl-persistent/ -I /home/lemonidas/.opam/4.04.0+afl/lib/coq/user-contrib/QuickChick /home/lemonidas/.opam/4.04.0+afl/lib/coq/user-contrib/QuickChick/quickChickLib.cmx /tmp/QuickChick/161439/QuickChick3a7d62.ml -o /tmp/QuickChick/161439/QuickChick3a7d62
/tmp/QuickChick/161439/input
[0;36mafl-fuzz [1;97m2.52b[0m by <lcamtuf@google.com>
[1;92m[+] [0mLooks like we're not running on a tty, so I'll be a bit less verbose.[0m
[1;92m[+] [0mYou have 8 CPU cores and 1 runnable tasks (utilization: 12%).[0m
[1;92m[+] [0mTry parallel jobs - see docs/parallel_fuzzing.txt.[0m
[1;94m[*] [0mChecking CPU core loadout...[0m
[1;92m[+] [0mFound a free CPU core, binding to #0.[0m
[1;94m[*] [0mChecking core_pattern...[0m
[1;94m[*] [0mChecking CPU scaling governor...[0m
[1;94m[*] [0mSetting up output directories...[0m
[1;94m[*] [0mScanning '/tmp/QuickChick/161439/input'...[0m
[1;92m[+] [0mNo auto-generated dictionary tokens to reuse.[0m
[1;94m[*] [0mCreating hard links for all input files...[0m
[1;94m[*] [0mValidating target binary...[0m
[1;94m[*] [0mAttempting dry run with 'id:000000,orig:seed1'...[0m
[1;94m[*] [0mSpinning up the fork server...[0m
[1;92m[+] [0mAll right - fork server is up.[0m
[1;90m    len = 11, map size = 385, exec speed = 315 us
[0m[1;94m[*] [0mAttempting dry run with 'id:000001,orig:seed2'...[0m
[1;90m    len = 11, map size = 397, exec speed = 289 us
[0m[1;94m[*] [0mAttempting dry run with 'id:000002,orig:seed3'...[0m
[1;90m    len = 11, map size = 377, exec speed = 296 us
[0m[1;92m[+] [0mAll test cases processed.[0m

[1;92m[+] [0mHere are some useful stats:

[1;90m    Test case count : [0m1 favored, 0 variable, 3 total
[1;90m       Bitmap range : [0m377 to 397 bits (average: 386.33 bits)
[1;90m        Exec timing : [0m289 to 315 us (average: 300 us)
[0m
[1;94m[*] [0mNo -t option specified, so I'll use exec timeout of 20 ms.[0m
[1;92m[+] [0mAll set and ready to roll![0m
[1;94m[*] [0mEntering queue cycle 1.[0m
[1;94m[*] [0mFuzzing test case #1 (3 total, 0 uniq crashes found)...[0m
[1;94m[*] [0mFuzzing test case #34 (211 total, 0 uniq crashes found)...[0m
[1;94m[*] [0mFuzzing test case #49 (222 total, 1 uniq crashes found)...[0m
[1;94m[*] [0mFuzzing test case #56 (246 total, 2 uniq crashes found)...[0m
[1;94m[*] [0mFuzzing test case #58 (259 total, 5 uniq crashes found)...[0m
[1;94m[*] [0mFuzzing test case #66 (259 total, 5 uniq crashes found)...[0m
[1;94m[*] [0mFuzzing test case #71 (266 total, 7 uniq crashes found)...[0m
[1;94m[*] [0mFuzzing test case #72 (266 total, 8 uniq crashes found)...[0m
[1;94m[*] [0mFuzzing test case #75 (266 total, 8 uniq crashes found)...[0m
[1;94m[*] [0mFuzzing test case #76 (267 total, 8 uniq crashes found)...[0m
[1;94m[*] [0mFuzzing test case #80 (267 total, 8 uniq crashes found)...[0m
[1;94m[*] [0mFuzzing test case #95 (268 total, 8 uniq crashes found)...[0m
[1;94m[*] [0mFuzzing test case #96 (268 total, 8 uniq crashes found)...[0m
[1;94m[*] [0mFuzzing test case #97 (268 total, 8 uniq crashes found)...[0m
[1;94m[*] [0mFuzzing test case #102 (270 total, 8 uniq crashes found)...[0m
[1;94m[*] [0mFuzzing test case #109 (270 total, 9 uniq crashes found)...[0m
[1;94m[*] [0mFuzzing test case #111 (270 total, 9 uniq crashes found)...[0m
[1;94m[*] [0mFuzzing test case #119 (270 total, 9 uniq crashes found)...[0m
[1;94m[*] [0mFuzzing test case #121 (270 total, 9 uniq crashes found)...[0m
[1;94m[*] [0mFuzzing test case #123 (270 total, 9 uniq crashes found)...[0m
[1;94m[*] [0mFuzzing test case #126 (270 total, 10 uniq crashes found)...[0m
[1;94m[*] [0mFuzzing test case #130 (270 total, 10 uniq crashes found)...[0m
[1;94m[*] [0mFuzzing test case #133 (270 total, 10 uniq crashes found)...[0m
[1;94m[*] [0mFuzzing test case #135 (270 total, 10 uniq crashes found)...[0m
[1;94m[*] [0mFuzzing test case #136 (270 total, 10 uniq crashes found)...[0m
[1;94m[*] [0mFuzzing test case #139 (270 total, 10 uniq crashes found)...[0m
[1;94m[*] [0mFuzzing test case #140 (270 total, 10 uniq crashes found)...[0m
[1;94m[*] [0mFuzzing test case #142 (270 total, 10 uniq crashes found)...[0m
[1;94m[*] [0mFuzzing test case #143 (270 total, 10 uniq crashes found)...[0m
[1;94m[*] [0mFuzzing test case #144 (270 total, 10 uniq crashes found)...[0m
[1;94m[*] [0mFuzzing test case #147 (270 total, 10 uniq crashes found)...[0m
[1;94m[*] [0mFuzzing test case #154 (270 total, 10 uniq crashes found)...[0m
[1;94m[*] [0mFuzzing test case #156 (270 total, 10 uniq crashes found)...[0m
[1;94m[*] [0mFuzzing test case #160 (272 total, 10 uniq crashes found)...[0m
[1;94m[*] [0mFuzzing test case #161 (272 total, 11 uniq crashes found)...[0m
[1;94m[*] [0mFuzzing test case #163 (272 total, 11 uniq crashes found)...[0m
[1;94m[*] [0mFuzzing test case #164 (272 total, 11 uniq crashes found)...[0m
[1;94m[*] [0mFuzzing test case #166 (272 total, 11 uniq crashes found)...[0m
[1;94m[*] [0mFuzzing test case #167 (272 total, 11 uniq crashes found)...[0m
[1;94m[*] [0mFuzzing test case #169 (272 total, 11 uniq crashes found)...[0m
[1;94m[*] [0mFuzzing test case #172 (274 total, 11 uniq crashes found)...[0m
[1;94m[*] [0mFuzzing test case #174 (274 total, 11 uniq crashes found)...[0m
[1;94m[*] [0mFuzzing test case #176 (274 total, 11 uniq crashes found)...[0m
[1;94m[*] [0mFuzzing test case #177 (274 total, 11 uniq crashes found)...[0m
[1;94m[*] [0mFuzzing test case #182 (274 total, 11 uniq crashes found)...[0m
[1;94m[*] [0mFuzzing test case #185 (274 total, 11 uniq crashes found)...[0m
[1;94m[*] [0mFuzzing test case #186 (274 total, 11 uniq crashes found)...[0m
[1;94m[*] [0mFuzzing test case #190 (274 total, 11 uniq crashes found)...[0m
[1;94m[*] [0mFuzzing test case #192 (274 total, 11 uniq crashes found)...[0m
[1;94m[*] [0mFuzzing test case #193 (274 total, 11 uniq crashes found)...[0m
[1;94m[*] [0mFuzzing test case #195 (274 total, 11 uniq crashes found)...[0m
[1;94m[*] [0mFuzzing test case #196 (274 total, 11 uniq crashes found)...[0m
[1;94m[*] [0mFuzzing test case #197 (274 total, 12 uniq crashes found)...[0m
[1;94m[*] [0mFuzzing test case #199 (274 total, 12 uniq crashes found)...[0m
[1;94m[*] [0mFuzzing test case #200 (274 total, 12 uniq crashes found)...[0m
[1;94m[*] [0mFuzzing test case #201 (274 total, 12 uniq crashes found)...[0m
[1;94m[*] [0mFuzzing test case #202 (274 total, 13 uniq crashes found)...[0m
[1;94m[*] [0mFuzzing test case #206 (274 total, 13 uniq crashes found)...[0m
[1;94m[*] [0mFuzzing test case #208 (274 total, 13 uniq crashes found)...[0m
[1;94m[*] [0mFuzzing test case #212 (274 total, 13 uniq crashes found)...[0m
[1;94m[*] [0mFuzzing test case #214 (274 total, 14 uniq crashes found)...[0m
[1;94m[*] [0mFuzzing test case #216 (274 total, 14 uniq crashes found)...[0m
[1;94m[*] [0mFuzzing test case #220 (274 total, 14 uniq crashes found)...[0m
[1;94m[*] [0mFuzzing test case #221 (274 total, 14 uniq crashes found)...[0m
[1;94m[*] [0mFuzzing test case #223 (274 total, 14 uniq crashes found)...[0m
[1;94m[*] [0mFuzzing test case #225 (274 total, 14 uniq crashes found)...[0m
[1;94m[*] [0mFuzzing test case #228 (274 total, 14 uniq crashes found)...[0m
[1;94m[*] [0mFuzzing test case #230 (274 total, 14 uniq crashes found)...[0m
[1;94m[*] [0mFuzzing test case #234 (274 total, 14 uniq crashes found)...[0m
[1;94m[*] [0mFuzzing test case #235 (274 total, 14 uniq crashes found)...[0m
[1;94m[*] [0mFuzzing test case #236 (274 total, 14 uniq crashes found)...[0m
[1;94m[*] [0mFuzzing test case #237 (274 total, 14 uniq crashes found)...[0m
[1;94m[*] [0mFuzzing test case #239 (274 total, 14 uniq crashes found)...[0m
[1;94m[*] [0mFuzzing test case #243 (274 total, 14 uniq crashes found)...[0m
[1;94m[*] [0mFuzzing test case #245 (274 total, 14 uniq crashes found)...[0m
[1;94m[*] [0mFuzzing test case #248 (274 total, 14 uniq crashes found)...[0m
[1;94m[*] [0mFuzzing test case #255 (274 total, 14 uniq crashes found)...[0m
[1;94m[*] [0mFuzzing test case #257 (274 total, 14 uniq crashes found)...[0m
[1;94m[*] [0mFuzzing test case #258 (274 total, 14 uniq crashes found)...[0m
[1;94m[*] [0mFuzzing test case #259 (274 total, 14 uniq crashes found)...[0m
[1;94m[*] [0mFuzzing test case #262 (274 total, 14 uniq crashes found)...[0m
[1;94m[*] [0mFuzzing test case #264 (274 total, 14 uniq crashes found)...[0m
[1;94m[*] [0mFuzzing test case #268 (274 total, 14 uniq crashes found)...[0m
[1;94m[*] [0mFuzzing test case #269 (275 total, 14 uniq crashes found)...[0m
[1;94m[*] [0mFuzzing test case #270 (275 total, 14 uniq crashes found)...[0m
[1;94m[*] [0mFuzzing test case #273 (275 total, 14 uniq crashes found)...[0m
[1;94m[*] [0mEntering queue cycle 2.[0m
[1;94m[*] [0mFuzzing test case #15 (275 total, 14 uniq crashes found)...[0m
[1;94m[*] [0mFuzzing test case #16 (275 total, 14 uniq crashes found)...[0m
[1;94m[*] [0mFuzzing test case #18 (275 total, 14 uniq crashes found)...[0m
[1;94m[*] [0mFuzzing test case #22 (275 total, 14 uniq crashes found)...[0m
[1;94m[*] [0mFuzzing test case #24 (275 total, 14 uniq crashes found)...[0m
[1;94m[*] [0mFuzzing test case #34 (275 total, 14 uniq crashes found)...[0m
[1;94m[*] [0mFuzzing test case #40 (275 total, 14 uniq crashes found)...[0m
[1;94m[*] [0mFuzzing test case #43 (275 total, 14 uniq crashes found)...[0m
[1;94m[*] [0mFuzzing test case #46 (275 total, 14 uniq crashes found)...[0m
[1;94m[*] [0mFuzzing test case #47 (275 total, 14 uniq crashes found)...[0m
[1;94m[*] [0mFuzzing test case #49 (275 total, 15 uniq crashes found)...[0m
[1;94m[*] [0mFuzzing test case #55 (275 total, 15 uniq crashes found)...[0m
[1;94m[*] [0mFuzzing test case #56 (275 total, 15 uniq crashes found)...[0m
[1;94m[*] [0mFuzzing test case #63 (275 total, 15 uniq crashes found)...[0m
[1;94m[*] [0mFuzzing test case #66 (275 total, 15 uniq crashes found)...[0m
[1;94m[*] [0mFuzzing test case #67 (275 total, 15 uniq crashes found)...[0m
[1;94m[*] [0mFuzzing test case #68 (275 total, 15 uniq crashes found)...[0m
[1;94m[*] [0mFuzzing test case #71 (275 total, 15 uniq crashes found)...[0m
[1;94m[*] [0mFuzzing test case #72 (275 total, 15 uniq crashes found)...[0m
[1;94m[*] [0mFuzzing test case #75 (275 total, 15 uniq crashes found)...[0m
[1;94m[*] [0mFuzzing test case #76 (275 total, 15 uniq crashes found)...[0m
[1;94m[*] [0mFuzzing test case #79 (275 total, 15 uniq crashes found)...[0m
[1;94m[*] [0mFuzzing test case #80 (275 total, 15 uniq crashes found)...[0m
[1;94m[*] [0mFuzzing test case #85 (275 total, 15 uniq crashes found)...[0m
[1;94m[*] [0mFuzzing test case #87 (275 total, 15 uniq crashes found)...[0m
[1;94m[*] [0mFuzzing test case #92 (275 total, 15 uniq crashes found)...[0m
[1;94m[*] [0mFuzzing test case #94 (275 total, 15 uniq crashes found)...[0m
[1;94m[*] [0mFuzzing test case #95 (275 total, 15 uniq crashes found)...[0m
[1;94m[*] [0mFuzzing test case #96 (275 total, 15 uniq crashes found)...[0m
[1;94m[*] [0mFuzzing test case #97 (275 total, 15 uniq crashes found)...[0m
[1;94m[*] [0mFuzzing test case #102 (275 total, 15 uniq crashes found)...[0m
[1;94m[*] [0mFuzzing test case #103 (275 total, 15 uniq crashes found)...[0m
[1;94m[*] [0mFuzzing test case #104 (275 total, 15 uniq crashes found)...[0m
[1;94m[*] [0mFuzzing test case #109 (275 total, 15 uniq crashes found)...[0m
[1;94m[*] [0mFuzzing test case #111 (275 total, 15 uniq crashes found)...[0m
[1;94m[*] [0mFuzzing test case #112 (275 total, 15 uniq crashes found)...[0m
[1;94m[*] [0mFuzzing test case #113 (275 total, 15 uniq crashes found)...[0m
[1;94m[*] [0mFuzzing test case #118 (275 total, 15 uniq crashes found)...[0m
[1;94m[*] [0mFuzzing test case #119 (275 total, 15 uniq crashes found)...[0m
[1;94m[*] [0mFuzzing test case #121 (275 total, 15 uniq crashes found)...[0m
[1;94m[*] [0mFuzzing test case #122 (275 total, 15 uniq crashes found)...[0m
[1;94m[*] [0mFuzzing test case #123 (275 total, 15 uniq crashes found)...[0m
[1;94m[*] [0mFuzzing test case #126 (275 total, 15 uniq crashes found)...[0m
[1;94m[*] [0mFuzzing test case #127 (275 total, 15 uniq crashes found)...[0m
[1;94m[*] [0mFuzzing test case #130 (275 total, 15 uniq crashes found)...[0m
[1;94m[*] [0mFuzzing test case #133 (275 total, 15 uniq crashes found)...[0m
[1;94m[*] [0mFuzzing test case #135 (275 total, 15 uniq crashes found)...[0m
[1;94m[*] [0mFuzzing test case #136 (275 total, 15 uniq crashes found)...[0m
[1;94m[*] [0mFuzzing test case #139 (275 total, 15 uniq crashes found)...[0m
[1;94m[*] [0mFuzzing test case #140 (275 total, 15 uniq crashes found)...[0m
[1;94m[*] [0mFuzzing test case #142 (275 total, 15 uniq crashes found)...[0m
[1;94m[*] [0mFuzzing test case #144 (275 total, 15 uniq crashes found)...[0m
[1;94m[*] [0mFuzzing test case #147 (275 total, 15 uniq crashes found)...[0m
[1;94m[*] [0mFuzzing test case #148 (275 total, 15 uniq crashes found)...[0m
[1;94m[*] [0mFuzzing test case #152 (275 total, 15 uniq crashes found)...[0m
[1;94m[*] [0mFuzzing test case #154 (275 total, 15 uniq crashes found)...[0m
[1;94m[*] [0mFuzzing test case #156 (275 total, 15 uniq crashes found)...[0m
[1;94m[*] [0mFuzzing test case #160 (275 total, 15 uniq crashes found)...[0m
[1;94m[*] [0mFuzzing test case #161 (275 total, 15 uniq crashes found)...[0m
[1;94m[*] [0mFuzzing test case #162 (275 total, 15 uniq crashes found)...[0m
[1;94m[*] [0mFuzzing test case #163 (275 total, 15 uniq crashes found)...[0m
[1;94m[*] [0mFuzzing test case #164 (275 total, 15 uniq crashes found)...[0m
[1;94m[*] [0mFuzzing test case #165 (275 total, 15 uniq crashes found)...[0m
[1;94m[*] [0mFuzzing test case #169 (275 total, 16 uniq crashes found)...[0m
[1;94m[*] [0mFuzzing test case #172 (275 total, 16 uniq crashes found)...[0m
[1;94m[*] [0mFuzzing test case #174 (275 total, 16 uniq crashes found)...[0m
[1;94m[*] [0mFuzzing test case #176 (275 total, 16 uniq crashes found)...[0m
[1;94m[*] [0mFuzzing test case #177 (275 total, 16 uniq crashes found)...[0m
[1;94m[*] [0mFuzzing test case #182 (275 total, 16 uniq crashes found)...[0m
[1;94m[*] [0mFuzzing test case #183 (275 total, 16 uniq crashes found)...[0m
[1;94m[*] [0mFuzzing test case #185 (275 total, 16 uniq crashes found)...[0m
[1;94m[*] [0mFuzzing test case #186 (275 total, 16 uniq crashes found)...[0m
[1;94m[*] [0mFuzzing test case #190 (275 total, 16 uniq crashes found)...[0m
[1;94m[*] [0mFuzzing test case #192 (276 total, 16 uniq crashes found)...[0m
[1;94m[*] [0mFuzzing test case #193 (276 total, 16 uniq crashes found)...[0m
[1;94m[*] [0mFuzzing test case #195 (276 total, 16 uniq crashes found)...[0m
[1;94m[*] [0mFuzzing test case #196 (276 total, 16 uniq crashes found)...[0m
[1;94m[*] [0mFuzzing test case #197 (276 total, 16 uniq crashes found)...[0m
[1;94m[*] [0mFuzzing test case #199 (276 total, 16 uniq crashes found)...[0m
[1;94m[*] [0mFuzzing test case #200 (276 total, 16 uniq crashes found)...[0m
[1;94m[*] [0mFuzzing test case #201 (276 total, 16 uniq crashes found)...[0m
[1;94m[*] [0mFuzzing test case #202 (276 total, 16 uniq crashes found)...[0m
[1;94m[*] [0mFuzzing test case #203 (276 total, 16 uniq crashes found)...[0m
[1;94m[*] [0mFuzzing test case #206 (276 total, 16 uniq crashes found)...[0m
[1;94m[*] [0mFuzzing test case #208 (276 total, 16 uniq crashes found)...[0m
[1;94m[*] [0mFuzzing test case #209 (276 total, 16 uniq crashes found)...[0m
[1;94m[*] [0mFuzzing test case #212 (276 total, 16 uniq crashes found)...[0m
[1;94m[*] [0mFuzzing test case #213 (276 total, 16 uniq crashes found)...[0m
[1;94m[*] [0mFuzzing test case #214 (276 total, 16 uniq crashes found)...[0m
[1;94m[*] [0mFuzzing test case #216 (276 total, 16 uniq crashes found)...[0m
[1;94m[*] [0mFuzzing test case #220 (276 total, 16 uniq crashes found)...[0m
[1;94m[*] [0mFuzzing test case #221 (276 total, 16 uniq crashes found)...[0m
[1;94m[*] [0mFuzzing test case #222 (276 total, 16 uniq crashes found)...[0m
[1;94m[*] [0mFuzzing test case #223 (276 total, 16 uniq crashes found)...[0m
[1;94m[*] [0mFuzzing test case #225 (276 total, 16 uniq crashes found)...[0m
[1;94m[*] [0mFuzzing test case #228 (276 total, 16 uniq crashes found)...[0m
[1;94m[*] [0mFuzzing test case #229 (276 total, 16 uniq crashes found)...[0m
[1;94m[*] [0mFuzzing test case #230 (276 total, 16 uniq crashes found)...[0m
[1;94m[*] [0mFuzzing test case #233 (276 total, 17 uniq crashes found)...[0m
[1;94m[*] [0mFuzzing test case #234 (276 total, 17 uniq crashes found)...[0m
[1;94m[*] [0mFuzzing test case #235 (276 total, 17 uniq crashes found)...[0m
[1;94m[*] [0mFuzzing test case #236 (276 total, 17 uniq crashes found)...[0m
[1;94m[*] [0mFuzzing test case #237 (276 total, 17 uniq crashes found)...[0m
[1;94m[*] [0mFuzzing test case #239 (276 total, 17 uniq crashes found)...[0m
[1;94m[*] [0mFuzzing test case #243 (276 total, 17 uniq crashes found)...[0m
[1;94m[*] [0mFuzzing test case #245 (276 total, 17 uniq crashes found)...[0m
[1;94m[*] [0mFuzzing test case #246 (276 total, 17 uniq crashes found)...[0m
[1;94m[*] [0mFuzzing test case #248 (276 total, 17 uniq crashes found)...[0m
[1;94m[*] [0mFuzzing test case #251 (276 total, 17 uniq crashes found)...[0m
[1;94m[*] [0mFuzzing test case #254 (276 total, 17 uniq crashes found)...[0m
[1;94m[*] [0mFuzzing test case #255 (276 total, 17 uniq crashes found)...[0m
[1;94m[*] [0mFuzzing test case #257 (276 total, 17 uniq crashes found)...[0m
[1;94m[*] [0mFuzzing test case #258 (276 total, 17 uniq crashes found)...[0m
[1;94m[*] [0mFuzzing test case #262 (276 total, 17 uniq crashes found)...[0m
[1;94m[*] [0mFuzzing test case #264 (276 total, 17 uniq crashes found)...[0m
[1;94m[*] [0mFuzzing test case #269 (276 total, 17 uniq crashes found)...[0m
[1;94m[*] [0mFuzzing test case #270 (276 total, 17 uniq crashes found)...[0m
[1;94m[*] [0mFuzzing test case #272 (276 total, 17 uniq crashes found)...[0m
[1;94m[*] [0mFuzzing test case #273 (276 total, 17 uniq crashes found)...[0m
[1;94m[*] [0mEntering queue cycle 3.[0m
[1;94m[*] [0mFuzzing test case #2 (276 total, 17 uniq crashes found)...[0m
[1;94m[*] [0mFuzzing test case #7 (276 total, 17 uniq crashes found)...[0m
[1;94m[*] [0mFuzzing test case #16 (276 total, 17 uniq crashes found)...[0m
[1;94m[*] [0mFuzzing test case #19 (276 total, 17 uniq crashes found)...[0m
[1;94m[*] [0mFuzzing test case #21 (276 total, 17 uniq crashes found)...[0m
[1;94m[*] [0mFuzzing test case #26 (276 total, 17 uniq crashes found)...[0m
[1;94m[*] [0mFuzzing test case #29 (276 total, 17 uniq crashes found)...[0m
[1;94m[*] [0mFuzzing test case #32 (276 total, 17 uniq crashes found)...[0m
[1;94m[*] [0mFuzzing test case #34 (276 total, 17 uniq crashes found)...[0m
[1;94m[*] [0mFuzzing test case #38 (276 total, 17 uniq crashes found)...[0m
[1;94m[*] [0mFuzzing test case #45 (276 total, 17 uniq crashes found)...[0m
[1;94m[*] [0mFuzzing test case #49 (276 total, 17 uniq crashes found)...[0m
[1;94m[*] [0mFuzzing test case #53 (276 total, 17 uniq crashes found)...[0m
[1;94m[*] [0mFuzzing test case #56 (277 total, 17 uniq crashes found)...[0m
[1;94m[*] [0mFuzzing test case #59 (277 total, 17 uniq crashes found)...[0m
[1;94m[*] [0mFuzzing test case #62 (277 total, 17 uniq crashes found)...[0m
[1;94m[*] [0mFuzzing test case #66 (277 total, 17 uniq crashes found)...[0m
[1;94m[*] [0mFuzzing test case #71 (277 total, 17 uniq crashes found)...[0m
[1;94m[*] [0mFuzzing test case #72 (277 total, 17 uniq crashes found)...[0m
[1;94m[*] [0mFuzzing test case #73 (277 total, 17 uniq crashes found)...[0m
[1;94m[*] [0mFuzzing test case #74 (277 total, 17 uniq crashes found)...[0m
[1;94m[*] [0mFuzzing test case #75 (277 total, 17 uniq crashes found)...[0m
[1;94m[*] [0mFuzzing test case #76 (277 total, 17 uniq crashes found)...[0m
[1;94m[*] [0mFuzzing test case #80 (277 total, 17 uniq crashes found)...[0m
[1;94m[*] [0mFuzzing test case #81 (277 total, 17 uniq crashes found)...[0m
[1;94m[*] [0mFuzzing test case #87 (277 total, 17 uniq crashes found)...[0m
[1;94m[*] [0mFuzzing test case #89 (277 total, 17 uniq crashes found)...[0m
[1;94m[*] [0mFuzzing test case #90 (277 total, 17 uniq crashes found)...[0m
[1;94m[*] [0mFuzzing test case #92 (277 total, 17 uniq crashes found)...[0m
[1;94m[*] [0mFuzzing test case #93 (277 total, 17 uniq crashes found)...[0m
[1;94m[*] [0mFuzzing test case #95 (277 total, 17 uniq crashes found)...[0m
[1;94m[*] [0mFuzzing test case #96 (277 total, 17 uniq crashes found)...[0m
[1;94m[*] [0mFuzzing test case #97 (277 total, 17 uniq crashes found)...[0m
[1;94m[*] [0mFuzzing test case #102 (277 total, 17 uniq crashes found)...[0m
[1;94m[*] [0mFuzzing test case #109 (277 total, 17 uniq crashes found)...[0m
[1;94m[*] [0mFuzzing test case #111 (277 total, 17 uniq crashes found)...[0m
[1;94m[*] [0mFuzzing test case #116 (277 total, 17 uniq crashes found)...[0m
[1;94m[*] [0mFuzzing test case #117 (277 total, 17 uniq crashes found)...[0m
[1;94m[*] [0mFuzzing test case #119 (277 total, 17 uniq crashes found)...[0m
[1;94m[*] [0mFuzzing test case #121 (277 total, 17 uniq crashes found)...[0m
[1;94m[*] [0mFuzzing test case #123 (277 total, 17 uniq crashes found)...[0m
[1;94m[*] [0mFuzzing test case #126 (277 total, 17 uniq crashes found)...[0m
[1;94m[*] [0mFuzzing test case #129 (277 total, 17 uniq crashes found)...[0m
[1;94m[*] [0mFuzzing test case #130 (277 total, 17 uniq crashes found)...[0m
[1;94m[*] [0mFuzzing test case #133 (277 total, 17 uniq crashes found)...[0m
[1;94m[*] [0mFuzzing test case #135 (277 total, 17 uniq crashes found)...[0m
[1;94m[*] [0mFuzzing test case #136 (277 total, 17 uniq crashes found)...[0m
[1;94m[*] [0mFuzzing test case #139 (277 total, 17 uniq crashes found)...[0m
[1;94m[*] [0mFuzzing test case #140 (277 total, 17 uniq crashes found)...[0m
[1;94m[*] [0mFuzzing test case #142 (277 total, 17 uniq crashes found)...[0m
[1;94m[*] [0mFuzzing test case #144 (277 total, 17 uniq crashes found)...[0m
[1;94m[*] [0mFuzzing test case #145 (277 total, 17 uniq crashes found)...[0m
[1;94m[*] [0mFuzzing test case #147 (277 total, 17 uniq crashes found)...[0m
[1;94m[*] [0mFuzzing test case #151 (277 total, 17 uniq crashes found)...[0m
[1;94m[*] [0mFuzzing test case #154 (277 total, 17 uniq crashes found)...[0m
[1;94m[*] [0mFuzzing test case #156 (277 total, 17 uniq crashes found)...[0m
[1;94m[*] [0mFuzzing test case #160 (277 total, 17 uniq crashes found)...[0m
[1;94m[*] [0mFuzzing test case #161 (277 total, 17 uniq crashes found)...[0m
[1;94m[*] [0mFuzzing test case #163 (277 total, 17 uniq crashes found)...[0m
[1;94m[*] [0mFuzzing test case #164 (277 total, 17 uniq crashes found)...[0m
[1;94m[*] [0mFuzzing test case #167 (277 total, 17 uniq crashes found)...[0m
[1;94m[*] [0mFuzzing test case #169 (277 total, 17 uniq crashes found)...[0m
[1;94m[*] [0mFuzzing test case #171 (277 total, 17 uniq crashes found)...[0m
[1;94m[*] [0mFuzzing test case #172 (277 total, 17 uniq crashes found)...[0m
[1;94m[*] [0mFuzzing test case #173 (277 total, 17 uniq crashes found)...[0m
[1;94m[*] [0mFuzzing test case #174 (277 total, 17 uniq crashes found)...[0m
[1;94m[*] [0mFuzzing test case #175 (277 total, 17 uniq crashes found)...[0m
[1;94m[*] [0mFuzzing test case #176 (277 total, 17 uniq crashes found)...[0m
[1;94m[*] [0mFuzzing test case #177 (277 total, 17 uniq crashes found)...[0m
[1;94m[*] [0mFuzzing test case #178 (277 total, 17 uniq crashes found)...[0m
[1;94m[*] [0mFuzzing test case #182 (277 total, 17 uniq crashes found)...[0m
[1;94m[*] [0mFuzzing test case #184 (277 total, 17 uniq crashes found)...[0m
[1;94m[*] [0mFuzzing test case #185 (277 total, 18 uniq crashes found)...[0m
[1;94m[*] [0mFuzzing test case #186 (277 total, 18 uniq crashes found)...[0m
[1;94m[*] [0mFuzzing test case #190 (277 total, 18 uniq crashes found)...[0m
[1;94m[*] [0mFuzzing test case #192 (277 total, 18 uniq crashes found)...[0m
[1;94m[*] [0mFuzzing test case #193 (277 total, 18 uniq crashes found)...[0m
[1;94m[*] [0mFuzzing test case #195 (277 total, 18 uniq crashes found)...[0m
[1;94m[*] [0mFuzzing test case #196 (277 total, 18 uniq crashes found)...[0m
[1;94m[*] [0mFuzzing test case #197 (277 total, 18 uniq crashes found)...[0m
[1;94m[*] [0mFuzzing test case #200 (277 total, 18 uniq crashes found)...[0m
[1;94m[*] [0mFuzzing test case #201 (277 total, 18 uniq crashes found)...[0m
[1;94m[*] [0mFuzzing test case #202 (277 total, 18 uniq crashes found)...[0m
[1;94m[*] [0mFuzzing test case #206 (277 total, 18 uniq crashes found)...[0m
[1;94m[*] [0mFuzzing test case #207 (277 total, 18 uniq crashes found)...[0m
[1;94m[*] [0mFuzzing test case #208 (277 total, 18 uniq crashes found)...[0m
[1;94m[*] [0mFuzzing test case #212 (277 total, 18 uniq crashes found)...[0m
[1;94m[*] [0mFuzzing test case #214 (277 total, 18 uniq crashes found)...[0m
[1;94m[*] [0mFuzzing test case #216 (277 total, 18 uniq crashes found)...[0m
[1;94m[*] [0mFuzzing test case #218 (277 total, 18 uniq crashes found)...[0m
[1;94m[*] [0mFuzzing test case #219 (277 total, 18 uniq crashes found)...[0m
[1;94m[*] [0mFuzzing test case #220 (277 total, 18 uniq crashes found)...[0m
[1;94m[*] [0mFuzzing test case #221 (277 total, 18 uniq crashes found)...[0m
[1;94m[*] [0mFuzzing test case #222 (277 total, 18 uniq crashes found)...[0m
[1;94m[*] [0mFuzzing test case #223 (277 total, 18 uniq crashes found)...[0m
[1;94m[*] [0mFuzzing test case #225 (277 total, 18 uniq crashes found)...[0m
[1;94m[*] [0mFuzzing test case #226 (277 total, 18 uniq crashes found)...[0m
[1;94m[*] [0mFuzzing test case #228 (277 total, 18 uniq crashes found)...[0m
[1;94m[*] [0mFuzzing test case #230 (277 total, 18 uniq crashes found)...[0m
[1;94m[*] [0mFuzzing test case #232 (277 total, 18 uniq crashes found)...[0m
[1;94m[*] [0mFuzzing test case #234 (277 total, 18 uniq crashes found)...[0m
[1;94m[*] [0mFuzzing test case #235 (277 total, 18 uniq crashes found)...[0m
[1;94m[*] [0mFuzzing test case #236 (277 total, 18 uniq crashes found)...[0m
[1;94m[*] [0mFuzzing test case #237 (277 total, 18 uniq crashes found)...[0m
[1;94m[*] [0mFuzzing test case #239 (277 total, 18 uniq crashes found)...[0m
[1;94m[*] [0mFuzzing test case #243 (277 total, 18 uniq crashes found)...[0m
[1;94m[*] [0mFuzzing test case #245 (277 total, 18 uniq crashes found)...[0m
[1;94m[*] [0mFuzzing test case #248 (277 total, 18 uniq crashes found)...[0m
[1;94m[*] [0mFuzzing test case #251 (277 total, 18 uniq crashes found)...[0m
[1;94m[*] [0mFuzzing test case #253 (277 total, 18 uniq crashes found)...[0m
[1;94m[*] [0mFuzzing test case #254 (277 total, 18 uniq crashes found)...[0m
[1;94m[*] [0mFuzzing test case #255 (277 total, 18 uniq crashes found)...[0m
[1;94m[*] [0mFuzzing test case #257 (277 total, 18 uniq crashes found)...[0m
[1;94m[*] [0mFuzzing test case #258 (277 total, 18 uniq crashes found)...[0m
[1;94m[*] [0mFuzzing test case #262 (277 total, 18 uniq crashes found)...[0m
[1;94m[*] [0mFuzzing test case #264 (277 total, 18 uniq crashes found)...[0m
[1;94m[*] [0mFuzzing test case #266 (277 total, 18 uniq crashes found)...[0m
[1;94m[*] [0mFuzzing test case #267 (277 total, 18 uniq crashes found)...[0m
[1;94m[*] [0mFuzzing test case #269 (277 total, 18 uniq crashes found)...[0m
[1;94m[*] [0mFuzzing test case #270 (277 total, 18 uniq crashes found)...[0m
[1;94m[*] [0mFuzzing test case #273 (277 total, 18 uniq crashes found)...[0m
[1;94m[*] [0mFuzzing test case #275 (277 total, 18 uniq crashes found)...[0m
[1;94m[*] [0mEntering queue cycle 4.[0m
[1;94m[*] [0mFuzzing test case #10 (277 total, 18 uniq crashes found)...[0m
[1;94m[*] [0mFuzzing test case #20 (277 total, 18 uniq crashes found)...[0m
[1;94m[*] [0mFuzzing test case #31 (277 total, 18 uniq crashes found)...[0m
[1;94m[*] [0mFuzzing test case #34 (277 total, 18 uniq crashes found)...[0m
[1;94m[*] [0mFuzzing test case #36 (277 total, 18 uniq crashes found)...[0m
[1;94m[*] [0mFuzzing test case #42 (277 total, 18 uniq crashes found)...[0m
[1;94m[*] [0mFuzzing test case #49 (277 total, 18 uniq crashes found)...[0m
[1;94m[*] [0mFuzzing test case #54 (277 total, 18 uniq crashes found)...[0m
[1;94m[*] [0mFuzzing test case #56 (277 total, 18 uniq crashes found)...[0m
[1;94m[*] [0mFuzzing test case #60 (277 total, 18 uniq crashes found)...[0m
[1;94m[*] [0mFuzzing test case #66 (277 total, 18 uniq crashes found)...[0m
[1;94m[*] [0mFuzzing test case #71 (277 total, 18 uniq crashes found)...[0m
[1;94m[*] [0mFuzzing test case #72 (277 total, 18 uniq crashes found)...[0m
[1;94m[*] [0mFuzzing test case #75 (277 total, 18 uniq crashes found)...[0m
[1;94m[*] [0mFuzzing test case #76 (277 total, 18 uniq crashes found)...[0m
[1;94m[*] [0mFuzzing test case #77 (277 total, 18 uniq crashes found)...[0m
[1;94m[*] [0mFuzzing test case #78 (277 total, 18 uniq crashes found)...[0m
[1;94m[*] [0mFuzzing test case #80 (277 total, 18 uniq crashes found)...[0m
[1;94m[*] [0mFuzzing test case #84 (277 total, 18 uniq crashes found)...[0m
[1;94m[*] [0mFuzzing test case #87 (277 total, 18 uniq crashes found)...[0m
[1;94m[*] [0mFuzzing test case #92 (277 total, 18 uniq crashes found)...[0m
[1;94m[*] [0mFuzzing test case #95 (277 total, 18 uniq crashes found)...[0m
[1;94m[*] [0mFuzzing test case #96 (277 total, 18 uniq crashes found)...[0m
[1;94m[*] [0mFuzzing test case #97 (277 total, 18 uniq crashes found)...[0m
[1;94m[*] [0mFuzzing test case #102 (277 total, 18 uniq crashes found)...[0m
[1;94m[*] [0mFuzzing test case #109 (277 total, 18 uniq crashes found)...[0m
[1;94m[*] [0mFuzzing test case #111 (277 total, 18 uniq crashes found)...[0m
[1;94m[*] [0mFuzzing test case #119 (277 total, 18 uniq crashes found)...[0m
[1;94m[*] [0mFuzzing test case #121 (277 total, 18 uniq crashes found)...[0m
[1;94m[*] [0mFuzzing test case #123 (277 total, 18 uniq crashes found)...[0m
[1;94m[*] [0mFuzzing test case #124 (277 total, 18 uniq crashes found)...[0m
[1;94m[*] [0mFuzzing test case #126 (277 total, 18 uniq crashes found)...[0m
[1;94m[*] [0mFuzzing test case #130 (277 total, 18 uniq crashes found)...[0m
[1;94m[*] [0mFuzzing test case #133 (277 total, 18 uniq crashes found)...[0m
[1;94m[*] [0mFuzzing test case #134 (277 total, 18 uniq crashes found)...[0m
[1;94m[*] [0mFuzzing test case #135 (277 total, 18 uniq crashes found)...[0m
[1;94m[*] [0mFuzzing test case #136 (277 total, 18 uniq crashes found)...[0m
[1;94m[*] [0mFuzzing test case #137 (277 total, 18 uniq crashes found)...[0m
[1;94m[*] [0mFuzzing test case #139 (277 total, 18 uniq crashes found)...[0m
[1;94m[*] [0mFuzzing test case #140 (277 total, 18 uniq crashes found)...[0m
[1;94m[*] [0mFuzzing test case #142 (277 total, 18 uniq crashes found)...[0m
[1;94m[*] [0mFuzzing test case #144 (277 total, 18 uniq crashes found)...[0m
[1;94m[*] [0mFuzzing test case #147 (277 total, 18 uniq crashes found)...[0m
[1;94m[*] [0mFuzzing test case #154 (277 total, 18 uniq crashes found)...[0m
[1;94m[*] [0mFuzzing test case #156 (277 total, 18 uniq crashes found)...[0m
[1;94m[*] [0mFuzzing test case #160 (277 total, 18 uniq crashes found)...[0m
[1;94m[*] [0mFuzzing test case #161 (277 total, 18 uniq crashes found)...[0m
[1;94m[*] [0mFuzzing test case #163 (277 total, 18 uniq crashes found)...[0m
[1;94m[*] [0mFuzzing test case #164 (277 total, 18 uniq crashes found)...[0m
[1;94m[*] [0mFuzzing test case #169 (277 total, 18 uniq crashes found)...[0m
[1;94m[*] [0mFuzzing test case #172 (277 total, 18 uniq crashes found)...[0m
[1;94m[*] [0mFuzzing test case #173 (277 total, 18 uniq crashes found)...[0m
[1;94m[*] [0mFuzzing test case #174 (277 total, 18 uniq crashes found)...[0m
[1;94m[*] [0mFuzzing test case #176 (277 total, 18 uniq crashes found)...[0m
[1;94m[*] [0mFuzzing test case #177 (277 total, 18 uniq crashes found)...[0m
[1;94m[*] [0mFuzzing test case #178 (277 total, 18 uniq crashes found)...[0m
[1;94m[*] [0mFuzzing test case #182 (277 total, 18 uniq crashes found)...[0m
[1;94m[*] [0mFuzzing test case #185 (277 total, 18 uniq crashes found)...[0m
[1;94m[*] [0mFuzzing test case #186 (277 total, 18 uniq crashes found)...[0m
[1;94m[*] [0mFuzzing test case #189 (277 total, 18 uniq crashes found)...[0m
[1;94m[*] [0mFuzzing test case #190 (277 total, 18 uniq crashes found)...[0m
[1;94m[*] [0mFuzzing test case #191 (277 total, 18 uniq crashes found)...[0m
[1;94m[*] [0mFuzzing test case #192 (277 total, 18 uniq crashes found)...[0m
[1;94m[*] [0mFuzzing test case #193 (277 total, 18 uniq crashes found)...[0m
[1;94m[*] [0mFuzzing test case #195 (277 total, 18 uniq crashes found)...[0m
[1;94m[*] [0mFuzzing test case #196 (277 total, 18 uniq crashes found)...[0m
[1;94m[*] [0mFuzzing test case #197 (277 total, 18 uniq crashes found)...[0m
[1;94m[*] [0mFuzzing test case #200 (277 total, 18 uniq crashes found)...[0m
[1;94m[*] [0mFuzzing test case #201 (277 total, 18 uniq crashes found)...[0m
[1;94m[*] [0mFuzzing test case #202 (277 total, 18 uniq crashes found)...[0m
[1;94m[*] [0mFuzzing test case #205 (277 total, 18 uniq crashes found)...[0m
[1;94m[*] [0mFuzzing test case #206 (277 total, 18 uniq crashes found)...[0m
[1;94m[*] [0mFuzzing test case #208 (277 total, 18 uniq crashes found)...[0m
[1;94m[*] [0mFuzzing test case #212 (277 total, 18 uniq crashes found)...[0m
[1;94m[*] [0mFuzzing test case #214 (277 total, 18 uniq crashes found)...[0m
[1;94m[*] [0mFuzzing test case #215 (277 total, 18 uniq crashes found)...[0m
[1;94m[*] [0mFuzzing test case #216 (277 total, 18 uniq crashes found)...[0m
[1;94m[*] [0mFuzzing test case #217 (277 total, 18 uniq crashes found)...[0m
[1;94m[*] [0mFuzzing test case #220 (277 total, 18 uniq crashes found)...[0m
[1;94m[*] [0mFuzzing test case #221 (277 total, 18 uniq crashes found)...[0m
[1;94m[*] [0mFuzzing test case #222 (277 total, 18 uniq crashes found)...[0m
[1;94m[*] [0mFuzzing test case #223 (277 total, 18 uniq crashes found)...[0m
[1;94m[*] [0mFuzzing test case #225 (277 total, 18 uniq crashes found)...[0m
[1;94m[*] [0mFuzzing test case #228 (277 total, 18 uniq crashes found)...[0m
[1;94m[*] [0mFuzzing test case #230 (277 total, 18 uniq crashes found)...[0m
[1;94m[*] [0mFuzzing test case #234 (277 total, 18 uniq crashes found)...[0m
[1;94m[*] [0mFuzzing test case #235 (277 total, 18 uniq crashes found)...[0m
[1;94m[*] [0mFuzzing test case #236 (277 total, 18 uniq crashes found)...[0m
[1;94m[*] [0mFuzzing test case #237 (277 total, 18 uniq crashes found)...[0m
[1;94m[*] [0mFuzzing test case #239 (277 total, 18 uniq crashes found)...[0m
[1;94m[*] [0mFuzzing test case #242 (277 total, 18 uniq crashes found)...[0m
[1;94m[*] [0mFuzzing test case #243 (277 total, 18 uniq crashes found)...[0m
[1;94m[*] [0mFuzzing test case #245 (277 total, 18 uniq crashes found)...[0m
[1;94m[*] [0mFuzzing test case #247 (277 total, 18 uniq crashes found)...[0m
[1;94m[*] [0mFuzzing test case #248 (277 total, 18 uniq crashes found)...[0m
[1;94m[*] [0mFuzzing test case #251 (277 total, 18 uniq crashes found)...[0m
[1;94m[*] [0mFuzzing test case #254 (277 total, 18 uniq crashes found)...[0m
[1;94m[*] [0mFuzzing test case #255 (277 total, 18 uniq crashes found)...[0m
[1;94m[*] [0mFuzzing test case #256 (277 total, 18 uniq crashes found)...[0m
[1;94m[*] [0mFuzzing test case #257 (277 total, 18 uniq crashes found)...[0m
[1;94m[*] [0mFuzzing test case #258 (277 total, 18 uniq crashes found)...[0m
[1;94m[*] [0mFuzzing test case #259 (277 total, 18 uniq crashes found)...[0m
[1;94m[*] [0mFuzzing test case #260 (277 total, 18 uniq crashes found)...[0m
[1;94m[*] [0mFuzzing test case #261 (277 total, 18 uniq crashes found)...[0m
[1;94m[*] [0mFuzzing test case #262 (277 total, 18 uniq crashes found)...[0m
[1;94m[*] [0mFuzzing test case #263 (277 total, 18 uniq crashes found)...[0m
[1;94m[*] [0mFuzzing test case #264 (277 total, 18 uniq crashes found)...[0m
[1;94m[*] [0mFuzzing test case #269 (277 total, 18 uniq crashes found)...[0m
[1;94m[*] [0mFuzzing test case #270 (277 total, 18 uniq crashes found)...[0m
[1;94m[*] [0mFuzzing test case #271 (277 total, 18 uniq crashes found)...[0m
[1;94m[*] [0mFuzzing test case #273 (277 total, 18 uniq crashes found)...[0m
[1;94m[*] [0mEntering queue cycle 5.[0m
[1;94m[*] [0mFuzzing test case #2 (277 total, 18 uniq crashes found)...[0m
[1;94m[*] [0mFuzzing test case #4 (277 total, 18 uniq crashes found)...[0m
[1;94m[*] [0mFuzzing test case #7 (277 total, 18 uniq crashes found)...[0m
[1;94m[*] [0mFuzzing test case #11 (277 total, 18 uniq crashes found)...[0m
[1;94m[*] [0mFuzzing test case #13 (277 total, 18 uniq crashes found)...[0m
[1;94m[*] [0mFuzzing test case #14 (277 total, 18 uniq crashes found)...[0m
[1;94m[*] [0mFuzzing test case #27 (277 total, 18 uniq crashes found)...[0m
[1;94m[*] [0mFuzzing test case #28 (277 total, 18 uniq crashes found)...[0m
[1;94m[*] [0mFuzzing test case #34 (277 total, 18 uniq crashes found)...[0m
[1;94m[*] [0mFuzzing test case #39 (277 total, 18 uniq crashes found)...[0m
[1;94m[*] [0mFuzzing test case #41 (277 total, 18 uniq crashes found)...[0m
[1;94m[*] [0mFuzzing test case #49 (277 total, 18 uniq crashes found)...[0m
[1;94m[*] [0mFuzzing test case #56 (277 total, 18 uniq crashes found)...[0m
[1;94m[*] [0mFuzzing test case #66 (277 total, 18 uniq crashes found)...[0m
[1;94m[*] [0mFuzzing test case #69 (277 total, 18 uniq crashes found)...[0m
[1;94m[*] [0mFuzzing test case #71 (277 total, 18 uniq crashes found)...[0m
[1;94m[*] [0mFuzzing test case #72 (277 total, 18 uniq crashes found)...[0m
[1;94m[*] [0mFuzzing test case #73 (277 total, 18 uniq crashes found)...[0m
[1;94m[*] [0mFuzzing test case #75 (277 total, 18 uniq crashes found)...[0m
[1;94m[*] [0mFuzzing test case #76 (277 total, 18 uniq crashes found)...[0m
[1;94m[*] [0mFuzzing test case #80 (277 total, 18 uniq crashes found)...[0m
[1;94m[*] [0mFuzzing test case #87 (277 total, 18 uniq crashes found)...[0m
[1;94m[*] [0mFuzzing test case #90 (277 total, 18 uniq crashes found)...[0m
[1;94m[*] [0mFuzzing test case #92 (277 total, 18 uniq crashes found)...[0m
[1;94m[*] [0mFuzzing test case #95 (277 total, 18 uniq crashes found)...[0m
[1;94m[*] [0mFuzzing test case #96 (277 total, 18 uniq crashes found)...[0m
[1;94m[*] [0mFuzzing test case #97 (277 total, 18 uniq crashes found)...[0m
[1;94m[*] [0mFuzzing test case #98 (277 total, 18 uniq crashes found)...[0m
[1;94m[*] [0mFuzzing test case #102 (277 total, 18 uniq crashes found)...[0m
[1;94m[*] [0mFuzzing test case #106 (277 total, 18 uniq crashes found)...[0m
[1;94m[*] [0mFuzzing test case #109 (277 total, 18 uniq crashes found)...[0m
[1;94m[*] [0mFuzzing test case #111 (277 total, 18 uniq crashes found)...[0m
[1;94m[*] [0mFuzzing test case #113 (277 total, 18 uniq crashes found)...[0m
[1;94m[*] [0mFuzzing test case #119 (277 total, 18 uniq crashes found)...[0m
[1;94m[*] [0mFuzzing test case #121 (277 total, 18 uniq crashes found)...[0m
[1;94m[*] [0mFuzzing test case #123 (277 total, 18 uniq crashes found)...[0m
[1;94m[*] [0mFuzzing test case #126 (277 total, 18 uniq crashes found)...[0m
[1;94m[*] [0mFuzzing test case #127 (277 total, 18 uniq crashes found)...[0m
[1;94m[*] [0mFuzzing test case #130 (277 total, 18 uniq crashes found)...[0m
[1;94m[*] [0mFuzzing test case #131 (277 total, 18 uniq crashes found)...[0m
[?25h[1;91m

+++ Testing aborted by user +++
[0m[1;92m[+] [0mWe're done here. Have a nice day!
[0m
Child is executing...
afl-fuzz -i /tmp/QuickChick/161439/input -o /tmp/QuickChick/161439/output /tmp/QuickChick/161439/QuickChick3a7d62 @@
Parent is sleeping for 600 seconds...
cp /tmp/QuickChick/161439/output/fuzzer_stats output/161439