QuickChecking (testMutantX prop_SSNI_arbmedium exp_result_fuzz 3)
Extracted ML file: /tmp/QuickChick/133219/QuickChick951343.ml
Compile command: ocamlopt unix.cmxa /home/lemonidas/.opam/4.04.0+afl/lib/afl-persistent/afl-persistent.cmxa -unsafe-string -rectypes -w a -I /tmp/QuickChick/133219 -I /home/lemonidas/.opam/4.04.0+afl/lib/afl-persistent/ -I /home/lemonidas/.opam/4.04.0+afl/lib/coq/user-contrib/QuickChick /home/lemonidas/.opam/4.04.0+afl/lib/coq/user-contrib/QuickChick/quickChickLib.cmx /tmp/QuickChick/133219/QuickChick951343.ml -o /tmp/QuickChick/133219/QuickChick951343
/tmp/QuickChick/133219/input
[0;36mafl-fuzz [1;97m2.52b[0m by <lcamtuf@google.com>
[1;92m[+] [0mLooks like we're not running on a tty, so I'll be a bit less verbose.[0m
[1;92m[+] [0mYou have 8 CPU cores and 1 runnable tasks (utilization: 12%).[0m
[1;92m[+] [0mTry parallel jobs - see docs/parallel_fuzzing.txt.[0m
[1;94m[*] [0mChecking CPU core loadout...[0m
[1;92m[+] [0mFound a free CPU core, binding to #0.[0m
[1;94m[*] [0mChecking core_pattern...[0m
[1;94m[*] [0mChecking CPU scaling governor...[0m
[1;94m[*] [0mSetting up output directories...[0m
[1;94m[*] [0mScanning '/tmp/QuickChick/133219/input'...[0m
[1;92m[+] [0mNo auto-generated dictionary tokens to reuse.[0m
[1;94m[*] [0mCreating hard links for all input files...[0m
[1;94m[*] [0mValidating target binary...[0m
[1;94m[*] [0mAttempting dry run with 'id:000000,orig:seed1'...[0m
[1;94m[*] [0mSpinning up the fork server...[0m
[1;92m[+] [0mAll right - fork server is up.[0m
[1;90m    len = 11, map size = 385, exec speed = 312 us
[0m[1;94m[*] [0mAttempting dry run with 'id:000001,orig:seed2'...[0m
[1;90m    len = 11, map size = 397, exec speed = 285 us
[0m[1;94m[*] [0mAttempting dry run with 'id:000002,orig:seed3'...[0m
[1;90m    len = 11, map size = 377, exec speed = 283 us
[0m[1;92m[+] [0mAll test cases processed.[0m

[1;92m[+] [0mHere are some useful stats:

[1;90m    Test case count : [0m2 favored, 0 variable, 3 total
[1;90m       Bitmap range : [0m377 to 397 bits (average: 386.33 bits)
[1;90m        Exec timing : [0m283 to 312 us (average: 293 us)
[0m
[1;94m[*] [0mNo -t option specified, so I'll use exec timeout of 20 ms.[0m
[1;92m[+] [0mAll set and ready to roll![0m
[1;94m[*] [0mEntering queue cycle 1.[0m
[1;94m[*] [0mFuzzing test case #1 (3 total, 0 uniq crashes found)...[0m
[1;94m[*] [0mFuzzing test case #30 (230 total, 0 uniq crashes found)...[0m
[1;94m[*] [0mFuzzing test case #33 (230 total, 0 uniq crashes found)...[0m
[1;94m[*] [0mFuzzing test case #34 (231 total, 0 uniq crashes found)...[0m
[1;94m[*] [0mFuzzing test case #48 (254 total, 0 uniq crashes found)...[0m
[1;94m[*] [0mFuzzing test case #50 (269 total, 1 uniq crashes found)...[0m
[1;94m[*] [0mFuzzing test case #62 (270 total, 1 uniq crashes found)...[0m
[1;94m[*] [0mFuzzing test case #65 (270 total, 1 uniq crashes found)...[0m
[1;94m[*] [0mFuzzing test case #85 (270 total, 1 uniq crashes found)...[0m
[1;94m[*] [0mFuzzing test case #89 (270 total, 1 uniq crashes found)...[0m
[1;94m[*] [0mFuzzing test case #96 (270 total, 1 uniq crashes found)...[0m
[1;94m[*] [0mFuzzing test case #99 (270 total, 1 uniq crashes found)...[0m
[1;94m[*] [0mFuzzing test case #101 (272 total, 1 uniq crashes found)...[0m
[1;94m[*] [0mFuzzing test case #103 (274 total, 1 uniq crashes found)...[0m
[1;94m[*] [0mFuzzing test case #112 (274 total, 1 uniq crashes found)...[0m
[1;94m[*] [0mFuzzing test case #118 (274 total, 1 uniq crashes found)...[0m
[1;94m[*] [0mFuzzing test case #119 (274 total, 1 uniq crashes found)...[0m
[1;94m[*] [0mFuzzing test case #122 (275 total, 1 uniq crashes found)...[0m
[1;94m[*] [0mFuzzing test case #126 (275 total, 1 uniq crashes found)...[0m
[1;94m[*] [0mFuzzing test case #134 (275 total, 1 uniq crashes found)...[0m
[1;94m[*] [0mFuzzing test case #136 (275 total, 1 uniq crashes found)...[0m
[1;94m[*] [0mFuzzing test case #137 (275 total, 1 uniq crashes found)...[0m
[1;94m[*] [0mFuzzing test case #141 (275 total, 1 uniq crashes found)...[0m
[1;94m[*] [0mFuzzing test case #142 (275 total, 1 uniq crashes found)...[0m
[1;94m[*] [0mFuzzing test case #151 (275 total, 1 uniq crashes found)...[0m
[1;94m[*] [0mFuzzing test case #152 (277 total, 1 uniq crashes found)...[0m
[1;94m[*] [0mFuzzing test case #154 (277 total, 1 uniq crashes found)...[0m
[1;94m[*] [0mFuzzing test case #155 (277 total, 1 uniq crashes found)...[0m
[1;94m[*] [0mFuzzing test case #156 (277 total, 1 uniq crashes found)...[0m
[1;94m[*] [0mFuzzing test case #157 (277 total, 1 uniq crashes found)...[0m
[1;94m[*] [0mFuzzing test case #158 (277 total, 1 uniq crashes found)...[0m
[1;94m[*] [0mFuzzing test case #160 (277 total, 1 uniq crashes found)...[0m
[1;94m[*] [0mFuzzing test case #162 (277 total, 1 uniq crashes found)...[0m
[1;94m[*] [0mFuzzing test case #165 (277 total, 1 uniq crashes found)...[0m
[1;94m[*] [0mFuzzing test case #166 (277 total, 1 uniq crashes found)...[0m
[1;94m[*] [0mFuzzing test case #167 (277 total, 1 uniq crashes found)...[0m
[1;94m[*] [0mFuzzing test case #168 (277 total, 1 uniq crashes found)...[0m
[1;94m[*] [0mFuzzing test case #171 (280 total, 1 uniq crashes found)...[0m
[1;94m[*] [0mFuzzing test case #174 (280 total, 1 uniq crashes found)...[0m
[1;94m[*] [0mFuzzing test case #175 (280 total, 1 uniq crashes found)...[0m
[1;94m[*] [0mFuzzing test case #183 (280 total, 1 uniq crashes found)...[0m
[1;94m[*] [0mFuzzing test case #184 (280 total, 1 uniq crashes found)...[0m
[1;94m[*] [0mFuzzing test case #186 (280 total, 1 uniq crashes found)...[0m
[1;94m[*] [0mFuzzing test case #187 (280 total, 1 uniq crashes found)...[0m
[1;94m[*] [0mFuzzing test case #192 (280 total, 1 uniq crashes found)...[0m
[1;94m[*] [0mFuzzing test case #193 (280 total, 1 uniq crashes found)...[0m
[1;94m[*] [0mFuzzing test case #195 (280 total, 5 uniq crashes found)...[0m
[1;94m[*] [0mFuzzing test case #196 (280 total, 5 uniq crashes found)...[0m
[1;94m[*] [0mFuzzing test case #197 (280 total, 5 uniq crashes found)...[0m
[1;94m[*] [0mFuzzing test case #199 (280 total, 5 uniq crashes found)...[0m
[1;94m[*] [0mFuzzing test case #201 (280 total, 6 uniq crashes found)...[0m
[1;94m[*] [0mFuzzing test case #203 (280 total, 6 uniq crashes found)...[0m
[1;94m[*] [0mFuzzing test case #204 (280 total, 6 uniq crashes found)...[0m
[1;94m[*] [0mFuzzing test case #206 (280 total, 6 uniq crashes found)...[0m
[1;94m[*] [0mFuzzing test case #207 (280 total, 6 uniq crashes found)...[0m
[1;94m[*] [0mFuzzing test case #218 (280 total, 6 uniq crashes found)...[0m
[1;94m[*] [0mFuzzing test case #219 (280 total, 6 uniq crashes found)...[0m
[1;94m[*] [0mFuzzing test case #220 (280 total, 6 uniq crashes found)...[0m
[1;94m[*] [0mFuzzing test case #221 (280 total, 6 uniq crashes found)...[0m
[1;94m[*] [0mFuzzing test case #224 (280 total, 6 uniq crashes found)...[0m
[1;94m[*] [0mFuzzing test case #225 (280 total, 6 uniq crashes found)...[0m
[1;94m[*] [0mFuzzing test case #228 (280 total, 6 uniq crashes found)...[0m
[1;94m[*] [0mFuzzing test case #229 (280 total, 6 uniq crashes found)...[0m
[1;94m[*] [0mFuzzing test case #230 (280 total, 6 uniq crashes found)...[0m
[1;94m[*] [0mFuzzing test case #233 (280 total, 6 uniq crashes found)...[0m
[1;94m[*] [0mFuzzing test case #235 (280 total, 7 uniq crashes found)...[0m
[1;94m[*] [0mFuzzing test case #238 (280 total, 7 uniq crashes found)...[0m
[1;94m[*] [0mFuzzing test case #239 (280 total, 7 uniq crashes found)...[0m
[1;94m[*] [0mFuzzing test case #242 (280 total, 7 uniq crashes found)...[0m
[1;94m[*] [0mFuzzing test case #243 (280 total, 7 uniq crashes found)...[0m
[1;94m[*] [0mFuzzing test case #244 (280 total, 8 uniq crashes found)...[0m
[1;94m[*] [0mFuzzing test case #245 (280 total, 8 uniq crashes found)...[0m
[1;94m[*] [0mFuzzing test case #246 (280 total, 8 uniq crashes found)...[0m
[1;94m[*] [0mFuzzing test case #250 (280 total, 8 uniq crashes found)...[0m
[1;94m[*] [0mFuzzing test case #252 (280 total, 9 uniq crashes found)...[0m
[1;94m[*] [0mFuzzing test case #253 (280 total, 9 uniq crashes found)...[0m
[1;94m[*] [0mFuzzing test case #255 (280 total, 9 uniq crashes found)...[0m
[1;94m[*] [0mFuzzing test case #260 (280 total, 9 uniq crashes found)...[0m
[1;94m[*] [0mFuzzing test case #261 (280 total, 9 uniq crashes found)...[0m
[1;94m[*] [0mFuzzing test case #263 (280 total, 17 uniq crashes found)...[0m
[1;94m[*] [0mFuzzing test case #264 (280 total, 17 uniq crashes found)...[0m
[1;94m[*] [0mFuzzing test case #265 (280 total, 17 uniq crashes found)...[0m
[1;94m[*] [0mFuzzing test case #267 (280 total, 17 uniq crashes found)...[0m
[1;94m[*] [0mFuzzing test case #271 (280 total, 17 uniq crashes found)...[0m
[1;94m[*] [0mFuzzing test case #273 (280 total, 17 uniq crashes found)...[0m
[1;94m[*] [0mFuzzing test case #278 (280 total, 17 uniq crashes found)...[0m
[1;94m[*] [0mEntering queue cycle 2.[0m
[1;94m[*] [0mFuzzing test case #3 (280 total, 17 uniq crashes found)...[0m
[1;94m[*] [0mFuzzing test case #4 (280 total, 17 uniq crashes found)...[0m
[1;94m[*] [0mFuzzing test case #6 (280 total, 17 uniq crashes found)...[0m
[1;94m[*] [0mFuzzing test case #12 (280 total, 17 uniq crashes found)...[0m
[1;94m[*] [0mFuzzing test case #14 (280 total, 17 uniq crashes found)...[0m
[1;94m[*] [0mFuzzing test case #15 (280 total, 17 uniq crashes found)...[0m
[1;94m[*] [0mFuzzing test case #17 (280 total, 17 uniq crashes found)...[0m
[1;94m[*] [0mFuzzing test case #18 (280 total, 17 uniq crashes found)...[0m
[1;94m[*] [0mFuzzing test case #19 (280 total, 17 uniq crashes found)...[0m
[1;94m[*] [0mFuzzing test case #22 (280 total, 17 uniq crashes found)...[0m
[1;94m[*] [0mFuzzing test case #26 (280 total, 17 uniq crashes found)...[0m
[1;94m[*] [0mFuzzing test case #29 (280 total, 17 uniq crashes found)...[0m
[1;94m[*] [0mFuzzing test case #30 (280 total, 17 uniq crashes found)...[0m
[1;94m[*] [0mFuzzing test case #31 (280 total, 17 uniq crashes found)...[0m
[1;94m[*] [0mFuzzing test case #33 (280 total, 17 uniq crashes found)...[0m
[1;94m[*] [0mFuzzing test case #34 (280 total, 17 uniq crashes found)...[0m
[1;94m[*] [0mFuzzing test case #40 (280 total, 17 uniq crashes found)...[0m
[1;94m[*] [0mFuzzing test case #41 (280 total, 17 uniq crashes found)...[0m
[1;94m[*] [0mFuzzing test case #43 (280 total, 17 uniq crashes found)...[0m
[1;94m[*] [0mFuzzing test case #45 (280 total, 17 uniq crashes found)...[0m
[1;94m[*] [0mFuzzing test case #48 (280 total, 17 uniq crashes found)...[0m
[1;94m[*] [0mFuzzing test case #50 (280 total, 17 uniq crashes found)...[0m
[1;94m[*] [0mFuzzing test case #62 (280 total, 17 uniq crashes found)...[0m
[1;94m[*] [0mFuzzing test case #65 (280 total, 17 uniq crashes found)...[0m
[1;94m[*] [0mFuzzing test case #66 (280 total, 17 uniq crashes found)...[0m
[1;94m[*] [0mFuzzing test case #69 (280 total, 17 uniq crashes found)...[0m
[1;94m[*] [0mFuzzing test case #70 (280 total, 17 uniq crashes found)...[0m
[1;94m[*] [0mFuzzing test case #74 (280 total, 17 uniq crashes found)...[0m
[1;94m[*] [0mFuzzing test case #76 (280 total, 17 uniq crashes found)...[0m
[1;94m[*] [0mFuzzing test case #77 (280 total, 17 uniq crashes found)...[0m
[1;94m[*] [0mFuzzing test case #81 (280 total, 17 uniq crashes found)...[0m
[1;94m[*] [0mFuzzing test case #82 (280 total, 17 uniq crashes found)...[0m
[1;94m[*] [0mFuzzing test case #83 (280 total, 17 uniq crashes found)...[0m
[1;94m[*] [0mFuzzing test case #84 (280 total, 17 uniq crashes found)...[0m
[1;94m[*] [0mFuzzing test case #85 (280 total, 17 uniq crashes found)...[0m
[1;94m[*] [0mFuzzing test case #86 (280 total, 17 uniq crashes found)...[0m
[1;94m[*] [0mFuzzing test case #89 (280 total, 17 uniq crashes found)...[0m
[1;94m[*] [0mFuzzing test case #91 (280 total, 17 uniq crashes found)...[0m
[1;94m[*] [0mFuzzing test case #92 (280 total, 17 uniq crashes found)...[0m
[1;94m[*] [0mFuzzing test case #93 (280 total, 17 uniq crashes found)...[0m
[1;94m[*] [0mFuzzing test case #94 (280 total, 17 uniq crashes found)...[0m
[1;94m[*] [0mFuzzing test case #99 (280 total, 17 uniq crashes found)...[0m
[1;94m[*] [0mFuzzing test case #100 (280 total, 17 uniq crashes found)...[0m
[1;94m[*] [0mFuzzing test case #101 (280 total, 17 uniq crashes found)...[0m
[1;94m[*] [0mFuzzing test case #103 (280 total, 17 uniq crashes found)...[0m
[1;94m[*] [0mFuzzing test case #104 (280 total, 17 uniq crashes found)...[0m
[1;94m[*] [0mFuzzing test case #108 (280 total, 17 uniq crashes found)...[0m
[1;94m[*] [0mFuzzing test case #112 (280 total, 17 uniq crashes found)...[0m
[1;94m[*] [0mFuzzing test case #118 (280 total, 17 uniq crashes found)...[0m
[1;94m[*] [0mFuzzing test case #119 (280 total, 17 uniq crashes found)...[0m
[1;94m[*] [0mFuzzing test case #122 (280 total, 17 uniq crashes found)...[0m
[1;94m[*] [0mFuzzing test case #123 (280 total, 17 uniq crashes found)...[0m
[1;94m[*] [0mFuzzing test case #128 (280 total, 17 uniq crashes found)...[0m
[1;94m[*] [0mFuzzing test case #131 (280 total, 17 uniq crashes found)...[0m
[1;94m[*] [0mFuzzing test case #134 (280 total, 17 uniq crashes found)...[0m
[1;94m[*] [0mFuzzing test case #136 (280 total, 17 uniq crashes found)...[0m
[1;94m[*] [0mFuzzing test case #137 (280 total, 18 uniq crashes found)...[0m
[1;94m[*] [0mFuzzing test case #138 (280 total, 18 uniq crashes found)...[0m
[1;94m[*] [0mFuzzing test case #140 (280 total, 18 uniq crashes found)...[0m
[1;94m[*] [0mFuzzing test case #141 (280 total, 18 uniq crashes found)...[0m
[1;94m[*] [0mFuzzing test case #142 (280 total, 18 uniq crashes found)...[0m
[1;94m[*] [0mFuzzing test case #145 (280 total, 18 uniq crashes found)...[0m
[1;94m[*] [0mFuzzing test case #147 (280 total, 18 uniq crashes found)...[0m
[1;94m[*] [0mFuzzing test case #149 (280 total, 18 uniq crashes found)...[0m
[1;94m[*] [0mFuzzing test case #151 (280 total, 18 uniq crashes found)...[0m
[1;94m[*] [0mFuzzing test case #152 (280 total, 18 uniq crashes found)...[0m
[1;94m[*] [0mFuzzing test case #153 (280 total, 18 uniq crashes found)...[0m
[1;94m[*] [0mFuzzing test case #154 (280 total, 18 uniq crashes found)...[0m
[1;94m[*] [0mFuzzing test case #155 (280 total, 18 uniq crashes found)...[0m
[1;94m[*] [0mFuzzing test case #157 (280 total, 18 uniq crashes found)...[0m
[1;94m[*] [0mFuzzing test case #158 (280 total, 18 uniq crashes found)...[0m
[1;94m[*] [0mFuzzing test case #160 (280 total, 18 uniq crashes found)...[0m
[1;94m[*] [0mFuzzing test case #162 (280 total, 18 uniq crashes found)...[0m
[1;94m[*] [0mFuzzing test case #163 (280 total, 18 uniq crashes found)...[0m
[1;94m[*] [0mFuzzing test case #165 (280 total, 18 uniq crashes found)...[0m
[1;94m[*] [0mFuzzing test case #166 (280 total, 18 uniq crashes found)...[0m
[1;94m[*] [0mFuzzing test case #167 (280 total, 18 uniq crashes found)...[0m
[1;94m[*] [0mFuzzing test case #168 (280 total, 18 uniq crashes found)...[0m
[1;94m[*] [0mFuzzing test case #170 (280 total, 18 uniq crashes found)...[0m
[1;94m[*] [0mFuzzing test case #171 (280 total, 18 uniq crashes found)...[0m
[1;94m[*] [0mFuzzing test case #173 (280 total, 18 uniq crashes found)...[0m
[1;94m[*] [0mFuzzing test case #174 (280 total, 18 uniq crashes found)...[0m
[1;94m[*] [0mFuzzing test case #175 (280 total, 18 uniq crashes found)...[0m
[1;94m[*] [0mFuzzing test case #181 (280 total, 18 uniq crashes found)...[0m
[1;94m[*] [0mFuzzing test case #183 (280 total, 18 uniq crashes found)...[0m
[1;94m[*] [0mFuzzing test case #184 (280 total, 18 uniq crashes found)...[0m
[1;94m[*] [0mFuzzing test case #185 (280 total, 18 uniq crashes found)...[0m
[1;94m[*] [0mFuzzing test case #186 (280 total, 18 uniq crashes found)...[0m
[1;94m[*] [0mFuzzing test case #187 (280 total, 18 uniq crashes found)...[0m
[1;94m[*] [0mFuzzing test case #190 (280 total, 18 uniq crashes found)...[0m
[1;94m[*] [0mFuzzing test case #192 (280 total, 18 uniq crashes found)...[0m
[1;94m[*] [0mFuzzing test case #193 (280 total, 18 uniq crashes found)...[0m
[1;94m[*] [0mFuzzing test case #195 (280 total, 18 uniq crashes found)...[0m
[1;94m[*] [0mFuzzing test case #196 (280 total, 18 uniq crashes found)...[0m
[1;94m[*] [0mFuzzing test case #197 (280 total, 18 uniq crashes found)...[0m
[1;94m[*] [0mFuzzing test case #199 (280 total, 18 uniq crashes found)...[0m
[1;94m[*] [0mFuzzing test case #202 (280 total, 18 uniq crashes found)...[0m
[1;94m[*] [0mFuzzing test case #203 (281 total, 18 uniq crashes found)...[0m
[1;94m[*] [0mFuzzing test case #204 (281 total, 18 uniq crashes found)...[0m
[1;94m[*] [0mFuzzing test case #206 (281 total, 18 uniq crashes found)...[0m
[1;94m[*] [0mFuzzing test case #207 (281 total, 18 uniq crashes found)...[0m
[1;94m[*] [0mFuzzing test case #211 (281 total, 18 uniq crashes found)...[0m
[1;94m[*] [0mFuzzing test case #217 (281 total, 18 uniq crashes found)...[0m
[1;94m[*] [0mFuzzing test case #218 (281 total, 18 uniq crashes found)...[0m
[1;94m[*] [0mFuzzing test case #219 (281 total, 18 uniq crashes found)...[0m
[1;94m[*] [0mFuzzing test case #220 (281 total, 18 uniq crashes found)...[0m
[1;94m[*] [0mFuzzing test case #221 (281 total, 18 uniq crashes found)...[0m
[1;94m[*] [0mFuzzing test case #224 (281 total, 18 uniq crashes found)...[0m
[1;94m[*] [0mFuzzing test case #225 (281 total, 18 uniq crashes found)...[0m
[1;94m[*] [0mFuzzing test case #228 (281 total, 18 uniq crashes found)...[0m
[1;94m[*] [0mFuzzing test case #229 (281 total, 18 uniq crashes found)...[0m
[1;94m[*] [0mFuzzing test case #230 (281 total, 18 uniq crashes found)...[0m
[1;94m[*] [0mFuzzing test case #233 (281 total, 18 uniq crashes found)...[0m
[1;94m[*] [0mFuzzing test case #235 (281 total, 18 uniq crashes found)...[0m
[1;94m[*] [0mFuzzing test case #238 (281 total, 18 uniq crashes found)...[0m
[1;94m[*] [0mFuzzing test case #239 (281 total, 18 uniq crashes found)...[0m
[1;94m[*] [0mFuzzing test case #241 (281 total, 18 uniq crashes found)...[0m
[1;94m[*] [0mFuzzing test case #242 (281 total, 18 uniq crashes found)...[0m
[1;94m[*] [0mFuzzing test case #243 (281 total, 18 uniq crashes found)...[0m
[1;94m[*] [0mFuzzing test case #244 (281 total, 18 uniq crashes found)...[0m
[1;94m[*] [0mFuzzing test case #245 (281 total, 18 uniq crashes found)...[0m
[1;94m[*] [0mFuzzing test case #246 (281 total, 18 uniq crashes found)...[0m
[1;94m[*] [0mFuzzing test case #247 (281 total, 18 uniq crashes found)...[0m
[1;94m[*] [0mFuzzing test case #250 (281 total, 18 uniq crashes found)...[0m
[1;94m[*] [0mFuzzing test case #252 (281 total, 18 uniq crashes found)...[0m
[1;94m[*] [0mFuzzing test case #253 (281 total, 18 uniq crashes found)...[0m
[1;94m[*] [0mFuzzing test case #255 (281 total, 18 uniq crashes found)...[0m
[1;94m[*] [0mFuzzing test case #256 (281 total, 18 uniq crashes found)...[0m
[1;94m[*] [0mFuzzing test case #260 (281 total, 18 uniq crashes found)...[0m
[1;94m[*] [0mFuzzing test case #261 (281 total, 18 uniq crashes found)...[0m
[1;94m[*] [0mFuzzing test case #263 (281 total, 18 uniq crashes found)...[0m
[1;94m[*] [0mFuzzing test case #264 (281 total, 18 uniq crashes found)...[0m
[1;94m[*] [0mFuzzing test case #265 (281 total, 18 uniq crashes found)...[0m
[1;94m[*] [0mFuzzing test case #267 (281 total, 18 uniq crashes found)...[0m
[1;94m[*] [0mFuzzing test case #268 (281 total, 18 uniq crashes found)...[0m
[1;94m[*] [0mFuzzing test case #271 (281 total, 18 uniq crashes found)...[0m
[1;94m[*] [0mFuzzing test case #273 (281 total, 18 uniq crashes found)...[0m
[1;94m[*] [0mFuzzing test case #278 (281 total, 18 uniq crashes found)...[0m
[1;94m[*] [0mFuzzing test case #279 (281 total, 18 uniq crashes found)...[0m
[1;94m[*] [0mEntering queue cycle 3.[0m
[1;94m[*] [0mFuzzing test case #8 (281 total, 19 uniq crashes found)...[0m
[1;94m[*] [0mFuzzing test case #11 (281 total, 19 uniq crashes found)...[0m
[1;94m[*] [0mFuzzing test case #13 (281 total, 19 uniq crashes found)...[0m
[1;94m[*] [0mFuzzing test case #21 (281 total, 19 uniq crashes found)...[0m
[1;94m[*] [0mFuzzing test case #27 (281 total, 19 uniq crashes found)...[0m
[1;94m[*] [0mFuzzing test case #31 (281 total, 19 uniq crashes found)...[0m
[1;94m[*] [0mFuzzing test case #33 (281 total, 19 uniq crashes found)...[0m
[1;94m[*] [0mFuzzing test case #34 (281 total, 19 uniq crashes found)...[0m
[1;94m[*] [0mFuzzing test case #37 (281 total, 19 uniq crashes found)...[0m
[1;94m[*] [0mFuzzing test case #44 (281 total, 19 uniq crashes found)...[0m
[1;94m[*] [0mFuzzing test case #46 (281 total, 19 uniq crashes found)...[0m
[1;94m[*] [0mFuzzing test case #48 (281 total, 19 uniq crashes found)...[0m
[1;94m[*] [0mFuzzing test case #50 (281 total, 19 uniq crashes found)...[0m
[1;94m[*] [0mFuzzing test case #57 (281 total, 19 uniq crashes found)...[0m
[1;94m[*] [0mFuzzing test case #59 (281 total, 19 uniq crashes found)...[0m
[1;94m[*] [0mFuzzing test case #62 (281 total, 19 uniq crashes found)...[0m
[1;94m[*] [0mFuzzing test case #64 (281 total, 19 uniq crashes found)...[0m
[1;94m[*] [0mFuzzing test case #65 (281 total, 19 uniq crashes found)...[0m
[1;94m[*] [0mFuzzing test case #67 (281 total, 19 uniq crashes found)...[0m
[1;94m[*] [0mFuzzing test case #71 (281 total, 19 uniq crashes found)...[0m
[1;94m[*] [0mFuzzing test case #75 (281 total, 19 uniq crashes found)...[0m
[1;94m[*] [0mFuzzing test case #80 (281 total, 19 uniq crashes found)...[0m
[1;94m[*] [0mFuzzing test case #85 (281 total, 19 uniq crashes found)...[0m
[1;94m[*] [0mFuzzing test case #89 (281 total, 19 uniq crashes found)...[0m
[1;94m[*] [0mFuzzing test case #90 (281 total, 19 uniq crashes found)...[0m
[1;94m[*] [0mFuzzing test case #95 (281 total, 19 uniq crashes found)...[0m
[1;94m[*] [0mFuzzing test case #99 (281 total, 19 uniq crashes found)...[0m
[1;94m[*] [0mFuzzing test case #101 (281 total, 19 uniq crashes found)...[0m
[1;94m[*] [0mFuzzing test case #103 (281 total, 19 uniq crashes found)...[0m
[1;94m[*] [0mFuzzing test case #105 (281 total, 19 uniq crashes found)...[0m
[1;94m[*] [0mFuzzing test case #110 (281 total, 19 uniq crashes found)...[0m
[1;94m[*] [0mFuzzing test case #112 (281 total, 19 uniq crashes found)...[0m
[1;94m[*] [0mFuzzing test case #118 (281 total, 19 uniq crashes found)...[0m
[1;94m[*] [0mFuzzing test case #119 (281 total, 19 uniq crashes found)...[0m
[1;94m[*] [0mFuzzing test case #120 (281 total, 19 uniq crashes found)...[0m
[1;94m[*] [0mFuzzing test case #122 (281 total, 19 uniq crashes found)...[0m
[1;94m[*] [0mFuzzing test case #124 (281 total, 19 uniq crashes found)...[0m
[1;94m[*] [0mFuzzing test case #125 (281 total, 19 uniq crashes found)...[0m
[1;94m[*] [0mFuzzing test case #127 (281 total, 19 uniq crashes found)...[0m
[1;94m[*] [0mFuzzing test case #128 (281 total, 19 uniq crashes found)...[0m
[1;94m[*] [0mFuzzing test case #133 (281 total, 19 uniq crashes found)...[0m
[1;94m[*] [0mFuzzing test case #134 (281 total, 19 uniq crashes found)...[0m
[1;94m[*] [0mFuzzing test case #136 (281 total, 19 uniq crashes found)...[0m
[1;94m[*] [0mFuzzing test case #137 (281 total, 19 uniq crashes found)...[0m
[1;94m[*] [0mFuzzing test case #141 (281 total, 19 uniq crashes found)...[0m
[1;94m[*] [0mFuzzing test case #142 (281 total, 19 uniq crashes found)...[0m
[1;94m[*] [0mFuzzing test case #143 (281 total, 19 uniq crashes found)...[0m
[1;94m[*] [0mFuzzing test case #144 (281 total, 19 uniq crashes found)...[0m
[1;94m[*] [0mFuzzing test case #145 (281 total, 19 uniq crashes found)...[0m
[1;94m[*] [0mFuzzing test case #150 (281 total, 19 uniq crashes found)...[0m
[1;94m[*] [0mFuzzing test case #152 (281 total, 19 uniq crashes found)...[0m
[1;94m[*] [0mFuzzing test case #153 (281 total, 19 uniq crashes found)...[0m
[1;94m[*] [0mFuzzing test case #154 (281 total, 19 uniq crashes found)...[0m
[1;94m[*] [0mFuzzing test case #155 (281 total, 19 uniq crashes found)...[0m
[1;94m[*] [0mFuzzing test case #157 (281 total, 20 uniq crashes found)...[0m
[1;94m[*] [0mFuzzing test case #158 (281 total, 20 uniq crashes found)...[0m
[1;94m[*] [0mFuzzing test case #159 (281 total, 20 uniq crashes found)...[0m
[1;94m[*] [0mFuzzing test case #160 (281 total, 20 uniq crashes found)...[0m
[1;94m[*] [0mFuzzing test case #162 (281 total, 20 uniq crashes found)...[0m
[1;94m[*] [0mFuzzing test case #164 (281 total, 20 uniq crashes found)...[0m
[1;94m[*] [0mFuzzing test case #165 (281 total, 20 uniq crashes found)...[0m
[1;94m[*] [0mFuzzing test case #166 (281 total, 20 uniq crashes found)...[0m
[1;94m[*] [0mFuzzing test case #167 (281 total, 20 uniq crashes found)...[0m
[1;94m[*] [0mFuzzing test case #168 (281 total, 20 uniq crashes found)...[0m
[1;94m[*] [0mFuzzing test case #169 (281 total, 20 uniq crashes found)...[0m
[1;94m[*] [0mFuzzing test case #171 (281 total, 20 uniq crashes found)...[0m
[1;94m[*] [0mFuzzing test case #172 (281 total, 20 uniq crashes found)...[0m
[1;94m[*] [0mFuzzing test case #173 (281 total, 20 uniq crashes found)...[0m
[1;94m[*] [0mFuzzing test case #174 (281 total, 20 uniq crashes found)...[0m
[1;94m[*] [0mFuzzing test case #175 (281 total, 20 uniq crashes found)...[0m
[1;94m[*] [0mFuzzing test case #176 (281 total, 20 uniq crashes found)...[0m
[1;94m[*] [0mFuzzing test case #177 (281 total, 20 uniq crashes found)...[0m
[1;94m[*] [0mFuzzing test case #178 (281 total, 20 uniq crashes found)...[0m
[1;94m[*] [0mFuzzing test case #182 (281 total, 20 uniq crashes found)...[0m
[1;94m[*] [0mFuzzing test case #183 (281 total, 20 uniq crashes found)...[0m
[1;94m[*] [0mFuzzing test case #184 (281 total, 20 uniq crashes found)...[0m
[1;94m[*] [0mFuzzing test case #186 (281 total, 20 uniq crashes found)...[0m
[1;94m[*] [0mFuzzing test case #187 (281 total, 20 uniq crashes found)...[0m
[1;94m[*] [0mFuzzing test case #192 (281 total, 20 uniq crashes found)...[0m
[1;94m[*] [0mFuzzing test case #193 (281 total, 20 uniq crashes found)...[0m
[1;94m[*] [0mFuzzing test case #195 (281 total, 20 uniq crashes found)...[0m
[1;94m[*] [0mFuzzing test case #196 (281 total, 20 uniq crashes found)...[0m
[1;94m[*] [0mFuzzing test case #197 (281 total, 20 uniq crashes found)...[0m
[1;94m[*] [0mFuzzing test case #199 (281 total, 20 uniq crashes found)...[0m
[1;94m[*] [0mFuzzing test case #200 (281 total, 20 uniq crashes found)...[0m
[1;94m[*] [0mFuzzing test case #204 (281 total, 20 uniq crashes found)...[0m
[1;94m[*] [0mFuzzing test case #206 (281 total, 20 uniq crashes found)...[0m
[1;94m[*] [0mFuzzing test case #207 (281 total, 20 uniq crashes found)...[0m
[1;94m[*] [0mFuzzing test case #209 (281 total, 20 uniq crashes found)...[0m
[1;94m[*] [0mFuzzing test case #218 (281 total, 20 uniq crashes found)...[0m
[1;94m[*] [0mFuzzing test case #219 (281 total, 20 uniq crashes found)...[0m
[1;94m[*] [0mFuzzing test case #220 (281 total, 20 uniq crashes found)...[0m
[1;94m[*] [0mFuzzing test case #221 (281 total, 20 uniq crashes found)...[0m
[1;94m[*] [0mFuzzing test case #223 (281 total, 20 uniq crashes found)...[0m
[1;94m[*] [0mFuzzing test case #224 (281 total, 20 uniq crashes found)...[0m
[1;94m[*] [0mFuzzing test case #225 (281 total, 20 uniq crashes found)...[0m
[1;94m[*] [0mFuzzing test case #228 (281 total, 20 uniq crashes found)...[0m
[1;94m[*] [0mFuzzing test case #229 (281 total, 20 uniq crashes found)...[0m
[1;94m[*] [0mFuzzing test case #230 (281 total, 20 uniq crashes found)...[0m
[1;94m[*] [0mFuzzing test case #232 (281 total, 20 uniq crashes found)...[0m
[1;94m[*] [0mFuzzing test case #233 (281 total, 20 uniq crashes found)...[0m
[1;94m[*] [0mFuzzing test case #234 (281 total, 20 uniq crashes found)...[0m
[1;94m[*] [0mFuzzing test case #235 (281 total, 20 uniq crashes found)...[0m
[1;94m[*] [0mFuzzing test case #237 (281 total, 20 uniq crashes found)...[0m
[1;94m[*] [0mFuzzing test case #238 (281 total, 20 uniq crashes found)...[0m
[1;94m[*] [0mFuzzing test case #239 (281 total, 20 uniq crashes found)...[0m
[1;94m[*] [0mFuzzing test case #243 (281 total, 20 uniq crashes found)...[0m
[1;94m[*] [0mFuzzing test case #244 (281 total, 20 uniq crashes found)...[0m
[1;94m[*] [0mFuzzing test case #245 (281 total, 20 uniq crashes found)...[0m
[1;94m[*] [0mFuzzing test case #247 (281 total, 20 uniq crashes found)...[0m
[1;94m[*] [0mFuzzing test case #250 (281 total, 20 uniq crashes found)...[0m
[1;94m[*] [0mFuzzing test case #252 (281 total, 20 uniq crashes found)...[0m
[1;94m[*] [0mFuzzing test case #253 (281 total, 20 uniq crashes found)...[0m
[1;94m[*] [0mFuzzing test case #255 (281 total, 20 uniq crashes found)...[0m
[1;94m[*] [0mFuzzing test case #257 (281 total, 20 uniq crashes found)...[0m
[1;94m[*] [0mFuzzing test case #260 (281 total, 20 uniq crashes found)...[0m
[1;94m[*] [0mFuzzing test case #261 (281 total, 20 uniq crashes found)...[0m
[1;94m[*] [0mFuzzing test case #263 (281 total, 20 uniq crashes found)...[0m
[1;94m[*] [0mFuzzing test case #264 (281 total, 20 uniq crashes found)...[0m
[1;94m[*] [0mFuzzing test case #265 (281 total, 20 uniq crashes found)...[0m
[1;94m[*] [0mFuzzing test case #267 (281 total, 20 uniq crashes found)...[0m
[1;94m[*] [0mFuzzing test case #269 (281 total, 20 uniq crashes found)...[0m
[1;94m[*] [0mFuzzing test case #270 (281 total, 20 uniq crashes found)...[0m
[1;94m[*] [0mFuzzing test case #271 (281 total, 20 uniq crashes found)...[0m
[1;94m[*] [0mFuzzing test case #273 (281 total, 20 uniq crashes found)...[0m
[1;94m[*] [0mFuzzing test case #276 (281 total, 20 uniq crashes found)...[0m
[1;94m[*] [0mFuzzing test case #278 (281 total, 20 uniq crashes found)...[0m
[1;94m[*] [0mEntering queue cycle 4.[0m
[1;94m[*] [0mFuzzing test case #5 (281 total, 20 uniq crashes found)...[0m
[1;94m[*] [0mFuzzing test case #12 (281 total, 20 uniq crashes found)...[0m
[1;94m[*] [0mFuzzing test case #20 (281 total, 20 uniq crashes found)...[0m
[1;94m[*] [0mFuzzing test case #33 (281 total, 20 uniq crashes found)...[0m
[1;94m[*] [0mFuzzing test case #35 (281 total, 20 uniq crashes found)...[0m
[1;94m[*] [0mFuzzing test case #36 (281 total, 20 uniq crashes found)...[0m
[1;94m[*] [0mFuzzing test case #48 (281 total, 20 uniq crashes found)...[0m
[1;94m[*] [0mFuzzing test case #50 (281 total, 20 uniq crashes found)...[0m
[1;94m[*] [0mFuzzing test case #55 (281 total, 20 uniq crashes found)...[0m
[1;94m[*] [0mFuzzing test case #56 (281 total, 20 uniq crashes found)...[0m
[1;94m[*] [0mFuzzing test case #60 (281 total, 20 uniq crashes found)...[0m
[1;94m[*] [0mFuzzing test case #61 (281 total, 20 uniq crashes found)...[0m
[1;94m[*] [0mFuzzing test case #62 (281 total, 20 uniq crashes found)...[0m
[1;94m[*] [0mFuzzing test case #64 (281 total, 20 uniq crashes found)...[0m
[1;94m[*] [0mFuzzing test case #65 (281 total, 20 uniq crashes found)...[0m
[1;94m[*] [0mFuzzing test case #66 (281 total, 20 uniq crashes found)...[0m
[1;94m[*] [0mFuzzing test case #71 (281 total, 20 uniq crashes found)...[0m
[1;94m[*] [0mFuzzing test case #85 (281 total, 20 uniq crashes found)...[0m
[1;94m[*] [0mFuzzing test case #89 (281 total, 20 uniq crashes found)...[0m
[1;94m[*] [0mFuzzing test case #92 (281 total, 20 uniq crashes found)...[0m
[1;94m[*] [0mFuzzing test case #93 (281 total, 20 uniq crashes found)...[0m
[1;94m[*] [0mFuzzing test case #99 (281 total, 20 uniq crashes found)...[0m
[1;94m[*] [0mFuzzing test case #101 (281 total, 20 uniq crashes found)...[0m
[?25h[1;91m

+++ Testing aborted by user +++
[0m[1;92m[+] [0mWe're done here. Have a nice day!
[0m
Child is executing...
afl-fuzz -i /tmp/QuickChick/133219/input -o /tmp/QuickChick/133219/output /tmp/QuickChick/133219/QuickChick951343 @@
Parent is sleeping for 600 seconds...
cp /tmp/QuickChick/133219/output/fuzzer_stats output/133219