QuickChecking (testMutantX prop_SSNI_arbmedium exp_result_fuzz 14)
Extracted ML file: /tmp/QuickChick/171530/QuickChickabb3b9.ml
Compile command: ocamlopt unix.cmxa /home/lemonidas/.opam/4.04.0+afl/lib/afl-persistent/afl-persistent.cmxa -unsafe-string -rectypes -w a -I /tmp/QuickChick/171530 -I /home/lemonidas/.opam/4.04.0+afl/lib/afl-persistent/ -I /home/lemonidas/.opam/4.04.0+afl/lib/coq/user-contrib/QuickChick /home/lemonidas/.opam/4.04.0+afl/lib/coq/user-contrib/QuickChick/quickChickLib.cmx /tmp/QuickChick/171530/QuickChickabb3b9.ml -o /tmp/QuickChick/171530/QuickChickabb3b9
/tmp/QuickChick/171530/input
[0;36mafl-fuzz [1;97m2.52b[0m by <lcamtuf@google.com>
[1;92m[+] [0mLooks like we're not running on a tty, so I'll be a bit less verbose.[0m
[1;92m[+] [0mYou have 8 CPU cores and 1 runnable tasks (utilization: 12%).[0m
[1;92m[+] [0mTry parallel jobs - see docs/parallel_fuzzing.txt.[0m
[1;94m[*] [0mChecking CPU core loadout...[0m
[1;92m[+] [0mFound a free CPU core, binding to #0.[0m
[1;94m[*] [0mChecking core_pattern...[0m
[1;94m[*] [0mChecking CPU scaling governor...[0m
[1;94m[*] [0mSetting up output directories...[0m
[1;94m[*] [0mScanning '/tmp/QuickChick/171530/input'...[0m
[1;92m[+] [0mNo auto-generated dictionary tokens to reuse.[0m
[1;94m[*] [0mCreating hard links for all input files...[0m
[1;94m[*] [0mValidating target binary...[0m
[1;94m[*] [0mAttempting dry run with 'id:000000,orig:seed1'...[0m
[1;94m[*] [0mSpinning up the fork server...[0m
[1;92m[+] [0mAll right - fork server is up.[0m
[1;90m    len = 11, map size = 385, exec speed = 315 us
[0m[1;94m[*] [0mAttempting dry run with 'id:000001,orig:seed2'...[0m
[1;90m    len = 11, map size = 397, exec speed = 302 us
[0m[1;94m[*] [0mAttempting dry run with 'id:000002,orig:seed3'...[0m
[1;90m    len = 11, map size = 377, exec speed = 377 us
[0m[1;92m[+] [0mAll test cases processed.[0m

[1;92m[+] [0mHere are some useful stats:

[1;90m    Test case count : [0m1 favored, 0 variable, 3 total
[1;90m       Bitmap range : [0m377 to 397 bits (average: 386.33 bits)
[1;90m        Exec timing : [0m302 to 377 us (average: 331 us)
[0m
[1;94m[*] [0mNo -t option specified, so I'll use exec timeout of 20 ms.[0m
[1;92m[+] [0mAll set and ready to roll![0m
[1;94m[*] [0mEntering queue cycle 1.[0m
[1;94m[*] [0mFuzzing test case #1 (3 total, 0 uniq crashes found)...[0m
[1;94m[*] [0mFuzzing test case #21 (237 total, 0 uniq crashes found)...[0m
[1;94m[*] [0mFuzzing test case #24 (237 total, 0 uniq crashes found)...[0m
[1;94m[*] [0mFuzzing test case #52 (239 total, 0 uniq crashes found)...[0m
[1;94m[*] [0mFuzzing test case #60 (257 total, 0 uniq crashes found)...[0m
[1;94m[*] [0mFuzzing test case #63 (258 total, 0 uniq crashes found)...[0m
[1;94m[*] [0mFuzzing test case #69 (258 total, 0 uniq crashes found)...[0m
[1;94m[*] [0mFuzzing test case #72 (272 total, 0 uniq crashes found)...[0m
[1;94m[*] [0mFuzzing test case #92 (272 total, 0 uniq crashes found)...[0m
[1;94m[*] [0mFuzzing test case #95 (272 total, 0 uniq crashes found)...[0m
[1;94m[*] [0mFuzzing test case #100 (272 total, 0 uniq crashes found)...[0m
[1;94m[*] [0mFuzzing test case #102 (272 total, 0 uniq crashes found)...[0m
[1;94m[*] [0mFuzzing test case #109 (272 total, 0 uniq crashes found)...[0m
[1;94m[*] [0mFuzzing test case #114 (272 total, 0 uniq crashes found)...[0m
[1;94m[*] [0mFuzzing test case #115 (273 total, 0 uniq crashes found)...[0m
[1;94m[*] [0mFuzzing test case #118 (273 total, 0 uniq crashes found)...[0m
[1;94m[*] [0mFuzzing test case #119 (273 total, 0 uniq crashes found)...[0m
[1;94m[*] [0mFuzzing test case #128 (273 total, 0 uniq crashes found)...[0m
[1;94m[*] [0mFuzzing test case #129 (273 total, 0 uniq crashes found)...[0m
[1;94m[*] [0mFuzzing test case #133 (273 total, 0 uniq crashes found)...[0m
[1;94m[*] [0mFuzzing test case #138 (273 total, 0 uniq crashes found)...[0m
[1;94m[*] [0mFuzzing test case #140 (273 total, 0 uniq crashes found)...[0m
[1;94m[*] [0mFuzzing test case #142 (273 total, 0 uniq crashes found)...[0m
[1;94m[*] [0mFuzzing test case #145 (273 total, 0 uniq crashes found)...[0m
[1;94m[*] [0mFuzzing test case #148 (274 total, 0 uniq crashes found)...[0m
[1;94m[*] [0mFuzzing test case #149 (274 total, 0 uniq crashes found)...[0m
[1;94m[*] [0mFuzzing test case #150 (274 total, 0 uniq crashes found)...[0m
[1;94m[*] [0mFuzzing test case #153 (274 total, 0 uniq crashes found)...[0m
[1;94m[*] [0mFuzzing test case #160 (274 total, 1 uniq crashes found)...[0m
[1;94m[*] [0mFuzzing test case #161 (274 total, 1 uniq crashes found)...[0m
[1;94m[*] [0mFuzzing test case #166 (274 total, 1 uniq crashes found)...[0m
[1;94m[*] [0mFuzzing test case #168 (274 total, 1 uniq crashes found)...[0m
[1;94m[*] [0mFuzzing test case #170 (274 total, 1 uniq crashes found)...[0m
[1;94m[*] [0mFuzzing test case #171 (274 total, 1 uniq crashes found)...[0m
[1;94m[*] [0mFuzzing test case #172 (275 total, 1 uniq crashes found)...[0m
[1;94m[*] [0mFuzzing test case #174 (275 total, 1 uniq crashes found)...[0m
[1;94m[*] [0mFuzzing test case #176 (275 total, 1 uniq crashes found)...[0m
[1;94m[*] [0mFuzzing test case #177 (275 total, 1 uniq crashes found)...[0m
[1;94m[*] [0mFuzzing test case #178 (275 total, 1 uniq crashes found)...[0m
[1;94m[*] [0mFuzzing test case #179 (275 total, 1 uniq crashes found)...[0m
[1;94m[*] [0mFuzzing test case #181 (276 total, 1 uniq crashes found)...[0m
[1;94m[*] [0mFuzzing test case #182 (276 total, 1 uniq crashes found)...[0m
[1;94m[*] [0mFuzzing test case #183 (276 total, 1 uniq crashes found)...[0m
[1;94m[*] [0mFuzzing test case #185 (276 total, 1 uniq crashes found)...[0m
[1;94m[*] [0mFuzzing test case #187 (276 total, 1 uniq crashes found)...[0m
[1;94m[*] [0mFuzzing test case #189 (276 total, 1 uniq crashes found)...[0m
[1;94m[*] [0mFuzzing test case #190 (276 total, 1 uniq crashes found)...[0m
[1;94m[*] [0mFuzzing test case #192 (276 total, 1 uniq crashes found)...[0m
[1;94m[*] [0mFuzzing test case #195 (278 total, 7 uniq crashes found)...[0m
[1;94m[*] [0mFuzzing test case #198 (279 total, 7 uniq crashes found)...[0m
[1;94m[*] [0mFuzzing test case #202 (279 total, 7 uniq crashes found)...[0m
[1;94m[*] [0mFuzzing test case #209 (279 total, 7 uniq crashes found)...[0m
[1;94m[*] [0mFuzzing test case #211 (279 total, 7 uniq crashes found)...[0m
[1;94m[*] [0mFuzzing test case #217 (279 total, 7 uniq crashes found)...[0m
[1;94m[*] [0mFuzzing test case #225 (280 total, 8 uniq crashes found)...[0m
[1;94m[*] [0mFuzzing test case #227 (281 total, 10 uniq crashes found)...[0m
[1;94m[*] [0mFuzzing test case #230 (282 total, 10 uniq crashes found)...[0m
[1;94m[*] [0mFuzzing test case #231 (283 total, 11 uniq crashes found)...[0m
[1;94m[*] [0mFuzzing test case #232 (283 total, 11 uniq crashes found)...[0m
[1;94m[*] [0mFuzzing test case #234 (283 total, 11 uniq crashes found)...[0m
[1;94m[*] [0mFuzzing test case #235 (283 total, 11 uniq crashes found)...[0m
[1;94m[*] [0mFuzzing test case #239 (283 total, 11 uniq crashes found)...[0m
[1;94m[*] [0mFuzzing test case #240 (283 total, 11 uniq crashes found)...[0m
[1;94m[*] [0mFuzzing test case #243 (283 total, 11 uniq crashes found)...[0m
[1;94m[*] [0mFuzzing test case #244 (283 total, 11 uniq crashes found)...[0m
[1;94m[*] [0mFuzzing test case #245 (283 total, 12 uniq crashes found)...[0m
[1;94m[*] [0mFuzzing test case #246 (283 total, 12 uniq crashes found)...[0m
[1;94m[*] [0mFuzzing test case #247 (283 total, 12 uniq crashes found)...[0m
[1;94m[*] [0mFuzzing test case #248 (283 total, 12 uniq crashes found)...[0m
[1;94m[*] [0mFuzzing test case #249 (283 total, 12 uniq crashes found)...[0m
[1;94m[*] [0mFuzzing test case #253 (283 total, 12 uniq crashes found)...[0m
[1;94m[*] [0mFuzzing test case #258 (283 total, 12 uniq crashes found)...[0m
[1;94m[*] [0mFuzzing test case #260 (283 total, 12 uniq crashes found)...[0m
[1;94m[*] [0mFuzzing test case #261 (283 total, 13 uniq crashes found)...[0m
[1;94m[*] [0mFuzzing test case #262 (283 total, 13 uniq crashes found)...[0m
[1;94m[*] [0mFuzzing test case #268 (284 total, 13 uniq crashes found)...[0m
[1;94m[*] [0mFuzzing test case #269 (284 total, 13 uniq crashes found)...[0m
[1;94m[*] [0mFuzzing test case #276 (284 total, 13 uniq crashes found)...[0m
[1;94m[*] [0mFuzzing test case #280 (284 total, 13 uniq crashes found)...[0m
[1;94m[*] [0mFuzzing test case #281 (284 total, 13 uniq crashes found)...[0m
[1;94m[*] [0mFuzzing test case #282 (285 total, 14 uniq crashes found)...[0m
[1;94m[*] [0mEntering queue cycle 2.[0m
[1;94m[*] [0mFuzzing test case #36 (285 total, 14 uniq crashes found)...[0m
[1;94m[*] [0mFuzzing test case #87 (285 total, 14 uniq crashes found)...[0m
[1;94m[*] [0mFuzzing test case #96 (285 total, 14 uniq crashes found)...[0m
[1;94m[*] [0mFuzzing test case #99 (285 total, 14 uniq crashes found)...[0m
[1;94m[*] [0mFuzzing test case #100 (285 total, 14 uniq crashes found)...[0m
[1;94m[*] [0mFuzzing test case #101 (285 total, 14 uniq crashes found)...[0m
[1;94m[*] [0mFuzzing test case #102 (285 total, 14 uniq crashes found)...[0m
[1;94m[*] [0mFuzzing test case #109 (285 total, 14 uniq crashes found)...[0m
[1;94m[*] [0mFuzzing test case #114 (285 total, 14 uniq crashes found)...[0m
[1;94m[*] [0mFuzzing test case #115 (285 total, 14 uniq crashes found)...[0m
[1;94m[*] [0mFuzzing test case #118 (285 total, 14 uniq crashes found)...[0m
[1;94m[*] [0mFuzzing test case #119 (285 total, 14 uniq crashes found)...[0m
[1;94m[*] [0mFuzzing test case #120 (285 total, 14 uniq crashes found)...[0m
[1;94m[*] [0mFuzzing test case #123 (285 total, 14 uniq crashes found)...[0m
[1;94m[*] [0mFuzzing test case #127 (285 total, 14 uniq crashes found)...[0m
[1;94m[*] [0mFuzzing test case #128 (285 total, 14 uniq crashes found)...[0m
[1;94m[*] [0mFuzzing test case #129 (285 total, 14 uniq crashes found)...[0m
[1;94m[*] [0mFuzzing test case #133 (285 total, 14 uniq crashes found)...[0m
[1;94m[*] [0mFuzzing test case #136 (285 total, 14 uniq crashes found)...[0m
[1;94m[*] [0mFuzzing test case #138 (285 total, 14 uniq crashes found)...[0m
[1;94m[*] [0mFuzzing test case #140 (285 total, 14 uniq crashes found)...[0m
[1;94m[*] [0mFuzzing test case #141 (285 total, 14 uniq crashes found)...[0m
[1;94m[*] [0mFuzzing test case #142 (285 total, 14 uniq crashes found)...[0m
[1;94m[*] [0mFuzzing test case #145 (285 total, 14 uniq crashes found)...[0m
[1;94m[*] [0mFuzzing test case #148 (285 total, 14 uniq crashes found)...[0m
[1;94m[*] [0mFuzzing test case #149 (285 total, 14 uniq crashes found)...[0m
[1;94m[*] [0mFuzzing test case #150 (285 total, 14 uniq crashes found)...[0m
[1;94m[*] [0mFuzzing test case #152 (285 total, 14 uniq crashes found)...[0m
[1;94m[*] [0mFuzzing test case #153 (285 total, 14 uniq crashes found)...[0m
[1;94m[*] [0mFuzzing test case #155 (285 total, 14 uniq crashes found)...[0m
[1;94m[*] [0mFuzzing test case #156 (285 total, 14 uniq crashes found)...[0m
[1;94m[*] [0mFuzzing test case #160 (285 total, 17 uniq crashes found)...[0m
[1;94m[*] [0mFuzzing test case #161 (285 total, 17 uniq crashes found)...[0m
[1;94m[*] [0mFuzzing test case #162 (285 total, 17 uniq crashes found)...[0m
[1;94m[*] [0mFuzzing test case #165 (285 total, 17 uniq crashes found)...[0m
[1;94m[*] [0mFuzzing test case #167 (285 total, 17 uniq crashes found)...[0m
[1;94m[*] [0mFuzzing test case #168 (285 total, 17 uniq crashes found)...[0m
[1;94m[*] [0mFuzzing test case #170 (285 total, 17 uniq crashes found)...[0m
[1;94m[*] [0mFuzzing test case #171 (285 total, 17 uniq crashes found)...[0m
[1;94m[*] [0mFuzzing test case #172 (285 total, 17 uniq crashes found)...[0m
[1;94m[*] [0mFuzzing test case #174 (285 total, 17 uniq crashes found)...[0m
[1;94m[*] [0mFuzzing test case #175 (285 total, 17 uniq crashes found)...[0m
[1;94m[*] [0mFuzzing test case #176 (285 total, 17 uniq crashes found)...[0m
[1;94m[*] [0mFuzzing test case #177 (285 total, 17 uniq crashes found)...[0m
[1;94m[*] [0mFuzzing test case #178 (285 total, 17 uniq crashes found)...[0m
[1;94m[*] [0mFuzzing test case #179 (285 total, 17 uniq crashes found)...[0m
[1;94m[*] [0mFuzzing test case #180 (285 total, 17 uniq crashes found)...[0m
[1;94m[*] [0mFuzzing test case #181 (285 total, 17 uniq crashes found)...[0m
[1;94m[*] [0mFuzzing test case #182 (285 total, 17 uniq crashes found)...[0m
[1;94m[*] [0mFuzzing test case #183 (285 total, 17 uniq crashes found)...[0m
[1;94m[*] [0mFuzzing test case #185 (285 total, 17 uniq crashes found)...[0m
[1;94m[*] [0mFuzzing test case #186 (285 total, 17 uniq crashes found)...[0m
[1;94m[*] [0mFuzzing test case #187 (285 total, 17 uniq crashes found)...[0m
[1;94m[*] [0mFuzzing test case #189 (285 total, 17 uniq crashes found)...[0m
[1;94m[*] [0mFuzzing test case #190 (285 total, 17 uniq crashes found)...[0m
[1;94m[*] [0mFuzzing test case #192 (285 total, 17 uniq crashes found)...[0m
[1;94m[*] [0mFuzzing test case #195 (285 total, 18 uniq crashes found)...[0m
[1;94m[*] [0mFuzzing test case #198 (285 total, 18 uniq crashes found)...[0m
[1;94m[*] [0mFuzzing test case #202 (285 total, 18 uniq crashes found)...[0m
[1;94m[*] [0mFuzzing test case #206 (285 total, 18 uniq crashes found)...[0m
[1;94m[*] [0mFuzzing test case #207 (285 total, 18 uniq crashes found)...[0m
[1;94m[*] [0mFuzzing test case #210 (285 total, 18 uniq crashes found)...[0m
[1;94m[*] [0mFuzzing test case #211 (285 total, 18 uniq crashes found)...[0m
[1;94m[*] [0mFuzzing test case #217 (285 total, 18 uniq crashes found)...[0m
[1;94m[*] [0mFuzzing test case #219 (285 total, 18 uniq crashes found)...[0m
[1;94m[*] [0mFuzzing test case #225 (285 total, 18 uniq crashes found)...[0m
[1;94m[*] [0mFuzzing test case #227 (285 total, 18 uniq crashes found)...[0m
[1;94m[*] [0mFuzzing test case #229 (285 total, 18 uniq crashes found)...[0m
[1;94m[*] [0mFuzzing test case #230 (285 total, 18 uniq crashes found)...[0m
[1;94m[*] [0mFuzzing test case #231 (285 total, 18 uniq crashes found)...[0m
[1;94m[*] [0mFuzzing test case #232 (285 total, 18 uniq crashes found)...[0m
[1;94m[*] [0mFuzzing test case #234 (285 total, 18 uniq crashes found)...[0m
[1;94m[*] [0mFuzzing test case #235 (285 total, 18 uniq crashes found)...[0m
[1;94m[*] [0mFuzzing test case #236 (285 total, 18 uniq crashes found)...[0m
[1;94m[*] [0mFuzzing test case #239 (285 total, 18 uniq crashes found)...[0m
[1;94m[*] [0mFuzzing test case #240 (285 total, 18 uniq crashes found)...[0m
[1;94m[*] [0mFuzzing test case #243 (285 total, 18 uniq crashes found)...[0m
[1;94m[*] [0mFuzzing test case #244 (285 total, 18 uniq crashes found)...[0m
[1;94m[*] [0mFuzzing test case #245 (285 total, 18 uniq crashes found)...[0m
[1;94m[*] [0mFuzzing test case #246 (285 total, 18 uniq crashes found)...[0m
[1;94m[*] [0mFuzzing test case #247 (285 total, 18 uniq crashes found)...[0m
[1;94m[*] [0mFuzzing test case #248 (285 total, 18 uniq crashes found)...[0m
[1;94m[*] [0mFuzzing test case #249 (285 total, 18 uniq crashes found)...[0m
[1;94m[*] [0mFuzzing test case #253 (285 total, 18 uniq crashes found)...[0m
[1;94m[*] [0mFuzzing test case #255 (285 total, 18 uniq crashes found)...[0m
[1;94m[*] [0mFuzzing test case #257 (285 total, 18 uniq crashes found)...[0m
[1;94m[*] [0mFuzzing test case #258 (285 total, 18 uniq crashes found)...[0m
[1;94m[*] [0mFuzzing test case #260 (285 total, 18 uniq crashes found)...[0m
[1;94m[*] [0mFuzzing test case #261 (285 total, 18 uniq crashes found)...[0m
[1;94m[*] [0mFuzzing test case #262 (285 total, 18 uniq crashes found)...[0m
[1;94m[*] [0mFuzzing test case #264 (285 total, 18 uniq crashes found)...[0m
[1;94m[*] [0mFuzzing test case #268 (285 total, 18 uniq crashes found)...[0m
[1;94m[*] [0mFuzzing test case #269 (285 total, 18 uniq crashes found)...[0m
[1;94m[*] [0mFuzzing test case #273 (285 total, 18 uniq crashes found)...[0m
[1;94m[*] [0mFuzzing test case #275 (285 total, 18 uniq crashes found)...[0m
[1;94m[*] [0mFuzzing test case #276 (285 total, 18 uniq crashes found)...[0m
[1;94m[*] [0mFuzzing test case #278 (285 total, 18 uniq crashes found)...[0m
[1;94m[*] [0mEntering queue cycle 3.[0m
[1;94m[*] [0mFuzzing test case #3 (285 total, 18 uniq crashes found)...[0m
[1;94m[*] [0mFuzzing test case #84 (285 total, 18 uniq crashes found)...[0m
[1;94m[*] [0mFuzzing test case #200 (285 total, 18 uniq crashes found)...[0m
[1;94m[*] [0mFuzzing test case #202 (285 total, 18 uniq crashes found)...[0m
[1;94m[*] [0mFuzzing test case #204 (285 total, 18 uniq crashes found)...[0m
[1;94m[*] [0mFuzzing test case #208 (285 total, 18 uniq crashes found)...[0m
[1;94m[*] [0mFuzzing test case #211 (285 total, 18 uniq crashes found)...[0m
[1;94m[*] [0mFuzzing test case #212 (285 total, 18 uniq crashes found)...[0m
[1;94m[*] [0mFuzzing test case #217 (285 total, 18 uniq crashes found)...[0m
[1;94m[*] [0mFuzzing test case #218 (285 total, 18 uniq crashes found)...[0m
[1;94m[*] [0mFuzzing test case #224 (285 total, 18 uniq crashes found)...[0m
[1;94m[*] [0mFuzzing test case #225 (285 total, 18 uniq crashes found)...[0m
[1;94m[*] [0mFuzzing test case #226 (285 total, 18 uniq crashes found)...[0m
[1;94m[*] [0mFuzzing test case #227 (285 total, 18 uniq crashes found)...[0m
[1;94m[*] [0mFuzzing test case #229 (285 total, 18 uniq crashes found)...[0m
[1;94m[*] [0mFuzzing test case #230 (285 total, 18 uniq crashes found)...[0m
[1;94m[*] [0mFuzzing test case #231 (285 total, 18 uniq crashes found)...[0m
[1;94m[*] [0mFuzzing test case #232 (285 total, 18 uniq crashes found)...[0m
[1;94m[*] [0mFuzzing test case #234 (285 total, 18 uniq crashes found)...[0m
[1;94m[*] [0mFuzzing test case #235 (285 total, 18 uniq crashes found)...[0m
[1;94m[*] [0mFuzzing test case #237 (285 total, 18 uniq crashes found)...[0m
[1;94m[*] [0mFuzzing test case #238 (285 total, 19 uniq crashes found)...[0m
[1;94m[*] [0mFuzzing test case #239 (285 total, 19 uniq crashes found)...[0m
[1;94m[*] [0mFuzzing test case #240 (285 total, 19 uniq crashes found)...[0m
[1;94m[*] [0mFuzzing test case #241 (285 total, 19 uniq crashes found)...[0m
[1;94m[*] [0mFuzzing test case #242 (285 total, 19 uniq crashes found)...[0m
[1;94m[*] [0mFuzzing test case #243 (285 total, 19 uniq crashes found)...[0m
[1;94m[*] [0mFuzzing test case #244 (285 total, 19 uniq crashes found)...[0m
[1;94m[*] [0mFuzzing test case #245 (285 total, 19 uniq crashes found)...[0m
[1;94m[*] [0mFuzzing test case #247 (285 total, 19 uniq crashes found)...[0m
[1;94m[*] [0mFuzzing test case #248 (285 total, 19 uniq crashes found)...[0m
[1;94m[*] [0mFuzzing test case #249 (285 total, 19 uniq crashes found)...[0m
[1;94m[*] [0mFuzzing test case #250 (285 total, 19 uniq crashes found)...[0m
[1;94m[*] [0mFuzzing test case #253 (285 total, 19 uniq crashes found)...[0m
[1;94m[*] [0mFuzzing test case #258 (285 total, 19 uniq crashes found)...[0m
[1;94m[*] [0mFuzzing test case #260 (285 total, 19 uniq crashes found)...[0m
[1;94m[*] [0mFuzzing test case #261 (285 total, 19 uniq crashes found)...[0m
[1;94m[*] [0mFuzzing test case #262 (285 total, 19 uniq crashes found)...[0m
[1;94m[*] [0mFuzzing test case #264 (285 total, 19 uniq crashes found)...[0m
[1;94m[*] [0mFuzzing test case #268 (285 total, 19 uniq crashes found)...[0m
[1;94m[*] [0mFuzzing test case #269 (285 total, 19 uniq crashes found)...[0m
[1;94m[*] [0mFuzzing test case #271 (285 total, 19 uniq crashes found)...[0m
[1;94m[*] [0mFuzzing test case #272 (285 total, 19 uniq crashes found)...[0m
[1;94m[*] [0mFuzzing test case #275 (285 total, 19 uniq crashes found)...[0m
[1;94m[*] [0mFuzzing test case #276 (285 total, 19 uniq crashes found)...[0m
[1;94m[*] [0mFuzzing test case #278 (285 total, 19 uniq crashes found)...[0m
[1;94m[*] [0mFuzzing test case #279 (285 total, 19 uniq crashes found)...[0m
[1;94m[*] [0mFuzzing test case #280 (285 total, 19 uniq crashes found)...[0m
[1;94m[*] [0mFuzzing test case #281 (285 total, 20 uniq crashes found)...[0m
[1;94m[*] [0mFuzzing test case #282 (285 total, 20 uniq crashes found)...[0m
[1;94m[*] [0mEntering queue cycle 4.[0m
[1;94m[*] [0mFuzzing test case #0 (285 total, 20 uniq crashes found)...[0m
[1;94m[*] [0mFuzzing test case #2 (285 total, 20 uniq crashes found)...[0m
[1;94m[*] [0mFuzzing test case #3 (285 total, 20 uniq crashes found)...[0m
[1;94m[*] [0mFuzzing test case #7 (285 total, 20 uniq crashes found)...[0m
[1;94m[*] [0mFuzzing test case #13 (285 total, 20 uniq crashes found)...[0m
[1;94m[*] [0mFuzzing test case #15 (285 total, 20 uniq crashes found)...[0m
[1;94m[*] [0mFuzzing test case #20 (285 total, 20 uniq crashes found)...[0m
[1;94m[*] [0mFuzzing test case #24 (285 total, 20 uniq crashes found)...[0m
[1;94m[*] [0mFuzzing test case #25 (285 total, 20 uniq crashes found)...[0m
[1;94m[*] [0mFuzzing test case #27 (285 total, 20 uniq crashes found)...[0m
[1;94m[*] [0mFuzzing test case #32 (285 total, 20 uniq crashes found)...[0m
[1;94m[*] [0mFuzzing test case #34 (285 total, 20 uniq crashes found)...[0m
[1;94m[*] [0mFuzzing test case #35 (285 total, 20 uniq crashes found)...[0m
[1;94m[*] [0mFuzzing test case #36 (285 total, 20 uniq crashes found)...[0m
[1;94m[*] [0mFuzzing test case #38 (285 total, 20 uniq crashes found)...[0m
[1;94m[*] [0mFuzzing test case #40 (285 total, 20 uniq crashes found)...[0m
[1;94m[*] [0mFuzzing test case #41 (285 total, 20 uniq crashes found)...[0m
[1;94m[*] [0mFuzzing test case #44 (285 total, 20 uniq crashes found)...[0m
[1;94m[*] [0mFuzzing test case #48 (285 total, 20 uniq crashes found)...[0m
[1;94m[*] [0mFuzzing test case #52 (285 total, 20 uniq crashes found)...[0m
[1;94m[*] [0mFuzzing test case #53 (285 total, 20 uniq crashes found)...[0m
[1;94m[*] [0mFuzzing test case #55 (285 total, 20 uniq crashes found)...[0m
[1;94m[*] [0mFuzzing test case #59 (285 total, 20 uniq crashes found)...[0m
[1;94m[*] [0mFuzzing test case #60 (285 total, 20 uniq crashes found)...[0m
[1;94m[*] [0mFuzzing test case #62 (285 total, 20 uniq crashes found)...[0m
[1;94m[*] [0mFuzzing test case #63 (285 total, 20 uniq crashes found)...[0m
[1;94m[*] [0mFuzzing test case #64 (285 total, 20 uniq crashes found)...[0m
[1;94m[*] [0mFuzzing test case #66 (285 total, 20 uniq crashes found)...[0m
[1;94m[*] [0mFuzzing test case #69 (285 total, 20 uniq crashes found)...[0m
[1;94m[*] [0mFuzzing test case #71 (285 total, 20 uniq crashes found)...[0m
[1;94m[*] [0mFuzzing test case #72 (285 total, 20 uniq crashes found)...[0m
[1;94m[*] [0mFuzzing test case #74 (285 total, 20 uniq crashes found)...[0m
[1;94m[*] [0mFuzzing test case #75 (285 total, 20 uniq crashes found)...[0m
[1;94m[*] [0mFuzzing test case #76 (285 total, 20 uniq crashes found)...[0m
[1;94m[*] [0mFuzzing test case #80 (285 total, 20 uniq crashes found)...[0m
[1;94m[*] [0mFuzzing test case #82 (285 total, 20 uniq crashes found)...[0m
[1;94m[*] [0mFuzzing test case #88 (285 total, 20 uniq crashes found)...[0m
[1;94m[*] [0mFuzzing test case #89 (285 total, 20 uniq crashes found)...[0m
[1;94m[*] [0mFuzzing test case #91 (285 total, 20 uniq crashes found)...[0m
[1;94m[*] [0mFuzzing test case #95 (285 total, 21 uniq crashes found)...[0m
[1;94m[*] [0mFuzzing test case #96 (285 total, 21 uniq crashes found)...[0m
[1;94m[*] [0mFuzzing test case #100 (285 total, 21 uniq crashes found)...[0m
[1;94m[*] [0mFuzzing test case #102 (285 total, 21 uniq crashes found)...[0m
[1;94m[*] [0mFuzzing test case #104 (285 total, 21 uniq crashes found)...[0m
[1;94m[*] [0mFuzzing test case #106 (285 total, 21 uniq crashes found)...[0m
[1;94m[*] [0mFuzzing test case #108 (285 total, 21 uniq crashes found)...[0m
[1;94m[*] [0mFuzzing test case #109 (285 total, 21 uniq crashes found)...[0m
[1;94m[*] [0mFuzzing test case #111 (285 total, 21 uniq crashes found)...[0m
[1;94m[*] [0mFuzzing test case #114 (285 total, 21 uniq crashes found)...[0m
[1;94m[*] [0mFuzzing test case #115 (285 total, 21 uniq crashes found)...[0m
[1;94m[*] [0mFuzzing test case #117 (285 total, 21 uniq crashes found)...[0m
[1;94m[*] [0mFuzzing test case #118 (285 total, 21 uniq crashes found)...[0m
[1;94m[*] [0mFuzzing test case #119 (285 total, 21 uniq crashes found)...[0m
[1;94m[*] [0mFuzzing test case #120 (285 total, 21 uniq crashes found)...[0m
[1;94m[*] [0mFuzzing test case #122 (285 total, 21 uniq crashes found)...[0m
[1;94m[*] [0mFuzzing test case #151 (285 total, 21 uniq crashes found)...[0m
[1;94m[*] [0mFuzzing test case #152 (285 total, 21 uniq crashes found)...[0m
[1;94m[*] [0mFuzzing test case #153 (285 total, 21 uniq crashes found)...[0m
[1;94m[*] [0mFuzzing test case #160 (285 total, 21 uniq crashes found)...[0m
[1;94m[*] [0mFuzzing test case #161 (285 total, 21 uniq crashes found)...[0m
[1;94m[*] [0mFuzzing test case #162 (285 total, 21 uniq crashes found)...[0m
[1;94m[*] [0mFuzzing test case #163 (285 total, 21 uniq crashes found)...[0m
[1;94m[*] [0mFuzzing test case #168 (285 total, 21 uniq crashes found)...[0m
[1;94m[*] [0mFuzzing test case #170 (285 total, 21 uniq crashes found)...[0m
[1;94m[*] [0mFuzzing test case #171 (285 total, 21 uniq crashes found)...[0m
[1;94m[*] [0mFuzzing test case #172 (285 total, 21 uniq crashes found)...[0m
[1;94m[*] [0mFuzzing test case #173 (285 total, 21 uniq crashes found)...[0m
[1;94m[*] [0mFuzzing test case #174 (285 total, 21 uniq crashes found)...[0m
[1;94m[*] [0mFuzzing test case #176 (285 total, 21 uniq crashes found)...[0m
[1;94m[*] [0mFuzzing test case #177 (285 total, 21 uniq crashes found)...[0m
[1;94m[*] [0mFuzzing test case #178 (285 total, 21 uniq crashes found)...[0m
[1;94m[*] [0mFuzzing test case #179 (285 total, 21 uniq crashes found)...[0m
[1;94m[*] [0mFuzzing test case #180 (285 total, 21 uniq crashes found)...[0m
[1;94m[*] [0mFuzzing test case #181 (285 total, 21 uniq crashes found)...[0m
[1;94m[*] [0mFuzzing test case #182 (285 total, 21 uniq crashes found)...[0m
[1;94m[*] [0mFuzzing test case #183 (285 total, 21 uniq crashes found)...[0m
[1;94m[*] [0mFuzzing test case #184 (285 total, 21 uniq crashes found)...[0m
[1;94m[*] [0mFuzzing test case #185 (285 total, 21 uniq crashes found)...[0m
[1;94m[*] [0mFuzzing test case #188 (285 total, 21 uniq crashes found)...[0m
[1;94m[*] [0mFuzzing test case #189 (285 total, 21 uniq crashes found)...[0m
[1;94m[*] [0mFuzzing test case #190 (285 total, 21 uniq crashes found)...[0m
[1;94m[*] [0mFuzzing test case #192 (285 total, 21 uniq crashes found)...[0m
[1;94m[*] [0mFuzzing test case #195 (285 total, 21 uniq crashes found)...[0m
[1;94m[*] [0mFuzzing test case #198 (285 total, 21 uniq crashes found)...[0m
[1;94m[*] [0mFuzzing test case #200 (285 total, 21 uniq crashes found)...[0m
[1;94m[*] [0mFuzzing test case #201 (285 total, 21 uniq crashes found)...[0m
[1;94m[*] [0mFuzzing test case #202 (285 total, 21 uniq crashes found)...[0m
[1;94m[*] [0mFuzzing test case #204 (285 total, 21 uniq crashes found)...[0m
[1;94m[*] [0mFuzzing test case #208 (285 total, 21 uniq crashes found)...[0m
[1;94m[*] [0mFuzzing test case #211 (285 total, 21 uniq crashes found)...[0m
[1;94m[*] [0mFuzzing test case #214 (285 total, 21 uniq crashes found)...[0m
[1;94m[*] [0mFuzzing test case #224 (285 total, 21 uniq crashes found)...[0m
[1;94m[*] [0mFuzzing test case #225 (285 total, 21 uniq crashes found)...[0m
[1;94m[*] [0mFuzzing test case #227 (285 total, 21 uniq crashes found)...[0m
[1;94m[*] [0mFuzzing test case #229 (285 total, 21 uniq crashes found)...[0m
[1;94m[*] [0mFuzzing test case #232 (285 total, 21 uniq crashes found)...[0m
[1;94m[*] [0mFuzzing test case #234 (285 total, 21 uniq crashes found)...[0m
[1;94m[*] [0mFuzzing test case #235 (285 total, 21 uniq crashes found)...[0m
[1;94m[*] [0mFuzzing test case #239 (285 total, 21 uniq crashes found)...[0m
[1;94m[*] [0mFuzzing test case #240 (285 total, 21 uniq crashes found)...[0m
[1;94m[*] [0mFuzzing test case #243 (285 total, 21 uniq crashes found)...[0m
[1;94m[*] [0mFuzzing test case #244 (285 total, 21 uniq crashes found)...[0m
[1;94m[*] [0mFuzzing test case #245 (285 total, 21 uniq crashes found)...[0m
[1;94m[*] [0mFuzzing test case #247 (285 total, 21 uniq crashes found)...[0m
[1;94m[*] [0mFuzzing test case #248 (285 total, 21 uniq crashes found)...[0m
[1;94m[*] [0mFuzzing test case #249 (285 total, 21 uniq crashes found)...[0m
[1;94m[*] [0mFuzzing test case #253 (285 total, 21 uniq crashes found)...[0m
[1;94m[*] [0mFuzzing test case #256 (285 total, 21 uniq crashes found)...[0m
[1;94m[*] [0mFuzzing test case #258 (285 total, 21 uniq crashes found)...[0m
[1;94m[*] [0mFuzzing test case #260 (285 total, 21 uniq crashes found)...[0m
[1;94m[*] [0mFuzzing test case #261 (285 total, 21 uniq crashes found)...[0m
[1;94m[*] [0mFuzzing test case #262 (285 total, 21 uniq crashes found)...[0m
[1;94m[*] [0mFuzzing test case #264 (285 total, 21 uniq crashes found)...[0m
[1;94m[*] [0mFuzzing test case #268 (285 total, 21 uniq crashes found)...[0m
[?25h[1;91m

+++ Testing aborted by user +++
[0m[1;92m[+] [0mWe're done here. Have a nice day!
[0m
Child is executing...
afl-fuzz -i /tmp/QuickChick/171530/input -o /tmp/QuickChick/171530/output /tmp/QuickChick/171530/QuickChickabb3b9 @@
Parent is sleeping for 600 seconds...
cp /tmp/QuickChick/171530/output/fuzzer_stats output/171530