QuickChecking (testMutantX prop_SSNI_arbitrary exp_result_fuzz 14)
Extracted ML file: /tmp/QuickChick/170521/QuickChick94152f.ml
Compile command: ocamlopt unix.cmxa /home/lemonidas/.opam/4.04.0+afl/lib/afl-persistent/afl-persistent.cmxa -unsafe-string -rectypes -w a -I /tmp/QuickChick/170521 -I /home/lemonidas/.opam/4.04.0+afl/lib/afl-persistent/ -I /home/lemonidas/.opam/4.04.0+afl/lib/coq/user-contrib/QuickChick /home/lemonidas/.opam/4.04.0+afl/lib/coq/user-contrib/QuickChick/quickChickLib.cmx /tmp/QuickChick/170521/QuickChick94152f.ml -o /tmp/QuickChick/170521/QuickChick94152f
/tmp/QuickChick/170521/input
[0;36mafl-fuzz [1;97m2.52b[0m by <lcamtuf@google.com>
[1;92m[+] [0mLooks like we're not running on a tty, so I'll be a bit less verbose.[0m
[1;92m[+] [0mYou have 8 CPU cores and 1 runnable tasks (utilization: 12%).[0m
[1;92m[+] [0mTry parallel jobs - see docs/parallel_fuzzing.txt.[0m
[1;94m[*] [0mChecking CPU core loadout...[0m
[1;92m[+] [0mFound a free CPU core, binding to #0.[0m
[1;94m[*] [0mChecking core_pattern...[0m
[1;94m[*] [0mChecking CPU scaling governor...[0m
[1;94m[*] [0mSetting up output directories...[0m
[1;94m[*] [0mScanning '/tmp/QuickChick/170521/input'...[0m
[1;92m[+] [0mNo auto-generated dictionary tokens to reuse.[0m
[1;94m[*] [0mCreating hard links for all input files...[0m
[1;94m[*] [0mValidating target binary...[0m
[1;94m[*] [0mAttempting dry run with 'id:000000,orig:seed1'...[0m
[1;94m[*] [0mSpinning up the fork server...[0m
[1;92m[+] [0mAll right - fork server is up.[0m
[1;90m    len = 11, map size = 377, exec speed = 376 us
[0m[1;94m[*] [0mAttempting dry run with 'id:000001,orig:seed2'...[0m
[1;90m    len = 11, map size = 389, exec speed = 320 us
[0m[1;94m[*] [0mAttempting dry run with 'id:000002,orig:seed3'...[0m
[1;90m    len = 11, map size = 369, exec speed = 291 us
[0m[1;92m[+] [0mAll test cases processed.[0m

[1;92m[+] [0mHere are some useful stats:

[1;90m    Test case count : [0m2 favored, 0 variable, 3 total
[1;90m       Bitmap range : [0m369 to 389 bits (average: 378.33 bits)
[1;90m        Exec timing : [0m291 to 376 us (average: 329 us)
[0m
[1;94m[*] [0mNo -t option specified, so I'll use exec timeout of 20 ms.[0m
[1;92m[+] [0mAll set and ready to roll![0m
[1;94m[*] [0mEntering queue cycle 1.[0m
[1;94m[*] [0mFuzzing test case #1 (3 total, 0 uniq crashes found)...[0m
[1;94m[*] [0mFuzzing test case #44 (116 total, 0 uniq crashes found)...[0m
[1;94m[*] [0mFuzzing test case #59 (132 total, 0 uniq crashes found)...[0m
[1;94m[*] [0mFuzzing test case #67 (142 total, 0 uniq crashes found)...[0m
[1;94m[*] [0mFuzzing test case #78 (142 total, 0 uniq crashes found)...[0m
[1;94m[*] [0mFuzzing test case #80 (158 total, 0 uniq crashes found)...[0m
[1;94m[*] [0mFuzzing test case #81 (158 total, 0 uniq crashes found)...[0m
[1;94m[*] [0mFuzzing test case #87 (158 total, 0 uniq crashes found)...[0m
[1;94m[*] [0mFuzzing test case #90 (174 total, 0 uniq crashes found)...[0m
[1;94m[*] [0mFuzzing test case #91 (174 total, 0 uniq crashes found)...[0m
[1;94m[*] [0mFuzzing test case #92 (174 total, 0 uniq crashes found)...[0m
[1;94m[*] [0mFuzzing test case #93 (174 total, 0 uniq crashes found)...[0m
[1;94m[*] [0mFuzzing test case #97 (176 total, 0 uniq crashes found)...[0m
[1;94m[*] [0mFuzzing test case #99 (177 total, 0 uniq crashes found)...[0m
[1;94m[*] [0mFuzzing test case #101 (178 total, 0 uniq crashes found)...[0m
[1;94m[*] [0mFuzzing test case #102 (178 total, 0 uniq crashes found)...[0m
[1;94m[*] [0mFuzzing test case #105 (179 total, 0 uniq crashes found)...[0m
[1;94m[*] [0mFuzzing test case #107 (229 total, 0 uniq crashes found)...[0m
[1;94m[*] [0mFuzzing test case #108 (241 total, 0 uniq crashes found)...[0m
[1;94m[*] [0mFuzzing test case #110 (263 total, 0 uniq crashes found)...[0m
[1;94m[*] [0mFuzzing test case #111 (263 total, 0 uniq crashes found)...[0m
[1;94m[*] [0mFuzzing test case #112 (266 total, 0 uniq crashes found)...[0m
[1;94m[*] [0mFuzzing test case #115 (271 total, 0 uniq crashes found)...[0m
[1;94m[*] [0mFuzzing test case #118 (271 total, 0 uniq crashes found)...[0m
[1;94m[*] [0mFuzzing test case #120 (294 total, 0 uniq crashes found)...[0m
[1;94m[*] [0mFuzzing test case #122 (301 total, 0 uniq crashes found)...[0m
[1;94m[*] [0mFuzzing test case #126 (301 total, 0 uniq crashes found)...[0m
[1;94m[*] [0mFuzzing test case #127 (301 total, 0 uniq crashes found)...[0m
[1;94m[*] [0mFuzzing test case #128 (301 total, 0 uniq crashes found)...[0m
[1;94m[*] [0mFuzzing test case #133 (301 total, 0 uniq crashes found)...[0m
[1;94m[*] [0mFuzzing test case #134 (301 total, 0 uniq crashes found)...[0m
[1;94m[*] [0mFuzzing test case #135 (303 total, 0 uniq crashes found)...[0m
[1;94m[*] [0mFuzzing test case #136 (317 total, 0 uniq crashes found)...[0m
[1;94m[*] [0mFuzzing test case #137 (318 total, 0 uniq crashes found)...[0m
[1;94m[*] [0mFuzzing test case #139 (318 total, 0 uniq crashes found)...[0m
[1;94m[*] [0mFuzzing test case #140 (318 total, 0 uniq crashes found)...[0m
[1;94m[*] [0mFuzzing test case #143 (320 total, 0 uniq crashes found)...[0m
[1;94m[*] [0mFuzzing test case #145 (320 total, 0 uniq crashes found)...[0m
[1;94m[*] [0mFuzzing test case #149 (321 total, 0 uniq crashes found)...[0m
[1;94m[*] [0mFuzzing test case #153 (321 total, 0 uniq crashes found)...[0m
[1;94m[*] [0mFuzzing test case #158 (321 total, 0 uniq crashes found)...[0m
[1;94m[*] [0mFuzzing test case #159 (321 total, 0 uniq crashes found)...[0m
[1;94m[*] [0mFuzzing test case #160 (321 total, 0 uniq crashes found)...[0m
[1;94m[*] [0mFuzzing test case #164 (321 total, 0 uniq crashes found)...[0m
[1;94m[*] [0mFuzzing test case #166 (321 total, 0 uniq crashes found)...[0m
[1;94m[*] [0mFuzzing test case #167 (321 total, 0 uniq crashes found)...[0m
[1;94m[*] [0mFuzzing test case #168 (322 total, 0 uniq crashes found)...[0m
[1;94m[*] [0mFuzzing test case #170 (322 total, 0 uniq crashes found)...[0m
[1;94m[*] [0mFuzzing test case #172 (322 total, 0 uniq crashes found)...[0m
[1;94m[*] [0mFuzzing test case #173 (322 total, 0 uniq crashes found)...[0m
[1;94m[*] [0mFuzzing test case #176 (322 total, 0 uniq crashes found)...[0m
[1;94m[*] [0mFuzzing test case #177 (324 total, 0 uniq crashes found)...[0m
[1;94m[*] [0mFuzzing test case #180 (324 total, 0 uniq crashes found)...[0m
[1;94m[*] [0mFuzzing test case #184 (325 total, 0 uniq crashes found)...[0m
[1;94m[*] [0mFuzzing test case #189 (325 total, 0 uniq crashes found)...[0m
[1;94m[*] [0mFuzzing test case #192 (325 total, 0 uniq crashes found)...[0m
[1;94m[*] [0mFuzzing test case #198 (325 total, 0 uniq crashes found)...[0m
[1;94m[*] [0mFuzzing test case #200 (326 total, 0 uniq crashes found)...[0m
[1;94m[*] [0mFuzzing test case #204 (326 total, 0 uniq crashes found)...[0m
[1;94m[*] [0mFuzzing test case #207 (326 total, 0 uniq crashes found)...[0m
[1;94m[*] [0mFuzzing test case #212 (326 total, 0 uniq crashes found)...[0m
[1;94m[*] [0mFuzzing test case #214 (326 total, 0 uniq crashes found)...[0m
[1;94m[*] [0mFuzzing test case #225 (327 total, 0 uniq crashes found)...[0m
[1;94m[*] [0mFuzzing test case #233 (328 total, 0 uniq crashes found)...[0m
[1;94m[*] [0mFuzzing test case #234 (332 total, 0 uniq crashes found)...[0m
[1;94m[*] [0mFuzzing test case #242 (332 total, 0 uniq crashes found)...[0m
[1;94m[*] [0mFuzzing test case #246 (333 total, 0 uniq crashes found)...[0m
[1;94m[*] [0mFuzzing test case #247 (344 total, 0 uniq crashes found)...[0m
[1;94m[*] [0mFuzzing test case #256 (344 total, 0 uniq crashes found)...[0m
[1;94m[*] [0mFuzzing test case #259 (350 total, 0 uniq crashes found)...[0m
[1;94m[*] [0mFuzzing test case #263 (353 total, 0 uniq crashes found)...[0m
[1;94m[*] [0mFuzzing test case #264 (353 total, 0 uniq crashes found)...[0m
[1;94m[*] [0mFuzzing test case #265 (353 total, 0 uniq crashes found)...[0m
[1;94m[*] [0mFuzzing test case #266 (355 total, 0 uniq crashes found)...[0m
[1;94m[*] [0mFuzzing test case #267 (355 total, 0 uniq crashes found)...[0m
[1;94m[*] [0mFuzzing test case #268 (355 total, 0 uniq crashes found)...[0m
[1;94m[*] [0mFuzzing test case #269 (355 total, 0 uniq crashes found)...[0m
[1;94m[*] [0mFuzzing test case #270 (356 total, 0 uniq crashes found)...[0m
[1;94m[*] [0mFuzzing test case #271 (357 total, 0 uniq crashes found)...[0m
[1;94m[*] [0mFuzzing test case #272 (357 total, 0 uniq crashes found)...[0m
[1;94m[*] [0mFuzzing test case #273 (360 total, 0 uniq crashes found)...[0m
[1;94m[*] [0mFuzzing test case #274 (360 total, 0 uniq crashes found)...[0m
[1;94m[*] [0mFuzzing test case #276 (360 total, 0 uniq crashes found)...[0m
[1;94m[*] [0mFuzzing test case #278 (360 total, 0 uniq crashes found)...[0m
[1;94m[*] [0mFuzzing test case #279 (360 total, 0 uniq crashes found)...[0m
[1;94m[*] [0mFuzzing test case #280 (360 total, 0 uniq crashes found)...[0m
[1;94m[*] [0mFuzzing test case #281 (360 total, 0 uniq crashes found)...[0m
[1;94m[*] [0mFuzzing test case #282 (360 total, 0 uniq crashes found)...[0m
[1;94m[*] [0mFuzzing test case #283 (364 total, 0 uniq crashes found)...[0m
[1;94m[*] [0mFuzzing test case #284 (364 total, 0 uniq crashes found)...[0m
[1;94m[*] [0mFuzzing test case #285 (364 total, 0 uniq crashes found)...[0m
[1;94m[*] [0mFuzzing test case #286 (364 total, 0 uniq crashes found)...[0m
[1;94m[*] [0mFuzzing test case #289 (364 total, 0 uniq crashes found)...[0m
[1;94m[*] [0mFuzzing test case #292 (364 total, 0 uniq crashes found)...[0m
[1;94m[*] [0mFuzzing test case #293 (364 total, 0 uniq crashes found)...[0m
[1;94m[*] [0mFuzzing test case #294 (364 total, 0 uniq crashes found)...[0m
[1;94m[*] [0mFuzzing test case #295 (364 total, 0 uniq crashes found)...[0m
[1;94m[*] [0mFuzzing test case #296 (364 total, 0 uniq crashes found)...[0m
[1;94m[*] [0mFuzzing test case #298 (364 total, 0 uniq crashes found)...[0m
[1;94m[*] [0mFuzzing test case #299 (364 total, 0 uniq crashes found)...[0m
[1;94m[*] [0mFuzzing test case #302 (364 total, 0 uniq crashes found)...[0m
[1;94m[*] [0mFuzzing test case #305 (369 total, 0 uniq crashes found)...[0m
[1;94m[*] [0mFuzzing test case #306 (369 total, 0 uniq crashes found)...[0m
[1;94m[*] [0mFuzzing test case #307 (369 total, 0 uniq crashes found)...[0m
[1;94m[*] [0mFuzzing test case #308 (369 total, 0 uniq crashes found)...[0m
[1;94m[*] [0mFuzzing test case #317 (375 total, 0 uniq crashes found)...[0m
[1;94m[*] [0mFuzzing test case #318 (375 total, 0 uniq crashes found)...[0m
[1;94m[*] [0mFuzzing test case #321 (376 total, 0 uniq crashes found)...[0m
[1;94m[*] [0mFuzzing test case #322 (376 total, 0 uniq crashes found)...[0m
[1;94m[*] [0mFuzzing test case #323 (377 total, 0 uniq crashes found)...[0m
[1;94m[*] [0mFuzzing test case #325 (378 total, 0 uniq crashes found)...[0m
[1;94m[*] [0mFuzzing test case #326 (378 total, 0 uniq crashes found)...[0m
[1;94m[*] [0mFuzzing test case #327 (378 total, 0 uniq crashes found)...[0m
[?25h[1;91m

+++ Testing aborted by user +++
[0m[1;92m[+] [0mWe're done here. Have a nice day!
[0m
Child is executing...
afl-fuzz -i /tmp/QuickChick/170521/input -o /tmp/QuickChick/170521/output /tmp/QuickChick/170521/QuickChick94152f @@
Parent is sleeping for 600 seconds...
cp /tmp/QuickChick/170521/output/fuzzer_stats output/170521