QuickChecking (testMutantX prop_SSNI_arbmedium exp_result_fuzz 6)
Extracted ML file: /tmp/QuickChick/143312/QuickChick81b4d9.ml
Compile command: ocamlopt unix.cmxa /home/lemonidas/.opam/4.04.0+afl/lib/afl-persistent/afl-persistent.cmxa -unsafe-string -rectypes -w a -I /tmp/QuickChick/143312 -I /home/lemonidas/.opam/4.04.0+afl/lib/afl-persistent/ -I /home/lemonidas/.opam/4.04.0+afl/lib/coq/user-contrib/QuickChick /home/lemonidas/.opam/4.04.0+afl/lib/coq/user-contrib/QuickChick/quickChickLib.cmx /tmp/QuickChick/143312/QuickChick81b4d9.ml -o /tmp/QuickChick/143312/QuickChick81b4d9
/tmp/QuickChick/143312/input
[0;36mafl-fuzz [1;97m2.52b[0m by <lcamtuf@google.com>
[1;92m[+] [0mLooks like we're not running on a tty, so I'll be a bit less verbose.[0m
[1;92m[+] [0mYou have 8 CPU cores and 1 runnable tasks (utilization: 12%).[0m
[1;92m[+] [0mTry parallel jobs - see docs/parallel_fuzzing.txt.[0m
[1;94m[*] [0mChecking CPU core loadout...[0m
[1;92m[+] [0mFound a free CPU core, binding to #0.[0m
[1;94m[*] [0mChecking core_pattern...[0m
[1;94m[*] [0mChecking CPU scaling governor...[0m
[1;94m[*] [0mSetting up output directories...[0m
[1;94m[*] [0mScanning '/tmp/QuickChick/143312/input'...[0m
[1;92m[+] [0mNo auto-generated dictionary tokens to reuse.[0m
[1;94m[*] [0mCreating hard links for all input files...[0m
[1;94m[*] [0mValidating target binary...[0m
[1;94m[*] [0mAttempting dry run with 'id:000000,orig:seed1'...[0m
[1;94m[*] [0mSpinning up the fork server...[0m
[1;92m[+] [0mAll right - fork server is up.[0m
[1;90m    len = 11, map size = 385, exec speed = 384 us
[0m[1;94m[*] [0mAttempting dry run with 'id:000001,orig:seed2'...[0m
[1;90m    len = 11, map size = 397, exec speed = 313 us
[0m[1;94m[*] [0mAttempting dry run with 'id:000002,orig:seed3'...[0m
[1;90m    len = 11, map size = 377, exec speed = 284 us
[0m[1;92m[+] [0mAll test cases processed.[0m

[1;92m[+] [0mHere are some useful stats:

[1;90m    Test case count : [0m2 favored, 0 variable, 3 total
[1;90m       Bitmap range : [0m377 to 397 bits (average: 386.33 bits)
[1;90m        Exec timing : [0m284 to 384 us (average: 327 us)
[0m
[1;94m[*] [0mNo -t option specified, so I'll use exec timeout of 20 ms.[0m
[1;92m[+] [0mAll set and ready to roll![0m
[1;94m[*] [0mEntering queue cycle 1.[0m
[1;94m[*] [0mFuzzing test case #1 (3 total, 0 uniq crashes found)...[0m
[1;94m[*] [0mFuzzing test case #17 (218 total, 13 uniq crashes found)...[0m
[1;94m[*] [0mFuzzing test case #44 (218 total, 13 uniq crashes found)...[0m
[1;94m[*] [0mFuzzing test case #46 (247 total, 21 uniq crashes found)...[0m
[1;94m[*] [0mFuzzing test case #47 (266 total, 25 uniq crashes found)...[0m
[1;94m[*] [0mFuzzing test case #53 (266 total, 25 uniq crashes found)...[0m
[1;94m[*] [0mFuzzing test case #59 (266 total, 25 uniq crashes found)...[0m
[1;94m[*] [0mFuzzing test case #62 (267 total, 25 uniq crashes found)...[0m
[1;94m[*] [0mFuzzing test case #77 (267 total, 25 uniq crashes found)...[0m
[1;94m[*] [0mFuzzing test case #79 (267 total, 25 uniq crashes found)...[0m
[1;94m[*] [0mFuzzing test case #80 (267 total, 26 uniq crashes found)...[0m
[1;94m[*] [0mFuzzing test case #85 (267 total, 26 uniq crashes found)...[0m
[1;94m[*] [0mFuzzing test case #91 (267 total, 26 uniq crashes found)...[0m
[1;94m[*] [0mFuzzing test case #92 (269 total, 26 uniq crashes found)...[0m
[1;94m[*] [0mFuzzing test case #97 (269 total, 26 uniq crashes found)...[0m
[1;94m[*] [0mFuzzing test case #104 (269 total, 26 uniq crashes found)...[0m
[1;94m[*] [0mFuzzing test case #109 (269 total, 26 uniq crashes found)...[0m
[1;94m[*] [0mFuzzing test case #110 (270 total, 26 uniq crashes found)...[0m
[1;94m[*] [0mFuzzing test case #112 (271 total, 26 uniq crashes found)...[0m
[1;94m[*] [0mFuzzing test case #114 (271 total, 26 uniq crashes found)...[0m
[1;94m[*] [0mFuzzing test case #115 (271 total, 26 uniq crashes found)...[0m
[1;94m[*] [0mFuzzing test case #116 (271 total, 26 uniq crashes found)...[0m
[1;94m[*] [0mFuzzing test case #117 (271 total, 26 uniq crashes found)...[0m
[1;94m[*] [0mFuzzing test case #127 (271 total, 26 uniq crashes found)...[0m
[1;94m[*] [0mFuzzing test case #128 (271 total, 26 uniq crashes found)...[0m
[1;94m[*] [0mFuzzing test case #134 (271 total, 27 uniq crashes found)...[0m
[1;94m[*] [0mFuzzing test case #135 (271 total, 27 uniq crashes found)...[0m
[1;94m[*] [0mFuzzing test case #137 (271 total, 27 uniq crashes found)...[0m
[1;94m[*] [0mFuzzing test case #140 (271 total, 27 uniq crashes found)...[0m
[1;94m[*] [0mFuzzing test case #141 (271 total, 27 uniq crashes found)...[0m
[1;94m[*] [0mFuzzing test case #143 (271 total, 28 uniq crashes found)...[0m
[1;94m[*] [0mFuzzing test case #145 (272 total, 28 uniq crashes found)...[0m
[1;94m[*] [0mFuzzing test case #146 (272 total, 28 uniq crashes found)...[0m
[1;94m[*] [0mFuzzing test case #147 (272 total, 28 uniq crashes found)...[0m
[1;94m[*] [0mFuzzing test case #150 (273 total, 28 uniq crashes found)...[0m
[1;94m[*] [0mFuzzing test case #151 (273 total, 28 uniq crashes found)...[0m
[1;94m[*] [0mFuzzing test case #153 (273 total, 28 uniq crashes found)...[0m
[1;94m[*] [0mFuzzing test case #158 (273 total, 28 uniq crashes found)...[0m
[1;94m[*] [0mFuzzing test case #162 (273 total, 28 uniq crashes found)...[0m
[1;94m[*] [0mFuzzing test case #163 (274 total, 28 uniq crashes found)...[0m
[1;94m[*] [0mFuzzing test case #166 (274 total, 28 uniq crashes found)...[0m
[1;94m[*] [0mFuzzing test case #168 (274 total, 28 uniq crashes found)...[0m
[1;94m[*] [0mFuzzing test case #169 (274 total, 28 uniq crashes found)...[0m
[1;94m[*] [0mFuzzing test case #171 (274 total, 28 uniq crashes found)...[0m
[1;94m[*] [0mFuzzing test case #173 (274 total, 28 uniq crashes found)...[0m
[1;94m[*] [0mFuzzing test case #174 (276 total, 28 uniq crashes found)...[0m
[1;94m[*] [0mFuzzing test case #176 (276 total, 28 uniq crashes found)...[0m
[1;94m[*] [0mFuzzing test case #177 (276 total, 28 uniq crashes found)...[0m
[1;94m[*] [0mFuzzing test case #178 (276 total, 28 uniq crashes found)...[0m
[1;94m[*] [0mFuzzing test case #179 (276 total, 28 uniq crashes found)...[0m
[1;94m[*] [0mFuzzing test case #181 (277 total, 29 uniq crashes found)...[0m
[1;94m[*] [0mFuzzing test case #182 (277 total, 29 uniq crashes found)...[0m
[1;94m[*] [0mFuzzing test case #185 (277 total, 29 uniq crashes found)...[0m
[1;94m[*] [0mFuzzing test case #186 (277 total, 29 uniq crashes found)...[0m
[1;94m[*] [0mFuzzing test case #190 (278 total, 30 uniq crashes found)...[0m
[1;94m[*] [0mFuzzing test case #192 (278 total, 30 uniq crashes found)...[0m
[1;94m[*] [0mFuzzing test case #193 (278 total, 30 uniq crashes found)...[0m
[1;94m[*] [0mFuzzing test case #194 (278 total, 30 uniq crashes found)...[0m
[1;94m[*] [0mFuzzing test case #197 (278 total, 30 uniq crashes found)...[0m
[1;94m[*] [0mFuzzing test case #201 (278 total, 30 uniq crashes found)...[0m
[1;94m[*] [0mFuzzing test case #205 (279 total, 30 uniq crashes found)...[0m
[1;94m[*] [0mFuzzing test case #206 (279 total, 30 uniq crashes found)...[0m
[1;94m[*] [0mFuzzing test case #207 (279 total, 31 uniq crashes found)...[0m
[1;94m[*] [0mFuzzing test case #212 (279 total, 31 uniq crashes found)...[0m
[1;94m[*] [0mFuzzing test case #213 (279 total, 31 uniq crashes found)...[0m
[1;94m[*] [0mFuzzing test case #214 (279 total, 31 uniq crashes found)...[0m
[1;94m[*] [0mFuzzing test case #222 (279 total, 32 uniq crashes found)...[0m
[1;94m[*] [0mFuzzing test case #224 (279 total, 32 uniq crashes found)...[0m
[1;94m[*] [0mFuzzing test case #226 (279 total, 33 uniq crashes found)...[0m
[1;94m[*] [0mFuzzing test case #227 (279 total, 33 uniq crashes found)...[0m
[1;94m[*] [0mFuzzing test case #229 (279 total, 33 uniq crashes found)...[0m
[1;94m[*] [0mFuzzing test case #230 (279 total, 33 uniq crashes found)...[0m
[1;94m[*] [0mFuzzing test case #234 (279 total, 33 uniq crashes found)...[0m
[1;94m[*] [0mFuzzing test case #235 (279 total, 34 uniq crashes found)...[0m
[1;94m[*] [0mFuzzing test case #237 (279 total, 34 uniq crashes found)...[0m
[1;94m[*] [0mFuzzing test case #240 (279 total, 34 uniq crashes found)...[0m
[1;94m[*] [0mFuzzing test case #241 (279 total, 34 uniq crashes found)...[0m
[1;94m[*] [0mFuzzing test case #245 (279 total, 34 uniq crashes found)...[0m
[1;94m[*] [0mFuzzing test case #246 (280 total, 34 uniq crashes found)...[0m
[1;94m[*] [0mFuzzing test case #247 (280 total, 34 uniq crashes found)...[0m
[1;94m[*] [0mFuzzing test case #250 (280 total, 34 uniq crashes found)...[0m
[1;94m[*] [0mFuzzing test case #251 (281 total, 34 uniq crashes found)...[0m
[1;94m[*] [0mFuzzing test case #255 (281 total, 34 uniq crashes found)...[0m
[1;94m[*] [0mFuzzing test case #256 (281 total, 34 uniq crashes found)...[0m
[1;94m[*] [0mFuzzing test case #257 (281 total, 34 uniq crashes found)...[0m
[1;94m[*] [0mFuzzing test case #258 (281 total, 34 uniq crashes found)...[0m
[1;94m[*] [0mFuzzing test case #259 (281 total, 34 uniq crashes found)...[0m
[1;94m[*] [0mFuzzing test case #262 (281 total, 34 uniq crashes found)...[0m
[1;94m[*] [0mFuzzing test case #269 (281 total, 34 uniq crashes found)...[0m
[1;94m[*] [0mFuzzing test case #275 (281 total, 34 uniq crashes found)...[0m
[1;94m[*] [0mFuzzing test case #277 (281 total, 34 uniq crashes found)...[0m
[1;94m[*] [0mFuzzing test case #280 (281 total, 34 uniq crashes found)...[0m
[1;94m[*] [0mEntering queue cycle 2.[0m
[1;94m[*] [0mFuzzing test case #83 (281 total, 34 uniq crashes found)...[0m
[1;94m[*] [0mFuzzing test case #85 (281 total, 34 uniq crashes found)...[0m
[1;94m[*] [0mFuzzing test case #92 (281 total, 34 uniq crashes found)...[0m
[1;94m[*] [0mFuzzing test case #99 (281 total, 34 uniq crashes found)...[0m
[1;94m[*] [0mFuzzing test case #104 (281 total, 34 uniq crashes found)...[0m
[1;94m[*] [0mFuzzing test case #106 (281 total, 34 uniq crashes found)...[0m
[1;94m[*] [0mFuzzing test case #109 (281 total, 34 uniq crashes found)...[0m
[1;94m[*] [0mFuzzing test case #110 (281 total, 34 uniq crashes found)...[0m
[1;94m[*] [0mFuzzing test case #111 (281 total, 34 uniq crashes found)...[0m
[1;94m[*] [0mFuzzing test case #113 (281 total, 34 uniq crashes found)...[0m
[1;94m[*] [0mFuzzing test case #114 (281 total, 34 uniq crashes found)...[0m
[1;94m[*] [0mFuzzing test case #115 (281 total, 34 uniq crashes found)...[0m
[1;94m[*] [0mFuzzing test case #116 (281 total, 34 uniq crashes found)...[0m
[1;94m[*] [0mFuzzing test case #117 (281 total, 34 uniq crashes found)...[0m
[1;94m[*] [0mFuzzing test case #121 (281 total, 34 uniq crashes found)...[0m
[1;94m[*] [0mFuzzing test case #123 (281 total, 34 uniq crashes found)...[0m
[1;94m[*] [0mFuzzing test case #124 (281 total, 34 uniq crashes found)...[0m
[1;94m[*] [0mFuzzing test case #127 (281 total, 34 uniq crashes found)...[0m
[1;94m[*] [0mFuzzing test case #128 (281 total, 34 uniq crashes found)...[0m
[1;94m[*] [0mFuzzing test case #130 (281 total, 34 uniq crashes found)...[0m
[1;94m[*] [0mFuzzing test case #131 (281 total, 34 uniq crashes found)...[0m
[1;94m[*] [0mFuzzing test case #135 (281 total, 34 uniq crashes found)...[0m
[1;94m[*] [0mFuzzing test case #137 (281 total, 34 uniq crashes found)...[0m
[1;94m[*] [0mFuzzing test case #140 (281 total, 34 uniq crashes found)...[0m
[1;94m[*] [0mFuzzing test case #141 (281 total, 34 uniq crashes found)...[0m
[1;94m[*] [0mFuzzing test case #143 (281 total, 34 uniq crashes found)...[0m
[1;94m[*] [0mFuzzing test case #146 (281 total, 34 uniq crashes found)...[0m
[1;94m[*] [0mFuzzing test case #147 (281 total, 34 uniq crashes found)...[0m
[1;94m[*] [0mFuzzing test case #148 (281 total, 34 uniq crashes found)...[0m
[1;94m[*] [0mFuzzing test case #150 (281 total, 34 uniq crashes found)...[0m
[1;94m[*] [0mFuzzing test case #151 (281 total, 34 uniq crashes found)...[0m
[1;94m[*] [0mFuzzing test case #152 (281 total, 34 uniq crashes found)...[0m
[1;94m[*] [0mFuzzing test case #153 (281 total, 34 uniq crashes found)...[0m
[1;94m[*] [0mFuzzing test case #157 (281 total, 34 uniq crashes found)...[0m
[1;94m[*] [0mFuzzing test case #158 (281 total, 34 uniq crashes found)...[0m
[1;94m[*] [0mFuzzing test case #161 (281 total, 34 uniq crashes found)...[0m
[1;94m[*] [0mFuzzing test case #162 (282 total, 34 uniq crashes found)...[0m
[1;94m[*] [0mFuzzing test case #163 (282 total, 34 uniq crashes found)...[0m
[1;94m[*] [0mFuzzing test case #166 (282 total, 34 uniq crashes found)...[0m
[1;94m[*] [0mFuzzing test case #167 (282 total, 34 uniq crashes found)...[0m
[1;94m[*] [0mFuzzing test case #169 (282 total, 34 uniq crashes found)...[0m
[1;94m[*] [0mFuzzing test case #171 (282 total, 34 uniq crashes found)...[0m
[1;94m[*] [0mFuzzing test case #173 (282 total, 34 uniq crashes found)...[0m
[1;94m[*] [0mFuzzing test case #174 (282 total, 34 uniq crashes found)...[0m
[1;94m[*] [0mFuzzing test case #176 (282 total, 34 uniq crashes found)...[0m
[1;94m[*] [0mFuzzing test case #177 (282 total, 34 uniq crashes found)...[0m
[1;94m[*] [0mFuzzing test case #178 (282 total, 34 uniq crashes found)...[0m
[1;94m[*] [0mFuzzing test case #179 (282 total, 34 uniq crashes found)...[0m
[1;94m[*] [0mFuzzing test case #181 (282 total, 34 uniq crashes found)...[0m
[1;94m[*] [0mFuzzing test case #182 (282 total, 34 uniq crashes found)...[0m
[1;94m[*] [0mFuzzing test case #185 (282 total, 34 uniq crashes found)...[0m
[1;94m[*] [0mFuzzing test case #186 (282 total, 34 uniq crashes found)...[0m
[1;94m[*] [0mFuzzing test case #188 (282 total, 34 uniq crashes found)...[0m
[1;94m[*] [0mFuzzing test case #190 (282 total, 34 uniq crashes found)...[0m
[1;94m[*] [0mFuzzing test case #192 (282 total, 34 uniq crashes found)...[0m
[1;94m[*] [0mFuzzing test case #193 (282 total, 34 uniq crashes found)...[0m
[1;94m[*] [0mFuzzing test case #194 (282 total, 34 uniq crashes found)...[0m
[1;94m[*] [0mFuzzing test case #197 (282 total, 34 uniq crashes found)...[0m
[1;94m[*] [0mFuzzing test case #198 (282 total, 34 uniq crashes found)...[0m
[1;94m[*] [0mFuzzing test case #201 (282 total, 34 uniq crashes found)...[0m
[1;94m[*] [0mFuzzing test case #205 (282 total, 34 uniq crashes found)...[0m
[1;94m[*] [0mFuzzing test case #206 (282 total, 34 uniq crashes found)...[0m
[1;94m[*] [0mFuzzing test case #207 (282 total, 34 uniq crashes found)...[0m
[1;94m[*] [0mFuzzing test case #208 (282 total, 34 uniq crashes found)...[0m
[1;94m[*] [0mFuzzing test case #212 (282 total, 34 uniq crashes found)...[0m
[1;94m[*] [0mFuzzing test case #213 (282 total, 34 uniq crashes found)...[0m
[1;94m[*] [0mFuzzing test case #214 (282 total, 34 uniq crashes found)...[0m
[1;94m[*] [0mFuzzing test case #220 (282 total, 34 uniq crashes found)...[0m
[1;94m[*] [0mFuzzing test case #221 (282 total, 34 uniq crashes found)...[0m
[1;94m[*] [0mFuzzing test case #222 (282 total, 34 uniq crashes found)...[0m
[1;94m[*] [0mFuzzing test case #224 (282 total, 34 uniq crashes found)...[0m
[1;94m[*] [0mFuzzing test case #226 (282 total, 34 uniq crashes found)...[0m
[1;94m[*] [0mFuzzing test case #227 (282 total, 34 uniq crashes found)...[0m
[1;94m[*] [0mFuzzing test case #228 (282 total, 34 uniq crashes found)...[0m
[1;94m[*] [0mFuzzing test case #229 (282 total, 34 uniq crashes found)...[0m
[1;94m[*] [0mFuzzing test case #234 (282 total, 34 uniq crashes found)...[0m
[1;94m[*] [0mFuzzing test case #235 (282 total, 34 uniq crashes found)...[0m
[1;94m[*] [0mFuzzing test case #236 (282 total, 34 uniq crashes found)...[0m
[1;94m[*] [0mFuzzing test case #237 (282 total, 34 uniq crashes found)...[0m
[1;94m[*] [0mFuzzing test case #240 (282 total, 34 uniq crashes found)...[0m
[1;94m[*] [0mFuzzing test case #241 (282 total, 34 uniq crashes found)...[0m
[1;94m[*] [0mFuzzing test case #243 (282 total, 34 uniq crashes found)...[0m
[1;94m[*] [0mFuzzing test case #245 (282 total, 34 uniq crashes found)...[0m
[1;94m[*] [0mFuzzing test case #246 (282 total, 34 uniq crashes found)...[0m
[1;94m[*] [0mFuzzing test case #247 (282 total, 34 uniq crashes found)...[0m
[1;94m[*] [0mFuzzing test case #248 (282 total, 34 uniq crashes found)...[0m
[1;94m[*] [0mFuzzing test case #251 (282 total, 34 uniq crashes found)...[0m
[1;94m[*] [0mFuzzing test case #254 (282 total, 34 uniq crashes found)...[0m
[1;94m[*] [0mFuzzing test case #255 (282 total, 34 uniq crashes found)...[0m
[1;94m[*] [0mFuzzing test case #256 (282 total, 34 uniq crashes found)...[0m
[1;94m[*] [0mFuzzing test case #257 (282 total, 34 uniq crashes found)...[0m
[1;94m[*] [0mFuzzing test case #258 (282 total, 34 uniq crashes found)...[0m
[1;94m[*] [0mFuzzing test case #259 (282 total, 34 uniq crashes found)...[0m
[1;94m[*] [0mFuzzing test case #262 (282 total, 34 uniq crashes found)...[0m
[1;94m[*] [0mFuzzing test case #268 (282 total, 34 uniq crashes found)...[0m
[1;94m[*] [0mFuzzing test case #269 (282 total, 34 uniq crashes found)...[0m
[1;94m[*] [0mFuzzing test case #270 (282 total, 34 uniq crashes found)...[0m
[1;94m[*] [0mFuzzing test case #275 (282 total, 34 uniq crashes found)...[0m
[1;94m[*] [0mFuzzing test case #277 (282 total, 34 uniq crashes found)...[0m
[1;94m[*] [0mFuzzing test case #278 (282 total, 34 uniq crashes found)...[0m
[1;94m[*] [0mFuzzing test case #279 (282 total, 34 uniq crashes found)...[0m
[1;94m[*] [0mEntering queue cycle 3.[0m
[1;94m[*] [0mFuzzing test case #2 (282 total, 34 uniq crashes found)...[0m
[1;94m[*] [0mFuzzing test case #9 (282 total, 34 uniq crashes found)...[0m
[1;94m[*] [0mFuzzing test case #12 (282 total, 34 uniq crashes found)...[0m
[1;94m[*] [0mFuzzing test case #15 (282 total, 34 uniq crashes found)...[0m
[1;94m[*] [0mFuzzing test case #17 (282 total, 34 uniq crashes found)...[0m
[1;94m[*] [0mFuzzing test case #18 (282 total, 34 uniq crashes found)...[0m
[1;94m[*] [0mFuzzing test case #20 (282 total, 34 uniq crashes found)...[0m
[1;94m[*] [0mFuzzing test case #22 (282 total, 34 uniq crashes found)...[0m
[1;94m[*] [0mFuzzing test case #25 (282 total, 34 uniq crashes found)...[0m
[1;94m[*] [0mFuzzing test case #26 (282 total, 34 uniq crashes found)...[0m
[1;94m[*] [0mFuzzing test case #27 (282 total, 34 uniq crashes found)...[0m
[1;94m[*] [0mFuzzing test case #28 (282 total, 34 uniq crashes found)...[0m
[1;94m[*] [0mFuzzing test case #33 (282 total, 34 uniq crashes found)...[0m
[1;94m[*] [0mFuzzing test case #36 (282 total, 34 uniq crashes found)...[0m
[1;94m[*] [0mFuzzing test case #47 (282 total, 34 uniq crashes found)...[0m
[1;94m[*] [0mFuzzing test case #48 (282 total, 34 uniq crashes found)...[0m
[1;94m[*] [0mFuzzing test case #49 (282 total, 34 uniq crashes found)...[0m
[1;94m[*] [0mFuzzing test case #50 (282 total, 34 uniq crashes found)...[0m
[1;94m[*] [0mFuzzing test case #51 (282 total, 34 uniq crashes found)...[0m
[1;94m[*] [0mFuzzing test case #53 (282 total, 34 uniq crashes found)...[0m
[1;94m[*] [0mFuzzing test case #56 (282 total, 34 uniq crashes found)...[0m
[1;94m[*] [0mFuzzing test case #65 (282 total, 34 uniq crashes found)...[0m
[1;94m[*] [0mFuzzing test case #71 (282 total, 34 uniq crashes found)...[0m
[1;94m[*] [0mFuzzing test case #76 (282 total, 34 uniq crashes found)...[0m
[1;94m[*] [0mFuzzing test case #79 (282 total, 34 uniq crashes found)...[0m
[1;94m[*] [0mFuzzing test case #81 (282 total, 34 uniq crashes found)...[0m
[1;94m[*] [0mFuzzing test case #83 (282 total, 34 uniq crashes found)...[0m
[1;94m[*] [0mFuzzing test case #85 (282 total, 34 uniq crashes found)...[0m
[1;94m[*] [0mFuzzing test case #86 (282 total, 34 uniq crashes found)...[0m
[1;94m[*] [0mFuzzing test case #88 (282 total, 34 uniq crashes found)...[0m
[1;94m[*] [0mFuzzing test case #91 (282 total, 34 uniq crashes found)...[0m
[1;94m[*] [0mFuzzing test case #92 (282 total, 34 uniq crashes found)...[0m
[1;94m[*] [0mFuzzing test case #94 (282 total, 34 uniq crashes found)...[0m
[1;94m[*] [0mFuzzing test case #96 (282 total, 34 uniq crashes found)...[0m
[1;94m[*] [0mFuzzing test case #97 (282 total, 34 uniq crashes found)...[0m
[1;94m[*] [0mFuzzing test case #103 (282 total, 34 uniq crashes found)...[0m
[1;94m[*] [0mFuzzing test case #107 (282 total, 34 uniq crashes found)...[0m
[1;94m[*] [0mFuzzing test case #110 (282 total, 34 uniq crashes found)...[0m
[1;94m[*] [0mFuzzing test case #114 (282 total, 34 uniq crashes found)...[0m
[1;94m[*] [0mFuzzing test case #115 (282 total, 34 uniq crashes found)...[0m
[1;94m[*] [0mFuzzing test case #116 (282 total, 34 uniq crashes found)...[0m
[1;94m[*] [0mFuzzing test case #117 (282 total, 34 uniq crashes found)...[0m
[1;94m[*] [0mFuzzing test case #124 (282 total, 34 uniq crashes found)...[0m
[1;94m[*] [0mFuzzing test case #125 (282 total, 34 uniq crashes found)...[0m
[1;94m[*] [0mFuzzing test case #126 (282 total, 34 uniq crashes found)...[0m
[1;94m[*] [0mFuzzing test case #127 (282 total, 34 uniq crashes found)...[0m
[1;94m[*] [0mFuzzing test case #128 (282 total, 34 uniq crashes found)...[0m
[1;94m[*] [0mFuzzing test case #131 (282 total, 34 uniq crashes found)...[0m
[1;94m[*] [0mFuzzing test case #135 (282 total, 34 uniq crashes found)...[0m
[1;94m[*] [0mFuzzing test case #137 (282 total, 34 uniq crashes found)...[0m
[1;94m[*] [0mFuzzing test case #138 (282 total, 34 uniq crashes found)...[0m
[1;94m[*] [0mFuzzing test case #140 (282 total, 34 uniq crashes found)...[0m
[1;94m[*] [0mFuzzing test case #141 (282 total, 34 uniq crashes found)...[0m
[1;94m[*] [0mFuzzing test case #143 (282 total, 34 uniq crashes found)...[0m
[1;94m[*] [0mFuzzing test case #146 (282 total, 34 uniq crashes found)...[0m
[1;94m[*] [0mFuzzing test case #147 (282 total, 34 uniq crashes found)...[0m
[1;94m[*] [0mFuzzing test case #150 (282 total, 34 uniq crashes found)...[0m
[1;94m[*] [0mFuzzing test case #151 (282 total, 34 uniq crashes found)...[0m
[1;94m[*] [0mFuzzing test case #153 (282 total, 34 uniq crashes found)...[0m
[1;94m[*] [0mFuzzing test case #158 (282 total, 34 uniq crashes found)...[0m
[1;94m[*] [0mFuzzing test case #160 (282 total, 34 uniq crashes found)...[0m
[1;94m[*] [0mFuzzing test case #162 (282 total, 34 uniq crashes found)...[0m
[1;94m[*] [0mFuzzing test case #163 (282 total, 34 uniq crashes found)...[0m
[1;94m[*] [0mFuzzing test case #169 (282 total, 34 uniq crashes found)...[0m
[1;94m[*] [0mFuzzing test case #171 (282 total, 34 uniq crashes found)...[0m
[1;94m[*] [0mFuzzing test case #173 (282 total, 34 uniq crashes found)...[0m
[1;94m[*] [0mFuzzing test case #174 (282 total, 34 uniq crashes found)...[0m
[1;94m[*] [0mFuzzing test case #176 (282 total, 34 uniq crashes found)...[0m
[1;94m[*] [0mFuzzing test case #177 (282 total, 34 uniq crashes found)...[0m
[1;94m[*] [0mFuzzing test case #178 (282 total, 34 uniq crashes found)...[0m
[1;94m[*] [0mFuzzing test case #179 (282 total, 34 uniq crashes found)...[0m
[1;94m[*] [0mFuzzing test case #181 (282 total, 34 uniq crashes found)...[0m
[1;94m[*] [0mFuzzing test case #182 (282 total, 34 uniq crashes found)...[0m
[1;94m[*] [0mFuzzing test case #183 (282 total, 34 uniq crashes found)...[0m
[1;94m[*] [0mFuzzing test case #185 (282 total, 34 uniq crashes found)...[0m
[1;94m[*] [0mFuzzing test case #186 (282 total, 34 uniq crashes found)...[0m
[1;94m[*] [0mFuzzing test case #188 (282 total, 34 uniq crashes found)...[0m
[1;94m[*] [0mFuzzing test case #190 (282 total, 34 uniq crashes found)...[0m
[1;94m[*] [0mFuzzing test case #193 (282 total, 34 uniq crashes found)...[0m
[1;94m[*] [0mFuzzing test case #194 (282 total, 34 uniq crashes found)...[0m
[1;94m[*] [0mFuzzing test case #197 (282 total, 34 uniq crashes found)...[0m
[1;94m[*] [0mFuzzing test case #201 (282 total, 34 uniq crashes found)...[0m
[1;94m[*] [0mFuzzing test case #205 (282 total, 34 uniq crashes found)...[0m
[1;94m[*] [0mFuzzing test case #206 (282 total, 34 uniq crashes found)...[0m
[1;94m[*] [0mFuzzing test case #207 (282 total, 34 uniq crashes found)...[0m
[1;94m[*] [0mFuzzing test case #212 (282 total, 34 uniq crashes found)...[0m
[1;94m[*] [0mFuzzing test case #213 (282 total, 34 uniq crashes found)...[0m
[1;94m[*] [0mFuzzing test case #214 (282 total, 34 uniq crashes found)...[0m
[1;94m[*] [0mFuzzing test case #216 (282 total, 34 uniq crashes found)...[0m
[1;94m[*] [0mFuzzing test case #219 (282 total, 34 uniq crashes found)...[0m
[1;94m[*] [0mFuzzing test case #220 (282 total, 34 uniq crashes found)...[0m
[1;94m[*] [0mFuzzing test case #222 (282 total, 34 uniq crashes found)...[0m
[1;94m[*] [0mFuzzing test case #223 (282 total, 34 uniq crashes found)...[0m
[1;94m[*] [0mFuzzing test case #224 (282 total, 34 uniq crashes found)...[0m
[1;94m[*] [0mFuzzing test case #226 (282 total, 34 uniq crashes found)...[0m
[1;94m[*] [0mFuzzing test case #227 (282 total, 34 uniq crashes found)...[0m
[1;94m[*] [0mFuzzing test case #229 (282 total, 34 uniq crashes found)...[0m
[1;94m[*] [0mFuzzing test case #234 (282 total, 34 uniq crashes found)...[0m
[1;94m[*] [0mFuzzing test case #235 (282 total, 34 uniq crashes found)...[0m
[1;94m[*] [0mFuzzing test case #237 (282 total, 34 uniq crashes found)...[0m
[1;94m[*] [0mFuzzing test case #240 (282 total, 35 uniq crashes found)...[0m
[1;94m[*] [0mFuzzing test case #241 (282 total, 35 uniq crashes found)...[0m
[1;94m[*] [0mFuzzing test case #242 (282 total, 35 uniq crashes found)...[0m
[1;94m[*] [0mFuzzing test case #244 (282 total, 35 uniq crashes found)...[0m
[1;94m[*] [0mFuzzing test case #245 (282 total, 35 uniq crashes found)...[0m
[1;94m[*] [0mFuzzing test case #246 (282 total, 35 uniq crashes found)...[0m
[1;94m[*] [0mFuzzing test case #247 (282 total, 35 uniq crashes found)...[0m
[1;94m[*] [0mFuzzing test case #249 (282 total, 35 uniq crashes found)...[0m
[1;94m[*] [0mFuzzing test case #250 (282 total, 35 uniq crashes found)...[0m
[1;94m[*] [0mFuzzing test case #251 (282 total, 35 uniq crashes found)...[0m
[1;94m[*] [0mFuzzing test case #253 (282 total, 35 uniq crashes found)...[0m
[1;94m[*] [0mFuzzing test case #254 (282 total, 35 uniq crashes found)...[0m
[1;94m[*] [0mFuzzing test case #255 (282 total, 35 uniq crashes found)...[0m
[1;94m[*] [0mFuzzing test case #256 (282 total, 35 uniq crashes found)...[0m
[1;94m[*] [0mFuzzing test case #257 (282 total, 35 uniq crashes found)...[0m
[1;94m[*] [0mFuzzing test case #258 (282 total, 35 uniq crashes found)...[0m
[1;94m[*] [0mFuzzing test case #259 (282 total, 35 uniq crashes found)...[0m
[1;94m[*] [0mFuzzing test case #261 (282 total, 35 uniq crashes found)...[0m
[1;94m[*] [0mFuzzing test case #262 (282 total, 35 uniq crashes found)...[0m
[1;94m[*] [0mFuzzing test case #263 (282 total, 35 uniq crashes found)...[0m
[1;94m[*] [0mFuzzing test case #266 (282 total, 35 uniq crashes found)...[0m
[1;94m[*] [0mFuzzing test case #267 (282 total, 35 uniq crashes found)...[0m
[1;94m[*] [0mFuzzing test case #269 (282 total, 35 uniq crashes found)...[0m
[1;94m[*] [0mFuzzing test case #275 (282 total, 35 uniq crashes found)...[0m
[1;94m[*] [0mFuzzing test case #277 (282 total, 35 uniq crashes found)...[0m
[1;94m[*] [0mEntering queue cycle 4.[0m
[1;94m[*] [0mFuzzing test case #6 (282 total, 35 uniq crashes found)...[0m
[1;94m[*] [0mFuzzing test case #11 (282 total, 35 uniq crashes found)...[0m
[1;94m[*] [0mFuzzing test case #13 (282 total, 35 uniq crashes found)...[0m
[1;94m[*] [0mFuzzing test case #14 (282 total, 35 uniq crashes found)...[0m
[1;94m[*] [0mFuzzing test case #16 (282 total, 35 uniq crashes found)...[0m
[1;94m[*] [0mFuzzing test case #21 (282 total, 35 uniq crashes found)...[0m
[1;94m[*] [0mFuzzing test case #32 (282 total, 35 uniq crashes found)...[0m
[1;94m[*] [0mFuzzing test case #34 (282 total, 35 uniq crashes found)...[0m
[1;94m[*] [0mFuzzing test case #41 (282 total, 35 uniq crashes found)...[0m
[1;94m[*] [0mFuzzing test case #43 (282 total, 35 uniq crashes found)...[0m
[1;94m[*] [0mFuzzing test case #45 (282 total, 35 uniq crashes found)...[0m
[1;94m[*] [0mFuzzing test case #47 (282 total, 35 uniq crashes found)...[0m
[1;94m[*] [0mFuzzing test case #48 (282 total, 35 uniq crashes found)...[0m
[1;94m[*] [0mFuzzing test case #53 (282 total, 35 uniq crashes found)...[0m
[1;94m[*] [0mFuzzing test case #54 (282 total, 35 uniq crashes found)...[0m
[1;94m[*] [0mFuzzing test case #55 (282 total, 35 uniq crashes found)...[0m
[1;94m[*] [0mFuzzing test case #56 (282 total, 35 uniq crashes found)...[0m
[1;94m[*] [0mFuzzing test case #58 (282 total, 35 uniq crashes found)...[0m
[1;94m[*] [0mFuzzing test case #66 (282 total, 35 uniq crashes found)...[0m
[1;94m[*] [0mFuzzing test case #79 (282 total, 35 uniq crashes found)...[0m
[1;94m[*] [0mFuzzing test case #83 (282 total, 35 uniq crashes found)...[0m
[1;94m[*] [0mFuzzing test case #85 (282 total, 35 uniq crashes found)...[0m
[1;94m[*] [0mFuzzing test case #89 (282 total, 35 uniq crashes found)...[0m
[1;94m[*] [0mFuzzing test case #92 (282 total, 35 uniq crashes found)...[0m
[1;94m[*] [0mFuzzing test case #110 (282 total, 35 uniq crashes found)...[0m
[1;94m[*] [0mFuzzing test case #114 (282 total, 35 uniq crashes found)...[0m
[1;94m[*] [0mFuzzing test case #115 (282 total, 35 uniq crashes found)...[0m
[1;94m[*] [0mFuzzing test case #116 (282 total, 35 uniq crashes found)...[0m
[1;94m[*] [0mFuzzing test case #117 (282 total, 35 uniq crashes found)...[0m
[1;94m[*] [0mFuzzing test case #122 (282 total, 35 uniq crashes found)...[0m
[1;94m[*] [0mFuzzing test case #124 (282 total, 35 uniq crashes found)...[0m
[1;94m[*] [0mFuzzing test case #127 (282 total, 35 uniq crashes found)...[0m
[1;94m[*] [0mFuzzing test case #128 (282 total, 35 uniq crashes found)...[0m
[1;94m[*] [0mFuzzing test case #131 (282 total, 35 uniq crashes found)...[0m
[1;94m[*] [0mFuzzing test case #133 (282 total, 35 uniq crashes found)...[0m
[1;94m[*] [0mFuzzing test case #135 (282 total, 35 uniq crashes found)...[0m
[1;94m[*] [0mFuzzing test case #137 (282 total, 35 uniq crashes found)...[0m
[1;94m[*] [0mFuzzing test case #140 (282 total, 35 uniq crashes found)...[0m
[1;94m[*] [0mFuzzing test case #141 (282 total, 35 uniq crashes found)...[0m
[1;94m[*] [0mFuzzing test case #143 (282 total, 35 uniq crashes found)...[0m
[1;94m[*] [0mFuzzing test case #146 (282 total, 35 uniq crashes found)...[0m
[1;94m[*] [0mFuzzing test case #147 (282 total, 35 uniq crashes found)...[0m
[1;94m[*] [0mFuzzing test case #150 (282 total, 35 uniq crashes found)...[0m
[1;94m[*] [0mFuzzing test case #151 (282 total, 35 uniq crashes found)...[0m
[1;94m[*] [0mFuzzing test case #153 (282 total, 35 uniq crashes found)...[0m
[1;94m[*] [0mFuzzing test case #158 (282 total, 35 uniq crashes found)...[0m
[1;94m[*] [0mFuzzing test case #162 (282 total, 35 uniq crashes found)...[0m
[1;94m[*] [0mFuzzing test case #163 (282 total, 35 uniq crashes found)...[0m
[1;94m[*] [0mFuzzing test case #169 (282 total, 35 uniq crashes found)...[0m
[1;94m[*] [0mFuzzing test case #170 (282 total, 35 uniq crashes found)...[0m
[1;94m[*] [0mFuzzing test case #171 (282 total, 35 uniq crashes found)...[0m
[1;94m[*] [0mFuzzing test case #173 (282 total, 35 uniq crashes found)...[0m
[1;94m[*] [0mFuzzing test case #176 (282 total, 35 uniq crashes found)...[0m
[1;94m[*] [0mFuzzing test case #177 (282 total, 35 uniq crashes found)...[0m
[1;94m[*] [0mFuzzing test case #178 (282 total, 35 uniq crashes found)...[0m
[1;94m[*] [0mFuzzing test case #179 (282 total, 35 uniq crashes found)...[0m
[1;94m[*] [0mFuzzing test case #181 (282 total, 35 uniq crashes found)...[0m
[1;94m[*] [0mFuzzing test case #182 (282 total, 35 uniq crashes found)...[0m
[1;94m[*] [0mFuzzing test case #183 (282 total, 35 uniq crashes found)...[0m
[1;94m[*] [0mFuzzing test case #185 (282 total, 35 uniq crashes found)...[0m
[1;94m[*] [0mFuzzing test case #186 (282 total, 35 uniq crashes found)...[0m
[1;94m[*] [0mFuzzing test case #187 (282 total, 35 uniq crashes found)...[0m
[1;94m[*] [0mFuzzing test case #188 (282 total, 35 uniq crashes found)...[0m
[1;94m[*] [0mFuzzing test case #189 (282 total, 35 uniq crashes found)...[0m
[1;94m[*] [0mFuzzing test case #190 (282 total, 35 uniq crashes found)...[0m
[1;94m[*] [0mFuzzing test case #193 (282 total, 35 uniq crashes found)...[0m
[1;94m[*] [0mFuzzing test case #194 (282 total, 35 uniq crashes found)...[0m
[1;94m[*] [0mFuzzing test case #197 (282 total, 35 uniq crashes found)...[0m
[1;94m[*] [0mFuzzing test case #200 (282 total, 35 uniq crashes found)...[0m
[1;94m[*] [0mFuzzing test case #201 (282 total, 35 uniq crashes found)...[0m
[1;94m[*] [0mFuzzing test case #204 (282 total, 35 uniq crashes found)...[0m
[1;94m[*] [0mFuzzing test case #205 (282 total, 35 uniq crashes found)...[0m
[1;94m[*] [0mFuzzing test case #206 (282 total, 35 uniq crashes found)...[0m
[1;94m[*] [0mFuzzing test case #207 (282 total, 35 uniq crashes found)...[0m
[1;94m[*] [0mFuzzing test case #209 (282 total, 35 uniq crashes found)...[0m
[1;94m[*] [0mFuzzing test case #212 (282 total, 35 uniq crashes found)...[0m
[1;94m[*] [0mFuzzing test case #213 (282 total, 35 uniq crashes found)...[0m
[1;94m[*] [0mFuzzing test case #214 (282 total, 35 uniq crashes found)...[0m
[1;94m[*] [0mFuzzing test case #215 (282 total, 36 uniq crashes found)...[0m
[1;94m[*] [0mFuzzing test case #216 (282 total, 36 uniq crashes found)...[0m
[1;94m[*] [0mFuzzing test case #217 (282 total, 36 uniq crashes found)...[0m
[1;94m[*] [0mFuzzing test case #218 (282 total, 36 uniq crashes found)...[0m
[1;94m[*] [0mFuzzing test case #222 (282 total, 36 uniq crashes found)...[0m
[1;94m[*] [0mFuzzing test case #223 (282 total, 36 uniq crashes found)...[0m
[1;94m[*] [0mFuzzing test case #224 (282 total, 36 uniq crashes found)...[0m
[1;94m[*] [0mFuzzing test case #226 (282 total, 36 uniq crashes found)...[0m
[1;94m[*] [0mFuzzing test case #227 (282 total, 36 uniq crashes found)...[0m
[1;94m[*] [0mFuzzing test case #229 (282 total, 36 uniq crashes found)...[0m
[1;94m[*] [0mFuzzing test case #232 (282 total, 36 uniq crashes found)...[0m
[1;94m[*] [0mFuzzing test case #234 (282 total, 36 uniq crashes found)...[0m
[1;94m[*] [0mFuzzing test case #235 (282 total, 36 uniq crashes found)...[0m
[1;94m[*] [0mFuzzing test case #237 (282 total, 36 uniq crashes found)...[0m
[1;94m[*] [0mFuzzing test case #240 (282 total, 36 uniq crashes found)...[0m
[1;94m[*] [0mFuzzing test case #241 (282 total, 36 uniq crashes found)...[0m
[1;94m[*] [0mFuzzing test case #242 (282 total, 36 uniq crashes found)...[0m
[1;94m[*] [0mFuzzing test case #245 (282 total, 36 uniq crashes found)...[0m
[1;94m[*] [0mFuzzing test case #247 (282 total, 36 uniq crashes found)...[0m
[1;94m[*] [0mFuzzing test case #249 (282 total, 36 uniq crashes found)...[0m
[1;94m[*] [0mFuzzing test case #250 (282 total, 36 uniq crashes found)...[0m
[1;94m[*] [0mFuzzing test case #251 (282 total, 36 uniq crashes found)...[0m
[1;94m[*] [0mFuzzing test case #253 (282 total, 36 uniq crashes found)...[0m
[1;94m[*] [0mFuzzing test case #254 (282 total, 36 uniq crashes found)...[0m
[1;94m[*] [0mFuzzing test case #255 (282 total, 36 uniq crashes found)...[0m
[1;94m[*] [0mFuzzing test case #256 (282 total, 36 uniq crashes found)...[0m
[1;94m[*] [0mFuzzing test case #257 (282 total, 36 uniq crashes found)...[0m
[1;94m[*] [0mFuzzing test case #258 (282 total, 36 uniq crashes found)...[0m
[1;94m[*] [0mFuzzing test case #259 (282 total, 36 uniq crashes found)...[0m
[1;94m[*] [0mFuzzing test case #262 (282 total, 36 uniq crashes found)...[0m
[1;94m[*] [0mFuzzing test case #264 (282 total, 36 uniq crashes found)...[0m
[?25h[1;91m

+++ Testing aborted by user +++
[0m[1;92m[+] [0mWe're done here. Have a nice day!
[0m
Child is executing...
afl-fuzz -i /tmp/QuickChick/143312/input -o /tmp/QuickChick/143312/output /tmp/QuickChick/143312/QuickChick81b4d9 @@
Parent is sleeping for 600 seconds...
cp /tmp/QuickChick/143312/output/fuzzer_stats output/143312