QuickChecking (testMutantX prop_SSNI_arbitrary exp_result_fuzz 7)
Extracted ML file: /tmp/QuickChick/144321/QuickChick15fd12.ml
Compile command: ocamlopt unix.cmxa /home/lemonidas/.opam/4.04.0+afl/lib/afl-persistent/afl-persistent.cmxa -unsafe-string -rectypes -w a -I /tmp/QuickChick/144321 -I /home/lemonidas/.opam/4.04.0+afl/lib/afl-persistent/ -I /home/lemonidas/.opam/4.04.0+afl/lib/coq/user-contrib/QuickChick /home/lemonidas/.opam/4.04.0+afl/lib/coq/user-contrib/QuickChick/quickChickLib.cmx /tmp/QuickChick/144321/QuickChick15fd12.ml -o /tmp/QuickChick/144321/QuickChick15fd12
/tmp/QuickChick/144321/input
[0;36mafl-fuzz [1;97m2.52b[0m by <lcamtuf@google.com>
[1;92m[+] [0mLooks like we're not running on a tty, so I'll be a bit less verbose.[0m
[1;92m[+] [0mYou have 8 CPU cores and 1 runnable tasks (utilization: 12%).[0m
[1;92m[+] [0mTry parallel jobs - see docs/parallel_fuzzing.txt.[0m
[1;94m[*] [0mChecking CPU core loadout...[0m
[1;92m[+] [0mFound a free CPU core, binding to #0.[0m
[1;94m[*] [0mChecking core_pattern...[0m
[1;94m[*] [0mChecking CPU scaling governor...[0m
[1;94m[*] [0mSetting up output directories...[0m
[1;94m[*] [0mScanning '/tmp/QuickChick/144321/input'...[0m
[1;92m[+] [0mNo auto-generated dictionary tokens to reuse.[0m
[1;94m[*] [0mCreating hard links for all input files...[0m
[1;94m[*] [0mValidating target binary...[0m
[1;94m[*] [0mAttempting dry run with 'id:000000,orig:seed1'...[0m
[1;94m[*] [0mSpinning up the fork server...[0m
[1;92m[+] [0mAll right - fork server is up.[0m
[1;90m    len = 11, map size = 377, exec speed = 328 us
[0m[1;94m[*] [0mAttempting dry run with 'id:000001,orig:seed2'...[0m
[1;90m    len = 11, map size = 389, exec speed = 310 us
[0m[1;94m[*] [0mAttempting dry run with 'id:000002,orig:seed3'...[0m
[1;90m    len = 11, map size = 369, exec speed = 279 us
[0m[1;92m[+] [0mAll test cases processed.[0m

[1;92m[+] [0mHere are some useful stats:

[1;90m    Test case count : [0m2 favored, 0 variable, 3 total
[1;90m       Bitmap range : [0m369 to 389 bits (average: 378.33 bits)
[1;90m        Exec timing : [0m279 to 328 us (average: 306 us)
[0m
[1;94m[*] [0mNo -t option specified, so I'll use exec timeout of 20 ms.[0m
[1;92m[+] [0mAll set and ready to roll![0m
[1;94m[*] [0mEntering queue cycle 1.[0m
[1;94m[*] [0mFuzzing test case #1 (3 total, 0 uniq crashes found)...[0m
[1;94m[*] [0mFuzzing test case #6 (112 total, 0 uniq crashes found)...[0m
[1;94m[*] [0mFuzzing test case #33 (112 total, 0 uniq crashes found)...[0m
[1;94m[*] [0mFuzzing test case #44 (124 total, 0 uniq crashes found)...[0m
[1;94m[*] [0mFuzzing test case #51 (139 total, 0 uniq crashes found)...[0m
[1;94m[*] [0mFuzzing test case #58 (139 total, 0 uniq crashes found)...[0m
[1;94m[*] [0mFuzzing test case #59 (139 total, 0 uniq crashes found)...[0m
[1;94m[*] [0mFuzzing test case #67 (140 total, 0 uniq crashes found)...[0m
[1;94m[*] [0mFuzzing test case #70 (140 total, 0 uniq crashes found)...[0m
[1;94m[*] [0mFuzzing test case #77 (141 total, 0 uniq crashes found)...[0m
[1;94m[*] [0mFuzzing test case #78 (141 total, 0 uniq crashes found)...[0m
[1;94m[*] [0mFuzzing test case #79 (141 total, 0 uniq crashes found)...[0m
[1;94m[*] [0mFuzzing test case #80 (141 total, 0 uniq crashes found)...[0m
[1;94m[*] [0mFuzzing test case #81 (142 total, 0 uniq crashes found)...[0m
[1;94m[*] [0mFuzzing test case #83 (143 total, 0 uniq crashes found)...[0m
[1;94m[*] [0mFuzzing test case #84 (147 total, 0 uniq crashes found)...[0m
[1;94m[*] [0mFuzzing test case #87 (147 total, 0 uniq crashes found)...[0m
[1;94m[*] [0mFuzzing test case #92 (149 total, 0 uniq crashes found)...[0m
[1;94m[*] [0mFuzzing test case #93 (191 total, 0 uniq crashes found)...[0m
[1;94m[*] [0mFuzzing test case #94 (192 total, 0 uniq crashes found)...[0m
[1;94m[*] [0mFuzzing test case #95 (200 total, 0 uniq crashes found)...[0m
[1;94m[*] [0mFuzzing test case #96 (200 total, 0 uniq crashes found)...[0m
[1;94m[*] [0mFuzzing test case #100 (200 total, 0 uniq crashes found)...[0m
[1;94m[*] [0mFuzzing test case #104 (201 total, 0 uniq crashes found)...[0m
[1;94m[*] [0mFuzzing test case #105 (201 total, 0 uniq crashes found)...[0m
[1;94m[*] [0mFuzzing test case #108 (201 total, 0 uniq crashes found)...[0m
[1;94m[*] [0mFuzzing test case #111 (209 total, 0 uniq crashes found)...[0m
[1;94m[*] [0mFuzzing test case #112 (213 total, 0 uniq crashes found)...[0m
[1;94m[*] [0mFuzzing test case #114 (216 total, 0 uniq crashes found)...[0m
[1;94m[*] [0mFuzzing test case #117 (219 total, 0 uniq crashes found)...[0m
[1;94m[*] [0mFuzzing test case #119 (221 total, 0 uniq crashes found)...[0m
[1;94m[*] [0mFuzzing test case #124 (222 total, 0 uniq crashes found)...[0m
[1;94m[*] [0mFuzzing test case #127 (240 total, 0 uniq crashes found)...[0m
[1;94m[*] [0mFuzzing test case #128 (262 total, 0 uniq crashes found)...[0m
[1;94m[*] [0mFuzzing test case #130 (263 total, 0 uniq crashes found)...[0m
[1;94m[*] [0mFuzzing test case #131 (263 total, 0 uniq crashes found)...[0m
[1;94m[*] [0mFuzzing test case #139 (264 total, 0 uniq crashes found)...[0m
[1;94m[*] [0mFuzzing test case #143 (264 total, 0 uniq crashes found)...[0m
[1;94m[*] [0mFuzzing test case #144 (264 total, 0 uniq crashes found)...[0m
[1;94m[*] [0mFuzzing test case #145 (264 total, 0 uniq crashes found)...[0m
[1;94m[*] [0mFuzzing test case #146 (264 total, 0 uniq crashes found)...[0m
[1;94m[*] [0mFuzzing test case #147 (264 total, 0 uniq crashes found)...[0m
[1;94m[*] [0mFuzzing test case #148 (265 total, 0 uniq crashes found)...[0m
[1;94m[*] [0mFuzzing test case #150 (265 total, 0 uniq crashes found)...[0m
[1;94m[*] [0mFuzzing test case #151 (265 total, 0 uniq crashes found)...[0m
[1;94m[*] [0mFuzzing test case #153 (265 total, 0 uniq crashes found)...[0m
[1;94m[*] [0mFuzzing test case #160 (265 total, 0 uniq crashes found)...[0m
[1;94m[*] [0mFuzzing test case #161 (267 total, 0 uniq crashes found)...[0m
[1;94m[*] [0mFuzzing test case #169 (267 total, 0 uniq crashes found)...[0m
[1;94m[*] [0mFuzzing test case #171 (284 total, 0 uniq crashes found)...[0m
[1;94m[*] [0mFuzzing test case #174 (287 total, 0 uniq crashes found)...[0m
[1;94m[*] [0mFuzzing test case #180 (287 total, 0 uniq crashes found)...[0m
[1;94m[*] [0mFuzzing test case #187 (315 total, 0 uniq crashes found)...[0m
[1;94m[*] [0mFuzzing test case #192 (318 total, 0 uniq crashes found)...[0m
[1;94m[*] [0mFuzzing test case #196 (318 total, 0 uniq crashes found)...[0m
[1;94m[*] [0mFuzzing test case #197 (318 total, 0 uniq crashes found)...[0m
[1;94m[*] [0mFuzzing test case #198 (318 total, 0 uniq crashes found)...[0m
[1;94m[*] [0mFuzzing test case #201 (318 total, 0 uniq crashes found)...[0m
[1;94m[*] [0mFuzzing test case #203 (318 total, 0 uniq crashes found)...[0m
[1;94m[*] [0mFuzzing test case #204 (318 total, 0 uniq crashes found)...[0m
[1;94m[*] [0mFuzzing test case #205 (318 total, 0 uniq crashes found)...[0m
[1;94m[*] [0mFuzzing test case #206 (319 total, 0 uniq crashes found)...[0m
[1;94m[*] [0mFuzzing test case #208 (320 total, 0 uniq crashes found)...[0m
[1;94m[*] [0mFuzzing test case #209 (320 total, 0 uniq crashes found)...[0m
[1;94m[*] [0mFuzzing test case #211 (320 total, 0 uniq crashes found)...[0m
[1;94m[*] [0mFuzzing test case #212 (320 total, 0 uniq crashes found)...[0m
[1;94m[*] [0mFuzzing test case #213 (320 total, 0 uniq crashes found)...[0m
[1;94m[*] [0mFuzzing test case #214 (320 total, 0 uniq crashes found)...[0m
[1;94m[*] [0mFuzzing test case #215 (320 total, 0 uniq crashes found)...[0m
[1;94m[*] [0mFuzzing test case #216 (323 total, 0 uniq crashes found)...[0m
[1;94m[*] [0mFuzzing test case #217 (323 total, 0 uniq crashes found)...[0m
[1;94m[*] [0mFuzzing test case #220 (328 total, 0 uniq crashes found)...[0m
[1;94m[*] [0mFuzzing test case #222 (328 total, 0 uniq crashes found)...[0m
[1;94m[*] [0mFuzzing test case #223 (328 total, 0 uniq crashes found)...[0m
[1;94m[*] [0mFuzzing test case #229 (328 total, 0 uniq crashes found)...[0m
[1;94m[*] [0mFuzzing test case #230 (328 total, 0 uniq crashes found)...[0m
[1;94m[*] [0mFuzzing test case #231 (329 total, 0 uniq crashes found)...[0m
[1;94m[*] [0mFuzzing test case #232 (330 total, 0 uniq crashes found)...[0m
[1;94m[*] [0mFuzzing test case #233 (330 total, 0 uniq crashes found)...[0m
[1;94m[*] [0mFuzzing test case #235 (331 total, 0 uniq crashes found)...[0m
[1;94m[*] [0mFuzzing test case #236 (331 total, 0 uniq crashes found)...[0m
[1;94m[*] [0mFuzzing test case #237 (331 total, 0 uniq crashes found)...[0m
[1;94m[*] [0mFuzzing test case #238 (331 total, 0 uniq crashes found)...[0m
[1;94m[*] [0mFuzzing test case #239 (331 total, 0 uniq crashes found)...[0m
[1;94m[*] [0mFuzzing test case #241 (331 total, 0 uniq crashes found)...[0m
[1;94m[*] [0mFuzzing test case #246 (338 total, 0 uniq crashes found)...[0m
[1;94m[*] [0mFuzzing test case #249 (347 total, 0 uniq crashes found)...[0m
[1;94m[*] [0mFuzzing test case #250 (347 total, 0 uniq crashes found)...[0m
[1;94m[*] [0mFuzzing test case #254 (351 total, 0 uniq crashes found)...[0m
[1;94m[*] [0mFuzzing test case #258 (352 total, 0 uniq crashes found)...[0m
[1;94m[*] [0mFuzzing test case #263 (352 total, 0 uniq crashes found)...[0m
[1;94m[*] [0mFuzzing test case #264 (354 total, 0 uniq crashes found)...[0m
[1;94m[*] [0mFuzzing test case #266 (356 total, 0 uniq crashes found)...[0m
[1;94m[*] [0mFuzzing test case #268 (356 total, 0 uniq crashes found)...[0m
[1;94m[*] [0mFuzzing test case #272 (362 total, 0 uniq crashes found)...[0m
[1;94m[*] [0mFuzzing test case #274 (362 total, 0 uniq crashes found)...[0m
[1;94m[*] [0mFuzzing test case #276 (362 total, 0 uniq crashes found)...[0m
[1;94m[*] [0mFuzzing test case #281 (362 total, 0 uniq crashes found)...[0m
[1;94m[*] [0mFuzzing test case #288 (362 total, 0 uniq crashes found)...[0m
[1;94m[*] [0mFuzzing test case #289 (363 total, 0 uniq crashes found)...[0m
[1;94m[*] [0mFuzzing test case #291 (363 total, 0 uniq crashes found)...[0m
[1;94m[*] [0mFuzzing test case #292 (363 total, 0 uniq crashes found)...[0m
[1;94m[*] [0mFuzzing test case #298 (363 total, 0 uniq crashes found)...[0m
[1;94m[*] [0mFuzzing test case #299 (363 total, 0 uniq crashes found)...[0m
[1;94m[*] [0mFuzzing test case #301 (363 total, 0 uniq crashes found)...[0m
[1;94m[*] [0mFuzzing test case #305 (364 total, 0 uniq crashes found)...[0m
[1;94m[*] [0mFuzzing test case #312 (364 total, 0 uniq crashes found)...[0m
[1;94m[*] [0mFuzzing test case #314 (366 total, 0 uniq crashes found)...[0m
[1;94m[*] [0mFuzzing test case #315 (367 total, 0 uniq crashes found)...[0m
[1;94m[*] [0mFuzzing test case #316 (367 total, 0 uniq crashes found)...[0m
[1;94m[*] [0mFuzzing test case #317 (367 total, 0 uniq crashes found)...[0m
[1;94m[*] [0mFuzzing test case #319 (367 total, 0 uniq crashes found)...[0m
[1;94m[*] [0mFuzzing test case #320 (367 total, 0 uniq crashes found)...[0m
[1;94m[*] [0mFuzzing test case #321 (367 total, 0 uniq crashes found)...[0m
[1;94m[*] [0mFuzzing test case #323 (374 total, 0 uniq crashes found)...[0m
[1;94m[*] [0mFuzzing test case #324 (375 total, 0 uniq crashes found)...[0m
[1;94m[*] [0mFuzzing test case #325 (378 total, 0 uniq crashes found)...[0m
[1;94m[*] [0mFuzzing test case #326 (379 total, 0 uniq crashes found)...[0m
[1;94m[*] [0mFuzzing test case #327 (379 total, 0 uniq crashes found)...[0m
[1;94m[*] [0mFuzzing test case #329 (379 total, 0 uniq crashes found)...[0m
[1;94m[*] [0mFuzzing test case #330 (379 total, 0 uniq crashes found)...[0m
[1;94m[*] [0mFuzzing test case #331 (379 total, 0 uniq crashes found)...[0m
[1;94m[*] [0mFuzzing test case #336 (379 total, 0 uniq crashes found)...[0m
[1;94m[*] [0mFuzzing test case #347 (380 total, 0 uniq crashes found)...[0m
[1;94m[*] [0mFuzzing test case #349 (380 total, 0 uniq crashes found)...[0m
[1;94m[*] [0mFuzzing test case #350 (380 total, 0 uniq crashes found)...[0m
[1;94m[*] [0mFuzzing test case #351 (394 total, 0 uniq crashes found)...[0m
[1;94m[*] [0mFuzzing test case #353 (394 total, 0 uniq crashes found)...[0m
[1;94m[*] [0mFuzzing test case #355 (395 total, 0 uniq crashes found)...[0m
[1;94m[*] [0mFuzzing test case #356 (395 total, 0 uniq crashes found)...[0m
[1;94m[*] [0mFuzzing test case #357 (395 total, 0 uniq crashes found)...[0m
[1;94m[*] [0mFuzzing test case #358 (395 total, 0 uniq crashes found)...[0m
[1;94m[*] [0mFuzzing test case #359 (395 total, 0 uniq crashes found)...[0m
[1;94m[*] [0mFuzzing test case #360 (396 total, 0 uniq crashes found)...[0m
[?25h[1;91m

+++ Testing aborted by user +++
[0m[1;92m[+] [0mWe're done here. Have a nice day!
[0m
Child is executing...
afl-fuzz -i /tmp/QuickChick/144321/input -o /tmp/QuickChick/144321/output /tmp/QuickChick/144321/QuickChick15fd12 @@
Parent is sleeping for 600 seconds...
cp /tmp/QuickChick/144321/output/fuzzer_stats output/144321